[1.970s] Invoking command in '/home/swarm-team/ros2_ws/build/four_team_du_stuck': PYTHONPATH=/home/swarm-team/ros2_ws/build/four_team_du_stuck/prefix_override:/home/swarm-team/ros2_ws/install/four_team_du_stuck/lib/python3.8/site-packages:${PYTHONPATH} /usr/bin/python3 setup.py develop --editable --build-directory /home/swarm-team/ros2_ws/build/four_team_du_stuck/build --no-deps install_data
[2.097s] running develop
[2.158s] running egg_info
[2.158s] creating four_team_du_stuck.egg-info
[2.158s] writing four_team_du_stuck.egg-info/PKG-INFO
[2.158s] writing dependency_links to four_team_du_stuck.egg-info/dependency_links.txt
[2.158s] writing entry points to four_team_du_stuck.egg-info/entry_points.txt
[2.158s] writing requirements to four_team_du_stuck.egg-info/requires.txt
[2.159s] writing top-level names to four_team_du_stuck.egg-info/top_level.txt
[2.159s] writing manifest file 'four_team_du_stuck.egg-info/SOURCES.txt'
[2.178s] reading manifest file 'four_team_du_stuck.egg-info/SOURCES.txt'
[2.178s] writing manifest file 'four_team_du_stuck.egg-info/SOURCES.txt'
[2.197s] running build_ext
[2.197s] Creating /home/swarm-team/ros2_ws/install/four_team_du_stuck/lib/python3.8/site-packages/site.py
[2.199s] Creating /home/swarm-team/ros2_ws/install/four_team_du_stuck/lib/python3.8/site-packages/four-team-du-stuck.egg-link (link to .)
[2.199s] Installing du_communication_010 script to /home/swarm-team/ros2_ws/install/four_team_du_stuck/lib/four_team_du_stuck
[2.200s] Installing du_communication_011 script to /home/swarm-team/ros2_ws/install/four_team_du_stuck/lib/four_team_du_stuck
[2.200s] Installing du_communication_012 script to /home/swarm-team/ros2_ws/install/four_team_du_stuck/lib/four_team_du_stuck
[2.200s] Installing du_communication_013 script to /home/swarm-team/ros2_ws/install/four_team_du_stuck/lib/four_team_du_stuck
[2.200s] Installing du_communication_014 script to /home/swarm-team/ros2_ws/install/four_team_du_stuck/lib/four_team_du_stuck
[2.200s] Installing du_communication_015 script to /home/swarm-team/ros2_ws/install/four_team_du_stuck/lib/four_team_du_stuck
[2.200s] Installing du_communication_016 script to /home/swarm-team/ros2_ws/install/four_team_du_stuck/lib/four_team_du_stuck
[2.200s] Installing du_communication_017 script to /home/swarm-team/ros2_ws/install/four_team_du_stuck/lib/four_team_du_stuck
[2.200s] Installing du_communication_018 script to /home/swarm-team/ros2_ws/install/four_team_du_stuck/lib/four_team_du_stuck
[2.200s] Installing du_communication_019 script to /home/swarm-team/ros2_ws/install/four_team_du_stuck/lib/four_team_du_stuck
[2.201s] Installing du_communication_020 script to /home/swarm-team/ros2_ws/install/four_team_du_stuck/lib/four_team_du_stuck
[2.201s] Installing du_communication_021 script to /home/swarm-team/ros2_ws/install/four_team_du_stuck/lib/four_team_du_stuck
[2.201s] Installing du_communication_022 script to /home/swarm-team/ros2_ws/install/four_team_du_stuck/lib/four_team_du_stuck
[2.201s] Installing du_communication_023 script to /home/swarm-team/ros2_ws/install/four_team_du_stuck/lib/four_team_du_stuck
[2.201s] Installing du_communication_080 script to /home/swarm-team/ros2_ws/install/four_team_du_stuck/lib/four_team_du_stuck
[2.201s] Installing du_controller_010 script to /home/swarm-team/ros2_ws/install/four_team_du_stuck/lib/four_team_du_stuck
[2.201s] Installing du_controller_011 script to /home/swarm-team/ros2_ws/install/four_team_du_stuck/lib/four_team_du_stuck
[2.201s] Installing du_controller_012 script to /home/swarm-team/ros2_ws/install/four_team_du_stuck/lib/four_team_du_stuck
[2.201s] Installing du_controller_013 script to /home/swarm-team/ros2_ws/install/four_team_du_stuck/lib/four_team_du_stuck
[2.201s] Installing du_controller_014 script to /home/swarm-team/ros2_ws/install/four_team_du_stuck/lib/four_team_du_stuck
[2.201s] Installing du_controller_015 script to /home/swarm-team/ros2_ws/install/four_team_du_stuck/lib/four_team_du_stuck
[2.201s] Installing du_controller_016 script to /home/swarm-team/ros2_ws/install/four_team_du_stuck/lib/four_team_du_stuck
[2.201s] Installing du_controller_017 script to /home/swarm-team/ros2_ws/install/four_team_du_stuck/lib/four_team_du_stuck
[2.201s] Installing du_controller_018 script to /home/swarm-team/ros2_ws/install/four_team_du_stuck/lib/four_team_du_stuck
[2.201s] Installing du_controller_019 script to /home/swarm-team/ros2_ws/install/four_team_du_stuck/lib/four_team_du_stuck
[2.201s] Installing du_controller_020 script to /home/swarm-team/ros2_ws/install/four_team_du_stuck/lib/four_team_du_stuck
[2.202s] Installing du_controller_021 script to /home/swarm-team/ros2_ws/install/four_team_du_stuck/lib/four_team_du_stuck
[2.202s] Installing du_controller_022 script to /home/swarm-team/ros2_ws/install/four_team_du_stuck/lib/four_team_du_stuck
[2.202s] Installing du_controller_023 script to /home/swarm-team/ros2_ws/install/four_team_du_stuck/lib/four_team_du_stuck
[2.202s] Installing du_controller_080 script to /home/swarm-team/ros2_ws/install/four_team_du_stuck/lib/four_team_du_stuck
[2.202s] 
[2.202s] Installed /home/swarm-team/ros2_ws/build/four_team_du_stuck
[2.202s] running install_data
[2.202s] creating /home/swarm-team/ros2_ws/install/four_team_du_stuck/share/ament_index
[2.202s] creating /home/swarm-team/ros2_ws/install/four_team_du_stuck/share/ament_index/resource_index
[2.202s] creating /home/swarm-team/ros2_ws/install/four_team_du_stuck/share/ament_index/resource_index/packages
[2.202s] copying resource/four_team_du_stuck -> /home/swarm-team/ros2_ws/install/four_team_du_stuck/share/ament_index/resource_index/packages
[2.202s] copying package.xml -> /home/swarm-team/ros2_ws/install/four_team_du_stuck/share/four_team_du_stuck
[2.202s] copying launch/du.launch.py -> /home/swarm-team/ros2_ws/install/four_team_du_stuck/share/four_team_du_stuck
[2.234s] Invoked command in '/home/swarm-team/ros2_ws/build/four_team_du_stuck' returned '0': PYTHONPATH=/home/swarm-team/ros2_ws/build/four_team_du_stuck/prefix_override:/home/swarm-team/ros2_ws/install/four_team_du_stuck/lib/python3.8/site-packages:${PYTHONPATH} /usr/bin/python3 setup.py develop --editable --build-directory /home/swarm-team/ros2_ws/build/four_team_du_stuck/build --no-deps install_data
