running develop
Removing /home/swarm-team/ros2_ws/install/one_team_ex_base_master/lib/python3.8/site-packages/one-team-ex-base-master.egg-link (link to .)
running egg_info
writing ../../build/one_team_ex_base_master/one_team_ex_base_master.egg-info/PKG-INFO
writing dependency_links to ../../build/one_team_ex_base_master/one_team_ex_base_master.egg-info/dependency_links.txt
writing entry points to ../../build/one_team_ex_base_master/one_team_ex_base_master.egg-info/entry_points.txt
writing requirements to ../../build/one_team_ex_base_master/one_team_ex_base_master.egg-info/requires.txt
writing top-level names to ../../build/one_team_ex_base_master/one_team_ex_base_master.egg-info/top_level.txt
reading manifest file '../../build/one_team_ex_base_master/one_team_ex_base_master.egg-info/SOURCES.txt'
writing manifest file '../../build/one_team_ex_base_master/one_team_ex_base_master.egg-info/SOURCES.txt'
running build
running build_py
creating /home/swarm-team/ros2_ws/build/one_team_ex_base_master/build
creating /home/swarm-team/ros2_ws/build/one_team_ex_base_master/build/lib
creating /home/swarm-team/ros2_ws/build/one_team_ex_base_master/build/lib/one_team_ex_base_master
copying one_team_ex_base_master/ex_communication_011_src.py -> /home/swarm-team/ros2_ws/build/one_team_ex_base_master/build/lib/one_team_ex_base_master
copying one_team_ex_base_master/ex_communication_013_src.py -> /home/swarm-team/ros2_ws/build/one_team_ex_base_master/build/lib/one_team_ex_base_master
copying one_team_ex_base_master/ex_controller_010_src.py -> /home/swarm-team/ros2_ws/build/one_team_ex_base_master/build/lib/one_team_ex_base_master
copying one_team_ex_base_master/ex_communication_010_src.py -> /home/swarm-team/ros2_ws/build/one_team_ex_base_master/build/lib/one_team_ex_base_master
copying one_team_ex_base_master/ex_communication_src.py -> /home/swarm-team/ros2_ws/build/one_team_ex_base_master/build/lib/one_team_ex_base_master
copying one_team_ex_base_master/ex_controller_src.py -> /home/swarm-team/ros2_ws/build/one_team_ex_base_master/build/lib/one_team_ex_base_master
copying one_team_ex_base_master/__init__.py -> /home/swarm-team/ros2_ws/build/one_team_ex_base_master/build/lib/one_team_ex_base_master
copying one_team_ex_base_master/ex_controller_011_src.py -> /home/swarm-team/ros2_ws/build/one_team_ex_base_master/build/lib/one_team_ex_base_master
copying one_team_ex_base_master/ex_controller_013_src.py -> /home/swarm-team/ros2_ws/build/one_team_ex_base_master/build/lib/one_team_ex_base_master
running install
running install_lib
creating /home/swarm-team/ros2_ws/install/one_team_ex_base_master/lib/python3.8/site-packages/one_team_ex_base_master
copying /home/swarm-team/ros2_ws/build/one_team_ex_base_master/build/lib/one_team_ex_base_master/ex_communication_011_src.py -> /home/swarm-team/ros2_ws/install/one_team_ex_base_master/lib/python3.8/site-packages/one_team_ex_base_master
copying /home/swarm-team/ros2_ws/build/one_team_ex_base_master/build/lib/one_team_ex_base_master/ex_communication_013_src.py -> /home/swarm-team/ros2_ws/install/one_team_ex_base_master/lib/python3.8/site-packages/one_team_ex_base_master
copying /home/swarm-team/ros2_ws/build/one_team_ex_base_master/build/lib/one_team_ex_base_master/ex_controller_010_src.py -> /home/swarm-team/ros2_ws/install/one_team_ex_base_master/lib/python3.8/site-packages/one_team_ex_base_master
copying /home/swarm-team/ros2_ws/build/one_team_ex_base_master/build/lib/one_team_ex_base_master/ex_communication_010_src.py -> /home/swarm-team/ros2_ws/install/one_team_ex_base_master/lib/python3.8/site-packages/one_team_ex_base_master
copying /home/swarm-team/ros2_ws/build/one_team_ex_base_master/build/lib/one_team_ex_base_master/ex_communication_src.py -> /home/swarm-team/ros2_ws/install/one_team_ex_base_master/lib/python3.8/site-packages/one_team_ex_base_master
copying /home/swarm-team/ros2_ws/build/one_team_ex_base_master/build/lib/one_team_ex_base_master/ex_controller_src.py -> /home/swarm-team/ros2_ws/install/one_team_ex_base_master/lib/python3.8/site-packages/one_team_ex_base_master
copying /home/swarm-team/ros2_ws/build/one_team_ex_base_master/build/lib/one_team_ex_base_master/__init__.py -> /home/swarm-team/ros2_ws/install/one_team_ex_base_master/lib/python3.8/site-packages/one_team_ex_base_master
copying /home/swarm-team/ros2_ws/build/one_team_ex_base_master/build/lib/one_team_ex_base_master/ex_controller_011_src.py -> /home/swarm-team/ros2_ws/install/one_team_ex_base_master/lib/python3.8/site-packages/one_team_ex_base_master
copying /home/swarm-team/ros2_ws/build/one_team_ex_base_master/build/lib/one_team_ex_base_master/ex_controller_013_src.py -> /home/swarm-team/ros2_ws/install/one_team_ex_base_master/lib/python3.8/site-packages/one_team_ex_base_master
byte-compiling /home/swarm-team/ros2_ws/install/one_team_ex_base_master/lib/python3.8/site-packages/one_team_ex_base_master/ex_communication_011_src.py to ex_communication_011_src.cpython-38.pyc
byte-compiling /home/swarm-team/ros2_ws/install/one_team_ex_base_master/lib/python3.8/site-packages/one_team_ex_base_master/ex_communication_013_src.py to ex_communication_013_src.cpython-38.pyc
byte-compiling /home/swarm-team/ros2_ws/install/one_team_ex_base_master/lib/python3.8/site-packages/one_team_ex_base_master/ex_controller_010_src.py to ex_controller_010_src.cpython-38.pyc
byte-compiling /home/swarm-team/ros2_ws/install/one_team_ex_base_master/lib/python3.8/site-packages/one_team_ex_base_master/ex_communication_010_src.py to ex_communication_010_src.cpython-38.pyc
byte-compiling /home/swarm-team/ros2_ws/install/one_team_ex_base_master/lib/python3.8/site-packages/one_team_ex_base_master/ex_communication_src.py to ex_communication_src.cpython-38.pyc
byte-compiling /home/swarm-team/ros2_ws/install/one_team_ex_base_master/lib/python3.8/site-packages/one_team_ex_base_master/ex_controller_src.py to ex_controller_src.cpython-38.pyc
byte-compiling /home/swarm-team/ros2_ws/install/one_team_ex_base_master/lib/python3.8/site-packages/one_team_ex_base_master/__init__.py to __init__.cpython-38.pyc
byte-compiling /home/swarm-team/ros2_ws/install/one_team_ex_base_master/lib/python3.8/site-packages/one_team_ex_base_master/ex_controller_011_src.py to ex_controller_011_src.cpython-38.pyc
byte-compiling /home/swarm-team/ros2_ws/install/one_team_ex_base_master/lib/python3.8/site-packages/one_team_ex_base_master/ex_controller_013_src.py to ex_controller_013_src.cpython-38.pyc
running install_data
running install_egg_info
Copying ../../build/one_team_ex_base_master/one_team_ex_base_master.egg-info to /home/swarm-team/ros2_ws/install/one_team_ex_base_master/lib/python3.8/site-packages/one_team_ex_base_master-0.0.0-py3.8.egg-info
running install_scripts
Installing ex_communication_000 script to /home/swarm-team/ros2_ws/install/one_team_ex_base_master/lib/one_team_ex_base_master
Installing ex_communication_001 script to /home/swarm-team/ros2_ws/install/one_team_ex_base_master/lib/one_team_ex_base_master
Installing ex_communication_003 script to /home/swarm-team/ros2_ws/install/one_team_ex_base_master/lib/one_team_ex_base_master
Installing ex_communication_test script to /home/swarm-team/ros2_ws/install/one_team_ex_base_master/lib/one_team_ex_base_master
Installing ex_controller_000 script to /home/swarm-team/ros2_ws/install/one_team_ex_base_master/lib/one_team_ex_base_master
Installing ex_controller_001 script to /home/swarm-team/ros2_ws/install/one_team_ex_base_master/lib/one_team_ex_base_master
Installing ex_controller_003 script to /home/swarm-team/ros2_ws/install/one_team_ex_base_master/lib/one_team_ex_base_master
Installing ex_controller_test script to /home/swarm-team/ros2_ws/install/one_team_ex_base_master/lib/one_team_ex_base_master
writing list of installed files to '/home/swarm-team/ros2_ws/build/one_team_ex_base_master/install.log'
