[2.460s] Invoking command in '/home/swarm-team/ros2_ws/build/one_team_ex_base_master': PYTHONPATH=/home/swarm-team/ros2_ws/build/one_team_ex_base_master/prefix_override:/home/swarm-team/ros2_ws/install/one_team_ex_base_master/lib/python3.8/site-packages:${PYTHONPATH} /usr/bin/python3 setup.py develop --uninstall --editable --build-directory /home/swarm-team/ros2_ws/build/one_team_ex_base_master/build
[2.711s] running develop
[2.836s] Removing /home/swarm-team/ros2_ws/install/one_team_ex_base_master/lib/python3.8/site-packages/one-team-ex-base-master.egg-link (link to .)
[2.861s] Invoked command in '/home/swarm-team/ros2_ws/build/one_team_ex_base_master' returned '0': PYTHONPATH=/home/swarm-team/ros2_ws/build/one_team_ex_base_master/prefix_override:/home/swarm-team/ros2_ws/install/one_team_ex_base_master/lib/python3.8/site-packages:${PYTHONPATH} /usr/bin/python3 setup.py develop --uninstall --editable --build-directory /home/swarm-team/ros2_ws/build/one_team_ex_base_master/build
[2.862s] Invoking command in '/home/swarm-team/ros2_ws/src/one_team_ex_base_master': PYTHONPATH=/home/swarm-team/ros2_ws/build/one_team_ex_base_master/prefix_override:/home/swarm-team/ros2_ws/install/one_team_ex_base_master/lib/python3.8/site-packages:${PYTHONPATH} /usr/bin/python3 setup.py egg_info --egg-base ../../build/one_team_ex_base_master build --build-base /home/swarm-team/ros2_ws/build/one_team_ex_base_master/build install --record /home/swarm-team/ros2_ws/build/one_team_ex_base_master/install.log --install-scripts $base/lib/one_team_ex_base_master --single-version-externally-managed
[3.089s] running egg_info
[3.090s] writing ../../build/one_team_ex_base_master/one_team_ex_base_master.egg-info/PKG-INFO
[3.090s] writing dependency_links to ../../build/one_team_ex_base_master/one_team_ex_base_master.egg-info/dependency_links.txt
[3.090s] writing entry points to ../../build/one_team_ex_base_master/one_team_ex_base_master.egg-info/entry_points.txt
[3.090s] writing requirements to ../../build/one_team_ex_base_master/one_team_ex_base_master.egg-info/requires.txt
[3.090s] writing top-level names to ../../build/one_team_ex_base_master/one_team_ex_base_master.egg-info/top_level.txt
[3.124s] reading manifest file '../../build/one_team_ex_base_master/one_team_ex_base_master.egg-info/SOURCES.txt'
[3.125s] writing manifest file '../../build/one_team_ex_base_master/one_team_ex_base_master.egg-info/SOURCES.txt'
[3.125s] running build
[3.125s] running build_py
[3.125s] creating /home/swarm-team/ros2_ws/build/one_team_ex_base_master/build
[3.126s] creating /home/swarm-team/ros2_ws/build/one_team_ex_base_master/build/lib
[3.126s] creating /home/swarm-team/ros2_ws/build/one_team_ex_base_master/build/lib/one_team_ex_base_master
[3.126s] copying one_team_ex_base_master/ex_communication_011_src.py -> /home/swarm-team/ros2_ws/build/one_team_ex_base_master/build/lib/one_team_ex_base_master
[3.126s] copying one_team_ex_base_master/ex_communication_013_src.py -> /home/swarm-team/ros2_ws/build/one_team_ex_base_master/build/lib/one_team_ex_base_master
[3.126s] copying one_team_ex_base_master/ex_controller_010_src.py -> /home/swarm-team/ros2_ws/build/one_team_ex_base_master/build/lib/one_team_ex_base_master
[3.126s] copying one_team_ex_base_master/ex_communication_010_src.py -> /home/swarm-team/ros2_ws/build/one_team_ex_base_master/build/lib/one_team_ex_base_master
[3.126s] copying one_team_ex_base_master/ex_communication_src.py -> /home/swarm-team/ros2_ws/build/one_team_ex_base_master/build/lib/one_team_ex_base_master
[3.126s] copying one_team_ex_base_master/ex_controller_src.py -> /home/swarm-team/ros2_ws/build/one_team_ex_base_master/build/lib/one_team_ex_base_master
[3.126s] copying one_team_ex_base_master/__init__.py -> /home/swarm-team/ros2_ws/build/one_team_ex_base_master/build/lib/one_team_ex_base_master
[3.126s] copying one_team_ex_base_master/ex_controller_011_src.py -> /home/swarm-team/ros2_ws/build/one_team_ex_base_master/build/lib/one_team_ex_base_master
[3.126s] copying one_team_ex_base_master/ex_controller_013_src.py -> /home/swarm-team/ros2_ws/build/one_team_ex_base_master/build/lib/one_team_ex_base_master
[3.126s] running install
[3.127s] running install_lib
[3.129s] creating /home/swarm-team/ros2_ws/install/one_team_ex_base_master/lib/python3.8/site-packages/one_team_ex_base_master
[3.129s] copying /home/swarm-team/ros2_ws/build/one_team_ex_base_master/build/lib/one_team_ex_base_master/ex_communication_011_src.py -> /home/swarm-team/ros2_ws/install/one_team_ex_base_master/lib/python3.8/site-packages/one_team_ex_base_master
[3.129s] copying /home/swarm-team/ros2_ws/build/one_team_ex_base_master/build/lib/one_team_ex_base_master/ex_communication_013_src.py -> /home/swarm-team/ros2_ws/install/one_team_ex_base_master/lib/python3.8/site-packages/one_team_ex_base_master
[3.129s] copying /home/swarm-team/ros2_ws/build/one_team_ex_base_master/build/lib/one_team_ex_base_master/ex_controller_010_src.py -> /home/swarm-team/ros2_ws/install/one_team_ex_base_master/lib/python3.8/site-packages/one_team_ex_base_master
[3.129s] copying /home/swarm-team/ros2_ws/build/one_team_ex_base_master/build/lib/one_team_ex_base_master/ex_communication_010_src.py -> /home/swarm-team/ros2_ws/install/one_team_ex_base_master/lib/python3.8/site-packages/one_team_ex_base_master
[3.129s] copying /home/swarm-team/ros2_ws/build/one_team_ex_base_master/build/lib/one_team_ex_base_master/ex_communication_src.py -> /home/swarm-team/ros2_ws/install/one_team_ex_base_master/lib/python3.8/site-packages/one_team_ex_base_master
[3.129s] copying /home/swarm-team/ros2_ws/build/one_team_ex_base_master/build/lib/one_team_ex_base_master/ex_controller_src.py -> /home/swarm-team/ros2_ws/install/one_team_ex_base_master/lib/python3.8/site-packages/one_team_ex_base_master
[3.129s] copying /home/swarm-team/ros2_ws/build/one_team_ex_base_master/build/lib/one_team_ex_base_master/__init__.py -> /home/swarm-team/ros2_ws/install/one_team_ex_base_master/lib/python3.8/site-packages/one_team_ex_base_master
[3.129s] copying /home/swarm-team/ros2_ws/build/one_team_ex_base_master/build/lib/one_team_ex_base_master/ex_controller_011_src.py -> /home/swarm-team/ros2_ws/install/one_team_ex_base_master/lib/python3.8/site-packages/one_team_ex_base_master
[3.130s] copying /home/swarm-team/ros2_ws/build/one_team_ex_base_master/build/lib/one_team_ex_base_master/ex_controller_013_src.py -> /home/swarm-team/ros2_ws/install/one_team_ex_base_master/lib/python3.8/site-packages/one_team_ex_base_master
[3.131s] byte-compiling /home/swarm-team/ros2_ws/install/one_team_ex_base_master/lib/python3.8/site-packages/one_team_ex_base_master/ex_communication_011_src.py to ex_communication_011_src.cpython-38.pyc
[3.132s] byte-compiling /home/swarm-team/ros2_ws/install/one_team_ex_base_master/lib/python3.8/site-packages/one_team_ex_base_master/ex_communication_013_src.py to ex_communication_013_src.cpython-38.pyc
[3.133s] byte-compiling /home/swarm-team/ros2_ws/install/one_team_ex_base_master/lib/python3.8/site-packages/one_team_ex_base_master/ex_controller_010_src.py to ex_controller_010_src.cpython-38.pyc
[3.134s] byte-compiling /home/swarm-team/ros2_ws/install/one_team_ex_base_master/lib/python3.8/site-packages/one_team_ex_base_master/ex_communication_010_src.py to ex_communication_010_src.cpython-38.pyc
[3.135s] byte-compiling /home/swarm-team/ros2_ws/install/one_team_ex_base_master/lib/python3.8/site-packages/one_team_ex_base_master/ex_communication_src.py to ex_communication_src.cpython-38.pyc
[3.137s] byte-compiling /home/swarm-team/ros2_ws/install/one_team_ex_base_master/lib/python3.8/site-packages/one_team_ex_base_master/ex_controller_src.py to ex_controller_src.cpython-38.pyc
[3.137s] byte-compiling /home/swarm-team/ros2_ws/install/one_team_ex_base_master/lib/python3.8/site-packages/one_team_ex_base_master/__init__.py to __init__.cpython-38.pyc
[3.137s] byte-compiling /home/swarm-team/ros2_ws/install/one_team_ex_base_master/lib/python3.8/site-packages/one_team_ex_base_master/ex_controller_011_src.py to ex_controller_011_src.cpython-38.pyc
[3.138s] byte-compiling /home/swarm-team/ros2_ws/install/one_team_ex_base_master/lib/python3.8/site-packages/one_team_ex_base_master/ex_controller_013_src.py to ex_controller_013_src.cpython-38.pyc
[3.139s] running install_data
[3.140s] running install_egg_info
[3.141s] Copying ../../build/one_team_ex_base_master/one_team_ex_base_master.egg-info to /home/swarm-team/ros2_ws/install/one_team_ex_base_master/lib/python3.8/site-packages/one_team_ex_base_master-0.0.0-py3.8.egg-info
[3.142s] running install_scripts
[3.160s] Installing ex_communication_000 script to /home/swarm-team/ros2_ws/install/one_team_ex_base_master/lib/one_team_ex_base_master
[3.160s] Installing ex_communication_001 script to /home/swarm-team/ros2_ws/install/one_team_ex_base_master/lib/one_team_ex_base_master
[3.160s] Installing ex_communication_003 script to /home/swarm-team/ros2_ws/install/one_team_ex_base_master/lib/one_team_ex_base_master
[3.160s] Installing ex_communication_test script to /home/swarm-team/ros2_ws/install/one_team_ex_base_master/lib/one_team_ex_base_master
[3.160s] Installing ex_controller_000 script to /home/swarm-team/ros2_ws/install/one_team_ex_base_master/lib/one_team_ex_base_master
[3.160s] Installing ex_controller_001 script to /home/swarm-team/ros2_ws/install/one_team_ex_base_master/lib/one_team_ex_base_master
[3.160s] Installing ex_controller_003 script to /home/swarm-team/ros2_ws/install/one_team_ex_base_master/lib/one_team_ex_base_master
[3.161s] Installing ex_controller_test script to /home/swarm-team/ros2_ws/install/one_team_ex_base_master/lib/one_team_ex_base_master
[3.161s] writing list of installed files to '/home/swarm-team/ros2_ws/build/one_team_ex_base_master/install.log'
[3.184s] Invoked command in '/home/swarm-team/ros2_ws/src/one_team_ex_base_master' returned '0': PYTHONPATH=/home/swarm-team/ros2_ws/build/one_team_ex_base_master/prefix_override:/home/swarm-team/ros2_ws/install/one_team_ex_base_master/lib/python3.8/site-packages:${PYTHONPATH} /usr/bin/python3 setup.py egg_info --egg-base ../../build/one_team_ex_base_master build --build-base /home/swarm-team/ros2_ws/build/one_team_ex_base_master/build install --record /home/swarm-team/ros2_ws/build/one_team_ex_base_master/install.log --install-scripts $base/lib/one_team_ex_base_master --single-version-externally-managed
