running develop
running egg_info
writing ../../build/four_team_ex_stuck/four_team_ex_stuck.egg-info/PKG-INFO
writing dependency_links to ../../build/four_team_ex_stuck/four_team_ex_stuck.egg-info/dependency_links.txt
writing entry points to ../../build/four_team_ex_stuck/four_team_ex_stuck.egg-info/entry_points.txt
writing requirements to ../../build/four_team_ex_stuck/four_team_ex_stuck.egg-info/requires.txt
writing top-level names to ../../build/four_team_ex_stuck/four_team_ex_stuck.egg-info/top_level.txt
reading manifest file '../../build/four_team_ex_stuck/four_team_ex_stuck.egg-info/SOURCES.txt'
writing manifest file '../../build/four_team_ex_stuck/four_team_ex_stuck.egg-info/SOURCES.txt'
running build
running build_py
running install
running install_lib
running install_data
running install_egg_info
removing '/home/swarm-team/ros2_ws/install/four_team_ex_stuck/lib/python3.8/site-packages/four_team_ex_stuck-0.0.0-py3.8.egg-info' (and everything under it)
Copying ../../build/four_team_ex_stuck/four_team_ex_stuck.egg-info to /home/swarm-team/ros2_ws/install/four_team_ex_stuck/lib/python3.8/site-packages/four_team_ex_stuck-0.0.0-py3.8.egg-info
running install_scripts
Installing ex_communication_000 script to /home/swarm-team/ros2_ws/install/four_team_ex_stuck/lib/four_team_ex_stuck
Installing ex_communication_001 script to /home/swarm-team/ros2_ws/install/four_team_ex_stuck/lib/four_team_ex_stuck
Installing ex_communication_003 script to /home/swarm-team/ros2_ws/install/four_team_ex_stuck/lib/four_team_ex_stuck
Installing ex_communication_004 script to /home/swarm-team/ros2_ws/install/four_team_ex_stuck/lib/four_team_ex_stuck
Installing ex_communication_005 script to /home/swarm-team/ros2_ws/install/four_team_ex_stuck/lib/four_team_ex_stuck
Installing ex_communication_test script to /home/swarm-team/ros2_ws/install/four_team_ex_stuck/lib/four_team_ex_stuck
Installing ex_controller_000 script to /home/swarm-team/ros2_ws/install/four_team_ex_stuck/lib/four_team_ex_stuck
Installing ex_controller_001 script to /home/swarm-team/ros2_ws/install/four_team_ex_stuck/lib/four_team_ex_stuck
Installing ex_controller_003 script to /home/swarm-team/ros2_ws/install/four_team_ex_stuck/lib/four_team_ex_stuck
Installing ex_controller_004 script to /home/swarm-team/ros2_ws/install/four_team_ex_stuck/lib/four_team_ex_stuck
Installing ex_controller_005 script to /home/swarm-team/ros2_ws/install/four_team_ex_stuck/lib/four_team_ex_stuck
Installing ex_controller_test script to /home/swarm-team/ros2_ws/install/four_team_ex_stuck/lib/four_team_ex_stuck
writing list of installed files to '/home/swarm-team/ros2_ws/build/four_team_ex_stuck/install.log'
