[1.833s] Invoking command in '/home/swarm-team/ros2_ws/build/two_team_du_stuck': PYTHONPATH=/home/swarm-team/ros2_ws/build/two_team_du_stuck/prefix_override:/home/swarm-team/ros2_ws/install/two_team_du_stuck/lib/python3.8/site-packages:${PYTHONPATH} /usr/bin/python3 setup.py develop --editable --build-directory /home/swarm-team/ros2_ws/build/two_team_du_stuck/build --no-deps install_data
[1.987s] running develop
[2.046s] running egg_info
[2.047s] writing two_team_du_stuck.egg-info/PKG-INFO
[2.047s] writing dependency_links to two_team_du_stuck.egg-info/dependency_links.txt
[2.047s] writing entry points to two_team_du_stuck.egg-info/entry_points.txt
[2.047s] writing requirements to two_team_du_stuck.egg-info/requires.txt
[2.047s] writing top-level names to two_team_du_stuck.egg-info/top_level.txt
[2.065s] reading manifest file 'two_team_du_stuck.egg-info/SOURCES.txt'
[2.068s] writing manifest file 'two_team_du_stuck.egg-info/SOURCES.txt'
[2.083s] running build_ext
[2.083s] Creating /home/swarm-team/ros2_ws/install/two_team_du_stuck/lib/python3.8/site-packages/two-team-du-stuck.egg-link (link to .)
[2.084s] Installing du_communication_010 script to /home/swarm-team/ros2_ws/install/two_team_du_stuck/lib/two_team_du_stuck
[2.084s] Installing du_communication_011 script to /home/swarm-team/ros2_ws/install/two_team_du_stuck/lib/two_team_du_stuck
[2.086s] Installing du_communication_012 script to /home/swarm-team/ros2_ws/install/two_team_du_stuck/lib/two_team_du_stuck
[2.086s] Installing du_communication_013 script to /home/swarm-team/ros2_ws/install/two_team_du_stuck/lib/two_team_du_stuck
[2.087s] Installing du_communication_014 script to /home/swarm-team/ros2_ws/install/two_team_du_stuck/lib/two_team_du_stuck
[2.087s] Installing du_communication_015 script to /home/swarm-team/ros2_ws/install/two_team_du_stuck/lib/two_team_du_stuck
[2.087s] Installing du_communication_016 script to /home/swarm-team/ros2_ws/install/two_team_du_stuck/lib/two_team_du_stuck
[2.087s] Installing du_communication_017 script to /home/swarm-team/ros2_ws/install/two_team_du_stuck/lib/two_team_du_stuck
[2.087s] Installing du_communication_018 script to /home/swarm-team/ros2_ws/install/two_team_du_stuck/lib/two_team_du_stuck
[2.087s] Installing du_communication_080 script to /home/swarm-team/ros2_ws/install/two_team_du_stuck/lib/two_team_du_stuck
[2.087s] Installing du_controller_010 script to /home/swarm-team/ros2_ws/install/two_team_du_stuck/lib/two_team_du_stuck
[2.087s] Installing du_controller_011 script to /home/swarm-team/ros2_ws/install/two_team_du_stuck/lib/two_team_du_stuck
[2.087s] Installing du_controller_012 script to /home/swarm-team/ros2_ws/install/two_team_du_stuck/lib/two_team_du_stuck
[2.087s] Installing du_controller_013 script to /home/swarm-team/ros2_ws/install/two_team_du_stuck/lib/two_team_du_stuck
[2.087s] Installing du_controller_014 script to /home/swarm-team/ros2_ws/install/two_team_du_stuck/lib/two_team_du_stuck
[2.088s] Installing du_controller_015 script to /home/swarm-team/ros2_ws/install/two_team_du_stuck/lib/two_team_du_stuck
[2.088s] Installing du_controller_016 script to /home/swarm-team/ros2_ws/install/two_team_du_stuck/lib/two_team_du_stuck
[2.088s] Installing du_controller_017 script to /home/swarm-team/ros2_ws/install/two_team_du_stuck/lib/two_team_du_stuck
[2.088s] Installing du_controller_018 script to /home/swarm-team/ros2_ws/install/two_team_du_stuck/lib/two_team_du_stuck
[2.088s] Installing du_controller_080 script to /home/swarm-team/ros2_ws/install/two_team_du_stuck/lib/two_team_du_stuck
[2.089s] 
[2.089s] Installed /home/swarm-team/ros2_ws/build/two_team_du_stuck
[2.089s] running install_data
[2.089s] copying package.xml -> /home/swarm-team/ros2_ws/install/two_team_du_stuck/share/two_team_du_stuck
[2.112s] Invoked command in '/home/swarm-team/ros2_ws/build/two_team_du_stuck' returned '0': PYTHONPATH=/home/swarm-team/ros2_ws/build/two_team_du_stuck/prefix_override:/home/swarm-team/ros2_ws/install/two_team_du_stuck/lib/python3.8/site-packages:${PYTHONPATH} /usr/bin/python3 setup.py develop --editable --build-directory /home/swarm-team/ros2_ws/build/two_team_du_stuck/build --no-deps install_data
