[2.828s] Invoking command in '/home/swarm-team/ros2_ws/build/three_team_du_stuck': PYTHONPATH=/home/swarm-team/ros2_ws/build/three_team_du_stuck/prefix_override:/home/swarm-team/ros2_ws/install/three_team_du_stuck/lib/python3.8/site-packages:${PYTHONPATH} /usr/bin/python3 setup.py develop --editable --build-directory /home/swarm-team/ros2_ws/build/three_team_du_stuck/build --no-deps install_data
[3.111s] running develop
[3.263s] running egg_info
[3.263s] writing three_team_du_stuck.egg-info/PKG-INFO
[3.264s] writing dependency_links to three_team_du_stuck.egg-info/dependency_links.txt
[3.264s] writing entry points to three_team_du_stuck.egg-info/entry_points.txt
[3.264s] writing requirements to three_team_du_stuck.egg-info/requires.txt
[3.264s] writing top-level names to three_team_du_stuck.egg-info/top_level.txt
[3.299s] reading manifest file 'three_team_du_stuck.egg-info/SOURCES.txt'
[3.299s] writing manifest file 'three_team_du_stuck.egg-info/SOURCES.txt'
[3.341s] running build_ext
[3.341s] Creating /home/swarm-team/ros2_ws/install/three_team_du_stuck/lib/python3.8/site-packages/three-team-du-stuck.egg-link (link to .)
[3.341s] Installing du_communication_010 script to /home/swarm-team/ros2_ws/install/three_team_du_stuck/lib/three_team_du_stuck
[3.341s] Installing du_communication_011 script to /home/swarm-team/ros2_ws/install/three_team_du_stuck/lib/three_team_du_stuck
[3.341s] Installing du_communication_012 script to /home/swarm-team/ros2_ws/install/three_team_du_stuck/lib/three_team_du_stuck
[3.341s] Installing du_communication_013 script to /home/swarm-team/ros2_ws/install/three_team_du_stuck/lib/three_team_du_stuck
[3.341s] Installing du_communication_014 script to /home/swarm-team/ros2_ws/install/three_team_du_stuck/lib/three_team_du_stuck
[3.341s] Installing du_communication_015 script to /home/swarm-team/ros2_ws/install/three_team_du_stuck/lib/three_team_du_stuck
[3.341s] Installing du_communication_016 script to /home/swarm-team/ros2_ws/install/three_team_du_stuck/lib/three_team_du_stuck
[3.341s] Installing du_communication_017 script to /home/swarm-team/ros2_ws/install/three_team_du_stuck/lib/three_team_du_stuck
[3.341s] Installing du_communication_018 script to /home/swarm-team/ros2_ws/install/three_team_du_stuck/lib/three_team_du_stuck
[3.341s] Installing du_communication_019 script to /home/swarm-team/ros2_ws/install/three_team_du_stuck/lib/three_team_du_stuck
[3.341s] Installing du_communication_020 script to /home/swarm-team/ros2_ws/install/three_team_du_stuck/lib/three_team_du_stuck
[3.341s] Installing du_communication_080 script to /home/swarm-team/ros2_ws/install/three_team_du_stuck/lib/three_team_du_stuck
[3.341s] Installing du_controller_010 script to /home/swarm-team/ros2_ws/install/three_team_du_stuck/lib/three_team_du_stuck
[3.342s] Installing du_controller_011 script to /home/swarm-team/ros2_ws/install/three_team_du_stuck/lib/three_team_du_stuck
[3.342s] Installing du_controller_012 script to /home/swarm-team/ros2_ws/install/three_team_du_stuck/lib/three_team_du_stuck
[3.342s] Installing du_controller_013 script to /home/swarm-team/ros2_ws/install/three_team_du_stuck/lib/three_team_du_stuck
[3.342s] Installing du_controller_014 script to /home/swarm-team/ros2_ws/install/three_team_du_stuck/lib/three_team_du_stuck
[3.342s] Installing du_controller_015 script to /home/swarm-team/ros2_ws/install/three_team_du_stuck/lib/three_team_du_stuck
[3.342s] Installing du_controller_016 script to /home/swarm-team/ros2_ws/install/three_team_du_stuck/lib/three_team_du_stuck
[3.342s] Installing du_controller_017 script to /home/swarm-team/ros2_ws/install/three_team_du_stuck/lib/three_team_du_stuck
[3.342s] Installing du_controller_018 script to /home/swarm-team/ros2_ws/install/three_team_du_stuck/lib/three_team_du_stuck
[3.342s] Installing du_controller_019 script to /home/swarm-team/ros2_ws/install/three_team_du_stuck/lib/three_team_du_stuck
[3.343s] Installing du_controller_020 script to /home/swarm-team/ros2_ws/install/three_team_du_stuck/lib/three_team_du_stuck
[3.343s] Installing du_controller_080 script to /home/swarm-team/ros2_ws/install/three_team_du_stuck/lib/three_team_du_stuck
[3.343s] 
[3.343s] Installed /home/swarm-team/ros2_ws/build/three_team_du_stuck
[3.343s] running install_data
[3.439s] Invoked command in '/home/swarm-team/ros2_ws/build/three_team_du_stuck' returned '0': PYTHONPATH=/home/swarm-team/ros2_ws/build/three_team_du_stuck/prefix_override:/home/swarm-team/ros2_ws/install/three_team_du_stuck/lib/python3.8/site-packages:${PYTHONPATH} /usr/bin/python3 setup.py develop --editable --build-directory /home/swarm-team/ros2_ws/build/three_team_du_stuck/build --no-deps install_data
