[0.098s] Invoking command in '/home/swarm-team/ros2_ws/build/dump_messages': CMAKE_PREFIX_PATH=${CMAKE_PREFIX_PATH}:/home/swarm-team/ros2_ws/install/two_team_ex_test:/home/swarm-team/ros2_ws/install/two_team_ex_stuck:/home/swarm-team/ros2_ws/install/two_team_du_test:/home/swarm-team/ros2_ws/install/two_team_du_stuck:/home/swarm-team/ros2_ws/install/three_team_ex_stuck:/home/swarm-team/ros2_ws/install/three_team_du_stuck:/home/swarm-team/ros2_ws/install/testplay:/home/swarm-team/ros2_ws/install/six_team_ex_stuck:/home/swarm-team/ros2_ws/install/six_team_du_stuck:/home/swarm-team/ros2_ws/install/single_ex_sim_pkg_master:/home/swarm-team/ros2_ws/install/single_ex_sim_pkg:/home/swarm-team/ros2_ws/install/one_team_ex_stuck:/home/swarm-team/ros2_ws/install/one_team_ex_base_master:/home/swarm-team/ros2_ws/install/one_team_du_stuck:/home/swarm-team/ros2_ws/install/one_team_du_base_master:/home/swarm-team/ros2_ws/install/multi_du_udpcomm_02_pkg:/home/swarm-team/ros2_ws/install/multi_du_udpcomm_01_pkg:/home/swarm-team/ros2_ws/install/four_team_ex_stuck:/home/swarm-team/ros2_ws/install/four_team_du_stuck:/opt/ros/foxy /usr/bin/cmake --build /home/swarm-team/ros2_ws/build/dump_messages -- -j20 -l20
[2.356s] -- Found ament_cmake: 0.9.11 (/opt/ros/foxy/share/ament_cmake/cmake)
[2.357s] -- Found PythonInterp: /usr/bin/python3 (found suitable version "3.8.10", minimum required is "3") 
[2.357s] -- Using PYTHON_EXECUTABLE: /usr/bin/python3
[2.357s] -- Override CMake install command with custom implementation using symlinks instead of copying resources
[2.357s] -- Found geometry_msgs: 2.0.5 (/opt/ros/foxy/share/geometry_msgs/cmake)
[2.357s] -- Using all available rosidl_typesupport_c: rosidl_typesupport_fastrtps_c;rosidl_typesupport_introspection_c
[2.357s] -- Found rosidl_adapter: 1.3.0 (/opt/ros/foxy/share/rosidl_adapter/cmake)
[2.357s] -- Using all available rosidl_typesupport_cpp: rosidl_typesupport_fastrtps_cpp;rosidl_typesupport_introspection_cpp
[2.357s] -- Found rosidl_default_generators: 1.0.1 (/opt/ros/foxy/share/rosidl_default_generators/cmake)
[2.357s] -- Found PythonInterp: /usr/bin/python3 (found version "3.8.10") 
[2.357s] -- Found ament_cmake_ros: 0.9.2 (/opt/ros/foxy/share/ament_cmake_ros/cmake)
[2.357s] -- Using all available rosidl_typesupport_c: rosidl_typesupport_fastrtps_c;rosidl_typesupport_introspection_c
[2.357s] -- Using all available rosidl_typesupport_cpp: rosidl_typesupport_fastrtps_cpp;rosidl_typesupport_introspection_cpp
[2.357s] -- Found PythonInterp: /usr/bin/python3 (found suitable version "3.8.10", minimum required is "3.5") 
[2.357s] -- Found python_cmake_module: 0.8.1 (/opt/ros/foxy/share/python_cmake_module/cmake)
[2.357s] -- Using PYTHON_EXECUTABLE: /usr/bin/python3
[2.357s] -- Using PYTHON_INCLUDE_DIRS: /usr/include/python3.8
[2.357s] -- Using PYTHON_LIBRARIES: /usr/lib/x86_64-linux-gnu/libpython3.8.so
[2.357s] -- Found ament_lint_auto: 0.9.7 (/opt/ros/foxy/share/ament_lint_auto/cmake)
[2.357s] -- Added test 'copyright' to check source files copyright and LICENSE
[2.357s] -- Added test 'lint_cmake' to check CMake code style
[2.357s] -- Added test 'xmllint' to check XML markup files
[2.358s] -- Configuring done
[2.358s] -- Generating done
[2.358s] -- Build files have been written to: /home/swarm-team/ros2_ws/build/dump_messages
[2.358s] [35m[1mScanning dependencies of target dump_messages__cpp[0m
[2.358s] [  2%] [34m[1mGenerating C code for ROS interfaces[0m
[2.358s] [  4%] [34m[1mGenerating C++ code for ROS interfaces[0m
[2.358s] [  4%] Built target dump_messages__cpp
[2.358s] [35m[1mScanning dependencies of target dump_messages__rosidl_generator_c[0m
[2.358s] [  6%] [34m[1mGenerating C++ type support dispatch for ROS interfaces[0m
[2.358s] [  8%] [34m[1mGenerating C++ type support for eProsima Fast-RTPS[0m
[2.358s] [ 10%] [34m[1mGenerating C++ introspection for ROS interfaces[0m
[2.358s] [ 12%] [32mBuilding C object CMakeFiles/dump_messages__rosidl_generator_c.dir/rosidl_generator_c/dump_messages/msg/detail/dump_cnp__functions.c.o[0m
[2.358s] [ 14%] [32mBuilding C object CMakeFiles/dump_messages__rosidl_generator_c.dir/rosidl_generator_c/dump_messages/msg/detail/dump_info_for_server__functions.c.o[0m
[2.358s] [ 17%] [32mBuilding C object CMakeFiles/dump_messages__rosidl_generator_c.dir/rosidl_generator_c/dump_messages/msg/detail/ex_pos_and_team_number__functions.c.o[0m
[2.358s] [ 19%] [32m[1mLinking C shared library libdump_messages__rosidl_generator_c.so[0m
[2.358s] [ 19%] Built target dump_messages__rosidl_generator_c
[2.358s] [ 23%] [34m[1mGenerating C introspection for ROS interfaces[0m
[2.358s] [ 23%] [34m[1mGenerating C type support dispatch for ROS interfaces[0m
[2.358s] [35m[1mScanning dependencies of target dump_messages__rosidl_typesupport_cpp[0m
[2.358s] [ 25%] [32mBuilding CXX object CMakeFiles/dump_messages__rosidl_typesupport_cpp.dir/rosidl_typesupport_cpp/dump_messages/msg/ex_pos_and_team_number__type_support.cpp.o[0m
[2.358s] [ 27%] [32mBuilding CXX object CMakeFiles/dump_messages__rosidl_typesupport_cpp.dir/rosidl_typesupport_cpp/dump_messages/msg/dump_cnp__type_support.cpp.o[0m
[2.358s] [ 29%] [32mBuilding CXX object CMakeFiles/dump_messages__rosidl_typesupport_cpp.dir/rosidl_typesupport_cpp/dump_messages/msg/dump_info_for_server__type_support.cpp.o[0m
[2.358s] [35m[1mScanning dependencies of target dump_messages__rosidl_typesupport_introspection_cpp[0m
[2.358s] [ 31%] [32mBuilding CXX object CMakeFiles/dump_messages__rosidl_typesupport_introspection_cpp.dir/rosidl_typesupport_introspection_cpp/dump_messages/msg/detail/dump_cnp__type_support.cpp.o[0m
[2.358s] [ 34%] [32mBuilding CXX object CMakeFiles/dump_messages__rosidl_typesupport_introspection_cpp.dir/rosidl_typesupport_introspection_cpp/dump_messages/msg/detail/ex_pos_and_team_number__type_support.cpp.o[0m
[2.358s] [ 36%] [32mBuilding CXX object CMakeFiles/dump_messages__rosidl_typesupport_introspection_cpp.dir/rosidl_typesupport_introspection_cpp/dump_messages/msg/detail/dump_info_for_server__type_support.cpp.o[0m
[2.358s] [35m[1mScanning dependencies of target dump_messages__rosidl_typesupport_fastrtps_cpp[0m
[2.358s] [ 42%] [32mBuilding CXX object CMakeFiles/dump_messages__rosidl_typesupport_fastrtps_cpp.dir/rosidl_typesupport_fastrtps_cpp/dump_messages/msg/detail/dds_fastrtps/dump_cnp__type_support.cpp.o[0m
[2.358s] [ 42%] [32mBuilding CXX object CMakeFiles/dump_messages__rosidl_typesupport_fastrtps_cpp.dir/rosidl_typesupport_fastrtps_cpp/dump_messages/msg/detail/dds_fastrtps/ex_pos_and_team_number__type_support.cpp.o[0m
[2.358s] [ 42%] [32mBuilding CXX object CMakeFiles/dump_messages__rosidl_typesupport_fastrtps_cpp.dir/rosidl_typesupport_fastrtps_cpp/dump_messages/msg/detail/dds_fastrtps/dump_info_for_server__type_support.cpp.o[0m
[2.358s] [35m[1mScanning dependencies of target dump_messages__rosidl_typesupport_c[0m
[2.358s] [ 44%] [32mBuilding CXX object CMakeFiles/dump_messages__rosidl_typesupport_c.dir/rosidl_typesupport_c/dump_messages/msg/dump_cnp__type_support.cpp.o[0m
[2.358s] [ 46%] [32mBuilding CXX object CMakeFiles/dump_messages__rosidl_typesupport_c.dir/rosidl_typesupport_c/dump_messages/msg/ex_pos_and_team_number__type_support.cpp.o[0m
[2.358s] [ 48%] [32mBuilding CXX object CMakeFiles/dump_messages__rosidl_typesupport_c.dir/rosidl_typesupport_c/dump_messages/msg/dump_info_for_server__type_support.cpp.o[0m
[2.359s] [35m[1mScanning dependencies of target dump_messages__rosidl_typesupport_introspection_c[0m
[2.359s] [ 51%] [32mBuilding C object CMakeFiles/dump_messages__rosidl_typesupport_introspection_c.dir/rosidl_typesupport_introspection_c/dump_messages/msg/detail/dump_cnp__type_support.c.o[0m
[2.359s] [ 55%] [32mBuilding C object CMakeFiles/dump_messages__rosidl_typesupport_introspection_c.dir/rosidl_typesupport_introspection_c/dump_messages/msg/detail/dump_info_for_server__type_support.c.o[0m
[2.359s] [ 55%] [32mBuilding C object CMakeFiles/dump_messages__rosidl_typesupport_introspection_c.dir/rosidl_typesupport_introspection_c/dump_messages/msg/detail/ex_pos_and_team_number__type_support.c.o[0m
[2.359s] [ 57%] [32m[1mLinking CXX shared library libdump_messages__rosidl_typesupport_c.so[0m
[2.359s] [ 59%] [32m[1mLinking C shared library libdump_messages__rosidl_typesupport_introspection_c.so[0m
[2.359s] [ 59%] Built target dump_messages__rosidl_typesupport_introspection_c
[2.359s] [ 59%] Built target dump_messages__rosidl_typesupport_c
[2.359s] [ 61%] [32m[1mLinking CXX shared library libdump_messages__rosidl_typesupport_introspection_cpp.so[0m
[2.359s] [ 63%] [32m[1mLinking CXX shared library libdump_messages__rosidl_typesupport_cpp.so[0m
[2.359s] [ 63%] Built target dump_messages__rosidl_typesupport_cpp
[2.359s] [ 65%] [32m[1mLinking CXX shared library libdump_messages__rosidl_typesupport_fastrtps_cpp.so[0m
[2.359s] [ 65%] Built target dump_messages__rosidl_typesupport_introspection_cpp
[2.359s] [ 65%] Built target dump_messages__rosidl_typesupport_fastrtps_cpp
[2.359s] [ 68%] [34m[1mGenerating C type support for eProsima Fast-RTPS[0m
[2.359s] [35m[1mScanning dependencies of target dump_messages__rosidl_typesupport_fastrtps_c[0m
[2.359s] [ 72%] [32mBuilding CXX object CMakeFiles/dump_messages__rosidl_typesupport_fastrtps_c.dir/rosidl_typesupport_fastrtps_c/dump_messages/msg/detail/dump_cnp__type_support_c.cpp.o[0m
[2.359s] [ 72%] [32mBuilding CXX object CMakeFiles/dump_messages__rosidl_typesupport_fastrtps_c.dir/rosidl_typesupport_fastrtps_c/dump_messages/msg/detail/dump_info_for_server__type_support_c.cpp.o[0m
[2.359s] [ 74%] [32mBuilding CXX object CMakeFiles/dump_messages__rosidl_typesupport_fastrtps_c.dir/rosidl_typesupport_fastrtps_c/dump_messages/msg/detail/ex_pos_and_team_number__type_support_c.cpp.o[0m
[2.359s] [ 76%] [32m[1mLinking CXX shared library libdump_messages__rosidl_typesupport_fastrtps_c.so[0m
[2.359s] [ 76%] Built target dump_messages__rosidl_typesupport_fastrtps_c
[2.359s] [ 76%] Built target dump_messages
[2.359s] [35m[1mScanning dependencies of target dump_messages__py[0m
[2.359s] [ 78%] [34m[1mGenerating Python code for ROS interfaces[0m
[2.359s] [ 78%] Built target dump_messages__py
[2.359s] [35m[1mScanning dependencies of target dump_messages__python[0m
[2.359s] [ 80%] [32mBuilding C object CMakeFiles/dump_messages__python.dir/rosidl_generator_py/dump_messages/msg/_dump_cnp_s.c.o[0m
[2.359s] [ 82%] [32mBuilding C object CMakeFiles/dump_messages__python.dir/rosidl_generator_py/dump_messages/msg/_dump_info_for_server_s.c.o[0m
[2.359s] [ 85%] [32mBuilding C object CMakeFiles/dump_messages__python.dir/rosidl_generator_py/dump_messages/msg/_ex_pos_and_team_number_s.c.o[0m
[2.359s] [ 87%] [32m[1mLinking C shared library rosidl_generator_py/dump_messages/libdump_messages__python.so[0m
[2.359s] [ 87%] Built target dump_messages__python
[2.359s] [35m[1mScanning dependencies of target dump_messages__rosidl_typesupport_fastrtps_c__pyext[0m
[2.359s] [35m[1mScanning dependencies of target dump_messages__rosidl_typesupport_introspection_c__pyext[0m
[2.359s] [35m[1mScanning dependencies of target dump_messages__rosidl_typesupport_c__pyext[0m
[2.359s] [ 91%] [32mBuilding C object CMakeFiles/dump_messages__rosidl_typesupport_c__pyext.dir/rosidl_generator_py/dump_messages/_dump_messages_s.ep.rosidl_typesupport_c.c.o[0m
[2.359s] [ 91%] [32mBuilding C object CMakeFiles/dump_messages__rosidl_typesupport_introspection_c__pyext.dir/rosidl_generator_py/dump_messages/_dump_messages_s.ep.rosidl_typesupport_introspection_c.c.o[0m
[2.359s] [ 93%] [32mBuilding C object CMakeFiles/dump_messages__rosidl_typesupport_fastrtps_c__pyext.dir/rosidl_generator_py/dump_messages/_dump_messages_s.ep.rosidl_typesupport_fastrtps_c.c.o[0m
[2.360s] [ 97%] [32m[1mLinking C shared library rosidl_generator_py/dump_messages/dump_messages_s__rosidl_typesupport_c.cpython-38-x86_64-linux-gnu.so[0m
[2.360s] [ 97%] [32m[1mLinking C shared library rosidl_generator_py/dump_messages/dump_messages_s__rosidl_typesupport_introspection_c.cpython-38-x86_64-linux-gnu.so[0m
[2.360s] [100%] [32m[1mLinking CXX shared library rosidl_generator_py/dump_messages/dump_messages_s__rosidl_typesupport_fastrtps_c.cpython-38-x86_64-linux-gnu.so[0m
[2.360s] [100%] Built target dump_messages__rosidl_typesupport_c__pyext
[2.360s] [100%] Built target dump_messages__rosidl_typesupport_introspection_c__pyext
[2.360s] [100%] Built target dump_messages__rosidl_typesupport_fastrtps_c__pyext
[2.361s] Invoked command in '/home/swarm-team/ros2_ws/build/dump_messages' returned '0': CMAKE_PREFIX_PATH=${CMAKE_PREFIX_PATH}:/home/swarm-team/ros2_ws/install/two_team_ex_test:/home/swarm-team/ros2_ws/install/two_team_ex_stuck:/home/swarm-team/ros2_ws/install/two_team_du_test:/home/swarm-team/ros2_ws/install/two_team_du_stuck:/home/swarm-team/ros2_ws/install/three_team_ex_stuck:/home/swarm-team/ros2_ws/install/three_team_du_stuck:/home/swarm-team/ros2_ws/install/testplay:/home/swarm-team/ros2_ws/install/six_team_ex_stuck:/home/swarm-team/ros2_ws/install/six_team_du_stuck:/home/swarm-team/ros2_ws/install/single_ex_sim_pkg_master:/home/swarm-team/ros2_ws/install/single_ex_sim_pkg:/home/swarm-team/ros2_ws/install/one_team_ex_stuck:/home/swarm-team/ros2_ws/install/one_team_ex_base_master:/home/swarm-team/ros2_ws/install/one_team_du_stuck:/home/swarm-team/ros2_ws/install/one_team_du_base_master:/home/swarm-team/ros2_ws/install/multi_du_udpcomm_02_pkg:/home/swarm-team/ros2_ws/install/multi_du_udpcomm_01_pkg:/home/swarm-team/ros2_ws/install/four_team_ex_stuck:/home/swarm-team/ros2_ws/install/four_team_du_stuck:/opt/ros/foxy /usr/bin/cmake --build /home/swarm-team/ros2_ws/build/dump_messages -- -j20 -l20
[2.422s] Invoking command in '/home/swarm-team/ros2_ws/build/dump_messages': CMAKE_PREFIX_PATH=${CMAKE_PREFIX_PATH}:/home/swarm-team/ros2_ws/install/two_team_ex_test:/home/swarm-team/ros2_ws/install/two_team_ex_stuck:/home/swarm-team/ros2_ws/install/two_team_du_test:/home/swarm-team/ros2_ws/install/two_team_du_stuck:/home/swarm-team/ros2_ws/install/three_team_ex_stuck:/home/swarm-team/ros2_ws/install/three_team_du_stuck:/home/swarm-team/ros2_ws/install/testplay:/home/swarm-team/ros2_ws/install/six_team_ex_stuck:/home/swarm-team/ros2_ws/install/six_team_du_stuck:/home/swarm-team/ros2_ws/install/single_ex_sim_pkg_master:/home/swarm-team/ros2_ws/install/single_ex_sim_pkg:/home/swarm-team/ros2_ws/install/one_team_ex_stuck:/home/swarm-team/ros2_ws/install/one_team_ex_base_master:/home/swarm-team/ros2_ws/install/one_team_du_stuck:/home/swarm-team/ros2_ws/install/one_team_du_base_master:/home/swarm-team/ros2_ws/install/multi_du_udpcomm_02_pkg:/home/swarm-team/ros2_ws/install/multi_du_udpcomm_01_pkg:/home/swarm-team/ros2_ws/install/four_team_ex_stuck:/home/swarm-team/ros2_ws/install/four_team_du_stuck:/opt/ros/foxy /usr/bin/cmake --install /home/swarm-team/ros2_ws/build/dump_messages
[2.431s] -- Install configuration: ""
[2.432s] -- Execute custom install script
[2.432s] -- Up-to-date symlink: /home/swarm-team/ros2_ws/install/dump_messages/share/ament_index/resource_index/rosidl_interfaces/dump_messages
[2.433s] -- Up-to-date symlink: /home/swarm-team/ros2_ws/install/dump_messages/include/dump_messages/msg/detail/dump_cnp__functions.h
[2.433s] -- Up-to-date symlink: /home/swarm-team/ros2_ws/install/dump_messages/include/dump_messages/msg/detail/dump_cnp__struct.h
[2.433s] -- Up-to-date symlink: /home/swarm-team/ros2_ws/install/dump_messages/include/dump_messages/msg/detail/dump_cnp__type_support.h
[2.433s] -- Up-to-date symlink: /home/swarm-team/ros2_ws/install/dump_messages/include/dump_messages/msg/detail/dump_info_for_server__functions.h
[2.433s] -- Up-to-date symlink: /home/swarm-team/ros2_ws/install/dump_messages/include/dump_messages/msg/detail/dump_info_for_server__struct.h
[2.433s] -- Up-to-date symlink: /home/swarm-team/ros2_ws/install/dump_messages/include/dump_messages/msg/detail/dump_info_for_server__type_support.h
[2.433s] -- Symlinking: /home/swarm-team/ros2_ws/install/dump_messages/include/dump_messages/msg/detail/ex_pos_and_team_number__functions.h
[2.441s] -- Symlinking: /home/swarm-team/ros2_ws/install/dump_messages/include/dump_messages/msg/detail/ex_pos_and_team_number__struct.h
[2.449s] -- Symlinking: /home/swarm-team/ros2_ws/install/dump_messages/include/dump_messages/msg/detail/ex_pos_and_team_number__type_support.h
[2.457s] -- Up-to-date symlink: /home/swarm-team/ros2_ws/install/dump_messages/include/dump_messages/msg/dump_cnp.h
[2.457s] -- Up-to-date symlink: /home/swarm-team/ros2_ws/install/dump_messages/include/dump_messages/msg/dump_info_for_server.h
[2.457s] -- Symlinking: /home/swarm-team/ros2_ws/install/dump_messages/include/dump_messages/msg/ex_pos_and_team_number.h
[2.465s] -- Up-to-date symlink: /home/swarm-team/ros2_ws/install/dump_messages/include/dump_messages/msg/rosidl_generator_c__visibility_control.h
[2.466s] -- Up-to-date symlink: /home/swarm-team/ros2_ws/install/dump_messages/share/dump_messages/environment/library_path.sh
[2.466s] -- Up-to-date symlink: /home/swarm-team/ros2_ws/install/dump_messages/share/dump_messages/environment/library_path.dsv
[2.466s] -- Up-to-date symlink: /home/swarm-team/ros2_ws/install/dump_messages/include/dump_messages/msg/detail/dump_cnp__rosidl_typesupport_fastrtps_c.h
[2.466s] -- Up-to-date symlink: /home/swarm-team/ros2_ws/install/dump_messages/include/dump_messages/msg/detail/dump_info_for_server__rosidl_typesupport_fastrtps_c.h
[2.467s] -- Symlinking: /home/swarm-team/ros2_ws/install/dump_messages/include/dump_messages/msg/detail/ex_pos_and_team_number__rosidl_typesupport_fastrtps_c.h
[2.475s] -- Up-to-date symlink: /home/swarm-team/ros2_ws/install/dump_messages/include/dump_messages/msg/rosidl_typesupport_fastrtps_c__visibility_control.h
[2.475s] -- Up-to-date symlink: /home/swarm-team/ros2_ws/install/dump_messages/lib/libdump_messages__rosidl_typesupport_fastrtps_c.so
[2.476s] -- Up-to-date symlink: /home/swarm-team/ros2_ws/install/dump_messages/include/dump_messages/msg/detail/dump_cnp__rosidl_typesupport_fastrtps_cpp.hpp
[2.476s] -- Up-to-date symlink: /home/swarm-team/ros2_ws/install/dump_messages/include/dump_messages/msg/detail/dump_info_for_server__rosidl_typesupport_fastrtps_cpp.hpp
[2.476s] -- Symlinking: /home/swarm-team/ros2_ws/install/dump_messages/include/dump_messages/msg/detail/ex_pos_and_team_number__rosidl_typesupport_fastrtps_cpp.hpp
[2.484s] -- Up-to-date symlink: /home/swarm-team/ros2_ws/install/dump_messages/include/dump_messages/msg/rosidl_typesupport_fastrtps_cpp__visibility_control.h
[2.485s] -- Up-to-date symlink: /home/swarm-team/ros2_ws/install/dump_messages/lib/libdump_messages__rosidl_typesupport_fastrtps_cpp.so
[2.485s] -- Up-to-date symlink: /home/swarm-team/ros2_ws/install/dump_messages/include/dump_messages/msg/detail/dump_cnp__rosidl_typesupport_introspection_c.h
[2.485s] -- Up-to-date symlink: /home/swarm-team/ros2_ws/install/dump_messages/include/dump_messages/msg/detail/dump_info_for_server__rosidl_typesupport_introspection_c.h
[2.485s] -- Symlinking: /home/swarm-team/ros2_ws/install/dump_messages/include/dump_messages/msg/detail/ex_pos_and_team_number__rosidl_typesupport_introspection_c.h
[2.493s] -- Up-to-date symlink: /home/swarm-team/ros2_ws/install/dump_messages/include/dump_messages/msg/rosidl_typesupport_introspection_c__visibility_control.h
[2.494s] -- Up-to-date symlink: /home/swarm-team/ros2_ws/install/dump_messages/include/dump_messages/msg/detail/dump_cnp__builder.hpp
[2.494s] -- Up-to-date symlink: /home/swarm-team/ros2_ws/install/dump_messages/include/dump_messages/msg/detail/dump_cnp__struct.hpp
[2.494s] -- Up-to-date symlink: /home/swarm-team/ros2_ws/install/dump_messages/include/dump_messages/msg/detail/dump_cnp__traits.hpp
[2.494s] -- Up-to-date symlink: /home/swarm-team/ros2_ws/install/dump_messages/include/dump_messages/msg/detail/dump_info_for_server__builder.hpp
[2.494s] -- Up-to-date symlink: /home/swarm-team/ros2_ws/install/dump_messages/include/dump_messages/msg/detail/dump_info_for_server__struct.hpp
[2.494s] -- Up-to-date symlink: /home/swarm-team/ros2_ws/install/dump_messages/include/dump_messages/msg/detail/dump_info_for_server__traits.hpp
[2.494s] -- Symlinking: /home/swarm-team/ros2_ws/install/dump_messages/include/dump_messages/msg/detail/ex_pos_and_team_number__builder.hpp
[2.503s] -- Symlinking: /home/swarm-team/ros2_ws/install/dump_messages/include/dump_messages/msg/detail/ex_pos_and_team_number__struct.hpp
[2.510s] -- Symlinking: /home/swarm-team/ros2_ws/install/dump_messages/include/dump_messages/msg/detail/ex_pos_and_team_number__traits.hpp
[2.518s] -- Up-to-date symlink: /home/swarm-team/ros2_ws/install/dump_messages/include/dump_messages/msg/dump_cnp.hpp
[2.518s] -- Up-to-date symlink: /home/swarm-team/ros2_ws/install/dump_messages/include/dump_messages/msg/dump_info_for_server.hpp
[2.519s] -- Symlinking: /home/swarm-team/ros2_ws/install/dump_messages/include/dump_messages/msg/ex_pos_and_team_number.hpp
[2.527s] -- Up-to-date symlink: /home/swarm-team/ros2_ws/install/dump_messages/include/dump_messages/msg/detail/dump_cnp__rosidl_typesupport_introspection_cpp.hpp
[2.527s] -- Up-to-date symlink: /home/swarm-team/ros2_ws/install/dump_messages/include/dump_messages/msg/detail/dump_info_for_server__rosidl_typesupport_introspection_cpp.hpp
[2.527s] -- Symlinking: /home/swarm-team/ros2_ws/install/dump_messages/include/dump_messages/msg/detail/ex_pos_and_team_number__rosidl_typesupport_introspection_cpp.hpp
[2.536s] -- Up-to-date symlink: /home/swarm-team/ros2_ws/install/dump_messages/share/dump_messages/environment/pythonpath.sh
[2.536s] -- Up-to-date symlink: /home/swarm-team/ros2_ws/install/dump_messages/share/dump_messages/environment/pythonpath.dsv
[2.536s] -- Up-to-date symlink: /home/swarm-team/ros2_ws/install/dump_messages/lib/python3.8/site-packages/dump_messages/__init__.py
[2.536s] -- Up-to-date symlink: /home/swarm-team/ros2_ws/install/dump_messages/lib/python3.8/site-packages/dump_messages/msg/__init__.py
[2.536s] -- Up-to-date symlink: /home/swarm-team/ros2_ws/install/dump_messages/lib/python3.8/site-packages/dump_messages/msg/_dump_cnp.py
[2.538s] -- Up-to-date symlink: /home/swarm-team/ros2_ws/install/dump_messages/lib/python3.8/site-packages/dump_messages/msg/_dump_info_for_server.py
[2.538s] -- Symlinking: /home/swarm-team/ros2_ws/install/dump_messages/lib/python3.8/site-packages/dump_messages/msg/_ex_pos_and_team_number.py
[2.546s] -- Up-to-date symlink: /home/swarm-team/ros2_ws/install/dump_messages/lib/python3.8/site-packages/dump_messages/dump_messages_s__rosidl_typesupport_fastrtps_c.cpython-38-x86_64-linux-gnu.so
[2.546s] -- Up-to-date symlink: /home/swarm-team/ros2_ws/install/dump_messages/lib/python3.8/site-packages/dump_messages/dump_messages_s__rosidl_typesupport_introspection_c.cpython-38-x86_64-linux-gnu.so
[2.547s] -- Up-to-date symlink: /home/swarm-team/ros2_ws/install/dump_messages/lib/python3.8/site-packages/dump_messages/dump_messages_s__rosidl_typesupport_c.cpython-38-x86_64-linux-gnu.so
[2.547s] -- Up-to-date symlink: /home/swarm-team/ros2_ws/install/dump_messages/lib/libdump_messages__python.so
[2.547s] -- Up-to-date symlink: /home/swarm-team/ros2_ws/install/dump_messages/share/dump_messages/msg/DumpCNP.idl
[2.547s] -- Up-to-date symlink: /home/swarm-team/ros2_ws/install/dump_messages/share/dump_messages/msg/DumpInfoForServer.idl
[2.548s] -- Symlinking: /home/swarm-team/ros2_ws/install/dump_messages/share/dump_messages/msg/ExPosAndTeamNumber.idl
[2.556s] -- Up-to-date symlink: /home/swarm-team/ros2_ws/install/dump_messages/share/dump_messages/msg/DumpCNP.msg
[2.556s] -- Up-to-date symlink: /home/swarm-team/ros2_ws/install/dump_messages/share/dump_messages/msg/DumpInfoForServer.msg
[2.556s] -- Symlinking: /home/swarm-team/ros2_ws/install/dump_messages/share/dump_messages/msg/ExPosAndTeamNumber.msg
[2.564s] -- Up-to-date symlink: /home/swarm-team/ros2_ws/install/dump_messages/share/ament_index/resource_index/package_run_dependencies/dump_messages
[2.564s] -- Up-to-date symlink: /home/swarm-team/ros2_ws/install/dump_messages/share/ament_index/resource_index/parent_prefix_path/dump_messages
[2.565s] -- Up-to-date symlink: /home/swarm-team/ros2_ws/install/dump_messages/share/dump_messages/environment/ament_prefix_path.sh
[2.565s] -- Up-to-date symlink: /home/swarm-team/ros2_ws/install/dump_messages/share/dump_messages/environment/ament_prefix_path.dsv
[2.565s] -- Up-to-date symlink: /home/swarm-team/ros2_ws/install/dump_messages/share/dump_messages/environment/path.sh
[2.565s] -- Up-to-date symlink: /home/swarm-team/ros2_ws/install/dump_messages/share/dump_messages/environment/path.dsv
[2.566s] -- Up-to-date symlink: /home/swarm-team/ros2_ws/install/dump_messages/share/dump_messages/local_setup.bash
[2.566s] -- Up-to-date symlink: /home/swarm-team/ros2_ws/install/dump_messages/share/dump_messages/local_setup.sh
[2.566s] -- Up-to-date symlink: /home/swarm-team/ros2_ws/install/dump_messages/share/dump_messages/local_setup.zsh
[2.566s] -- Up-to-date symlink: /home/swarm-team/ros2_ws/install/dump_messages/share/dump_messages/local_setup.dsv
[2.566s] -- Symlinking: /home/swarm-team/ros2_ws/install/dump_messages/share/dump_messages/package.dsv
[2.574s] -- Up-to-date symlink: /home/swarm-team/ros2_ws/install/dump_messages/share/ament_index/resource_index/packages/dump_messages
[2.574s] -- Up-to-date symlink: /home/swarm-team/ros2_ws/install/dump_messages/share/dump_messages/cmake/rosidl_cmake-extras.cmake
[2.575s] -- Up-to-date symlink: /home/swarm-team/ros2_ws/install/dump_messages/share/dump_messages/cmake/ament_cmake_export_dependencies-extras.cmake
[2.575s] -- Up-to-date symlink: /home/swarm-team/ros2_ws/install/dump_messages/share/dump_messages/cmake/ament_cmake_export_libraries-extras.cmake
[2.575s] -- Up-to-date symlink: /home/swarm-team/ros2_ws/install/dump_messages/share/dump_messages/cmake/ament_cmake_export_targets-extras.cmake
[2.575s] -- Up-to-date symlink: /home/swarm-team/ros2_ws/install/dump_messages/share/dump_messages/cmake/ament_cmake_export_include_directories-extras.cmake
[2.576s] -- Up-to-date symlink: /home/swarm-team/ros2_ws/install/dump_messages/share/dump_messages/cmake/rosidl_cmake_export_typesupport_libraries-extras.cmake
[2.576s] -- Up-to-date symlink: /home/swarm-team/ros2_ws/install/dump_messages/share/dump_messages/cmake/rosidl_cmake_export_typesupport_targets-extras.cmake
[2.576s] -- Up-to-date symlink: /home/swarm-team/ros2_ws/install/dump_messages/share/dump_messages/cmake/dump_messagesConfig.cmake
[2.576s] -- Up-to-date symlink: /home/swarm-team/ros2_ws/install/dump_messages/share/dump_messages/cmake/dump_messagesConfig-version.cmake
[2.576s] -- Up-to-date symlink: /home/swarm-team/ros2_ws/install/dump_messages/share/dump_messages/package.xml
[2.577s] -- Installing: /home/swarm-team/ros2_ws/install/dump_messages/lib/libdump_messages__rosidl_generator_c.so
[2.577s] -- Set runtime path of "/home/swarm-team/ros2_ws/install/dump_messages/lib/libdump_messages__rosidl_generator_c.so" to ""
[2.577s] -- Installing: /home/swarm-team/ros2_ws/install/dump_messages/lib/libdump_messages__rosidl_typesupport_introspection_c.so
[2.577s] -- Set runtime path of "/home/swarm-team/ros2_ws/install/dump_messages/lib/libdump_messages__rosidl_typesupport_introspection_c.so" to ""
[2.577s] -- Installing: /home/swarm-team/ros2_ws/install/dump_messages/lib/libdump_messages__rosidl_typesupport_c.so
[2.578s] -- Set runtime path of "/home/swarm-team/ros2_ws/install/dump_messages/lib/libdump_messages__rosidl_typesupport_c.so" to ""
[2.578s] -- Installing: /home/swarm-team/ros2_ws/install/dump_messages/lib/libdump_messages__rosidl_typesupport_introspection_cpp.so
[2.578s] -- Set runtime path of "/home/swarm-team/ros2_ws/install/dump_messages/lib/libdump_messages__rosidl_typesupport_introspection_cpp.so" to ""
[2.578s] -- Installing: /home/swarm-team/ros2_ws/install/dump_messages/lib/libdump_messages__rosidl_typesupport_cpp.so
[2.579s] -- Set runtime path of "/home/swarm-team/ros2_ws/install/dump_messages/lib/libdump_messages__rosidl_typesupport_cpp.so" to ""
[2.633s] Compiling '/home/swarm-team/ros2_ws/install/dump_messages/lib/python3.8/site-packages/dump_messages/__init__.py'...
[2.637s] -- Up-to-date: /home/swarm-team/ros2_ws/install/dump_messages/share/dump_messages/cmake/dump_messages__rosidl_generator_cExport.cmake
[2.637s] -- Installing: /home/swarm-team/ros2_ws/install/dump_messages/share/dump_messages/cmake/dump_messages__rosidl_generator_cExport-noconfig.cmake
[2.638s] -- Up-to-date: /home/swarm-team/ros2_ws/install/dump_messages/share/dump_messages/cmake/dump_messages__rosidl_typesupport_introspection_cExport.cmake
[2.638s] -- Installing: /home/swarm-team/ros2_ws/install/dump_messages/share/dump_messages/cmake/dump_messages__rosidl_typesupport_introspection_cExport-noconfig.cmake
[2.638s] -- Up-to-date: /home/swarm-team/ros2_ws/install/dump_messages/share/dump_messages/cmake/dump_messages__rosidl_typesupport_cExport.cmake
[2.639s] -- Installing: /home/swarm-team/ros2_ws/install/dump_messages/share/dump_messages/cmake/dump_messages__rosidl_typesupport_cExport-noconfig.cmake
[2.639s] -- Up-to-date: /home/swarm-team/ros2_ws/install/dump_messages/share/dump_messages/cmake/dump_messages__rosidl_generator_cppExport.cmake
[2.639s] -- Up-to-date: /home/swarm-team/ros2_ws/install/dump_messages/share/dump_messages/cmake/dump_messages__rosidl_typesupport_introspection_cppExport.cmake
[2.639s] -- Installing: /home/swarm-team/ros2_ws/install/dump_messages/share/dump_messages/cmake/dump_messages__rosidl_typesupport_introspection_cppExport-noconfig.cmake
[2.640s] -- Up-to-date: /home/swarm-team/ros2_ws/install/dump_messages/share/dump_messages/cmake/dump_messages__rosidl_typesupport_cppExport.cmake
[2.640s] -- Installing: /home/swarm-team/ros2_ws/install/dump_messages/share/dump_messages/cmake/dump_messages__rosidl_typesupport_cppExport-noconfig.cmake
[2.647s] Invoked command in '/home/swarm-team/ros2_ws/build/dump_messages' returned '0': CMAKE_PREFIX_PATH=${CMAKE_PREFIX_PATH}:/home/swarm-team/ros2_ws/install/two_team_ex_test:/home/swarm-team/ros2_ws/install/two_team_ex_stuck:/home/swarm-team/ros2_ws/install/two_team_du_test:/home/swarm-team/ros2_ws/install/two_team_du_stuck:/home/swarm-team/ros2_ws/install/three_team_ex_stuck:/home/swarm-team/ros2_ws/install/three_team_du_stuck:/home/swarm-team/ros2_ws/install/testplay:/home/swarm-team/ros2_ws/install/six_team_ex_stuck:/home/swarm-team/ros2_ws/install/six_team_du_stuck:/home/swarm-team/ros2_ws/install/single_ex_sim_pkg_master:/home/swarm-team/ros2_ws/install/single_ex_sim_pkg:/home/swarm-team/ros2_ws/install/one_team_ex_stuck:/home/swarm-team/ros2_ws/install/one_team_ex_base_master:/home/swarm-team/ros2_ws/install/one_team_du_stuck:/home/swarm-team/ros2_ws/install/one_team_du_base_master:/home/swarm-team/ros2_ws/install/multi_du_udpcomm_02_pkg:/home/swarm-team/ros2_ws/install/multi_du_udpcomm_01_pkg:/home/swarm-team/ros2_ws/install/four_team_ex_stuck:/home/swarm-team/ros2_ws/install/four_team_du_stuck:/opt/ros/foxy /usr/bin/cmake --install /home/swarm-team/ros2_ws/build/dump_messages
