[2.675s] Invoking command in '/home/swarm-team/ros2_ws/build/one_team_du_base_master': PYTHONPATH=/home/swarm-team/ros2_ws/build/one_team_du_base_master/prefix_override:/home/swarm-team/ros2_ws/install/one_team_du_base_master/lib/python3.8/site-packages:${PYTHONPATH} /usr/bin/python3 setup.py develop --editable --build-directory /home/swarm-team/ros2_ws/build/one_team_du_base_master/build --no-deps install_data
[2.827s] running develop
[2.918s] running egg_info
[2.919s] writing one_team_du_base_master.egg-info/PKG-INFO
[2.919s] writing dependency_links to one_team_du_base_master.egg-info/dependency_links.txt
[2.919s] writing entry points to one_team_du_base_master.egg-info/entry_points.txt
[2.919s] writing requirements to one_team_du_base_master.egg-info/requires.txt
[2.919s] writing top-level names to one_team_du_base_master.egg-info/top_level.txt
[2.958s] reading manifest file 'one_team_du_base_master.egg-info/SOURCES.txt'
[2.959s] writing manifest file 'one_team_du_base_master.egg-info/SOURCES.txt'
[3.001s] running build_ext
[3.001s] Creating /home/swarm-team/ros2_ws/install/one_team_du_base_master/lib/python3.8/site-packages/one-team-du-base-master.egg-link (link to .)
[3.002s] Installing du_communication_010 script to /home/swarm-team/ros2_ws/install/one_team_du_base_master/lib/one_team_du_base_master
[3.002s] Installing du_communication_011 script to /home/swarm-team/ros2_ws/install/one_team_du_base_master/lib/one_team_du_base_master
[3.002s] Installing du_communication_012 script to /home/swarm-team/ros2_ws/install/one_team_du_base_master/lib/one_team_du_base_master
[3.002s] Installing du_communication_013 script to /home/swarm-team/ros2_ws/install/one_team_du_base_master/lib/one_team_du_base_master
[3.002s] Installing du_communication_014 script to /home/swarm-team/ros2_ws/install/one_team_du_base_master/lib/one_team_du_base_master
[3.002s] Installing du_communication_015 script to /home/swarm-team/ros2_ws/install/one_team_du_base_master/lib/one_team_du_base_master
[3.003s] Installing du_communication_016 script to /home/swarm-team/ros2_ws/install/one_team_du_base_master/lib/one_team_du_base_master
[3.003s] Installing du_communication_017 script to /home/swarm-team/ros2_ws/install/one_team_du_base_master/lib/one_team_du_base_master
[3.003s] Installing du_communication_018 script to /home/swarm-team/ros2_ws/install/one_team_du_base_master/lib/one_team_du_base_master
[3.003s] Installing du_communication_080 script to /home/swarm-team/ros2_ws/install/one_team_du_base_master/lib/one_team_du_base_master
[3.003s] Installing du_controller_010 script to /home/swarm-team/ros2_ws/install/one_team_du_base_master/lib/one_team_du_base_master
[3.003s] Installing du_controller_011 script to /home/swarm-team/ros2_ws/install/one_team_du_base_master/lib/one_team_du_base_master
[3.003s] Installing du_controller_012 script to /home/swarm-team/ros2_ws/install/one_team_du_base_master/lib/one_team_du_base_master
[3.003s] Installing du_controller_013 script to /home/swarm-team/ros2_ws/install/one_team_du_base_master/lib/one_team_du_base_master
[3.003s] Installing du_controller_014 script to /home/swarm-team/ros2_ws/install/one_team_du_base_master/lib/one_team_du_base_master
[3.003s] Installing du_controller_015 script to /home/swarm-team/ros2_ws/install/one_team_du_base_master/lib/one_team_du_base_master
[3.003s] Installing du_controller_016 script to /home/swarm-team/ros2_ws/install/one_team_du_base_master/lib/one_team_du_base_master
[3.003s] Installing du_controller_017 script to /home/swarm-team/ros2_ws/install/one_team_du_base_master/lib/one_team_du_base_master
[3.003s] Installing du_controller_018 script to /home/swarm-team/ros2_ws/install/one_team_du_base_master/lib/one_team_du_base_master
[3.004s] Installing du_controller_080 script to /home/swarm-team/ros2_ws/install/one_team_du_base_master/lib/one_team_du_base_master
[3.004s] 
[3.004s] Installed /home/swarm-team/ros2_ws/build/one_team_du_base_master
[3.004s] running install_data
[3.042s] Invoked command in '/home/swarm-team/ros2_ws/build/one_team_du_base_master' returned '0': PYTHONPATH=/home/swarm-team/ros2_ws/build/one_team_du_base_master/prefix_override:/home/swarm-team/ros2_ws/install/one_team_du_base_master/lib/python3.8/site-packages:${PYTHONPATH} /usr/bin/python3 setup.py develop --editable --build-directory /home/swarm-team/ros2_ws/build/one_team_du_base_master/build --no-deps install_data
