[2.497s] Invoking command in '/home/swarm-team/ros2_ws/build/one_team_du_stuck': PYTHONPATH=/home/swarm-team/ros2_ws/build/one_team_du_stuck/prefix_override:/home/swarm-team/ros2_ws/install/one_team_du_stuck/lib/python3.8/site-packages:${PYTHONPATH} /usr/bin/python3 setup.py develop --uninstall --editable --build-directory /home/swarm-team/ros2_ws/build/one_team_du_stuck/build
[2.744s] running develop
[2.898s] Invoked command in '/home/swarm-team/ros2_ws/build/one_team_du_stuck' returned '0': PYTHONPATH=/home/swarm-team/ros2_ws/build/one_team_du_stuck/prefix_override:/home/swarm-team/ros2_ws/install/one_team_du_stuck/lib/python3.8/site-packages:${PYTHONPATH} /usr/bin/python3 setup.py develop --uninstall --editable --build-directory /home/swarm-team/ros2_ws/build/one_team_du_stuck/build
[2.898s] Invoking command in '/home/swarm-team/ros2_ws/src/one_team_du_stuck': PYTHONPATH=/home/swarm-team/ros2_ws/build/one_team_du_stuck/prefix_override:/home/swarm-team/ros2_ws/install/one_team_du_stuck/lib/python3.8/site-packages:${PYTHONPATH} /usr/bin/python3 setup.py egg_info --egg-base ../../build/one_team_du_stuck build --build-base /home/swarm-team/ros2_ws/build/one_team_du_stuck/build install --record /home/swarm-team/ros2_ws/build/one_team_du_stuck/install.log --install-scripts $base/lib/one_team_du_stuck --single-version-externally-managed
[3.123s] running egg_info
[3.124s] writing ../../build/one_team_du_stuck/one_team_du_stuck.egg-info/PKG-INFO
[3.124s] writing dependency_links to ../../build/one_team_du_stuck/one_team_du_stuck.egg-info/dependency_links.txt
[3.124s] writing entry points to ../../build/one_team_du_stuck/one_team_du_stuck.egg-info/entry_points.txt
[3.124s] writing requirements to ../../build/one_team_du_stuck/one_team_du_stuck.egg-info/requires.txt
[3.124s] writing top-level names to ../../build/one_team_du_stuck/one_team_du_stuck.egg-info/top_level.txt
[3.160s] reading manifest file '../../build/one_team_du_stuck/one_team_du_stuck.egg-info/SOURCES.txt'
[3.161s] writing manifest file '../../build/one_team_du_stuck/one_team_du_stuck.egg-info/SOURCES.txt'
[3.161s] running build
[3.161s] running build_py
[3.162s] running install
[3.163s] running install_lib
[3.165s] running install_data
[3.165s] running install_egg_info
[3.167s] removing '/home/swarm-team/ros2_ws/install/one_team_du_stuck/lib/python3.8/site-packages/one_team_du_stuck-0.0.0-py3.8.egg-info' (and everything under it)
[3.168s] Copying ../../build/one_team_du_stuck/one_team_du_stuck.egg-info to /home/swarm-team/ros2_ws/install/one_team_du_stuck/lib/python3.8/site-packages/one_team_du_stuck-0.0.0-py3.8.egg-info
[3.168s] running install_scripts
[3.186s] Installing du_communication_010 script to /home/swarm-team/ros2_ws/install/one_team_du_stuck/lib/one_team_du_stuck
[3.186s] Installing du_communication_011 script to /home/swarm-team/ros2_ws/install/one_team_du_stuck/lib/one_team_du_stuck
[3.186s] Installing du_communication_012 script to /home/swarm-team/ros2_ws/install/one_team_du_stuck/lib/one_team_du_stuck
[3.186s] Installing du_communication_013 script to /home/swarm-team/ros2_ws/install/one_team_du_stuck/lib/one_team_du_stuck
[3.186s] Installing du_communication_014 script to /home/swarm-team/ros2_ws/install/one_team_du_stuck/lib/one_team_du_stuck
[3.187s] Installing du_communication_015 script to /home/swarm-team/ros2_ws/install/one_team_du_stuck/lib/one_team_du_stuck
[3.187s] Installing du_communication_016 script to /home/swarm-team/ros2_ws/install/one_team_du_stuck/lib/one_team_du_stuck
[3.187s] Installing du_communication_017 script to /home/swarm-team/ros2_ws/install/one_team_du_stuck/lib/one_team_du_stuck
[3.187s] Installing du_communication_018 script to /home/swarm-team/ros2_ws/install/one_team_du_stuck/lib/one_team_du_stuck
[3.187s] Installing du_communication_080 script to /home/swarm-team/ros2_ws/install/one_team_du_stuck/lib/one_team_du_stuck
[3.187s] Installing du_controller_010 script to /home/swarm-team/ros2_ws/install/one_team_du_stuck/lib/one_team_du_stuck
[3.187s] Installing du_controller_011 script to /home/swarm-team/ros2_ws/install/one_team_du_stuck/lib/one_team_du_stuck
[3.187s] Installing du_controller_012 script to /home/swarm-team/ros2_ws/install/one_team_du_stuck/lib/one_team_du_stuck
[3.187s] Installing du_controller_013 script to /home/swarm-team/ros2_ws/install/one_team_du_stuck/lib/one_team_du_stuck
[3.187s] Installing du_controller_014 script to /home/swarm-team/ros2_ws/install/one_team_du_stuck/lib/one_team_du_stuck
[3.187s] Installing du_controller_015 script to /home/swarm-team/ros2_ws/install/one_team_du_stuck/lib/one_team_du_stuck
[3.187s] Installing du_controller_016 script to /home/swarm-team/ros2_ws/install/one_team_du_stuck/lib/one_team_du_stuck
[3.187s] Installing du_controller_017 script to /home/swarm-team/ros2_ws/install/one_team_du_stuck/lib/one_team_du_stuck
[3.187s] Installing du_controller_018 script to /home/swarm-team/ros2_ws/install/one_team_du_stuck/lib/one_team_du_stuck
[3.188s] Installing du_controller_080 script to /home/swarm-team/ros2_ws/install/one_team_du_stuck/lib/one_team_du_stuck
[3.188s] writing list of installed files to '/home/swarm-team/ros2_ws/build/one_team_du_stuck/install.log'
[3.234s] Invoked command in '/home/swarm-team/ros2_ws/src/one_team_du_stuck' returned '0': PYTHONPATH=/home/swarm-team/ros2_ws/build/one_team_du_stuck/prefix_override:/home/swarm-team/ros2_ws/install/one_team_du_stuck/lib/python3.8/site-packages:${PYTHONPATH} /usr/bin/python3 setup.py egg_info --egg-base ../../build/one_team_du_stuck build --build-base /home/swarm-team/ros2_ws/build/one_team_du_stuck/build install --record /home/swarm-team/ros2_ws/build/one_team_du_stuck/install.log --install-scripts $base/lib/one_team_du_stuck --single-version-externally-managed
