running develop
running egg_info
creating six_team_ex_stuck.egg-info
writing six_team_ex_stuck.egg-info/PKG-INFO
writing dependency_links to six_team_ex_stuck.egg-info/dependency_links.txt
writing entry points to six_team_ex_stuck.egg-info/entry_points.txt
writing requirements to six_team_ex_stuck.egg-info/requires.txt
writing top-level names to six_team_ex_stuck.egg-info/top_level.txt
writing manifest file 'six_team_ex_stuck.egg-info/SOURCES.txt'
reading manifest file 'six_team_ex_stuck.egg-info/SOURCES.txt'
writing manifest file 'six_team_ex_stuck.egg-info/SOURCES.txt'
running build_ext
Creating /home/swarm-team/ros2_ws/install/six_team_ex_stuck/lib/python3.8/site-packages/site.py
Creating /home/swarm-team/ros2_ws/install/six_team_ex_stuck/lib/python3.8/site-packages/six-team-ex-stuck.egg-link (link to .)
Installing ex_communication_000 script to /home/swarm-team/ros2_ws/install/six_team_ex_stuck/lib/six_team_ex_stuck
Installing ex_communication_001 script to /home/swarm-team/ros2_ws/install/six_team_ex_stuck/lib/six_team_ex_stuck
Installing ex_communication_003 script to /home/swarm-team/ros2_ws/install/six_team_ex_stuck/lib/six_team_ex_stuck
Installing ex_communication_004 script to /home/swarm-team/ros2_ws/install/six_team_ex_stuck/lib/six_team_ex_stuck
Installing ex_communication_005 script to /home/swarm-team/ros2_ws/install/six_team_ex_stuck/lib/six_team_ex_stuck
Installing ex_communication_006 script to /home/swarm-team/ros2_ws/install/six_team_ex_stuck/lib/six_team_ex_stuck
Installing ex_communication_007 script to /home/swarm-team/ros2_ws/install/six_team_ex_stuck/lib/six_team_ex_stuck
Installing ex_communication_test script to /home/swarm-team/ros2_ws/install/six_team_ex_stuck/lib/six_team_ex_stuck
Installing ex_controller_000 script to /home/swarm-team/ros2_ws/install/six_team_ex_stuck/lib/six_team_ex_stuck
Installing ex_controller_001 script to /home/swarm-team/ros2_ws/install/six_team_ex_stuck/lib/six_team_ex_stuck
Installing ex_controller_003 script to /home/swarm-team/ros2_ws/install/six_team_ex_stuck/lib/six_team_ex_stuck
Installing ex_controller_004 script to /home/swarm-team/ros2_ws/install/six_team_ex_stuck/lib/six_team_ex_stuck
Installing ex_controller_005 script to /home/swarm-team/ros2_ws/install/six_team_ex_stuck/lib/six_team_ex_stuck
Installing ex_controller_006 script to /home/swarm-team/ros2_ws/install/six_team_ex_stuck/lib/six_team_ex_stuck
Installing ex_controller_007 script to /home/swarm-team/ros2_ws/install/six_team_ex_stuck/lib/six_team_ex_stuck
Installing ex_controller_test script to /home/swarm-team/ros2_ws/install/six_team_ex_stuck/lib/six_team_ex_stuck

Installed /home/swarm-team/ros2_ws/build/six_team_ex_stuck
running install_data
creating /home/swarm-team/ros2_ws/install/six_team_ex_stuck/share/ament_index
creating /home/swarm-team/ros2_ws/install/six_team_ex_stuck/share/ament_index/resource_index
creating /home/swarm-team/ros2_ws/install/six_team_ex_stuck/share/ament_index/resource_index/packages
copying resource/six_team_ex_stuck -> /home/swarm-team/ros2_ws/install/six_team_ex_stuck/share/ament_index/resource_index/packages
copying package.xml -> /home/swarm-team/ros2_ws/install/six_team_ex_stuck/share/six_team_ex_stuck
copying launch/ex.launch.py -> /home/swarm-team/ros2_ws/install/six_team_ex_stuck/share/six_team_ex_stuck
