[2.362s] Invoking command in '/home/swarm-team/ros2_ws/build/six_team_ex_stuck': PYTHONPATH=/home/swarm-team/ros2_ws/build/six_team_ex_stuck/prefix_override:/home/swarm-team/ros2_ws/install/six_team_ex_stuck/lib/python3.8/site-packages:${PYTHONPATH} /usr/bin/python3 setup.py develop --editable --build-directory /home/swarm-team/ros2_ws/build/six_team_ex_stuck/build --no-deps install_data
[2.515s] running develop
[2.599s] running egg_info
[2.600s] creating six_team_ex_stuck.egg-info
[2.600s] writing six_team_ex_stuck.egg-info/PKG-INFO
[2.600s] writing dependency_links to six_team_ex_stuck.egg-info/dependency_links.txt
[2.600s] writing entry points to six_team_ex_stuck.egg-info/entry_points.txt
[2.600s] writing requirements to six_team_ex_stuck.egg-info/requires.txt
[2.600s] writing top-level names to six_team_ex_stuck.egg-info/top_level.txt
[2.601s] writing manifest file 'six_team_ex_stuck.egg-info/SOURCES.txt'
[2.621s] reading manifest file 'six_team_ex_stuck.egg-info/SOURCES.txt'
[2.622s] writing manifest file 'six_team_ex_stuck.egg-info/SOURCES.txt'
[2.644s] running build_ext
[2.644s] Creating /home/swarm-team/ros2_ws/install/six_team_ex_stuck/lib/python3.8/site-packages/site.py
[2.646s] Creating /home/swarm-team/ros2_ws/install/six_team_ex_stuck/lib/python3.8/site-packages/six-team-ex-stuck.egg-link (link to .)
[2.646s] Installing ex_communication_000 script to /home/swarm-team/ros2_ws/install/six_team_ex_stuck/lib/six_team_ex_stuck
[2.646s] Installing ex_communication_001 script to /home/swarm-team/ros2_ws/install/six_team_ex_stuck/lib/six_team_ex_stuck
[2.647s] Installing ex_communication_003 script to /home/swarm-team/ros2_ws/install/six_team_ex_stuck/lib/six_team_ex_stuck
[2.647s] Installing ex_communication_004 script to /home/swarm-team/ros2_ws/install/six_team_ex_stuck/lib/six_team_ex_stuck
[2.647s] Installing ex_communication_005 script to /home/swarm-team/ros2_ws/install/six_team_ex_stuck/lib/six_team_ex_stuck
[2.647s] Installing ex_communication_006 script to /home/swarm-team/ros2_ws/install/six_team_ex_stuck/lib/six_team_ex_stuck
[2.647s] Installing ex_communication_007 script to /home/swarm-team/ros2_ws/install/six_team_ex_stuck/lib/six_team_ex_stuck
[2.647s] Installing ex_communication_test script to /home/swarm-team/ros2_ws/install/six_team_ex_stuck/lib/six_team_ex_stuck
[2.647s] Installing ex_controller_000 script to /home/swarm-team/ros2_ws/install/six_team_ex_stuck/lib/six_team_ex_stuck
[2.647s] Installing ex_controller_001 script to /home/swarm-team/ros2_ws/install/six_team_ex_stuck/lib/six_team_ex_stuck
[2.647s] Installing ex_controller_003 script to /home/swarm-team/ros2_ws/install/six_team_ex_stuck/lib/six_team_ex_stuck
[2.647s] Installing ex_controller_004 script to /home/swarm-team/ros2_ws/install/six_team_ex_stuck/lib/six_team_ex_stuck
[2.647s] Installing ex_controller_005 script to /home/swarm-team/ros2_ws/install/six_team_ex_stuck/lib/six_team_ex_stuck
[2.647s] Installing ex_controller_006 script to /home/swarm-team/ros2_ws/install/six_team_ex_stuck/lib/six_team_ex_stuck
[2.648s] Installing ex_controller_007 script to /home/swarm-team/ros2_ws/install/six_team_ex_stuck/lib/six_team_ex_stuck
[2.648s] Installing ex_controller_test script to /home/swarm-team/ros2_ws/install/six_team_ex_stuck/lib/six_team_ex_stuck
[2.648s] 
[2.648s] Installed /home/swarm-team/ros2_ws/build/six_team_ex_stuck
[2.648s] running install_data
[2.648s] creating /home/swarm-team/ros2_ws/install/six_team_ex_stuck/share/ament_index
[2.648s] creating /home/swarm-team/ros2_ws/install/six_team_ex_stuck/share/ament_index/resource_index
[2.648s] creating /home/swarm-team/ros2_ws/install/six_team_ex_stuck/share/ament_index/resource_index/packages
[2.648s] copying resource/six_team_ex_stuck -> /home/swarm-team/ros2_ws/install/six_team_ex_stuck/share/ament_index/resource_index/packages
[2.648s] copying package.xml -> /home/swarm-team/ros2_ws/install/six_team_ex_stuck/share/six_team_ex_stuck
[2.648s] copying launch/ex.launch.py -> /home/swarm-team/ros2_ws/install/six_team_ex_stuck/share/six_team_ex_stuck
[2.666s] Invoked command in '/home/swarm-team/ros2_ws/build/six_team_ex_stuck' returned '0': PYTHONPATH=/home/swarm-team/ros2_ws/build/six_team_ex_stuck/prefix_override:/home/swarm-team/ros2_ws/install/six_team_ex_stuck/lib/python3.8/site-packages:${PYTHONPATH} /usr/bin/python3 setup.py develop --editable --build-directory /home/swarm-team/ros2_ws/build/six_team_ex_stuck/build --no-deps install_data
