running develop
/usr/lib/python3/dist-packages/setuptools/command/easy_install.py:368: UserWarning: Unbuilt egg for multi-du-udpcomm-02-pkg 0.0.0 (/home/swarm-team/ros2_ws/build/multi_du_udpcomm_02_pkg)
  self.local_index = Environment(self.shadow_path + sys.path)
running egg_info
writing multi_du_udpcomm_01_pkg.egg-info/PKG-INFO
writing dependency_links to multi_du_udpcomm_01_pkg.egg-info/dependency_links.txt
writing entry points to multi_du_udpcomm_01_pkg.egg-info/entry_points.txt
writing requirements to multi_du_udpcomm_01_pkg.egg-info/requires.txt
writing top-level names to multi_du_udpcomm_01_pkg.egg-info/top_level.txt
reading manifest file 'multi_du_udpcomm_01_pkg.egg-info/SOURCES.txt'
writing manifest file 'multi_du_udpcomm_01_pkg.egg-info/SOURCES.txt'
running build_ext
Creating /home/swarm-team/ros2_ws/install/multi_du_udpcomm_01_pkg/lib/python3.8/site-packages/multi-du-udpcomm-01-pkg.egg-link (link to .)
Installing du_communication_013 script to /home/swarm-team/ros2_ws/install/multi_du_udpcomm_01_pkg/lib/multi_du_udpcomm_01_pkg
Installing du_communication_014 script to /home/swarm-team/ros2_ws/install/multi_du_udpcomm_01_pkg/lib/multi_du_udpcomm_01_pkg
Installing du_communication_015 script to /home/swarm-team/ros2_ws/install/multi_du_udpcomm_01_pkg/lib/multi_du_udpcomm_01_pkg
Installing du_controller_013 script to /home/swarm-team/ros2_ws/install/multi_du_udpcomm_01_pkg/lib/multi_du_udpcomm_01_pkg
Installing du_controller_014 script to /home/swarm-team/ros2_ws/install/multi_du_udpcomm_01_pkg/lib/multi_du_udpcomm_01_pkg
Installing du_controller_015 script to /home/swarm-team/ros2_ws/install/multi_du_udpcomm_01_pkg/lib/multi_du_udpcomm_01_pkg

Installed /home/swarm-team/ros2_ws/build/multi_du_udpcomm_01_pkg
running install_data
