[2.427s] Invoking command in '/home/swarm-team/ros2_ws/build/three_team_du_stuck': PYTHONPATH=/home/swarm-team/ros2_ws/build/three_team_du_stuck/prefix_override:/home/swarm-team/ros2_ws/install/three_team_du_stuck/lib/python3.8/site-packages:${PYTHONPATH} /usr/bin/python3 setup.py develop --uninstall --editable --build-directory /home/swarm-team/ros2_ws/build/three_team_du_stuck/build
[2.663s] running develop
[2.789s] Removing /home/swarm-team/ros2_ws/install/three_team_du_stuck/lib/python3.8/site-packages/three-team-du-stuck.egg-link (link to .)
[2.817s] Invoked command in '/home/swarm-team/ros2_ws/build/three_team_du_stuck' returned '0': PYTHONPATH=/home/swarm-team/ros2_ws/build/three_team_du_stuck/prefix_override:/home/swarm-team/ros2_ws/install/three_team_du_stuck/lib/python3.8/site-packages:${PYTHONPATH} /usr/bin/python3 setup.py develop --uninstall --editable --build-directory /home/swarm-team/ros2_ws/build/three_team_du_stuck/build
[2.818s] Invoking command in '/home/swarm-team/ros2_ws/src/three_team_du_stuck': PYTHONPATH=/home/swarm-team/ros2_ws/build/three_team_du_stuck/prefix_override:/home/swarm-team/ros2_ws/install/three_team_du_stuck/lib/python3.8/site-packages:${PYTHONPATH} /usr/bin/python3 setup.py egg_info --egg-base ../../build/three_team_du_stuck build --build-base /home/swarm-team/ros2_ws/build/three_team_du_stuck/build install --record /home/swarm-team/ros2_ws/build/three_team_du_stuck/install.log --install-scripts $base/lib/three_team_du_stuck --single-version-externally-managed
[3.025s] running egg_info
[3.026s] writing ../../build/three_team_du_stuck/three_team_du_stuck.egg-info/PKG-INFO
[3.026s] writing dependency_links to ../../build/three_team_du_stuck/three_team_du_stuck.egg-info/dependency_links.txt
[3.026s] writing entry points to ../../build/three_team_du_stuck/three_team_du_stuck.egg-info/entry_points.txt
[3.027s] writing requirements to ../../build/three_team_du_stuck/three_team_du_stuck.egg-info/requires.txt
[3.027s] writing top-level names to ../../build/three_team_du_stuck/three_team_du_stuck.egg-info/top_level.txt
[3.070s] reading manifest file '../../build/three_team_du_stuck/three_team_du_stuck.egg-info/SOURCES.txt'
[3.071s] writing manifest file '../../build/three_team_du_stuck/three_team_du_stuck.egg-info/SOURCES.txt'
[3.071s] running build
[3.072s] running build_py
[3.072s] creating /home/swarm-team/ros2_ws/build/three_team_du_stuck/build
[3.072s] creating /home/swarm-team/ros2_ws/build/three_team_du_stuck/build/lib
[3.072s] creating /home/swarm-team/ros2_ws/build/three_team_du_stuck/build/lib/three_team_du_stuck
[3.072s] copying three_team_du_stuck/du_controller_019_src.py -> /home/swarm-team/ros2_ws/build/three_team_du_stuck/build/lib/three_team_du_stuck
[3.073s] copying three_team_du_stuck/du_communication_012_src.py -> /home/swarm-team/ros2_ws/build/three_team_du_stuck/build/lib/three_team_du_stuck
[3.073s] copying three_team_du_stuck/du_controller_014_src.py -> /home/swarm-team/ros2_ws/build/three_team_du_stuck/build/lib/three_team_du_stuck
[3.073s] copying three_team_du_stuck/du_communication_019_src.py -> /home/swarm-team/ros2_ws/build/three_team_du_stuck/build/lib/three_team_du_stuck
[3.073s] copying three_team_du_stuck/du_controller_020_src.py -> /home/swarm-team/ros2_ws/build/three_team_du_stuck/build/lib/three_team_du_stuck
[3.073s] copying three_team_du_stuck/pure_pursuit.py -> /home/swarm-team/ros2_ws/build/three_team_du_stuck/build/lib/three_team_du_stuck
[3.074s] copying three_team_du_stuck/du_communication_018_src.py -> /home/swarm-team/ros2_ws/build/three_team_du_stuck/build/lib/three_team_du_stuck
[3.074s] copying three_team_du_stuck/du_communication_010_src.py -> /home/swarm-team/ros2_ws/build/three_team_du_stuck/build/lib/three_team_du_stuck
[3.074s] copying three_team_du_stuck/du_controller_017_src.py -> /home/swarm-team/ros2_ws/build/three_team_du_stuck/build/lib/three_team_du_stuck
[3.074s] copying three_team_du_stuck/du_controller_015_src.py -> /home/swarm-team/ros2_ws/build/three_team_du_stuck/build/lib/three_team_du_stuck
[3.074s] copying three_team_du_stuck/a_star.py -> /home/swarm-team/ros2_ws/build/three_team_du_stuck/build/lib/three_team_du_stuck
[3.075s] copying three_team_du_stuck/du_controller_080_src.py -> /home/swarm-team/ros2_ws/build/three_team_du_stuck/build/lib/three_team_du_stuck
[3.075s] copying three_team_du_stuck/du_controller_011_src.py -> /home/swarm-team/ros2_ws/build/three_team_du_stuck/build/lib/three_team_du_stuck
[3.075s] copying three_team_du_stuck/du_communication_014_src.py -> /home/swarm-team/ros2_ws/build/three_team_du_stuck/build/lib/three_team_du_stuck
[3.075s] copying three_team_du_stuck/du_controller_016_src.py -> /home/swarm-team/ros2_ws/build/three_team_du_stuck/build/lib/three_team_du_stuck
[3.075s] copying three_team_du_stuck/du_communication_020_src.py -> /home/swarm-team/ros2_ws/build/three_team_du_stuck/build/lib/three_team_du_stuck
[3.076s] copying three_team_du_stuck/du_communication_017_src.py -> /home/swarm-team/ros2_ws/build/three_team_du_stuck/build/lib/three_team_du_stuck
[3.076s] copying three_team_du_stuck/du_controller_013_src.py -> /home/swarm-team/ros2_ws/build/three_team_du_stuck/build/lib/three_team_du_stuck
[3.076s] copying three_team_du_stuck/__init__.py -> /home/swarm-team/ros2_ws/build/three_team_du_stuck/build/lib/three_team_du_stuck
[3.076s] copying three_team_du_stuck/du_controller_018_src.py -> /home/swarm-team/ros2_ws/build/three_team_du_stuck/build/lib/three_team_du_stuck
[3.076s] copying three_team_du_stuck/du_communication_011_src.py -> /home/swarm-team/ros2_ws/build/three_team_du_stuck/build/lib/three_team_du_stuck
[3.076s] copying three_team_du_stuck/du_communication_015_src.py -> /home/swarm-team/ros2_ws/build/three_team_du_stuck/build/lib/three_team_du_stuck
[3.077s] copying three_team_du_stuck/du_communication_013_src.py -> /home/swarm-team/ros2_ws/build/three_team_du_stuck/build/lib/three_team_du_stuck
[3.077s] copying three_team_du_stuck/du_communication_016_src.py -> /home/swarm-team/ros2_ws/build/three_team_du_stuck/build/lib/three_team_du_stuck
[3.077s] copying three_team_du_stuck/du_controller_012_src.py -> /home/swarm-team/ros2_ws/build/three_team_du_stuck/build/lib/three_team_du_stuck
[3.077s] copying three_team_du_stuck/du_communication_080_src.py -> /home/swarm-team/ros2_ws/build/three_team_du_stuck/build/lib/three_team_du_stuck
[3.078s] copying three_team_du_stuck/du_controller_010_src.py -> /home/swarm-team/ros2_ws/build/three_team_du_stuck/build/lib/three_team_du_stuck
[3.078s] running install
[3.079s] running install_lib
[3.080s] creating /home/swarm-team/ros2_ws/install/three_team_du_stuck/lib/python3.8/site-packages/three_team_du_stuck
[3.080s] copying /home/swarm-team/ros2_ws/build/three_team_du_stuck/build/lib/three_team_du_stuck/du_controller_019_src.py -> /home/swarm-team/ros2_ws/install/three_team_du_stuck/lib/python3.8/site-packages/three_team_du_stuck
[3.080s] copying /home/swarm-team/ros2_ws/build/three_team_du_stuck/build/lib/three_team_du_stuck/du_communication_012_src.py -> /home/swarm-team/ros2_ws/install/three_team_du_stuck/lib/python3.8/site-packages/three_team_du_stuck
[3.080s] copying /home/swarm-team/ros2_ws/build/three_team_du_stuck/build/lib/three_team_du_stuck/du_controller_014_src.py -> /home/swarm-team/ros2_ws/install/three_team_du_stuck/lib/python3.8/site-packages/three_team_du_stuck
[3.080s] copying /home/swarm-team/ros2_ws/build/three_team_du_stuck/build/lib/three_team_du_stuck/du_communication_019_src.py -> /home/swarm-team/ros2_ws/install/three_team_du_stuck/lib/python3.8/site-packages/three_team_du_stuck
[3.080s] copying /home/swarm-team/ros2_ws/build/three_team_du_stuck/build/lib/three_team_du_stuck/du_controller_020_src.py -> /home/swarm-team/ros2_ws/install/three_team_du_stuck/lib/python3.8/site-packages/three_team_du_stuck
[3.081s] copying /home/swarm-team/ros2_ws/build/three_team_du_stuck/build/lib/three_team_du_stuck/pure_pursuit.py -> /home/swarm-team/ros2_ws/install/three_team_du_stuck/lib/python3.8/site-packages/three_team_du_stuck
[3.081s] copying /home/swarm-team/ros2_ws/build/three_team_du_stuck/build/lib/three_team_du_stuck/du_communication_018_src.py -> /home/swarm-team/ros2_ws/install/three_team_du_stuck/lib/python3.8/site-packages/three_team_du_stuck
[3.081s] copying /home/swarm-team/ros2_ws/build/three_team_du_stuck/build/lib/three_team_du_stuck/du_communication_010_src.py -> /home/swarm-team/ros2_ws/install/three_team_du_stuck/lib/python3.8/site-packages/three_team_du_stuck
[3.081s] copying /home/swarm-team/ros2_ws/build/three_team_du_stuck/build/lib/three_team_du_stuck/du_controller_017_src.py -> /home/swarm-team/ros2_ws/install/three_team_du_stuck/lib/python3.8/site-packages/three_team_du_stuck
[3.082s] copying /home/swarm-team/ros2_ws/build/three_team_du_stuck/build/lib/three_team_du_stuck/du_controller_015_src.py -> /home/swarm-team/ros2_ws/install/three_team_du_stuck/lib/python3.8/site-packages/three_team_du_stuck
[3.082s] copying /home/swarm-team/ros2_ws/build/three_team_du_stuck/build/lib/three_team_du_stuck/a_star.py -> /home/swarm-team/ros2_ws/install/three_team_du_stuck/lib/python3.8/site-packages/three_team_du_stuck
[3.082s] copying /home/swarm-team/ros2_ws/build/three_team_du_stuck/build/lib/three_team_du_stuck/du_controller_080_src.py -> /home/swarm-team/ros2_ws/install/three_team_du_stuck/lib/python3.8/site-packages/three_team_du_stuck
[3.082s] copying /home/swarm-team/ros2_ws/build/three_team_du_stuck/build/lib/three_team_du_stuck/du_controller_011_src.py -> /home/swarm-team/ros2_ws/install/three_team_du_stuck/lib/python3.8/site-packages/three_team_du_stuck
[3.082s] copying /home/swarm-team/ros2_ws/build/three_team_du_stuck/build/lib/three_team_du_stuck/du_communication_014_src.py -> /home/swarm-team/ros2_ws/install/three_team_du_stuck/lib/python3.8/site-packages/three_team_du_stuck
[3.082s] copying /home/swarm-team/ros2_ws/build/three_team_du_stuck/build/lib/three_team_du_stuck/du_controller_016_src.py -> /home/swarm-team/ros2_ws/install/three_team_du_stuck/lib/python3.8/site-packages/three_team_du_stuck
[3.082s] copying /home/swarm-team/ros2_ws/build/three_team_du_stuck/build/lib/three_team_du_stuck/du_communication_020_src.py -> /home/swarm-team/ros2_ws/install/three_team_du_stuck/lib/python3.8/site-packages/three_team_du_stuck
[3.082s] copying /home/swarm-team/ros2_ws/build/three_team_du_stuck/build/lib/three_team_du_stuck/du_communication_017_src.py -> /home/swarm-team/ros2_ws/install/three_team_du_stuck/lib/python3.8/site-packages/three_team_du_stuck
[3.082s] copying /home/swarm-team/ros2_ws/build/three_team_du_stuck/build/lib/three_team_du_stuck/du_controller_013_src.py -> /home/swarm-team/ros2_ws/install/three_team_du_stuck/lib/python3.8/site-packages/three_team_du_stuck
[3.082s] copying /home/swarm-team/ros2_ws/build/three_team_du_stuck/build/lib/three_team_du_stuck/__init__.py -> /home/swarm-team/ros2_ws/install/three_team_du_stuck/lib/python3.8/site-packages/three_team_du_stuck
[3.082s] copying /home/swarm-team/ros2_ws/build/three_team_du_stuck/build/lib/three_team_du_stuck/du_controller_018_src.py -> /home/swarm-team/ros2_ws/install/three_team_du_stuck/lib/python3.8/site-packages/three_team_du_stuck
[3.082s] copying /home/swarm-team/ros2_ws/build/three_team_du_stuck/build/lib/three_team_du_stuck/du_communication_011_src.py -> /home/swarm-team/ros2_ws/install/three_team_du_stuck/lib/python3.8/site-packages/three_team_du_stuck
[3.082s] copying /home/swarm-team/ros2_ws/build/three_team_du_stuck/build/lib/three_team_du_stuck/du_communication_015_src.py -> /home/swarm-team/ros2_ws/install/three_team_du_stuck/lib/python3.8/site-packages/three_team_du_stuck
[3.083s] copying /home/swarm-team/ros2_ws/build/three_team_du_stuck/build/lib/three_team_du_stuck/du_communication_013_src.py -> /home/swarm-team/ros2_ws/install/three_team_du_stuck/lib/python3.8/site-packages/three_team_du_stuck
[3.083s] copying /home/swarm-team/ros2_ws/build/three_team_du_stuck/build/lib/three_team_du_stuck/du_communication_016_src.py -> /home/swarm-team/ros2_ws/install/three_team_du_stuck/lib/python3.8/site-packages/three_team_du_stuck
[3.083s] copying /home/swarm-team/ros2_ws/build/three_team_du_stuck/build/lib/three_team_du_stuck/du_controller_012_src.py -> /home/swarm-team/ros2_ws/install/three_team_du_stuck/lib/python3.8/site-packages/three_team_du_stuck
[3.083s] copying /home/swarm-team/ros2_ws/build/three_team_du_stuck/build/lib/three_team_du_stuck/du_communication_080_src.py -> /home/swarm-team/ros2_ws/install/three_team_du_stuck/lib/python3.8/site-packages/three_team_du_stuck
[3.083s] copying /home/swarm-team/ros2_ws/build/three_team_du_stuck/build/lib/three_team_du_stuck/du_controller_010_src.py -> /home/swarm-team/ros2_ws/install/three_team_du_stuck/lib/python3.8/site-packages/three_team_du_stuck
[3.084s] byte-compiling /home/swarm-team/ros2_ws/install/three_team_du_stuck/lib/python3.8/site-packages/three_team_du_stuck/du_controller_019_src.py to du_controller_019_src.cpython-38.pyc
[3.086s] byte-compiling /home/swarm-team/ros2_ws/install/three_team_du_stuck/lib/python3.8/site-packages/three_team_du_stuck/du_communication_012_src.py to du_communication_012_src.cpython-38.pyc
[3.086s] byte-compiling /home/swarm-team/ros2_ws/install/three_team_du_stuck/lib/python3.8/site-packages/three_team_du_stuck/du_controller_014_src.py to du_controller_014_src.cpython-38.pyc
[3.088s] byte-compiling /home/swarm-team/ros2_ws/install/three_team_du_stuck/lib/python3.8/site-packages/three_team_du_stuck/du_communication_019_src.py to du_communication_019_src.cpython-38.pyc
[3.089s] byte-compiling /home/swarm-team/ros2_ws/install/three_team_du_stuck/lib/python3.8/site-packages/three_team_du_stuck/du_controller_020_src.py to du_controller_020_src.cpython-38.pyc
[3.090s] byte-compiling /home/swarm-team/ros2_ws/install/three_team_du_stuck/lib/python3.8/site-packages/three_team_du_stuck/pure_pursuit.py to pure_pursuit.cpython-38.pyc
[3.090s] byte-compiling /home/swarm-team/ros2_ws/install/three_team_du_stuck/lib/python3.8/site-packages/three_team_du_stuck/du_communication_018_src.py to du_communication_018_src.cpython-38.pyc
[3.091s] byte-compiling /home/swarm-team/ros2_ws/install/three_team_du_stuck/lib/python3.8/site-packages/three_team_du_stuck/du_communication_010_src.py to du_communication_010_src.cpython-38.pyc
[3.092s] byte-compiling /home/swarm-team/ros2_ws/install/three_team_du_stuck/lib/python3.8/site-packages/three_team_du_stuck/du_controller_017_src.py to du_controller_017_src.cpython-38.pyc
[3.093s] byte-compiling /home/swarm-team/ros2_ws/install/three_team_du_stuck/lib/python3.8/site-packages/three_team_du_stuck/du_controller_015_src.py to du_controller_015_src.cpython-38.pyc
[3.094s] byte-compiling /home/swarm-team/ros2_ws/install/three_team_du_stuck/lib/python3.8/site-packages/three_team_du_stuck/a_star.py to a_star.cpython-38.pyc
[3.095s] byte-compiling /home/swarm-team/ros2_ws/install/three_team_du_stuck/lib/python3.8/site-packages/three_team_du_stuck/du_controller_080_src.py to du_controller_080_src.cpython-38.pyc
[3.096s] byte-compiling /home/swarm-team/ros2_ws/install/three_team_du_stuck/lib/python3.8/site-packages/three_team_du_stuck/du_controller_011_src.py to du_controller_011_src.cpython-38.pyc
[3.097s] byte-compiling /home/swarm-team/ros2_ws/install/three_team_du_stuck/lib/python3.8/site-packages/three_team_du_stuck/du_communication_014_src.py to du_communication_014_src.cpython-38.pyc
[3.098s] byte-compiling /home/swarm-team/ros2_ws/install/three_team_du_stuck/lib/python3.8/site-packages/three_team_du_stuck/du_controller_016_src.py to du_controller_016_src.cpython-38.pyc
[3.099s] byte-compiling /home/swarm-team/ros2_ws/install/three_team_du_stuck/lib/python3.8/site-packages/three_team_du_stuck/du_communication_020_src.py to du_communication_020_src.cpython-38.pyc
[3.100s] byte-compiling /home/swarm-team/ros2_ws/install/three_team_du_stuck/lib/python3.8/site-packages/three_team_du_stuck/du_communication_017_src.py to du_communication_017_src.cpython-38.pyc
[3.101s] byte-compiling /home/swarm-team/ros2_ws/install/three_team_du_stuck/lib/python3.8/site-packages/three_team_du_stuck/du_controller_013_src.py to du_controller_013_src.cpython-38.pyc
[3.102s] byte-compiling /home/swarm-team/ros2_ws/install/three_team_du_stuck/lib/python3.8/site-packages/three_team_du_stuck/__init__.py to __init__.cpython-38.pyc
[3.102s] byte-compiling /home/swarm-team/ros2_ws/install/three_team_du_stuck/lib/python3.8/site-packages/three_team_du_stuck/du_controller_018_src.py to du_controller_018_src.cpython-38.pyc
[3.103s] byte-compiling /home/swarm-team/ros2_ws/install/three_team_du_stuck/lib/python3.8/site-packages/three_team_du_stuck/du_communication_011_src.py to du_communication_011_src.cpython-38.pyc
[3.104s] byte-compiling /home/swarm-team/ros2_ws/install/three_team_du_stuck/lib/python3.8/site-packages/three_team_du_stuck/du_communication_015_src.py to du_communication_015_src.cpython-38.pyc
[3.108s] byte-compiling /home/swarm-team/ros2_ws/install/three_team_du_stuck/lib/python3.8/site-packages/three_team_du_stuck/du_communication_013_src.py to du_communication_013_src.cpython-38.pyc
[3.109s] byte-compiling /home/swarm-team/ros2_ws/install/three_team_du_stuck/lib/python3.8/site-packages/three_team_du_stuck/du_communication_016_src.py to du_communication_016_src.cpython-38.pyc
[3.109s] byte-compiling /home/swarm-team/ros2_ws/install/three_team_du_stuck/lib/python3.8/site-packages/three_team_du_stuck/du_controller_012_src.py to du_controller_012_src.cpython-38.pyc
[3.110s] byte-compiling /home/swarm-team/ros2_ws/install/three_team_du_stuck/lib/python3.8/site-packages/three_team_du_stuck/du_communication_080_src.py to du_communication_080_src.cpython-38.pyc
[3.110s] byte-compiling /home/swarm-team/ros2_ws/install/three_team_du_stuck/lib/python3.8/site-packages/three_team_du_stuck/du_controller_010_src.py to du_controller_010_src.cpython-38.pyc
[3.110s] running install_data
[3.110s] running install_egg_info
[3.112s] Copying ../../build/three_team_du_stuck/three_team_du_stuck.egg-info to /home/swarm-team/ros2_ws/install/three_team_du_stuck/lib/python3.8/site-packages/three_team_du_stuck-0.0.0-py3.8.egg-info
[3.113s] running install_scripts
[3.130s] Installing du_communication_010 script to /home/swarm-team/ros2_ws/install/three_team_du_stuck/lib/three_team_du_stuck
[3.130s] Installing du_communication_011 script to /home/swarm-team/ros2_ws/install/three_team_du_stuck/lib/three_team_du_stuck
[3.130s] Installing du_communication_012 script to /home/swarm-team/ros2_ws/install/three_team_du_stuck/lib/three_team_du_stuck
[3.130s] Installing du_communication_013 script to /home/swarm-team/ros2_ws/install/three_team_du_stuck/lib/three_team_du_stuck
[3.130s] Installing du_communication_014 script to /home/swarm-team/ros2_ws/install/three_team_du_stuck/lib/three_team_du_stuck
[3.130s] Installing du_communication_015 script to /home/swarm-team/ros2_ws/install/three_team_du_stuck/lib/three_team_du_stuck
[3.131s] Installing du_communication_016 script to /home/swarm-team/ros2_ws/install/three_team_du_stuck/lib/three_team_du_stuck
[3.131s] Installing du_communication_017 script to /home/swarm-team/ros2_ws/install/three_team_du_stuck/lib/three_team_du_stuck
[3.131s] Installing du_communication_018 script to /home/swarm-team/ros2_ws/install/three_team_du_stuck/lib/three_team_du_stuck
[3.131s] Installing du_communication_019 script to /home/swarm-team/ros2_ws/install/three_team_du_stuck/lib/three_team_du_stuck
[3.131s] Installing du_communication_020 script to /home/swarm-team/ros2_ws/install/three_team_du_stuck/lib/three_team_du_stuck
[3.131s] Installing du_communication_080 script to /home/swarm-team/ros2_ws/install/three_team_du_stuck/lib/three_team_du_stuck
[3.131s] Installing du_controller_010 script to /home/swarm-team/ros2_ws/install/three_team_du_stuck/lib/three_team_du_stuck
[3.131s] Installing du_controller_011 script to /home/swarm-team/ros2_ws/install/three_team_du_stuck/lib/three_team_du_stuck
[3.131s] Installing du_controller_012 script to /home/swarm-team/ros2_ws/install/three_team_du_stuck/lib/three_team_du_stuck
[3.131s] Installing du_controller_013 script to /home/swarm-team/ros2_ws/install/three_team_du_stuck/lib/three_team_du_stuck
[3.134s] Installing du_controller_014 script to /home/swarm-team/ros2_ws/install/three_team_du_stuck/lib/three_team_du_stuck
[3.135s] Installing du_controller_015 script to /home/swarm-team/ros2_ws/install/three_team_du_stuck/lib/three_team_du_stuck
[3.135s] Installing du_controller_016 script to /home/swarm-team/ros2_ws/install/three_team_du_stuck/lib/three_team_du_stuck
[3.135s] Installing du_controller_017 script to /home/swarm-team/ros2_ws/install/three_team_du_stuck/lib/three_team_du_stuck
[3.135s] Installing du_controller_018 script to /home/swarm-team/ros2_ws/install/three_team_du_stuck/lib/three_team_du_stuck
[3.135s] Installing du_controller_019 script to /home/swarm-team/ros2_ws/install/three_team_du_stuck/lib/three_team_du_stuck
[3.135s] Installing du_controller_020 script to /home/swarm-team/ros2_ws/install/three_team_du_stuck/lib/three_team_du_stuck
[3.135s] Installing du_controller_080 script to /home/swarm-team/ros2_ws/install/three_team_du_stuck/lib/three_team_du_stuck
[3.136s] writing list of installed files to '/home/swarm-team/ros2_ws/build/three_team_du_stuck/install.log'
[3.157s] Invoked command in '/home/swarm-team/ros2_ws/src/three_team_du_stuck' returned '0': PYTHONPATH=/home/swarm-team/ros2_ws/build/three_team_du_stuck/prefix_override:/home/swarm-team/ros2_ws/install/three_team_du_stuck/lib/python3.8/site-packages:${PYTHONPATH} /usr/bin/python3 setup.py egg_info --egg-base ../../build/three_team_du_stuck build --build-base /home/swarm-team/ros2_ws/build/three_team_du_stuck/build install --record /home/swarm-team/ros2_ws/build/three_team_du_stuck/install.log --install-scripts $base/lib/three_team_du_stuck --single-version-externally-managed
