[1.975s] Invoking command in '/home/swarm-team/ros2_ws/build/multi_du_udpcomm_02_pkg': PYTHONPATH=/home/swarm-team/ros2_ws/build/multi_du_udpcomm_02_pkg/prefix_override:/home/swarm-team/ros2_ws/install/multi_du_udpcomm_02_pkg/lib/python3.8/site-packages:${PYTHONPATH} /usr/bin/python3 setup.py develop --editable --build-directory /home/swarm-team/ros2_ws/build/multi_du_udpcomm_02_pkg/build --no-deps install_data
[2.115s] running develop
[2.174s] running egg_info
[2.174s] writing multi_du_udpcomm_02_pkg.egg-info/PKG-INFO
[2.174s] writing dependency_links to multi_du_udpcomm_02_pkg.egg-info/dependency_links.txt
[2.175s] writing entry points to multi_du_udpcomm_02_pkg.egg-info/entry_points.txt
[2.175s] writing requirements to multi_du_udpcomm_02_pkg.egg-info/requires.txt
[2.175s] writing top-level names to multi_du_udpcomm_02_pkg.egg-info/top_level.txt
[2.191s] reading manifest file 'multi_du_udpcomm_02_pkg.egg-info/SOURCES.txt'
[2.192s] writing manifest file 'multi_du_udpcomm_02_pkg.egg-info/SOURCES.txt'
[2.208s] running build_ext
[2.208s] Creating /home/swarm-team/ros2_ws/install/multi_du_udpcomm_02_pkg/lib/python3.8/site-packages/multi-du-udpcomm-02-pkg.egg-link (link to .)
[2.209s] Installing du_communication_010 script to /home/swarm-team/ros2_ws/install/multi_du_udpcomm_02_pkg/lib/multi_du_udpcomm_02_pkg
[2.209s] Installing du_communication_011 script to /home/swarm-team/ros2_ws/install/multi_du_udpcomm_02_pkg/lib/multi_du_udpcomm_02_pkg
[2.209s] Installing du_communication_012 script to /home/swarm-team/ros2_ws/install/multi_du_udpcomm_02_pkg/lib/multi_du_udpcomm_02_pkg
[2.209s] Installing du_communication_013 script to /home/swarm-team/ros2_ws/install/multi_du_udpcomm_02_pkg/lib/multi_du_udpcomm_02_pkg
[2.209s] Installing du_communication_014 script to /home/swarm-team/ros2_ws/install/multi_du_udpcomm_02_pkg/lib/multi_du_udpcomm_02_pkg
[2.209s] Installing du_communication_080 script to /home/swarm-team/ros2_ws/install/multi_du_udpcomm_02_pkg/lib/multi_du_udpcomm_02_pkg
[2.209s] Installing du_controller_010 script to /home/swarm-team/ros2_ws/install/multi_du_udpcomm_02_pkg/lib/multi_du_udpcomm_02_pkg
[2.209s] Installing du_controller_011 script to /home/swarm-team/ros2_ws/install/multi_du_udpcomm_02_pkg/lib/multi_du_udpcomm_02_pkg
[2.210s] Installing du_controller_012 script to /home/swarm-team/ros2_ws/install/multi_du_udpcomm_02_pkg/lib/multi_du_udpcomm_02_pkg
[2.210s] Installing du_controller_013 script to /home/swarm-team/ros2_ws/install/multi_du_udpcomm_02_pkg/lib/multi_du_udpcomm_02_pkg
[2.210s] Installing du_controller_014 script to /home/swarm-team/ros2_ws/install/multi_du_udpcomm_02_pkg/lib/multi_du_udpcomm_02_pkg
[2.210s] Installing du_controller_080 script to /home/swarm-team/ros2_ws/install/multi_du_udpcomm_02_pkg/lib/multi_du_udpcomm_02_pkg
[2.210s] 
[2.210s] Installed /home/swarm-team/ros2_ws/build/multi_du_udpcomm_02_pkg
[2.210s] running install_data
[2.210s] copying package.xml -> /home/swarm-team/ros2_ws/install/multi_du_udpcomm_02_pkg/share/multi_du_udpcomm_02_pkg
[2.225s] Invoked command in '/home/swarm-team/ros2_ws/build/multi_du_udpcomm_02_pkg' returned '0': PYTHONPATH=/home/swarm-team/ros2_ws/build/multi_du_udpcomm_02_pkg/prefix_override:/home/swarm-team/ros2_ws/install/multi_du_udpcomm_02_pkg/lib/python3.8/site-packages:${PYTHONPATH} /usr/bin/python3 setup.py develop --editable --build-directory /home/swarm-team/ros2_ws/build/multi_du_udpcomm_02_pkg/build --no-deps install_data
