[2.991s] Invoking command in '/home/swarm-team/ros2_ws/build/single_ex_sim_pkg': PYTHONPATH=/home/swarm-team/ros2_ws/build/single_ex_sim_pkg/prefix_override:/home/swarm-team/ros2_ws/install/single_ex_sim_pkg/lib/python3.8/site-packages:${PYTHONPATH} /usr/bin/python3 setup.py develop --editable --build-directory /home/swarm-team/ros2_ws/build/single_ex_sim_pkg/build --no-deps install_data
[3.574s] running develop
[3.575s] running egg_info
[3.576s] writing single_ex_sim_pkg.egg-info/PKG-INFO
[3.576s] writing dependency_links to single_ex_sim_pkg.egg-info/dependency_links.txt
[3.576s] writing entry points to single_ex_sim_pkg.egg-info/entry_points.txt
[3.576s] writing requirements to single_ex_sim_pkg.egg-info/requires.txt
[3.576s] writing top-level names to single_ex_sim_pkg.egg-info/top_level.txt
[3.576s] reading manifest file 'single_ex_sim_pkg.egg-info/SOURCES.txt'
[3.577s] writing manifest file 'single_ex_sim_pkg.egg-info/SOURCES.txt'
[3.577s] running build_ext
[3.577s] Creating /home/swarm-team/ros2_ws/install/single_ex_sim_pkg/lib/python3.8/site-packages/single-ex-sim-pkg.egg-link (link to .)
[3.577s] Installing ex_communication_000 script to /home/swarm-team/ros2_ws/install/single_ex_sim_pkg/lib/single_ex_sim_pkg
[3.577s] Installing ex_communication_001 script to /home/swarm-team/ros2_ws/install/single_ex_sim_pkg/lib/single_ex_sim_pkg
[3.577s] Installing ex_controller_000 script to /home/swarm-team/ros2_ws/install/single_ex_sim_pkg/lib/single_ex_sim_pkg
[3.577s] Installing ex_controller_001 script to /home/swarm-team/ros2_ws/install/single_ex_sim_pkg/lib/single_ex_sim_pkg
[3.577s] 
[3.577s] Installed /home/swarm-team/ros2_ws/build/single_ex_sim_pkg
[3.577s] running install_data
[3.578s] /usr/lib/python3/dist-packages/setuptools/command/easy_install.py:368: UserWarning: Unbuilt egg for one-team-du-base-master 0.0.0 (/home/swarm-team/ros2_ws/build/one_team_du_base_master)
[3.579s]   self.local_index = Environment(self.shadow_path + sys.path)
[3.664s] Invoked command in '/home/swarm-team/ros2_ws/build/single_ex_sim_pkg' returned '0': PYTHONPATH=/home/swarm-team/ros2_ws/build/single_ex_sim_pkg/prefix_override:/home/swarm-team/ros2_ws/install/single_ex_sim_pkg/lib/python3.8/site-packages:${PYTHONPATH} /usr/bin/python3 setup.py develop --editable --build-directory /home/swarm-team/ros2_ws/build/single_ex_sim_pkg/build --no-deps install_data
