[1.787s] Invoking command in '/home/swarm-team/ros2_ws/build/one_team_du_stuck': PYTHONPATH=/home/swarm-team/ros2_ws/build/one_team_du_stuck/prefix_override:/home/swarm-team/ros2_ws/install/one_team_du_stuck/lib/python3.8/site-packages:${PYTHONPATH} /usr/bin/python3 setup.py develop --editable --build-directory /home/swarm-team/ros2_ws/build/one_team_du_stuck/build --no-deps install_data
[1.936s] running develop
[2.023s] running egg_info
[2.023s] writing one_team_du_stuck.egg-info/PKG-INFO
[2.023s] writing dependency_links to one_team_du_stuck.egg-info/dependency_links.txt
[2.024s] writing entry points to one_team_du_stuck.egg-info/entry_points.txt
[2.024s] writing requirements to one_team_du_stuck.egg-info/requires.txt
[2.024s] writing top-level names to one_team_du_stuck.egg-info/top_level.txt
[2.055s] reading manifest file 'one_team_du_stuck.egg-info/SOURCES.txt'
[2.055s] writing manifest file 'one_team_du_stuck.egg-info/SOURCES.txt'
[2.073s] running build_ext
[2.073s] Creating /home/swarm-team/ros2_ws/install/one_team_du_stuck/lib/python3.8/site-packages/one-team-du-stuck.egg-link (link to .)
[2.073s] Installing du_communication_010 script to /home/swarm-team/ros2_ws/install/one_team_du_stuck/lib/one_team_du_stuck
[2.073s] Installing du_communication_011 script to /home/swarm-team/ros2_ws/install/one_team_du_stuck/lib/one_team_du_stuck
[2.074s] Installing du_communication_012 script to /home/swarm-team/ros2_ws/install/one_team_du_stuck/lib/one_team_du_stuck
[2.074s] Installing du_communication_013 script to /home/swarm-team/ros2_ws/install/one_team_du_stuck/lib/one_team_du_stuck
[2.074s] Installing du_communication_014 script to /home/swarm-team/ros2_ws/install/one_team_du_stuck/lib/one_team_du_stuck
[2.074s] Installing du_communication_015 script to /home/swarm-team/ros2_ws/install/one_team_du_stuck/lib/one_team_du_stuck
[2.074s] Installing du_communication_016 script to /home/swarm-team/ros2_ws/install/one_team_du_stuck/lib/one_team_du_stuck
[2.074s] Installing du_communication_017 script to /home/swarm-team/ros2_ws/install/one_team_du_stuck/lib/one_team_du_stuck
[2.074s] Installing du_communication_018 script to /home/swarm-team/ros2_ws/install/one_team_du_stuck/lib/one_team_du_stuck
[2.074s] Installing du_communication_080 script to /home/swarm-team/ros2_ws/install/one_team_du_stuck/lib/one_team_du_stuck
[2.074s] Installing du_controller_010 script to /home/swarm-team/ros2_ws/install/one_team_du_stuck/lib/one_team_du_stuck
[2.074s] Installing du_controller_011 script to /home/swarm-team/ros2_ws/install/one_team_du_stuck/lib/one_team_du_stuck
[2.074s] Installing du_controller_012 script to /home/swarm-team/ros2_ws/install/one_team_du_stuck/lib/one_team_du_stuck
[2.074s] Installing du_controller_013 script to /home/swarm-team/ros2_ws/install/one_team_du_stuck/lib/one_team_du_stuck
[2.074s] Installing du_controller_014 script to /home/swarm-team/ros2_ws/install/one_team_du_stuck/lib/one_team_du_stuck
[2.074s] Installing du_controller_015 script to /home/swarm-team/ros2_ws/install/one_team_du_stuck/lib/one_team_du_stuck
[2.074s] Installing du_controller_016 script to /home/swarm-team/ros2_ws/install/one_team_du_stuck/lib/one_team_du_stuck
[2.074s] Installing du_controller_017 script to /home/swarm-team/ros2_ws/install/one_team_du_stuck/lib/one_team_du_stuck
[2.074s] Installing du_controller_018 script to /home/swarm-team/ros2_ws/install/one_team_du_stuck/lib/one_team_du_stuck
[2.075s] Installing du_controller_080 script to /home/swarm-team/ros2_ws/install/one_team_du_stuck/lib/one_team_du_stuck
[2.075s] 
[2.075s] Installed /home/swarm-team/ros2_ws/build/one_team_du_stuck
[2.075s] running install_data
[2.075s] copying package.xml -> /home/swarm-team/ros2_ws/install/one_team_du_stuck/share/one_team_du_stuck
[2.092s] Invoked command in '/home/swarm-team/ros2_ws/build/one_team_du_stuck' returned '0': PYTHONPATH=/home/swarm-team/ros2_ws/build/one_team_du_stuck/prefix_override:/home/swarm-team/ros2_ws/install/one_team_du_stuck/lib/python3.8/site-packages:${PYTHONPATH} /usr/bin/python3 setup.py develop --editable --build-directory /home/swarm-team/ros2_ws/build/one_team_du_stuck/build --no-deps install_data
