running develop
running egg_info
writing ../../build/single_ex_sim_pkg_master/single_ex_sim_pkg_master.egg-info/PKG-INFO
writing dependency_links to ../../build/single_ex_sim_pkg_master/single_ex_sim_pkg_master.egg-info/dependency_links.txt
writing entry points to ../../build/single_ex_sim_pkg_master/single_ex_sim_pkg_master.egg-info/entry_points.txt
writing requirements to ../../build/single_ex_sim_pkg_master/single_ex_sim_pkg_master.egg-info/requires.txt
writing top-level names to ../../build/single_ex_sim_pkg_master/single_ex_sim_pkg_master.egg-info/top_level.txt
reading manifest file '../../build/single_ex_sim_pkg_master/single_ex_sim_pkg_master.egg-info/SOURCES.txt'
writing manifest file '../../build/single_ex_sim_pkg_master/single_ex_sim_pkg_master.egg-info/SOURCES.txt'
running build
running build_py
running install
running install_lib
running install_data
running install_egg_info
removing '/home/swarm-team/ros2_ws/install/single_ex_sim_pkg_master/lib/python3.8/site-packages/single_ex_sim_pkg_master-0.0.0-py3.8.egg-info' (and everything under it)
Copying ../../build/single_ex_sim_pkg_master/single_ex_sim_pkg_master.egg-info to /home/swarm-team/ros2_ws/install/single_ex_sim_pkg_master/lib/python3.8/site-packages/single_ex_sim_pkg_master-0.0.0-py3.8.egg-info
running install_scripts
Installing ex_communication_000 script to /home/swarm-team/ros2_ws/install/single_ex_sim_pkg_master/lib/single_ex_sim_pkg_master
Installing ex_communication_001 script to /home/swarm-team/ros2_ws/install/single_ex_sim_pkg_master/lib/single_ex_sim_pkg_master
Installing ex_communication_003 script to /home/swarm-team/ros2_ws/install/single_ex_sim_pkg_master/lib/single_ex_sim_pkg_master
Installing ex_communication_test script to /home/swarm-team/ros2_ws/install/single_ex_sim_pkg_master/lib/single_ex_sim_pkg_master
Installing ex_controller_000 script to /home/swarm-team/ros2_ws/install/single_ex_sim_pkg_master/lib/single_ex_sim_pkg_master
Installing ex_controller_001 script to /home/swarm-team/ros2_ws/install/single_ex_sim_pkg_master/lib/single_ex_sim_pkg_master
Installing ex_controller_003 script to /home/swarm-team/ros2_ws/install/single_ex_sim_pkg_master/lib/single_ex_sim_pkg_master
Installing ex_controller_test script to /home/swarm-team/ros2_ws/install/single_ex_sim_pkg_master/lib/single_ex_sim_pkg_master
writing list of installed files to '/home/swarm-team/ros2_ws/build/single_ex_sim_pkg_master/install.log'
