[2.656s] Invoking command in '/home/swarm-team/ros2_ws/build/single_ex_sim_pkg_master': PYTHONPATH=/home/swarm-team/ros2_ws/build/single_ex_sim_pkg_master/prefix_override:/home/swarm-team/ros2_ws/install/single_ex_sim_pkg_master/lib/python3.8/site-packages:${PYTHONPATH} /usr/bin/python3 setup.py develop --uninstall --editable --build-directory /home/swarm-team/ros2_ws/build/single_ex_sim_pkg_master/build
[2.904s] running develop
[2.992s] Invoked command in '/home/swarm-team/ros2_ws/build/single_ex_sim_pkg_master' returned '0': PYTHONPATH=/home/swarm-team/ros2_ws/build/single_ex_sim_pkg_master/prefix_override:/home/swarm-team/ros2_ws/install/single_ex_sim_pkg_master/lib/python3.8/site-packages:${PYTHONPATH} /usr/bin/python3 setup.py develop --uninstall --editable --build-directory /home/swarm-team/ros2_ws/build/single_ex_sim_pkg_master/build
[2.995s] Invoking command in '/home/swarm-team/ros2_ws/src/single_ex_sim_pkg_master': PYTHONPATH=/home/swarm-team/ros2_ws/build/single_ex_sim_pkg_master/prefix_override:/home/swarm-team/ros2_ws/install/single_ex_sim_pkg_master/lib/python3.8/site-packages:${PYTHONPATH} /usr/bin/python3 setup.py egg_info --egg-base ../../build/single_ex_sim_pkg_master build --build-base /home/swarm-team/ros2_ws/build/single_ex_sim_pkg_master/build install --record /home/swarm-team/ros2_ws/build/single_ex_sim_pkg_master/install.log --install-scripts $base/lib/single_ex_sim_pkg_master --single-version-externally-managed
[3.226s] running egg_info
[3.228s] writing ../../build/single_ex_sim_pkg_master/single_ex_sim_pkg_master.egg-info/PKG-INFO
[3.228s] writing dependency_links to ../../build/single_ex_sim_pkg_master/single_ex_sim_pkg_master.egg-info/dependency_links.txt
[3.228s] writing entry points to ../../build/single_ex_sim_pkg_master/single_ex_sim_pkg_master.egg-info/entry_points.txt
[3.228s] writing requirements to ../../build/single_ex_sim_pkg_master/single_ex_sim_pkg_master.egg-info/requires.txt
[3.228s] writing top-level names to ../../build/single_ex_sim_pkg_master/single_ex_sim_pkg_master.egg-info/top_level.txt
[3.260s] reading manifest file '../../build/single_ex_sim_pkg_master/single_ex_sim_pkg_master.egg-info/SOURCES.txt'
[3.260s] writing manifest file '../../build/single_ex_sim_pkg_master/single_ex_sim_pkg_master.egg-info/SOURCES.txt'
[3.260s] running build
[3.260s] running build_py
[3.260s] running install
[3.261s] running install_lib
[3.262s] running install_data
[3.262s] running install_egg_info
[3.264s] removing '/home/swarm-team/ros2_ws/install/single_ex_sim_pkg_master/lib/python3.8/site-packages/single_ex_sim_pkg_master-0.0.0-py3.8.egg-info' (and everything under it)
[3.265s] Copying ../../build/single_ex_sim_pkg_master/single_ex_sim_pkg_master.egg-info to /home/swarm-team/ros2_ws/install/single_ex_sim_pkg_master/lib/python3.8/site-packages/single_ex_sim_pkg_master-0.0.0-py3.8.egg-info
[3.265s] running install_scripts
[3.275s] Installing ex_communication_000 script to /home/swarm-team/ros2_ws/install/single_ex_sim_pkg_master/lib/single_ex_sim_pkg_master
[3.275s] Installing ex_communication_001 script to /home/swarm-team/ros2_ws/install/single_ex_sim_pkg_master/lib/single_ex_sim_pkg_master
[3.275s] Installing ex_communication_003 script to /home/swarm-team/ros2_ws/install/single_ex_sim_pkg_master/lib/single_ex_sim_pkg_master
[3.275s] Installing ex_communication_test script to /home/swarm-team/ros2_ws/install/single_ex_sim_pkg_master/lib/single_ex_sim_pkg_master
[3.275s] Installing ex_controller_000 script to /home/swarm-team/ros2_ws/install/single_ex_sim_pkg_master/lib/single_ex_sim_pkg_master
[3.275s] Installing ex_controller_001 script to /home/swarm-team/ros2_ws/install/single_ex_sim_pkg_master/lib/single_ex_sim_pkg_master
[3.275s] Installing ex_controller_003 script to /home/swarm-team/ros2_ws/install/single_ex_sim_pkg_master/lib/single_ex_sim_pkg_master
[3.277s] Installing ex_controller_test script to /home/swarm-team/ros2_ws/install/single_ex_sim_pkg_master/lib/single_ex_sim_pkg_master
[3.277s] writing list of installed files to '/home/swarm-team/ros2_ws/build/single_ex_sim_pkg_master/install.log'
[3.308s] Invoked command in '/home/swarm-team/ros2_ws/src/single_ex_sim_pkg_master' returned '0': PYTHONPATH=/home/swarm-team/ros2_ws/build/single_ex_sim_pkg_master/prefix_override:/home/swarm-team/ros2_ws/install/single_ex_sim_pkg_master/lib/python3.8/site-packages:${PYTHONPATH} /usr/bin/python3 setup.py egg_info --egg-base ../../build/single_ex_sim_pkg_master build --build-base /home/swarm-team/ros2_ws/build/single_ex_sim_pkg_master/build install --record /home/swarm-team/ros2_ws/build/single_ex_sim_pkg_master/install.log --install-scripts $base/lib/single_ex_sim_pkg_master --single-version-externally-managed
