[2.508s] Invoking command in '/home/swarm-team/ros2_ws/build/four_team_ex_stuck': PYTHONPATH=/home/swarm-team/ros2_ws/build/four_team_ex_stuck/prefix_override:/home/swarm-team/ros2_ws/install/four_team_ex_stuck/lib/python3.8/site-packages:${PYTHONPATH} /usr/bin/python3 setup.py develop --uninstall --editable --build-directory /home/swarm-team/ros2_ws/build/four_team_ex_stuck/build
[2.759s] running develop
[2.904s] Invoked command in '/home/swarm-team/ros2_ws/build/four_team_ex_stuck' returned '0': PYTHONPATH=/home/swarm-team/ros2_ws/build/four_team_ex_stuck/prefix_override:/home/swarm-team/ros2_ws/install/four_team_ex_stuck/lib/python3.8/site-packages:${PYTHONPATH} /usr/bin/python3 setup.py develop --uninstall --editable --build-directory /home/swarm-team/ros2_ws/build/four_team_ex_stuck/build
[2.907s] Invoking command in '/home/swarm-team/ros2_ws/src/four_team_ex_stuck': PYTHONPATH=/home/swarm-team/ros2_ws/build/four_team_ex_stuck/prefix_override:/home/swarm-team/ros2_ws/install/four_team_ex_stuck/lib/python3.8/site-packages:${PYTHONPATH} /usr/bin/python3 setup.py egg_info --egg-base ../../build/four_team_ex_stuck build --build-base /home/swarm-team/ros2_ws/build/four_team_ex_stuck/build install --record /home/swarm-team/ros2_ws/build/four_team_ex_stuck/install.log --install-scripts $base/lib/four_team_ex_stuck --single-version-externally-managed
[3.123s] running egg_info
[3.124s] writing ../../build/four_team_ex_stuck/four_team_ex_stuck.egg-info/PKG-INFO
[3.124s] writing dependency_links to ../../build/four_team_ex_stuck/four_team_ex_stuck.egg-info/dependency_links.txt
[3.124s] writing entry points to ../../build/four_team_ex_stuck/four_team_ex_stuck.egg-info/entry_points.txt
[3.124s] writing requirements to ../../build/four_team_ex_stuck/four_team_ex_stuck.egg-info/requires.txt
[3.124s] writing top-level names to ../../build/four_team_ex_stuck/four_team_ex_stuck.egg-info/top_level.txt
[3.145s] reading manifest file '../../build/four_team_ex_stuck/four_team_ex_stuck.egg-info/SOURCES.txt'
[3.146s] writing manifest file '../../build/four_team_ex_stuck/four_team_ex_stuck.egg-info/SOURCES.txt'
[3.146s] running build
[3.146s] running build_py
[3.146s] running install
[3.147s] running install_lib
[3.148s] running install_data
[3.151s] running install_egg_info
[3.152s] removing '/home/swarm-team/ros2_ws/install/four_team_ex_stuck/lib/python3.8/site-packages/four_team_ex_stuck-0.0.0-py3.8.egg-info' (and everything under it)
[3.152s] Copying ../../build/four_team_ex_stuck/four_team_ex_stuck.egg-info to /home/swarm-team/ros2_ws/install/four_team_ex_stuck/lib/python3.8/site-packages/four_team_ex_stuck-0.0.0-py3.8.egg-info
[3.152s] running install_scripts
[3.161s] Installing ex_communication_000 script to /home/swarm-team/ros2_ws/install/four_team_ex_stuck/lib/four_team_ex_stuck
[3.161s] Installing ex_communication_001 script to /home/swarm-team/ros2_ws/install/four_team_ex_stuck/lib/four_team_ex_stuck
[3.161s] Installing ex_communication_003 script to /home/swarm-team/ros2_ws/install/four_team_ex_stuck/lib/four_team_ex_stuck
[3.161s] Installing ex_communication_004 script to /home/swarm-team/ros2_ws/install/four_team_ex_stuck/lib/four_team_ex_stuck
[3.161s] Installing ex_communication_005 script to /home/swarm-team/ros2_ws/install/four_team_ex_stuck/lib/four_team_ex_stuck
[3.161s] Installing ex_communication_test script to /home/swarm-team/ros2_ws/install/four_team_ex_stuck/lib/four_team_ex_stuck
[3.161s] Installing ex_controller_000 script to /home/swarm-team/ros2_ws/install/four_team_ex_stuck/lib/four_team_ex_stuck
[3.161s] Installing ex_controller_001 script to /home/swarm-team/ros2_ws/install/four_team_ex_stuck/lib/four_team_ex_stuck
[3.162s] Installing ex_controller_003 script to /home/swarm-team/ros2_ws/install/four_team_ex_stuck/lib/four_team_ex_stuck
[3.162s] Installing ex_controller_004 script to /home/swarm-team/ros2_ws/install/four_team_ex_stuck/lib/four_team_ex_stuck
[3.162s] Installing ex_controller_005 script to /home/swarm-team/ros2_ws/install/four_team_ex_stuck/lib/four_team_ex_stuck
[3.162s] Installing ex_controller_test script to /home/swarm-team/ros2_ws/install/four_team_ex_stuck/lib/four_team_ex_stuck
[3.162s] writing list of installed files to '/home/swarm-team/ros2_ws/build/four_team_ex_stuck/install.log'
[3.178s] Invoked command in '/home/swarm-team/ros2_ws/src/four_team_ex_stuck' returned '0': PYTHONPATH=/home/swarm-team/ros2_ws/build/four_team_ex_stuck/prefix_override:/home/swarm-team/ros2_ws/install/four_team_ex_stuck/lib/python3.8/site-packages:${PYTHONPATH} /usr/bin/python3 setup.py egg_info --egg-base ../../build/four_team_ex_stuck build --build-base /home/swarm-team/ros2_ws/build/four_team_ex_stuck/build install --record /home/swarm-team/ros2_ws/build/four_team_ex_stuck/install.log --install-scripts $base/lib/four_team_ex_stuck --single-version-externally-managed
