[3.057s] Invoking command in '/home/swarm-team/ros2_ws/build/multi_du_udpcomm_01_pkg': PYTHONPATH=/home/swarm-team/ros2_ws/build/multi_du_udpcomm_01_pkg/prefix_override:/home/swarm-team/ros2_ws/install/multi_du_udpcomm_01_pkg/lib/python3.8/site-packages:${PYTHONPATH} /usr/bin/python3 setup.py develop --editable --build-directory /home/swarm-team/ros2_ws/build/multi_du_udpcomm_01_pkg/build --no-deps install_data
[3.321s] running develop
[3.477s] running egg_info
[3.477s] writing multi_du_udpcomm_01_pkg.egg-info/PKG-INFO
[3.477s] writing dependency_links to multi_du_udpcomm_01_pkg.egg-info/dependency_links.txt
[3.478s] writing entry points to multi_du_udpcomm_01_pkg.egg-info/entry_points.txt
[3.478s] writing requirements to multi_du_udpcomm_01_pkg.egg-info/requires.txt
[3.478s] writing top-level names to multi_du_udpcomm_01_pkg.egg-info/top_level.txt
[3.519s] reading manifest file 'multi_du_udpcomm_01_pkg.egg-info/SOURCES.txt'
[3.520s] writing manifest file 'multi_du_udpcomm_01_pkg.egg-info/SOURCES.txt'
[3.562s] running build_ext
[3.562s] Creating /home/swarm-team/ros2_ws/install/multi_du_udpcomm_01_pkg/lib/python3.8/site-packages/multi-du-udpcomm-01-pkg.egg-link (link to .)
[3.562s] Installing du_communication_013 script to /home/swarm-team/ros2_ws/install/multi_du_udpcomm_01_pkg/lib/multi_du_udpcomm_01_pkg
[3.562s] Installing du_communication_014 script to /home/swarm-team/ros2_ws/install/multi_du_udpcomm_01_pkg/lib/multi_du_udpcomm_01_pkg
[3.563s] Installing du_communication_015 script to /home/swarm-team/ros2_ws/install/multi_du_udpcomm_01_pkg/lib/multi_du_udpcomm_01_pkg
[3.563s] Installing du_controller_013 script to /home/swarm-team/ros2_ws/install/multi_du_udpcomm_01_pkg/lib/multi_du_udpcomm_01_pkg
[3.563s] Installing du_controller_014 script to /home/swarm-team/ros2_ws/install/multi_du_udpcomm_01_pkg/lib/multi_du_udpcomm_01_pkg
[3.563s] Installing du_controller_015 script to /home/swarm-team/ros2_ws/install/multi_du_udpcomm_01_pkg/lib/multi_du_udpcomm_01_pkg
[3.563s] 
[3.563s] Installed /home/swarm-team/ros2_ws/build/multi_du_udpcomm_01_pkg
[3.563s] running install_data
[3.645s] Invoked command in '/home/swarm-team/ros2_ws/build/multi_du_udpcomm_01_pkg' returned '0': PYTHONPATH=/home/swarm-team/ros2_ws/build/multi_du_udpcomm_01_pkg/prefix_override:/home/swarm-team/ros2_ws/install/multi_du_udpcomm_01_pkg/lib/python3.8/site-packages:${PYTHONPATH} /usr/bin/python3 setup.py develop --editable --build-directory /home/swarm-team/ros2_ws/build/multi_du_udpcomm_01_pkg/build --no-deps install_data
