[3.372s] Invoking command in '/home/swarm-team/ros2_ws/build/three_team_du_stuck': PYTHONPATH=/home/swarm-team/ros2_ws/build/three_team_du_stuck/prefix_override:/home/swarm-team/ros2_ws/install/three_team_du_stuck/lib/python3.8/site-packages:${PYTHONPATH} /usr/bin/python3 setup.py develop --editable --build-directory /home/swarm-team/ros2_ws/build/three_team_du_stuck/build --no-deps install_data
[3.799s] running develop
[3.980s] running egg_info
[3.980s] writing three_team_du_stuck.egg-info/PKG-INFO
[3.980s] writing dependency_links to three_team_du_stuck.egg-info/dependency_links.txt
[3.980s] writing entry points to three_team_du_stuck.egg-info/entry_points.txt
[3.980s] writing requirements to three_team_du_stuck.egg-info/requires.txt
[3.980s] writing top-level names to three_team_du_stuck.egg-info/top_level.txt
[4.000s] reading manifest file 'three_team_du_stuck.egg-info/SOURCES.txt'
[4.000s] writing manifest file 'three_team_du_stuck.egg-info/SOURCES.txt'
[4.020s] running build_ext
[4.020s] Creating /home/swarm-team/ros2_ws/install/three_team_du_stuck/lib/python3.8/site-packages/three-team-du-stuck.egg-link (link to .)
[4.020s] Installing du_communication_010 script to /home/swarm-team/ros2_ws/install/three_team_du_stuck/lib/three_team_du_stuck
[4.021s] Installing du_communication_011 script to /home/swarm-team/ros2_ws/install/three_team_du_stuck/lib/three_team_du_stuck
[4.022s] Installing du_communication_012 script to /home/swarm-team/ros2_ws/install/three_team_du_stuck/lib/three_team_du_stuck
[4.022s] Installing du_communication_013 script to /home/swarm-team/ros2_ws/install/three_team_du_stuck/lib/three_team_du_stuck
[4.022s] Installing du_communication_014 script to /home/swarm-team/ros2_ws/install/three_team_du_stuck/lib/three_team_du_stuck
[4.023s] Installing du_communication_015 script to /home/swarm-team/ros2_ws/install/three_team_du_stuck/lib/three_team_du_stuck
[4.023s] Installing du_communication_016 script to /home/swarm-team/ros2_ws/install/three_team_du_stuck/lib/three_team_du_stuck
[4.023s] Installing du_communication_017 script to /home/swarm-team/ros2_ws/install/three_team_du_stuck/lib/three_team_du_stuck
[4.023s] Installing du_communication_018 script to /home/swarm-team/ros2_ws/install/three_team_du_stuck/lib/three_team_du_stuck
[4.023s] Installing du_communication_019 script to /home/swarm-team/ros2_ws/install/three_team_du_stuck/lib/three_team_du_stuck
[4.024s] Installing du_communication_020 script to /home/swarm-team/ros2_ws/install/three_team_du_stuck/lib/three_team_du_stuck
[4.025s] Installing du_communication_080 script to /home/swarm-team/ros2_ws/install/three_team_du_stuck/lib/three_team_du_stuck
[4.025s] Installing du_controller_010 script to /home/swarm-team/ros2_ws/install/three_team_du_stuck/lib/three_team_du_stuck
[4.025s] Installing du_controller_011 script to /home/swarm-team/ros2_ws/install/three_team_du_stuck/lib/three_team_du_stuck
[4.025s] Installing du_controller_012 script to /home/swarm-team/ros2_ws/install/three_team_du_stuck/lib/three_team_du_stuck
[4.027s] Installing du_controller_013 script to /home/swarm-team/ros2_ws/install/three_team_du_stuck/lib/three_team_du_stuck
[4.027s] Installing du_controller_014 script to /home/swarm-team/ros2_ws/install/three_team_du_stuck/lib/three_team_du_stuck
[4.027s] Installing du_controller_015 script to /home/swarm-team/ros2_ws/install/three_team_du_stuck/lib/three_team_du_stuck
[4.027s] Installing du_controller_016 script to /home/swarm-team/ros2_ws/install/three_team_du_stuck/lib/three_team_du_stuck
[4.027s] Installing du_controller_017 script to /home/swarm-team/ros2_ws/install/three_team_du_stuck/lib/three_team_du_stuck
[4.027s] Installing du_controller_018 script to /home/swarm-team/ros2_ws/install/three_team_du_stuck/lib/three_team_du_stuck
[4.027s] Installing du_controller_019 script to /home/swarm-team/ros2_ws/install/three_team_du_stuck/lib/three_team_du_stuck
[4.028s] Installing du_controller_020 script to /home/swarm-team/ros2_ws/install/three_team_du_stuck/lib/three_team_du_stuck
[4.028s] Installing du_controller_080 script to /home/swarm-team/ros2_ws/install/three_team_du_stuck/lib/three_team_du_stuck
[4.028s] 
[4.028s] Installed /home/swarm-team/ros2_ws/build/three_team_du_stuck
[4.028s] running install_data
[4.057s] Invoked command in '/home/swarm-team/ros2_ws/build/three_team_du_stuck' returned '0': PYTHONPATH=/home/swarm-team/ros2_ws/build/three_team_du_stuck/prefix_override:/home/swarm-team/ros2_ws/install/three_team_du_stuck/lib/python3.8/site-packages:${PYTHONPATH} /usr/bin/python3 setup.py develop --editable --build-directory /home/swarm-team/ros2_ws/build/three_team_du_stuck/build --no-deps install_data
