[3.071s] Invoking command in '/home/swarm-team/ros2_ws/build/three_team_ex_stuck': PYTHONPATH=/home/swarm-team/ros2_ws/build/three_team_ex_stuck/prefix_override:/home/swarm-team/ros2_ws/install/three_team_ex_stuck/lib/python3.8/site-packages:${PYTHONPATH} /usr/bin/python3 setup.py develop --editable --build-directory /home/swarm-team/ros2_ws/build/three_team_ex_stuck/build --no-deps install_data
[3.441s] running develop
[3.649s] running egg_info
[3.650s] writing three_team_ex_stuck.egg-info/PKG-INFO
[3.650s] writing dependency_links to three_team_ex_stuck.egg-info/dependency_links.txt
[3.654s] writing entry points to three_team_ex_stuck.egg-info/entry_points.txt
[3.654s] writing requirements to three_team_ex_stuck.egg-info/requires.txt
[3.655s] writing top-level names to three_team_ex_stuck.egg-info/top_level.txt
[3.677s] reading manifest file 'three_team_ex_stuck.egg-info/SOURCES.txt'
[3.677s] writing manifest file 'three_team_ex_stuck.egg-info/SOURCES.txt'
[3.694s] running build_ext
[3.696s] Creating /home/swarm-team/ros2_ws/install/three_team_ex_stuck/lib/python3.8/site-packages/three-team-ex-stuck.egg-link (link to .)
[3.696s] Installing ex_communication_000 script to /home/swarm-team/ros2_ws/install/three_team_ex_stuck/lib/three_team_ex_stuck
[3.696s] Installing ex_communication_001 script to /home/swarm-team/ros2_ws/install/three_team_ex_stuck/lib/three_team_ex_stuck
[3.696s] Installing ex_communication_003 script to /home/swarm-team/ros2_ws/install/three_team_ex_stuck/lib/three_team_ex_stuck
[3.696s] Installing ex_communication_004 script to /home/swarm-team/ros2_ws/install/three_team_ex_stuck/lib/three_team_ex_stuck
[3.698s] Installing ex_communication_test script to /home/swarm-team/ros2_ws/install/three_team_ex_stuck/lib/three_team_ex_stuck
[3.698s] Installing ex_controller_000 script to /home/swarm-team/ros2_ws/install/three_team_ex_stuck/lib/three_team_ex_stuck
[3.698s] Installing ex_controller_001 script to /home/swarm-team/ros2_ws/install/three_team_ex_stuck/lib/three_team_ex_stuck
[3.698s] Installing ex_controller_003 script to /home/swarm-team/ros2_ws/install/three_team_ex_stuck/lib/three_team_ex_stuck
[3.699s] Installing ex_controller_004 script to /home/swarm-team/ros2_ws/install/three_team_ex_stuck/lib/three_team_ex_stuck
[3.699s] Installing ex_controller_test script to /home/swarm-team/ros2_ws/install/three_team_ex_stuck/lib/three_team_ex_stuck
[3.699s] 
[3.699s] Installed /home/swarm-team/ros2_ws/build/three_team_ex_stuck
[3.699s] running install_data
[3.733s] Invoked command in '/home/swarm-team/ros2_ws/build/three_team_ex_stuck' returned '0': PYTHONPATH=/home/swarm-team/ros2_ws/build/three_team_ex_stuck/prefix_override:/home/swarm-team/ros2_ws/install/three_team_ex_stuck/lib/python3.8/site-packages:${PYTHONPATH} /usr/bin/python3 setup.py develop --editable --build-directory /home/swarm-team/ros2_ws/build/three_team_ex_stuck/build --no-deps install_data
