[2.740s] Invoking command in '/home/swarm-team/ros2_ws/build/single_ex_sim_pkg': PYTHONPATH=/home/swarm-team/ros2_ws/build/single_ex_sim_pkg/prefix_override:/home/swarm-team/ros2_ws/install/single_ex_sim_pkg/lib/python3.8/site-packages:${PYTHONPATH} /usr/bin/python3 setup.py develop --uninstall --editable --build-directory /home/swarm-team/ros2_ws/build/single_ex_sim_pkg/build
[3.078s] running develop
[3.292s] Invoked command in '/home/swarm-team/ros2_ws/build/single_ex_sim_pkg' returned '0': PYTHONPATH=/home/swarm-team/ros2_ws/build/single_ex_sim_pkg/prefix_override:/home/swarm-team/ros2_ws/install/single_ex_sim_pkg/lib/python3.8/site-packages:${PYTHONPATH} /usr/bin/python3 setup.py develop --uninstall --editable --build-directory /home/swarm-team/ros2_ws/build/single_ex_sim_pkg/build
[3.293s] Invoking command in '/home/swarm-team/ros2_ws/src/single_ex_sim_pkg': PYTHONPATH=/home/swarm-team/ros2_ws/build/single_ex_sim_pkg/prefix_override:/home/swarm-team/ros2_ws/install/single_ex_sim_pkg/lib/python3.8/site-packages:${PYTHONPATH} /usr/bin/python3 setup.py egg_info --egg-base ../../build/single_ex_sim_pkg build --build-base /home/swarm-team/ros2_ws/build/single_ex_sim_pkg/build install --record /home/swarm-team/ros2_ws/build/single_ex_sim_pkg/install.log --install-scripts $base/lib/single_ex_sim_pkg --single-version-externally-managed
[3.413s] running egg_info
[3.413s] writing ../../build/single_ex_sim_pkg/single_ex_sim_pkg.egg-info/PKG-INFO
[3.413s] writing dependency_links to ../../build/single_ex_sim_pkg/single_ex_sim_pkg.egg-info/dependency_links.txt
[3.413s] writing entry points to ../../build/single_ex_sim_pkg/single_ex_sim_pkg.egg-info/entry_points.txt
[3.413s] writing requirements to ../../build/single_ex_sim_pkg/single_ex_sim_pkg.egg-info/requires.txt
[3.413s] writing top-level names to ../../build/single_ex_sim_pkg/single_ex_sim_pkg.egg-info/top_level.txt
[3.431s] reading manifest file '../../build/single_ex_sim_pkg/single_ex_sim_pkg.egg-info/SOURCES.txt'
[3.431s] writing manifest file '../../build/single_ex_sim_pkg/single_ex_sim_pkg.egg-info/SOURCES.txt'
[3.431s] running build
[3.431s] running build_py
[3.432s] running install
[3.432s] running install_lib
[3.433s] running install_data
[3.433s] running install_egg_info
[3.434s] removing '/home/swarm-team/ros2_ws/install/single_ex_sim_pkg/lib/python3.8/site-packages/single_ex_sim_pkg-0.0.0-py3.8.egg-info' (and everything under it)
[3.434s] Copying ../../build/single_ex_sim_pkg/single_ex_sim_pkg.egg-info to /home/swarm-team/ros2_ws/install/single_ex_sim_pkg/lib/python3.8/site-packages/single_ex_sim_pkg-0.0.0-py3.8.egg-info
[3.434s] running install_scripts
[3.444s] Installing ex_communication_000 script to /home/swarm-team/ros2_ws/install/single_ex_sim_pkg/lib/single_ex_sim_pkg
[3.444s] Installing ex_communication_001 script to /home/swarm-team/ros2_ws/install/single_ex_sim_pkg/lib/single_ex_sim_pkg
[3.444s] Installing ex_controller_000 script to /home/swarm-team/ros2_ws/install/single_ex_sim_pkg/lib/single_ex_sim_pkg
[3.444s] Installing ex_controller_001 script to /home/swarm-team/ros2_ws/install/single_ex_sim_pkg/lib/single_ex_sim_pkg
[3.444s] writing list of installed files to '/home/swarm-team/ros2_ws/build/single_ex_sim_pkg/install.log'
[3.455s] Invoked command in '/home/swarm-team/ros2_ws/src/single_ex_sim_pkg' returned '0': PYTHONPATH=/home/swarm-team/ros2_ws/build/single_ex_sim_pkg/prefix_override:/home/swarm-team/ros2_ws/install/single_ex_sim_pkg/lib/python3.8/site-packages:${PYTHONPATH} /usr/bin/python3 setup.py egg_info --egg-base ../../build/single_ex_sim_pkg build --build-base /home/swarm-team/ros2_ws/build/single_ex_sim_pkg/build install --record /home/swarm-team/ros2_ws/build/single_ex_sim_pkg/install.log --install-scripts $base/lib/single_ex_sim_pkg --single-version-externally-managed
