[1.945s] Invoking command in '/home/swarm-team/ros2_ws/build/single_ex_sim_pkg': PYTHONPATH=/home/swarm-team/ros2_ws/build/single_ex_sim_pkg/prefix_override:/home/swarm-team/ros2_ws/install/single_ex_sim_pkg/lib/python3.8/site-packages:${PYTHONPATH} /usr/bin/python3 setup.py develop --editable --build-directory /home/swarm-team/ros2_ws/build/single_ex_sim_pkg/build --no-deps install_data
[2.146s] running develop
[2.203s] running egg_info
[2.203s] writing single_ex_sim_pkg.egg-info/PKG-INFO
[2.204s] writing dependency_links to single_ex_sim_pkg.egg-info/dependency_links.txt
[2.204s] writing entry points to single_ex_sim_pkg.egg-info/entry_points.txt
[2.204s] writing requirements to single_ex_sim_pkg.egg-info/requires.txt
[2.204s] writing top-level names to single_ex_sim_pkg.egg-info/top_level.txt
[2.219s] reading manifest file 'single_ex_sim_pkg.egg-info/SOURCES.txt'
[2.220s] writing manifest file 'single_ex_sim_pkg.egg-info/SOURCES.txt'
[2.237s] running build_ext
[2.238s] Creating /home/swarm-team/ros2_ws/install/single_ex_sim_pkg/lib/python3.8/site-packages/single-ex-sim-pkg.egg-link (link to .)
[2.238s] Installing ex_communication_000 script to /home/swarm-team/ros2_ws/install/single_ex_sim_pkg/lib/single_ex_sim_pkg
[2.238s] Installing ex_communication_001 script to /home/swarm-team/ros2_ws/install/single_ex_sim_pkg/lib/single_ex_sim_pkg
[2.239s] Installing ex_controller_000 script to /home/swarm-team/ros2_ws/install/single_ex_sim_pkg/lib/single_ex_sim_pkg
[2.239s] Installing ex_controller_001 script to /home/swarm-team/ros2_ws/install/single_ex_sim_pkg/lib/single_ex_sim_pkg
[2.239s] 
[2.239s] Installed /home/swarm-team/ros2_ws/build/single_ex_sim_pkg
[2.239s] running install_data
[2.239s] copying package.xml -> /home/swarm-team/ros2_ws/install/single_ex_sim_pkg/share/single_ex_sim_pkg
[2.252s] Invoked command in '/home/swarm-team/ros2_ws/build/single_ex_sim_pkg' returned '0': PYTHONPATH=/home/swarm-team/ros2_ws/build/single_ex_sim_pkg/prefix_override:/home/swarm-team/ros2_ws/install/single_ex_sim_pkg/lib/python3.8/site-packages:${PYTHONPATH} /usr/bin/python3 setup.py develop --editable --build-directory /home/swarm-team/ros2_ws/build/single_ex_sim_pkg/build --no-deps install_data
