[1.071s] Invoking command in '/home/swarm-team/ros2_ws/build/two_team_du_cnp': PYTHONPATH=/home/swarm-team/ros2_ws/build/two_team_du_cnp/prefix_override:/home/swarm-team/ros2_ws/install/two_team_du_cnp/lib/python3.8/site-packages:/home/swarm-team/ros2_ws/install/dump_messages/lib/python3.8/site-packages:/home/swarm-team/ros2_ws/build/two_team_ex_test:/home/swarm-team/ros2_ws/install/two_team_ex_test/lib/python3.8/site-packages:/home/swarm-team/ros2_ws/build/two_team_ex_stuck:/home/swarm-team/ros2_ws/install/two_team_ex_stuck/lib/python3.8/site-packages:/home/swarm-team/ros2_ws/build/two_team_du_test:/home/swarm-team/ros2_ws/install/two_team_du_test/lib/python3.8/site-packages:/home/swarm-team/ros2_ws/build/two_team_du_stuck:/home/swarm-team/ros2_ws/install/two_team_du_stuck/lib/python3.8/site-packages:/home/swarm-team/ros2_ws/build/three_team_ex_stuck:/home/swarm-team/ros2_ws/install/three_team_ex_stuck/lib/python3.8/site-packages:/home/swarm-team/ros2_ws/build/three_team_du_stuck:/home/swarm-team/ros2_ws/install/three_team_du_stuck/lib/python3.8/site-packages:/home/swarm-team/ros2_ws/build/testplay:/home/swarm-team/ros2_ws/install/testplay/lib/python3.8/site-packages:/home/swarm-team/ros2_ws/build/six_team_ex_stuck:/home/swarm-team/ros2_ws/install/six_team_ex_stuck/lib/python3.8/site-packages:/home/swarm-team/ros2_ws/build/six_team_du_stuck:/home/swarm-team/ros2_ws/install/six_team_du_stuck/lib/python3.8/site-packages:/home/swarm-team/ros2_ws/build/single_ex_sim_pkg_master:/home/swarm-team/ros2_ws/install/single_ex_sim_pkg_master/lib/python3.8/site-packages:/home/swarm-team/ros2_ws/build/single_ex_sim_pkg:/home/swarm-team/ros2_ws/install/single_ex_sim_pkg/lib/python3.8/site-packages:/home/swarm-team/ros2_ws/build/one_team_ex_stuck:/home/swarm-team/ros2_ws/install/one_team_ex_stuck/lib/python3.8/site-packages:/home/swarm-team/ros2_ws/build/one_team_ex_base_master:/home/swarm-team/ros2_ws/install/one_team_ex_base_master/lib/python3.8/site-packages:/home/swarm-team/ros2_ws/build/one_team_du_stuck:/home/swarm-team/ros2_ws/install/one_team_du_stuck/lib/python3.8/site-packages:/home/swarm-team/ros2_ws/build/one_team_du_base_master:/home/swarm-team/ros2_ws/install/one_team_du_base_master/lib/python3.8/site-packages:/home/swarm-team/ros2_ws/build/multi_du_udpcomm_02_pkg:/home/swarm-team/ros2_ws/install/multi_du_udpcomm_02_pkg/lib/python3.8/site-packages:/home/swarm-team/ros2_ws/build/multi_du_udpcomm_01_pkg:/home/swarm-team/ros2_ws/install/multi_du_udpcomm_01_pkg/lib/python3.8/site-packages:/home/swarm-team/ros2_ws/build/four_team_ex_stuck:/home/swarm-team/ros2_ws/install/four_team_ex_stuck/lib/python3.8/site-packages:/home/swarm-team/ros2_ws/build/four_team_du_stuck:/home/swarm-team/ros2_ws/install/four_team_du_stuck/lib/python3.8/site-packages:/opt/ros/foxy/lib/python3.8/site-packages /usr/bin/python3 setup.py develop --editable --build-directory /home/swarm-team/ros2_ws/build/two_team_du_cnp/build --no-deps install_data
[1.201s] running develop
[1.265s] running egg_info
[1.265s] creating two_team_du_cnp.egg-info
[1.265s] writing two_team_du_cnp.egg-info/PKG-INFO
[1.265s] writing dependency_links to two_team_du_cnp.egg-info/dependency_links.txt
[1.265s] writing entry points to two_team_du_cnp.egg-info/entry_points.txt
[1.265s] writing requirements to two_team_du_cnp.egg-info/requires.txt
[1.265s] writing top-level names to two_team_du_cnp.egg-info/top_level.txt
[1.266s] writing manifest file 'two_team_du_cnp.egg-info/SOURCES.txt'
[1.281s] reading manifest file 'two_team_du_cnp.egg-info/SOURCES.txt'
[1.282s] writing manifest file 'two_team_du_cnp.egg-info/SOURCES.txt'
[1.299s] running build_ext
[1.299s] Creating /home/swarm-team/ros2_ws/install/two_team_du_cnp/lib/python3.8/site-packages/site.py
[1.300s] Creating /home/swarm-team/ros2_ws/install/two_team_du_cnp/lib/python3.8/site-packages/two-team-du-cnp.egg-link (link to .)
[1.301s] Installing du_communication_010 script to /home/swarm-team/ros2_ws/install/two_team_du_cnp/lib/two_team_du_cnp
[1.301s] Installing du_communication_011 script to /home/swarm-team/ros2_ws/install/two_team_du_cnp/lib/two_team_du_cnp
[1.301s] Installing du_communication_012 script to /home/swarm-team/ros2_ws/install/two_team_du_cnp/lib/two_team_du_cnp
[1.301s] Installing du_communication_013 script to /home/swarm-team/ros2_ws/install/two_team_du_cnp/lib/two_team_du_cnp
[1.301s] Installing du_communication_014 script to /home/swarm-team/ros2_ws/install/two_team_du_cnp/lib/two_team_du_cnp
[1.301s] Installing du_communication_015 script to /home/swarm-team/ros2_ws/install/two_team_du_cnp/lib/two_team_du_cnp
[1.301s] Installing du_communication_016 script to /home/swarm-team/ros2_ws/install/two_team_du_cnp/lib/two_team_du_cnp
[1.301s] Installing du_communication_017 script to /home/swarm-team/ros2_ws/install/two_team_du_cnp/lib/two_team_du_cnp
[1.301s] Installing du_communication_018 script to /home/swarm-team/ros2_ws/install/two_team_du_cnp/lib/two_team_du_cnp
[1.301s] Installing du_communication_080 script to /home/swarm-team/ros2_ws/install/two_team_du_cnp/lib/two_team_du_cnp
[1.301s] Installing du_controller_010 script to /home/swarm-team/ros2_ws/install/two_team_du_cnp/lib/two_team_du_cnp
[1.301s] Installing du_controller_011 script to /home/swarm-team/ros2_ws/install/two_team_du_cnp/lib/two_team_du_cnp
[1.301s] Installing du_controller_012 script to /home/swarm-team/ros2_ws/install/two_team_du_cnp/lib/two_team_du_cnp
[1.301s] Installing du_controller_013 script to /home/swarm-team/ros2_ws/install/two_team_du_cnp/lib/two_team_du_cnp
[1.301s] Installing du_controller_014 script to /home/swarm-team/ros2_ws/install/two_team_du_cnp/lib/two_team_du_cnp
[1.302s] Installing du_controller_015 script to /home/swarm-team/ros2_ws/install/two_team_du_cnp/lib/two_team_du_cnp
[1.302s] Installing du_controller_016 script to /home/swarm-team/ros2_ws/install/two_team_du_cnp/lib/two_team_du_cnp
[1.302s] Installing du_controller_017 script to /home/swarm-team/ros2_ws/install/two_team_du_cnp/lib/two_team_du_cnp
[1.302s] Installing du_controller_018 script to /home/swarm-team/ros2_ws/install/two_team_du_cnp/lib/two_team_du_cnp
[1.302s] Installing du_controller_080 script to /home/swarm-team/ros2_ws/install/two_team_du_cnp/lib/two_team_du_cnp
[1.302s] 
[1.302s] Installed /home/swarm-team/ros2_ws/build/two_team_du_cnp
[1.302s] running install_data
[1.302s] creating /home/swarm-team/ros2_ws/install/two_team_du_cnp/share/ament_index
[1.302s] creating /home/swarm-team/ros2_ws/install/two_team_du_cnp/share/ament_index/resource_index
[1.302s] creating /home/swarm-team/ros2_ws/install/two_team_du_cnp/share/ament_index/resource_index/packages
[1.302s] copying resource/two_team_du_cnp -> /home/swarm-team/ros2_ws/install/two_team_du_cnp/share/ament_index/resource_index/packages
[1.302s] copying package.xml -> /home/swarm-team/ros2_ws/install/two_team_du_cnp/share/two_team_du_cnp
[1.302s] copying launch/du.launch.py -> /home/swarm-team/ros2_ws/install/two_team_du_cnp/share/two_team_du_cnp
[1.316s] Invoked command in '/home/swarm-team/ros2_ws/build/two_team_du_cnp' returned '0': PYTHONPATH=/home/swarm-team/ros2_ws/build/two_team_du_cnp/prefix_override:/home/swarm-team/ros2_ws/install/two_team_du_cnp/lib/python3.8/site-packages:/home/swarm-team/ros2_ws/install/dump_messages/lib/python3.8/site-packages:/home/swarm-team/ros2_ws/build/two_team_ex_test:/home/swarm-team/ros2_ws/install/two_team_ex_test/lib/python3.8/site-packages:/home/swarm-team/ros2_ws/build/two_team_ex_stuck:/home/swarm-team/ros2_ws/install/two_team_ex_stuck/lib/python3.8/site-packages:/home/swarm-team/ros2_ws/build/two_team_du_test:/home/swarm-team/ros2_ws/install/two_team_du_test/lib/python3.8/site-packages:/home/swarm-team/ros2_ws/build/two_team_du_stuck:/home/swarm-team/ros2_ws/install/two_team_du_stuck/lib/python3.8/site-packages:/home/swarm-team/ros2_ws/build/three_team_ex_stuck:/home/swarm-team/ros2_ws/install/three_team_ex_stuck/lib/python3.8/site-packages:/home/swarm-team/ros2_ws/build/three_team_du_stuck:/home/swarm-team/ros2_ws/install/three_team_du_stuck/lib/python3.8/site-packages:/home/swarm-team/ros2_ws/build/testplay:/home/swarm-team/ros2_ws/install/testplay/lib/python3.8/site-packages:/home/swarm-team/ros2_ws/build/six_team_ex_stuck:/home/swarm-team/ros2_ws/install/six_team_ex_stuck/lib/python3.8/site-packages:/home/swarm-team/ros2_ws/build/six_team_du_stuck:/home/swarm-team/ros2_ws/install/six_team_du_stuck/lib/python3.8/site-packages:/home/swarm-team/ros2_ws/build/single_ex_sim_pkg_master:/home/swarm-team/ros2_ws/install/single_ex_sim_pkg_master/lib/python3.8/site-packages:/home/swarm-team/ros2_ws/build/single_ex_sim_pkg:/home/swarm-team/ros2_ws/install/single_ex_sim_pkg/lib/python3.8/site-packages:/home/swarm-team/ros2_ws/build/one_team_ex_stuck:/home/swarm-team/ros2_ws/install/one_team_ex_stuck/lib/python3.8/site-packages:/home/swarm-team/ros2_ws/build/one_team_ex_base_master:/home/swarm-team/ros2_ws/install/one_team_ex_base_master/lib/python3.8/site-packages:/home/swarm-team/ros2_ws/build/one_team_du_stuck:/home/swarm-team/ros2_ws/install/one_team_du_stuck/lib/python3.8/site-packages:/home/swarm-team/ros2_ws/build/one_team_du_base_master:/home/swarm-team/ros2_ws/install/one_team_du_base_master/lib/python3.8/site-packages:/home/swarm-team/ros2_ws/build/multi_du_udpcomm_02_pkg:/home/swarm-team/ros2_ws/install/multi_du_udpcomm_02_pkg/lib/python3.8/site-packages:/home/swarm-team/ros2_ws/build/multi_du_udpcomm_01_pkg:/home/swarm-team/ros2_ws/install/multi_du_udpcomm_01_pkg/lib/python3.8/site-packages:/home/swarm-team/ros2_ws/build/four_team_ex_stuck:/home/swarm-team/ros2_ws/install/four_team_ex_stuck/lib/python3.8/site-packages:/home/swarm-team/ros2_ws/build/four_team_du_stuck:/home/swarm-team/ros2_ws/install/four_team_du_stuck/lib/python3.8/site-packages:/opt/ros/foxy/lib/python3.8/site-packages /usr/bin/python3 setup.py develop --editable --build-directory /home/swarm-team/ros2_ws/build/two_team_du_cnp/build --no-deps install_data
