running develop
running egg_info
writing ../../build/six_team_du_stuck/six_team_du_stuck.egg-info/PKG-INFO
writing dependency_links to ../../build/six_team_du_stuck/six_team_du_stuck.egg-info/dependency_links.txt
writing entry points to ../../build/six_team_du_stuck/six_team_du_stuck.egg-info/entry_points.txt
writing requirements to ../../build/six_team_du_stuck/six_team_du_stuck.egg-info/requires.txt
writing top-level names to ../../build/six_team_du_stuck/six_team_du_stuck.egg-info/top_level.txt
reading manifest file '../../build/six_team_du_stuck/six_team_du_stuck.egg-info/SOURCES.txt'
writing manifest file '../../build/six_team_du_stuck/six_team_du_stuck.egg-info/SOURCES.txt'
running build
running build_py
copying six_team_du_stuck/du_controller_010_src.py -> /home/swarm-team/ros2_ws/build/six_team_du_stuck/build/lib/six_team_du_stuck
running install
running install_lib
copying /home/swarm-team/ros2_ws/build/six_team_du_stuck/build/lib/six_team_du_stuck/du_controller_010_src.py -> /home/swarm-team/ros2_ws/install/six_team_du_stuck/lib/python3.8/site-packages/six_team_du_stuck
byte-compiling /home/swarm-team/ros2_ws/install/six_team_du_stuck/lib/python3.8/site-packages/six_team_du_stuck/du_controller_010_src.py to du_controller_010_src.cpython-38.pyc
running install_data
running install_egg_info
removing '/home/swarm-team/ros2_ws/install/six_team_du_stuck/lib/python3.8/site-packages/six_team_du_stuck-0.0.0-py3.8.egg-info' (and everything under it)
Copying ../../build/six_team_du_stuck/six_team_du_stuck.egg-info to /home/swarm-team/ros2_ws/install/six_team_du_stuck/lib/python3.8/site-packages/six_team_du_stuck-0.0.0-py3.8.egg-info
running install_scripts
Installing du_communication_010 script to /home/swarm-team/ros2_ws/install/six_team_du_stuck/lib/six_team_du_stuck
Installing du_communication_011 script to /home/swarm-team/ros2_ws/install/six_team_du_stuck/lib/six_team_du_stuck
Installing du_communication_012 script to /home/swarm-team/ros2_ws/install/six_team_du_stuck/lib/six_team_du_stuck
Installing du_communication_013 script to /home/swarm-team/ros2_ws/install/six_team_du_stuck/lib/six_team_du_stuck
Installing du_communication_014 script to /home/swarm-team/ros2_ws/install/six_team_du_stuck/lib/six_team_du_stuck
Installing du_communication_015 script to /home/swarm-team/ros2_ws/install/six_team_du_stuck/lib/six_team_du_stuck
Installing du_communication_016 script to /home/swarm-team/ros2_ws/install/six_team_du_stuck/lib/six_team_du_stuck
Installing du_communication_017 script to /home/swarm-team/ros2_ws/install/six_team_du_stuck/lib/six_team_du_stuck
Installing du_communication_018 script to /home/swarm-team/ros2_ws/install/six_team_du_stuck/lib/six_team_du_stuck
Installing du_communication_019 script to /home/swarm-team/ros2_ws/install/six_team_du_stuck/lib/six_team_du_stuck
Installing du_communication_020 script to /home/swarm-team/ros2_ws/install/six_team_du_stuck/lib/six_team_du_stuck
Installing du_communication_021 script to /home/swarm-team/ros2_ws/install/six_team_du_stuck/lib/six_team_du_stuck
Installing du_communication_022 script to /home/swarm-team/ros2_ws/install/six_team_du_stuck/lib/six_team_du_stuck
Installing du_communication_023 script to /home/swarm-team/ros2_ws/install/six_team_du_stuck/lib/six_team_du_stuck
Installing du_communication_024 script to /home/swarm-team/ros2_ws/install/six_team_du_stuck/lib/six_team_du_stuck
Installing du_communication_025 script to /home/swarm-team/ros2_ws/install/six_team_du_stuck/lib/six_team_du_stuck
Installing du_communication_026 script to /home/swarm-team/ros2_ws/install/six_team_du_stuck/lib/six_team_du_stuck
Installing du_communication_027 script to /home/swarm-team/ros2_ws/install/six_team_du_stuck/lib/six_team_du_stuck
Installing du_communication_028 script to /home/swarm-team/ros2_ws/install/six_team_du_stuck/lib/six_team_du_stuck
Installing du_communication_029 script to /home/swarm-team/ros2_ws/install/six_team_du_stuck/lib/six_team_du_stuck
Installing du_communication_080 script to /home/swarm-team/ros2_ws/install/six_team_du_stuck/lib/six_team_du_stuck
Installing du_controller_010 script to /home/swarm-team/ros2_ws/install/six_team_du_stuck/lib/six_team_du_stuck
Installing du_controller_011 script to /home/swarm-team/ros2_ws/install/six_team_du_stuck/lib/six_team_du_stuck
Installing du_controller_012 script to /home/swarm-team/ros2_ws/install/six_team_du_stuck/lib/six_team_du_stuck
Installing du_controller_013 script to /home/swarm-team/ros2_ws/install/six_team_du_stuck/lib/six_team_du_stuck
Installing du_controller_014 script to /home/swarm-team/ros2_ws/install/six_team_du_stuck/lib/six_team_du_stuck
Installing du_controller_015 script to /home/swarm-team/ros2_ws/install/six_team_du_stuck/lib/six_team_du_stuck
Installing du_controller_016 script to /home/swarm-team/ros2_ws/install/six_team_du_stuck/lib/six_team_du_stuck
Installing du_controller_017 script to /home/swarm-team/ros2_ws/install/six_team_du_stuck/lib/six_team_du_stuck
Installing du_controller_018 script to /home/swarm-team/ros2_ws/install/six_team_du_stuck/lib/six_team_du_stuck
Installing du_controller_019 script to /home/swarm-team/ros2_ws/install/six_team_du_stuck/lib/six_team_du_stuck
Installing du_controller_020 script to /home/swarm-team/ros2_ws/install/six_team_du_stuck/lib/six_team_du_stuck
Installing du_controller_021 script to /home/swarm-team/ros2_ws/install/six_team_du_stuck/lib/six_team_du_stuck
Installing du_controller_022 script to /home/swarm-team/ros2_ws/install/six_team_du_stuck/lib/six_team_du_stuck
Installing du_controller_023 script to /home/swarm-team/ros2_ws/install/six_team_du_stuck/lib/six_team_du_stuck
Installing du_controller_024 script to /home/swarm-team/ros2_ws/install/six_team_du_stuck/lib/six_team_du_stuck
Installing du_controller_025 script to /home/swarm-team/ros2_ws/install/six_team_du_stuck/lib/six_team_du_stuck
Installing du_controller_026 script to /home/swarm-team/ros2_ws/install/six_team_du_stuck/lib/six_team_du_stuck
Installing du_controller_027 script to /home/swarm-team/ros2_ws/install/six_team_du_stuck/lib/six_team_du_stuck
Installing du_controller_028 script to /home/swarm-team/ros2_ws/install/six_team_du_stuck/lib/six_team_du_stuck
Installing du_controller_029 script to /home/swarm-team/ros2_ws/install/six_team_du_stuck/lib/six_team_du_stuck
Installing du_controller_080 script to /home/swarm-team/ros2_ws/install/six_team_du_stuck/lib/six_team_du_stuck
writing list of installed files to '/home/swarm-team/ros2_ws/build/six_team_du_stuck/install.log'
