[2.657s] Invoking command in '/home/swarm-team/ros2_ws/build/six_team_du_stuck': PYTHONPATH=/home/swarm-team/ros2_ws/build/six_team_du_stuck/prefix_override:/home/swarm-team/ros2_ws/install/six_team_du_stuck/lib/python3.8/site-packages:${PYTHONPATH} /usr/bin/python3 setup.py develop --editable --build-directory /home/swarm-team/ros2_ws/build/six_team_du_stuck/build --no-deps install_data
[2.813s] running develop
[2.884s] running egg_info
[2.884s] writing six_team_du_stuck.egg-info/PKG-INFO
[2.885s] writing dependency_links to six_team_du_stuck.egg-info/dependency_links.txt
[2.885s] writing entry points to six_team_du_stuck.egg-info/entry_points.txt
[2.885s] writing requirements to six_team_du_stuck.egg-info/requires.txt
[2.885s] writing top-level names to six_team_du_stuck.egg-info/top_level.txt
[2.922s] reading manifest file 'six_team_du_stuck.egg-info/SOURCES.txt'
[2.923s] writing manifest file 'six_team_du_stuck.egg-info/SOURCES.txt'
[2.961s] running build_ext
[2.961s] Creating /home/swarm-team/ros2_ws/install/six_team_du_stuck/lib/python3.8/site-packages/six-team-du-stuck.egg-link (link to .)
[2.962s] Installing du_communication_010 script to /home/swarm-team/ros2_ws/install/six_team_du_stuck/lib/six_team_du_stuck
[2.963s] Installing du_communication_011 script to /home/swarm-team/ros2_ws/install/six_team_du_stuck/lib/six_team_du_stuck
[2.963s] Installing du_communication_012 script to /home/swarm-team/ros2_ws/install/six_team_du_stuck/lib/six_team_du_stuck
[2.963s] Installing du_communication_013 script to /home/swarm-team/ros2_ws/install/six_team_du_stuck/lib/six_team_du_stuck
[2.963s] Installing du_communication_014 script to /home/swarm-team/ros2_ws/install/six_team_du_stuck/lib/six_team_du_stuck
[2.963s] Installing du_communication_015 script to /home/swarm-team/ros2_ws/install/six_team_du_stuck/lib/six_team_du_stuck
[2.963s] Installing du_communication_016 script to /home/swarm-team/ros2_ws/install/six_team_du_stuck/lib/six_team_du_stuck
[2.963s] Installing du_communication_017 script to /home/swarm-team/ros2_ws/install/six_team_du_stuck/lib/six_team_du_stuck
[2.964s] Installing du_communication_018 script to /home/swarm-team/ros2_ws/install/six_team_du_stuck/lib/six_team_du_stuck
[2.964s] Installing du_communication_019 script to /home/swarm-team/ros2_ws/install/six_team_du_stuck/lib/six_team_du_stuck
[2.964s] Installing du_communication_020 script to /home/swarm-team/ros2_ws/install/six_team_du_stuck/lib/six_team_du_stuck
[2.964s] Installing du_communication_021 script to /home/swarm-team/ros2_ws/install/six_team_du_stuck/lib/six_team_du_stuck
[2.964s] Installing du_communication_022 script to /home/swarm-team/ros2_ws/install/six_team_du_stuck/lib/six_team_du_stuck
[2.964s] Installing du_communication_023 script to /home/swarm-team/ros2_ws/install/six_team_du_stuck/lib/six_team_du_stuck
[2.965s] Installing du_communication_024 script to /home/swarm-team/ros2_ws/install/six_team_du_stuck/lib/six_team_du_stuck
[2.965s] Installing du_communication_025 script to /home/swarm-team/ros2_ws/install/six_team_du_stuck/lib/six_team_du_stuck
[2.965s] Installing du_communication_026 script to /home/swarm-team/ros2_ws/install/six_team_du_stuck/lib/six_team_du_stuck
[2.965s] Installing du_communication_027 script to /home/swarm-team/ros2_ws/install/six_team_du_stuck/lib/six_team_du_stuck
[2.965s] Installing du_communication_028 script to /home/swarm-team/ros2_ws/install/six_team_du_stuck/lib/six_team_du_stuck
[2.965s] Installing du_communication_029 script to /home/swarm-team/ros2_ws/install/six_team_du_stuck/lib/six_team_du_stuck
[2.965s] Installing du_communication_080 script to /home/swarm-team/ros2_ws/install/six_team_du_stuck/lib/six_team_du_stuck
[2.966s] Installing du_controller_010 script to /home/swarm-team/ros2_ws/install/six_team_du_stuck/lib/six_team_du_stuck
[2.966s] Installing du_controller_011 script to /home/swarm-team/ros2_ws/install/six_team_du_stuck/lib/six_team_du_stuck
[2.966s] Installing du_controller_012 script to /home/swarm-team/ros2_ws/install/six_team_du_stuck/lib/six_team_du_stuck
[2.966s] Installing du_controller_013 script to /home/swarm-team/ros2_ws/install/six_team_du_stuck/lib/six_team_du_stuck
[2.966s] Installing du_controller_014 script to /home/swarm-team/ros2_ws/install/six_team_du_stuck/lib/six_team_du_stuck
[2.966s] Installing du_controller_015 script to /home/swarm-team/ros2_ws/install/six_team_du_stuck/lib/six_team_du_stuck
[2.966s] Installing du_controller_016 script to /home/swarm-team/ros2_ws/install/six_team_du_stuck/lib/six_team_du_stuck
[2.966s] Installing du_controller_017 script to /home/swarm-team/ros2_ws/install/six_team_du_stuck/lib/six_team_du_stuck
[2.966s] Installing du_controller_018 script to /home/swarm-team/ros2_ws/install/six_team_du_stuck/lib/six_team_du_stuck
[2.966s] Installing du_controller_019 script to /home/swarm-team/ros2_ws/install/six_team_du_stuck/lib/six_team_du_stuck
[2.966s] Installing du_controller_020 script to /home/swarm-team/ros2_ws/install/six_team_du_stuck/lib/six_team_du_stuck
[2.966s] Installing du_controller_021 script to /home/swarm-team/ros2_ws/install/six_team_du_stuck/lib/six_team_du_stuck
[2.966s] Installing du_controller_022 script to /home/swarm-team/ros2_ws/install/six_team_du_stuck/lib/six_team_du_stuck
[2.966s] Installing du_controller_023 script to /home/swarm-team/ros2_ws/install/six_team_du_stuck/lib/six_team_du_stuck
[2.966s] Installing du_controller_024 script to /home/swarm-team/ros2_ws/install/six_team_du_stuck/lib/six_team_du_stuck
[2.967s] Installing du_controller_025 script to /home/swarm-team/ros2_ws/install/six_team_du_stuck/lib/six_team_du_stuck
[2.967s] Installing du_controller_026 script to /home/swarm-team/ros2_ws/install/six_team_du_stuck/lib/six_team_du_stuck
[2.967s] Installing du_controller_027 script to /home/swarm-team/ros2_ws/install/six_team_du_stuck/lib/six_team_du_stuck
[2.967s] Installing du_controller_028 script to /home/swarm-team/ros2_ws/install/six_team_du_stuck/lib/six_team_du_stuck
[2.967s] Installing du_controller_029 script to /home/swarm-team/ros2_ws/install/six_team_du_stuck/lib/six_team_du_stuck
[2.967s] Installing du_controller_080 script to /home/swarm-team/ros2_ws/install/six_team_du_stuck/lib/six_team_du_stuck
[2.967s] 
[2.967s] Installed /home/swarm-team/ros2_ws/build/six_team_du_stuck
[2.967s] running install_data
[3.026s] Invoked command in '/home/swarm-team/ros2_ws/build/six_team_du_stuck' returned '0': PYTHONPATH=/home/swarm-team/ros2_ws/build/six_team_du_stuck/prefix_override:/home/swarm-team/ros2_ws/install/six_team_du_stuck/lib/python3.8/site-packages:${PYTHONPATH} /usr/bin/python3 setup.py develop --editable --build-directory /home/swarm-team/ros2_ws/build/six_team_du_stuck/build --no-deps install_data
