[2.580s] Invoking command in '/home/swarm-team/ros2_ws/build/single_ex_sim_pkg_master': PYTHONPATH=/home/swarm-team/ros2_ws/build/single_ex_sim_pkg_master/prefix_override:/home/swarm-team/ros2_ws/install/single_ex_sim_pkg_master/lib/python3.8/site-packages:${PYTHONPATH} /usr/bin/python3 setup.py develop --editable --build-directory /home/swarm-team/ros2_ws/build/single_ex_sim_pkg_master/build --no-deps install_data
[2.880s] running develop
[2.967s] running egg_info
[2.967s] writing single_ex_sim_pkg_master.egg-info/PKG-INFO
[2.967s] writing dependency_links to single_ex_sim_pkg_master.egg-info/dependency_links.txt
[2.967s] writing entry points to single_ex_sim_pkg_master.egg-info/entry_points.txt
[2.967s] writing requirements to single_ex_sim_pkg_master.egg-info/requires.txt
[2.968s] writing top-level names to single_ex_sim_pkg_master.egg-info/top_level.txt
[2.983s] reading manifest file 'single_ex_sim_pkg_master.egg-info/SOURCES.txt'
[2.984s] writing manifest file 'single_ex_sim_pkg_master.egg-info/SOURCES.txt'
[3.001s] running build_ext
[3.001s] Creating /home/swarm-team/ros2_ws/install/single_ex_sim_pkg_master/lib/python3.8/site-packages/single-ex-sim-pkg-master.egg-link (link to .)
[3.002s] Installing ex_communication_000 script to /home/swarm-team/ros2_ws/install/single_ex_sim_pkg_master/lib/single_ex_sim_pkg_master
[3.002s] Installing ex_communication_001 script to /home/swarm-team/ros2_ws/install/single_ex_sim_pkg_master/lib/single_ex_sim_pkg_master
[3.002s] Installing ex_communication_003 script to /home/swarm-team/ros2_ws/install/single_ex_sim_pkg_master/lib/single_ex_sim_pkg_master
[3.003s] Installing ex_communication_test script to /home/swarm-team/ros2_ws/install/single_ex_sim_pkg_master/lib/single_ex_sim_pkg_master
[3.004s] Installing ex_controller_000 script to /home/swarm-team/ros2_ws/install/single_ex_sim_pkg_master/lib/single_ex_sim_pkg_master
[3.004s] Installing ex_controller_001 script to /home/swarm-team/ros2_ws/install/single_ex_sim_pkg_master/lib/single_ex_sim_pkg_master
[3.004s] Installing ex_controller_003 script to /home/swarm-team/ros2_ws/install/single_ex_sim_pkg_master/lib/single_ex_sim_pkg_master
[3.004s] Installing ex_controller_test script to /home/swarm-team/ros2_ws/install/single_ex_sim_pkg_master/lib/single_ex_sim_pkg_master
[3.005s] 
[3.005s] Installed /home/swarm-team/ros2_ws/build/single_ex_sim_pkg_master
[3.005s] running install_data
[3.015s] Invoked command in '/home/swarm-team/ros2_ws/build/single_ex_sim_pkg_master' returned '0': PYTHONPATH=/home/swarm-team/ros2_ws/build/single_ex_sim_pkg_master/prefix_override:/home/swarm-team/ros2_ws/install/single_ex_sim_pkg_master/lib/python3.8/site-packages:${PYTHONPATH} /usr/bin/python3 setup.py develop --editable --build-directory /home/swarm-team/ros2_ws/build/single_ex_sim_pkg_master/build --no-deps install_data
