[2.629s] Invoking command in '/home/swarm-team/ros2_ws/build/multi_du_udpcomm_01_pkg': PYTHONPATH=/home/swarm-team/ros2_ws/build/multi_du_udpcomm_01_pkg/prefix_override:/home/swarm-team/ros2_ws/install/multi_du_udpcomm_01_pkg/lib/python3.8/site-packages:${PYTHONPATH} /usr/bin/python3 setup.py develop --uninstall --editable --build-directory /home/swarm-team/ros2_ws/build/multi_du_udpcomm_01_pkg/build
[2.882s] running develop
[3.051s] Removing /home/swarm-team/ros2_ws/install/multi_du_udpcomm_01_pkg/lib/python3.8/site-packages/multi-du-udpcomm-01-pkg.egg-link (link to .)
[3.073s] Invoked command in '/home/swarm-team/ros2_ws/build/multi_du_udpcomm_01_pkg' returned '0': PYTHONPATH=/home/swarm-team/ros2_ws/build/multi_du_udpcomm_01_pkg/prefix_override:/home/swarm-team/ros2_ws/install/multi_du_udpcomm_01_pkg/lib/python3.8/site-packages:${PYTHONPATH} /usr/bin/python3 setup.py develop --uninstall --editable --build-directory /home/swarm-team/ros2_ws/build/multi_du_udpcomm_01_pkg/build
[3.075s] Invoking command in '/home/swarm-team/ros2_ws/src/multi_du_udpcomm_01_pkg-master': PYTHONPATH=/home/swarm-team/ros2_ws/build/multi_du_udpcomm_01_pkg/prefix_override:/home/swarm-team/ros2_ws/install/multi_du_udpcomm_01_pkg/lib/python3.8/site-packages:${PYTHONPATH} /usr/bin/python3 setup.py egg_info --egg-base ../../build/multi_du_udpcomm_01_pkg build --build-base /home/swarm-team/ros2_ws/build/multi_du_udpcomm_01_pkg/build install --record /home/swarm-team/ros2_ws/build/multi_du_udpcomm_01_pkg/install.log --install-scripts $base/lib/multi_du_udpcomm_01_pkg --single-version-externally-managed
[3.258s] running egg_info
[3.259s] writing ../../build/multi_du_udpcomm_01_pkg/multi_du_udpcomm_01_pkg.egg-info/PKG-INFO
[3.259s] writing dependency_links to ../../build/multi_du_udpcomm_01_pkg/multi_du_udpcomm_01_pkg.egg-info/dependency_links.txt
[3.259s] writing entry points to ../../build/multi_du_udpcomm_01_pkg/multi_du_udpcomm_01_pkg.egg-info/entry_points.txt
[3.259s] writing requirements to ../../build/multi_du_udpcomm_01_pkg/multi_du_udpcomm_01_pkg.egg-info/requires.txt
[3.259s] writing top-level names to ../../build/multi_du_udpcomm_01_pkg/multi_du_udpcomm_01_pkg.egg-info/top_level.txt
[3.283s] reading manifest file '../../build/multi_du_udpcomm_01_pkg/multi_du_udpcomm_01_pkg.egg-info/SOURCES.txt'
[3.284s] writing manifest file '../../build/multi_du_udpcomm_01_pkg/multi_du_udpcomm_01_pkg.egg-info/SOURCES.txt'
[3.286s] running build
[3.287s] running build_py
[3.287s] creating /home/swarm-team/ros2_ws/build/multi_du_udpcomm_01_pkg/build
[3.287s] creating /home/swarm-team/ros2_ws/build/multi_du_udpcomm_01_pkg/build/lib
[3.287s] creating /home/swarm-team/ros2_ws/build/multi_du_udpcomm_01_pkg/build/lib/multi_du_udpcomm_01_pkg
[3.287s] copying multi_du_udpcomm_01_pkg/du_controller_014_src.py -> /home/swarm-team/ros2_ws/build/multi_du_udpcomm_01_pkg/build/lib/multi_du_udpcomm_01_pkg
[3.288s] copying multi_du_udpcomm_01_pkg/du_controller_015_src.py -> /home/swarm-team/ros2_ws/build/multi_du_udpcomm_01_pkg/build/lib/multi_du_udpcomm_01_pkg
[3.288s] copying multi_du_udpcomm_01_pkg/du_communication_014_src.py -> /home/swarm-team/ros2_ws/build/multi_du_udpcomm_01_pkg/build/lib/multi_du_udpcomm_01_pkg
[3.288s] copying multi_du_udpcomm_01_pkg/du_controller_013_src.py -> /home/swarm-team/ros2_ws/build/multi_du_udpcomm_01_pkg/build/lib/multi_du_udpcomm_01_pkg
[3.288s] copying multi_du_udpcomm_01_pkg/__init__.py -> /home/swarm-team/ros2_ws/build/multi_du_udpcomm_01_pkg/build/lib/multi_du_udpcomm_01_pkg
[3.288s] copying multi_du_udpcomm_01_pkg/du_communication_015_src.py -> /home/swarm-team/ros2_ws/build/multi_du_udpcomm_01_pkg/build/lib/multi_du_udpcomm_01_pkg
[3.288s] copying multi_du_udpcomm_01_pkg/du_communication_013_src.py -> /home/swarm-team/ros2_ws/build/multi_du_udpcomm_01_pkg/build/lib/multi_du_udpcomm_01_pkg
[3.288s] running install
[3.291s] running install_lib
[3.291s] creating /home/swarm-team/ros2_ws/install/multi_du_udpcomm_01_pkg/lib/python3.8/site-packages/multi_du_udpcomm_01_pkg
[3.291s] copying /home/swarm-team/ros2_ws/build/multi_du_udpcomm_01_pkg/build/lib/multi_du_udpcomm_01_pkg/du_controller_014_src.py -> /home/swarm-team/ros2_ws/install/multi_du_udpcomm_01_pkg/lib/python3.8/site-packages/multi_du_udpcomm_01_pkg
[3.291s] copying /home/swarm-team/ros2_ws/build/multi_du_udpcomm_01_pkg/build/lib/multi_du_udpcomm_01_pkg/du_controller_015_src.py -> /home/swarm-team/ros2_ws/install/multi_du_udpcomm_01_pkg/lib/python3.8/site-packages/multi_du_udpcomm_01_pkg
[3.291s] copying /home/swarm-team/ros2_ws/build/multi_du_udpcomm_01_pkg/build/lib/multi_du_udpcomm_01_pkg/du_communication_014_src.py -> /home/swarm-team/ros2_ws/install/multi_du_udpcomm_01_pkg/lib/python3.8/site-packages/multi_du_udpcomm_01_pkg
[3.292s] copying /home/swarm-team/ros2_ws/build/multi_du_udpcomm_01_pkg/build/lib/multi_du_udpcomm_01_pkg/du_controller_013_src.py -> /home/swarm-team/ros2_ws/install/multi_du_udpcomm_01_pkg/lib/python3.8/site-packages/multi_du_udpcomm_01_pkg
[3.292s] copying /home/swarm-team/ros2_ws/build/multi_du_udpcomm_01_pkg/build/lib/multi_du_udpcomm_01_pkg/__init__.py -> /home/swarm-team/ros2_ws/install/multi_du_udpcomm_01_pkg/lib/python3.8/site-packages/multi_du_udpcomm_01_pkg
[3.292s] copying /home/swarm-team/ros2_ws/build/multi_du_udpcomm_01_pkg/build/lib/multi_du_udpcomm_01_pkg/du_communication_015_src.py -> /home/swarm-team/ros2_ws/install/multi_du_udpcomm_01_pkg/lib/python3.8/site-packages/multi_du_udpcomm_01_pkg
[3.293s] copying /home/swarm-team/ros2_ws/build/multi_du_udpcomm_01_pkg/build/lib/multi_du_udpcomm_01_pkg/du_communication_013_src.py -> /home/swarm-team/ros2_ws/install/multi_du_udpcomm_01_pkg/lib/python3.8/site-packages/multi_du_udpcomm_01_pkg
[3.294s] byte-compiling /home/swarm-team/ros2_ws/install/multi_du_udpcomm_01_pkg/lib/python3.8/site-packages/multi_du_udpcomm_01_pkg/du_controller_014_src.py to du_controller_014_src.cpython-38.pyc
[3.295s] byte-compiling /home/swarm-team/ros2_ws/install/multi_du_udpcomm_01_pkg/lib/python3.8/site-packages/multi_du_udpcomm_01_pkg/du_controller_015_src.py to du_controller_015_src.cpython-38.pyc
[3.295s] byte-compiling /home/swarm-team/ros2_ws/install/multi_du_udpcomm_01_pkg/lib/python3.8/site-packages/multi_du_udpcomm_01_pkg/du_communication_014_src.py to du_communication_014_src.cpython-38.pyc
[3.295s] byte-compiling /home/swarm-team/ros2_ws/install/multi_du_udpcomm_01_pkg/lib/python3.8/site-packages/multi_du_udpcomm_01_pkg/du_controller_013_src.py to du_controller_013_src.cpython-38.pyc
[3.295s] byte-compiling /home/swarm-team/ros2_ws/install/multi_du_udpcomm_01_pkg/lib/python3.8/site-packages/multi_du_udpcomm_01_pkg/__init__.py to __init__.cpython-38.pyc
[3.295s] byte-compiling /home/swarm-team/ros2_ws/install/multi_du_udpcomm_01_pkg/lib/python3.8/site-packages/multi_du_udpcomm_01_pkg/du_communication_015_src.py to du_communication_015_src.cpython-38.pyc
[3.296s] byte-compiling /home/swarm-team/ros2_ws/install/multi_du_udpcomm_01_pkg/lib/python3.8/site-packages/multi_du_udpcomm_01_pkg/du_communication_013_src.py to du_communication_013_src.cpython-38.pyc
[3.296s] running install_data
[3.296s] running install_egg_info
[3.296s] Copying ../../build/multi_du_udpcomm_01_pkg/multi_du_udpcomm_01_pkg.egg-info to /home/swarm-team/ros2_ws/install/multi_du_udpcomm_01_pkg/lib/python3.8/site-packages/multi_du_udpcomm_01_pkg-0.0.0-py3.8.egg-info
[3.296s] running install_scripts
[3.301s] Installing du_communication_013 script to /home/swarm-team/ros2_ws/install/multi_du_udpcomm_01_pkg/lib/multi_du_udpcomm_01_pkg
[3.302s] Installing du_communication_014 script to /home/swarm-team/ros2_ws/install/multi_du_udpcomm_01_pkg/lib/multi_du_udpcomm_01_pkg
[3.302s] Installing du_communication_015 script to /home/swarm-team/ros2_ws/install/multi_du_udpcomm_01_pkg/lib/multi_du_udpcomm_01_pkg
[3.302s] Installing du_controller_013 script to /home/swarm-team/ros2_ws/install/multi_du_udpcomm_01_pkg/lib/multi_du_udpcomm_01_pkg
[3.302s] Installing du_controller_014 script to /home/swarm-team/ros2_ws/install/multi_du_udpcomm_01_pkg/lib/multi_du_udpcomm_01_pkg
[3.302s] Installing du_controller_015 script to /home/swarm-team/ros2_ws/install/multi_du_udpcomm_01_pkg/lib/multi_du_udpcomm_01_pkg
[3.302s] writing list of installed files to '/home/swarm-team/ros2_ws/build/multi_du_udpcomm_01_pkg/install.log'
[3.340s] Invoked command in '/home/swarm-team/ros2_ws/src/multi_du_udpcomm_01_pkg-master' returned '0': PYTHONPATH=/home/swarm-team/ros2_ws/build/multi_du_udpcomm_01_pkg/prefix_override:/home/swarm-team/ros2_ws/install/multi_du_udpcomm_01_pkg/lib/python3.8/site-packages:${PYTHONPATH} /usr/bin/python3 setup.py egg_info --egg-base ../../build/multi_du_udpcomm_01_pkg build --build-base /home/swarm-team/ros2_ws/build/multi_du_udpcomm_01_pkg/build install --record /home/swarm-team/ros2_ws/build/multi_du_udpcomm_01_pkg/install.log --install-scripts $base/lib/multi_du_udpcomm_01_pkg --single-version-externally-managed
