[2.719s] Invoking command in '/home/swarm-team/ros2_ws/build/three_team_ex_stuck': PYTHONPATH=/home/swarm-team/ros2_ws/build/three_team_ex_stuck/prefix_override:/home/swarm-team/ros2_ws/install/three_team_ex_stuck/lib/python3.8/site-packages:${PYTHONPATH} /usr/bin/python3 setup.py develop --uninstall --editable --build-directory /home/swarm-team/ros2_ws/build/three_team_ex_stuck/build
[2.949s] running develop
[3.062s] Invoked command in '/home/swarm-team/ros2_ws/build/three_team_ex_stuck' returned '0': PYTHONPATH=/home/swarm-team/ros2_ws/build/three_team_ex_stuck/prefix_override:/home/swarm-team/ros2_ws/install/three_team_ex_stuck/lib/python3.8/site-packages:${PYTHONPATH} /usr/bin/python3 setup.py develop --uninstall --editable --build-directory /home/swarm-team/ros2_ws/build/three_team_ex_stuck/build
[3.063s] Invoking command in '/home/swarm-team/ros2_ws/src/three_team_ex_stuck': PYTHONPATH=/home/swarm-team/ros2_ws/build/three_team_ex_stuck/prefix_override:/home/swarm-team/ros2_ws/install/three_team_ex_stuck/lib/python3.8/site-packages:${PYTHONPATH} /usr/bin/python3 setup.py egg_info --egg-base ../../build/three_team_ex_stuck build --build-base /home/swarm-team/ros2_ws/build/three_team_ex_stuck/build install --record /home/swarm-team/ros2_ws/build/three_team_ex_stuck/install.log --install-scripts $base/lib/three_team_ex_stuck --single-version-externally-managed
[3.243s] running egg_info
[3.243s] writing ../../build/three_team_ex_stuck/three_team_ex_stuck.egg-info/PKG-INFO
[3.243s] writing dependency_links to ../../build/three_team_ex_stuck/three_team_ex_stuck.egg-info/dependency_links.txt
[3.243s] writing entry points to ../../build/three_team_ex_stuck/three_team_ex_stuck.egg-info/entry_points.txt
[3.243s] writing requirements to ../../build/three_team_ex_stuck/three_team_ex_stuck.egg-info/requires.txt
[3.243s] writing top-level names to ../../build/three_team_ex_stuck/three_team_ex_stuck.egg-info/top_level.txt
[3.263s] reading manifest file '../../build/three_team_ex_stuck/three_team_ex_stuck.egg-info/SOURCES.txt'
[3.263s] writing manifest file '../../build/three_team_ex_stuck/three_team_ex_stuck.egg-info/SOURCES.txt'
[3.267s] running build
[3.267s] running build_py
[3.267s] running install
[3.268s] running install_lib
[3.269s] running install_data
[3.269s] running install_egg_info
[3.269s] removing '/home/swarm-team/ros2_ws/install/three_team_ex_stuck/lib/python3.8/site-packages/three_team_ex_stuck-0.0.0-py3.8.egg-info' (and everything under it)
[3.269s] Copying ../../build/three_team_ex_stuck/three_team_ex_stuck.egg-info to /home/swarm-team/ros2_ws/install/three_team_ex_stuck/lib/python3.8/site-packages/three_team_ex_stuck-0.0.0-py3.8.egg-info
[3.269s] running install_scripts
[3.277s] Installing ex_communication_000 script to /home/swarm-team/ros2_ws/install/three_team_ex_stuck/lib/three_team_ex_stuck
[3.277s] Installing ex_communication_001 script to /home/swarm-team/ros2_ws/install/three_team_ex_stuck/lib/three_team_ex_stuck
[3.277s] Installing ex_communication_003 script to /home/swarm-team/ros2_ws/install/three_team_ex_stuck/lib/three_team_ex_stuck
[3.278s] Installing ex_communication_004 script to /home/swarm-team/ros2_ws/install/three_team_ex_stuck/lib/three_team_ex_stuck
[3.278s] Installing ex_communication_test script to /home/swarm-team/ros2_ws/install/three_team_ex_stuck/lib/three_team_ex_stuck
[3.278s] Installing ex_controller_000 script to /home/swarm-team/ros2_ws/install/three_team_ex_stuck/lib/three_team_ex_stuck
[3.278s] Installing ex_controller_001 script to /home/swarm-team/ros2_ws/install/three_team_ex_stuck/lib/three_team_ex_stuck
[3.278s] Installing ex_controller_003 script to /home/swarm-team/ros2_ws/install/three_team_ex_stuck/lib/three_team_ex_stuck
[3.278s] Installing ex_controller_004 script to /home/swarm-team/ros2_ws/install/three_team_ex_stuck/lib/three_team_ex_stuck
[3.278s] Installing ex_controller_test script to /home/swarm-team/ros2_ws/install/three_team_ex_stuck/lib/three_team_ex_stuck
[3.278s] writing list of installed files to '/home/swarm-team/ros2_ws/build/three_team_ex_stuck/install.log'
[3.312s] Invoked command in '/home/swarm-team/ros2_ws/src/three_team_ex_stuck' returned '0': PYTHONPATH=/home/swarm-team/ros2_ws/build/three_team_ex_stuck/prefix_override:/home/swarm-team/ros2_ws/install/three_team_ex_stuck/lib/python3.8/site-packages:${PYTHONPATH} /usr/bin/python3 setup.py egg_info --egg-base ../../build/three_team_ex_stuck build --build-base /home/swarm-team/ros2_ws/build/three_team_ex_stuck/build install --record /home/swarm-team/ros2_ws/build/three_team_ex_stuck/install.log --install-scripts $base/lib/three_team_ex_stuck --single-version-externally-managed
