[2.976s] Invoking command in '/home/swarm-team/ros2_ws/build/six_team_ex_stuck': PYTHONPATH=/home/swarm-team/ros2_ws/build/six_team_ex_stuck/prefix_override:/home/swarm-team/ros2_ws/install/six_team_ex_stuck/lib/python3.8/site-packages:${PYTHONPATH} /usr/bin/python3 setup.py develop --editable --build-directory /home/swarm-team/ros2_ws/build/six_team_ex_stuck/build --no-deps install_data
[3.563s] running develop
[3.564s] running egg_info
[3.564s] writing six_team_ex_stuck.egg-info/PKG-INFO
[3.564s] writing dependency_links to six_team_ex_stuck.egg-info/dependency_links.txt
[3.564s] writing entry points to six_team_ex_stuck.egg-info/entry_points.txt
[3.566s] writing requirements to six_team_ex_stuck.egg-info/requires.txt
[3.566s] writing top-level names to six_team_ex_stuck.egg-info/top_level.txt
[3.566s] reading manifest file 'six_team_ex_stuck.egg-info/SOURCES.txt'
[3.566s] writing manifest file 'six_team_ex_stuck.egg-info/SOURCES.txt'
[3.566s] running build_ext
[3.566s] Creating /home/swarm-team/ros2_ws/install/six_team_ex_stuck/lib/python3.8/site-packages/six-team-ex-stuck.egg-link (link to .)
[3.566s] Installing ex_communication_000 script to /home/swarm-team/ros2_ws/install/six_team_ex_stuck/lib/six_team_ex_stuck
[3.566s] Installing ex_communication_001 script to /home/swarm-team/ros2_ws/install/six_team_ex_stuck/lib/six_team_ex_stuck
[3.566s] Installing ex_communication_003 script to /home/swarm-team/ros2_ws/install/six_team_ex_stuck/lib/six_team_ex_stuck
[3.567s] Installing ex_communication_004 script to /home/swarm-team/ros2_ws/install/six_team_ex_stuck/lib/six_team_ex_stuck
[3.567s] Installing ex_communication_005 script to /home/swarm-team/ros2_ws/install/six_team_ex_stuck/lib/six_team_ex_stuck
[3.567s] Installing ex_communication_006 script to /home/swarm-team/ros2_ws/install/six_team_ex_stuck/lib/six_team_ex_stuck
[3.567s] Installing ex_communication_007 script to /home/swarm-team/ros2_ws/install/six_team_ex_stuck/lib/six_team_ex_stuck
[3.568s] Installing ex_communication_test script to /home/swarm-team/ros2_ws/install/six_team_ex_stuck/lib/six_team_ex_stuck
[3.568s] Installing ex_controller_000 script to /home/swarm-team/ros2_ws/install/six_team_ex_stuck/lib/six_team_ex_stuck
[3.568s] Installing ex_controller_001 script to /home/swarm-team/ros2_ws/install/six_team_ex_stuck/lib/six_team_ex_stuck
[3.569s] Installing ex_controller_003 script to /home/swarm-team/ros2_ws/install/six_team_ex_stuck/lib/six_team_ex_stuck
[3.570s] Installing ex_controller_004 script to /home/swarm-team/ros2_ws/install/six_team_ex_stuck/lib/six_team_ex_stuck
[3.570s] Installing ex_controller_005 script to /home/swarm-team/ros2_ws/install/six_team_ex_stuck/lib/six_team_ex_stuck
[3.570s] Installing ex_controller_006 script to /home/swarm-team/ros2_ws/install/six_team_ex_stuck/lib/six_team_ex_stuck
[3.570s] Installing ex_controller_007 script to /home/swarm-team/ros2_ws/install/six_team_ex_stuck/lib/six_team_ex_stuck
[3.571s] Installing ex_controller_test script to /home/swarm-team/ros2_ws/install/six_team_ex_stuck/lib/six_team_ex_stuck
[3.571s] 
[3.571s] Installed /home/swarm-team/ros2_ws/build/six_team_ex_stuck
[3.571s] running install_data
[3.637s] Invoked command in '/home/swarm-team/ros2_ws/build/six_team_ex_stuck' returned '0': PYTHONPATH=/home/swarm-team/ros2_ws/build/six_team_ex_stuck/prefix_override:/home/swarm-team/ros2_ws/install/six_team_ex_stuck/lib/python3.8/site-packages:${PYTHONPATH} /usr/bin/python3 setup.py develop --editable --build-directory /home/swarm-team/ros2_ws/build/six_team_ex_stuck/build --no-deps install_data
