[3.285s] Invoking command in '/home/swarm-team/ros2_ws/build/multi_du_udpcomm_01_pkg': PYTHONPATH=/home/swarm-team/ros2_ws/build/multi_du_udpcomm_01_pkg/prefix_override:/home/swarm-team/ros2_ws/install/multi_du_udpcomm_01_pkg/lib/python3.8/site-packages:${PYTHONPATH} /usr/bin/python3 setup.py develop --editable --build-directory /home/swarm-team/ros2_ws/build/multi_du_udpcomm_01_pkg/build --no-deps install_data
[3.479s] running develop
[3.549s] running egg_info
[3.549s] writing multi_du_udpcomm_01_pkg.egg-info/PKG-INFO
[3.550s] writing dependency_links to multi_du_udpcomm_01_pkg.egg-info/dependency_links.txt
[3.550s] writing entry points to multi_du_udpcomm_01_pkg.egg-info/entry_points.txt
[3.550s] writing requirements to multi_du_udpcomm_01_pkg.egg-info/requires.txt
[3.550s] writing top-level names to multi_du_udpcomm_01_pkg.egg-info/top_level.txt
[3.588s] reading manifest file 'multi_du_udpcomm_01_pkg.egg-info/SOURCES.txt'
[3.589s] writing manifest file 'multi_du_udpcomm_01_pkg.egg-info/SOURCES.txt'
[3.633s] running build_ext
[3.633s] Creating /home/swarm-team/ros2_ws/install/multi_du_udpcomm_01_pkg/lib/python3.8/site-packages/multi-du-udpcomm-01-pkg.egg-link (link to .)
[3.634s] Installing du_communication_013 script to /home/swarm-team/ros2_ws/install/multi_du_udpcomm_01_pkg/lib/multi_du_udpcomm_01_pkg
[3.634s] Installing du_communication_014 script to /home/swarm-team/ros2_ws/install/multi_du_udpcomm_01_pkg/lib/multi_du_udpcomm_01_pkg
[3.634s] Installing du_communication_015 script to /home/swarm-team/ros2_ws/install/multi_du_udpcomm_01_pkg/lib/multi_du_udpcomm_01_pkg
[3.634s] Installing du_controller_013 script to /home/swarm-team/ros2_ws/install/multi_du_udpcomm_01_pkg/lib/multi_du_udpcomm_01_pkg
[3.634s] Installing du_controller_014 script to /home/swarm-team/ros2_ws/install/multi_du_udpcomm_01_pkg/lib/multi_du_udpcomm_01_pkg
[3.634s] Installing du_controller_015 script to /home/swarm-team/ros2_ws/install/multi_du_udpcomm_01_pkg/lib/multi_du_udpcomm_01_pkg
[3.635s] 
[3.635s] Installed /home/swarm-team/ros2_ws/build/multi_du_udpcomm_01_pkg
[3.635s] running install_data
[3.703s] Invoked command in '/home/swarm-team/ros2_ws/build/multi_du_udpcomm_01_pkg' returned '0': PYTHONPATH=/home/swarm-team/ros2_ws/build/multi_du_udpcomm_01_pkg/prefix_override:/home/swarm-team/ros2_ws/install/multi_du_udpcomm_01_pkg/lib/python3.8/site-packages:${PYTHONPATH} /usr/bin/python3 setup.py develop --editable --build-directory /home/swarm-team/ros2_ws/build/multi_du_udpcomm_01_pkg/build --no-deps install_data
