[2.631s] Invoking command in '/home/swarm-team/ros2_ws/build/three_team_ex_stuck': PYTHONPATH=/home/swarm-team/ros2_ws/build/three_team_ex_stuck/prefix_override:/home/swarm-team/ros2_ws/install/three_team_ex_stuck/lib/python3.8/site-packages:${PYTHONPATH} /usr/bin/python3 setup.py develop --uninstall --editable --build-directory /home/swarm-team/ros2_ws/build/three_team_ex_stuck/build
[2.802s] running develop
[2.896s] Invoked command in '/home/swarm-team/ros2_ws/build/three_team_ex_stuck' returned '0': PYTHONPATH=/home/swarm-team/ros2_ws/build/three_team_ex_stuck/prefix_override:/home/swarm-team/ros2_ws/install/three_team_ex_stuck/lib/python3.8/site-packages:${PYTHONPATH} /usr/bin/python3 setup.py develop --uninstall --editable --build-directory /home/swarm-team/ros2_ws/build/three_team_ex_stuck/build
[2.897s] Invoking command in '/home/swarm-team/ros2_ws/src/three_team_ex_stuck': PYTHONPATH=/home/swarm-team/ros2_ws/build/three_team_ex_stuck/prefix_override:/home/swarm-team/ros2_ws/install/three_team_ex_stuck/lib/python3.8/site-packages:${PYTHONPATH} /usr/bin/python3 setup.py egg_info --egg-base ../../build/three_team_ex_stuck build --build-base /home/swarm-team/ros2_ws/build/three_team_ex_stuck/build install --record /home/swarm-team/ros2_ws/build/three_team_ex_stuck/install.log --install-scripts $base/lib/three_team_ex_stuck --single-version-externally-managed
[3.069s] running egg_info
[3.069s] writing ../../build/three_team_ex_stuck/three_team_ex_stuck.egg-info/PKG-INFO
[3.070s] writing dependency_links to ../../build/three_team_ex_stuck/three_team_ex_stuck.egg-info/dependency_links.txt
[3.070s] writing entry points to ../../build/three_team_ex_stuck/three_team_ex_stuck.egg-info/entry_points.txt
[3.070s] writing requirements to ../../build/three_team_ex_stuck/three_team_ex_stuck.egg-info/requires.txt
[3.070s] writing top-level names to ../../build/three_team_ex_stuck/three_team_ex_stuck.egg-info/top_level.txt
[3.092s] reading manifest file '../../build/three_team_ex_stuck/three_team_ex_stuck.egg-info/SOURCES.txt'
[3.093s] writing manifest file '../../build/three_team_ex_stuck/three_team_ex_stuck.egg-info/SOURCES.txt'
[3.093s] running build
[3.093s] running build_py
[3.093s] running install
[3.094s] running install_lib
[3.095s] running install_data
[3.096s] running install_egg_info
[3.097s] removing '/home/swarm-team/ros2_ws/install/three_team_ex_stuck/lib/python3.8/site-packages/three_team_ex_stuck-0.0.0-py3.8.egg-info' (and everything under it)
[3.097s] Copying ../../build/three_team_ex_stuck/three_team_ex_stuck.egg-info to /home/swarm-team/ros2_ws/install/three_team_ex_stuck/lib/python3.8/site-packages/three_team_ex_stuck-0.0.0-py3.8.egg-info
[3.097s] running install_scripts
[3.109s] Installing ex_communication_000 script to /home/swarm-team/ros2_ws/install/three_team_ex_stuck/lib/three_team_ex_stuck
[3.109s] Installing ex_communication_001 script to /home/swarm-team/ros2_ws/install/three_team_ex_stuck/lib/three_team_ex_stuck
[3.109s] Installing ex_communication_003 script to /home/swarm-team/ros2_ws/install/three_team_ex_stuck/lib/three_team_ex_stuck
[3.109s] Installing ex_communication_004 script to /home/swarm-team/ros2_ws/install/three_team_ex_stuck/lib/three_team_ex_stuck
[3.109s] Installing ex_communication_test script to /home/swarm-team/ros2_ws/install/three_team_ex_stuck/lib/three_team_ex_stuck
[3.109s] Installing ex_controller_000 script to /home/swarm-team/ros2_ws/install/three_team_ex_stuck/lib/three_team_ex_stuck
[3.109s] Installing ex_controller_001 script to /home/swarm-team/ros2_ws/install/three_team_ex_stuck/lib/three_team_ex_stuck
[3.109s] Installing ex_controller_003 script to /home/swarm-team/ros2_ws/install/three_team_ex_stuck/lib/three_team_ex_stuck
[3.110s] Installing ex_controller_004 script to /home/swarm-team/ros2_ws/install/three_team_ex_stuck/lib/three_team_ex_stuck
[3.110s] Installing ex_controller_test script to /home/swarm-team/ros2_ws/install/three_team_ex_stuck/lib/three_team_ex_stuck
[3.110s] writing list of installed files to '/home/swarm-team/ros2_ws/build/three_team_ex_stuck/install.log'
[3.137s] Invoked command in '/home/swarm-team/ros2_ws/src/three_team_ex_stuck' returned '0': PYTHONPATH=/home/swarm-team/ros2_ws/build/three_team_ex_stuck/prefix_override:/home/swarm-team/ros2_ws/install/three_team_ex_stuck/lib/python3.8/site-packages:${PYTHONPATH} /usr/bin/python3 setup.py egg_info --egg-base ../../build/three_team_ex_stuck build --build-base /home/swarm-team/ros2_ws/build/three_team_ex_stuck/build install --record /home/swarm-team/ros2_ws/build/three_team_ex_stuck/install.log --install-scripts $base/lib/three_team_ex_stuck --single-version-externally-managed
