[0.149s] DEBUG:colcon:Command line arguments: ['/usr/bin/colcon', 'build', '--symlink-install']
[0.149s] DEBUG:colcon:Parsed command line arguments: Namespace(allow_overriding=[], ament_cmake_args=None, base_paths=['.'], build_base='build', catkin_cmake_args=None, catkin_skip_building_tests=False, cmake_args=None, cmake_clean_cache=False, cmake_clean_first=False, cmake_force_configure=False, cmake_target=None, cmake_target_skip_unavailable=False, continue_on_error=False, event_handlers=None, executor='parallel', ignore_user_meta=False, install_base='install', log_base=None, log_level=None, main=<bound method BuildVerb.main of <colcon_core.verb.build.BuildVerb object at 0x7f52f4116550>>, merge_install=False, metas=['./colcon.meta'], packages_above=None, packages_above_and_dependencies=None, packages_above_depth=None, packages_end=None, packages_ignore=None, packages_ignore_regex=None, packages_select=None, packages_select_build_failed=False, packages_select_by_dep=None, packages_select_regex=None, packages_select_test_failures=False, packages_skip=None, packages_skip_build_finished=False, packages_skip_by_dep=None, packages_skip_regex=None, packages_skip_test_passed=False, packages_skip_up_to=None, packages_start=None, packages_up_to=None, packages_up_to_regex=None, parallel_workers=20, paths=None, symlink_install=True, test_result_base=None, verb_extension=<colcon_core.verb.build.BuildVerb object at 0x7f52f4116550>, verb_name='build', verb_parser=<colcon_defaults.argument_parser.defaults.DefaultArgumentsDecorator object at 0x7f52f4116a90>)
[0.162s] Level 1:colcon.colcon_core.package_discovery:discover_packages(colcon_meta) check parameters
[0.162s] Level 1:colcon.colcon_core.package_discovery:discover_packages(recursive) check parameters
[0.163s] Level 1:colcon.colcon_core.package_discovery:discover_packages(ignore) check parameters
[0.163s] Level 1:colcon.colcon_core.package_discovery:discover_packages(path) check parameters
[0.163s] Level 1:colcon.colcon_core.package_discovery:discover_packages(colcon_meta) discover
[0.163s] Level 1:colcon.colcon_core.package_discovery:discover_packages(recursive) discover
[0.163s] INFO:colcon.colcon_core.package_discovery:Crawling recursively for packages in '/home/swarm-team/ros2_ws'
[0.163s] Level 1:colcon.colcon_core.package_identification:_identify(.) by extensions ['ignore', 'ignore_ament_install']
[0.163s] Level 1:colcon.colcon_core.package_identification:_identify(.) by extension 'ignore'
[0.163s] Level 1:colcon.colcon_core.package_identification:_identify(.) by extension 'ignore_ament_install'
[0.163s] Level 1:colcon.colcon_core.package_identification:_identify(.) by extensions ['colcon_pkg']
[0.163s] Level 1:colcon.colcon_core.package_identification:_identify(.) by extension 'colcon_pkg'
[0.163s] Level 1:colcon.colcon_core.package_identification:_identify(.) by extensions ['colcon_meta']
[0.163s] Level 1:colcon.colcon_core.package_identification:_identify(.) by extension 'colcon_meta'
[0.163s] Level 1:colcon.colcon_core.package_identification:_identify(.) by extensions ['ros']
[0.163s] Level 1:colcon.colcon_core.package_identification:_identify(.) by extension 'ros'
[0.172s] Level 1:colcon.colcon_core.package_identification:_identify(.) by extensions ['cmake', 'python']
[0.172s] Level 1:colcon.colcon_core.package_identification:_identify(.) by extension 'cmake'
[0.172s] Level 1:colcon.colcon_core.package_identification:_identify(.) by extension 'python'
[0.172s] Level 1:colcon.colcon_core.package_identification:_identify(.) by extensions ['python_setup_py']
[0.172s] Level 1:colcon.colcon_core.package_identification:_identify(.) by extension 'python_setup_py'
[0.172s] Level 1:colcon.colcon_core.package_identification:_identify(build) by extensions ['ignore', 'ignore_ament_install']
[0.172s] Level 1:colcon.colcon_core.package_identification:_identify(build) by extension 'ignore'
[0.172s] Level 1:colcon.colcon_core.package_identification:_identify(build) ignored
[0.172s] Level 1:colcon.colcon_core.package_identification:_identify(install) by extensions ['ignore', 'ignore_ament_install']
[0.172s] Level 1:colcon.colcon_core.package_identification:_identify(install) by extension 'ignore'
[0.172s] Level 1:colcon.colcon_core.package_identification:_identify(install) ignored
[0.172s] Level 1:colcon.colcon_core.package_identification:_identify(log) by extensions ['ignore', 'ignore_ament_install']
[0.172s] Level 1:colcon.colcon_core.package_identification:_identify(log) by extension 'ignore'
[0.172s] Level 1:colcon.colcon_core.package_identification:_identify(log) ignored
[0.172s] Level 1:colcon.colcon_core.package_identification:_identify(src) by extensions ['ignore', 'ignore_ament_install']
[0.172s] Level 1:colcon.colcon_core.package_identification:_identify(src) by extension 'ignore'
[0.172s] Level 1:colcon.colcon_core.package_identification:_identify(src) by extension 'ignore_ament_install'
[0.172s] Level 1:colcon.colcon_core.package_identification:_identify(src) by extensions ['colcon_pkg']
[0.172s] Level 1:colcon.colcon_core.package_identification:_identify(src) by extension 'colcon_pkg'
[0.172s] Level 1:colcon.colcon_core.package_identification:_identify(src) by extensions ['colcon_meta']
[0.172s] Level 1:colcon.colcon_core.package_identification:_identify(src) by extension 'colcon_meta'
[0.172s] Level 1:colcon.colcon_core.package_identification:_identify(src) by extensions ['ros']
[0.172s] Level 1:colcon.colcon_core.package_identification:_identify(src) by extension 'ros'
[0.172s] Level 1:colcon.colcon_core.package_identification:_identify(src) by extensions ['cmake', 'python']
[0.172s] Level 1:colcon.colcon_core.package_identification:_identify(src) by extension 'cmake'
[0.172s] Level 1:colcon.colcon_core.package_identification:_identify(src) by extension 'python'
[0.172s] Level 1:colcon.colcon_core.package_identification:_identify(src) by extensions ['python_setup_py']
[0.172s] Level 1:colcon.colcon_core.package_identification:_identify(src) by extension 'python_setup_py'
[0.172s] Level 1:colcon.colcon_core.package_identification:_identify(src/dump_messages) by extensions ['ignore', 'ignore_ament_install']
[0.173s] Level 1:colcon.colcon_core.package_identification:_identify(src/dump_messages) by extension 'ignore'
[0.173s] Level 1:colcon.colcon_core.package_identification:_identify(src/dump_messages) by extension 'ignore_ament_install'
[0.173s] Level 1:colcon.colcon_core.package_identification:_identify(src/dump_messages) by extensions ['colcon_pkg']
[0.173s] Level 1:colcon.colcon_core.package_identification:_identify(src/dump_messages) by extension 'colcon_pkg'
[0.173s] Level 1:colcon.colcon_core.package_identification:_identify(src/dump_messages) by extensions ['colcon_meta']
[0.173s] Level 1:colcon.colcon_core.package_identification:_identify(src/dump_messages) by extension 'colcon_meta'
[0.173s] Level 1:colcon.colcon_core.package_identification:_identify(src/dump_messages) by extensions ['ros']
[0.173s] Level 1:colcon.colcon_core.package_identification:_identify(src/dump_messages) by extension 'ros'
[0.174s] DEBUG:colcon.colcon_core.package_identification:Package 'src/dump_messages' with type 'ros.ament_cmake' and name 'dump_messages'
[0.174s] Level 1:colcon.colcon_core.package_identification:_identify(src/four_team_du_stuck) by extensions ['ignore', 'ignore_ament_install']
[0.174s] Level 1:colcon.colcon_core.package_identification:_identify(src/four_team_du_stuck) by extension 'ignore'
[0.174s] Level 1:colcon.colcon_core.package_identification:_identify(src/four_team_du_stuck) by extension 'ignore_ament_install'
[0.174s] Level 1:colcon.colcon_core.package_identification:_identify(src/four_team_du_stuck) by extensions ['colcon_pkg']
[0.174s] Level 1:colcon.colcon_core.package_identification:_identify(src/four_team_du_stuck) by extension 'colcon_pkg'
[0.174s] Level 1:colcon.colcon_core.package_identification:_identify(src/four_team_du_stuck) by extensions ['colcon_meta']
[0.174s] Level 1:colcon.colcon_core.package_identification:_identify(src/four_team_du_stuck) by extension 'colcon_meta'
[0.174s] Level 1:colcon.colcon_core.package_identification:_identify(src/four_team_du_stuck) by extensions ['ros']
[0.174s] Level 1:colcon.colcon_core.package_identification:_identify(src/four_team_du_stuck) by extension 'ros'
[0.174s] DEBUG:colcon.colcon_core.package_identification:Package 'src/four_team_du_stuck' with type 'ros.ament_python' and name 'four_team_du_stuck'
[0.174s] Level 1:colcon.colcon_core.package_identification:_identify(src/four_team_ex_stuck) by extensions ['ignore', 'ignore_ament_install']
[0.174s] Level 1:colcon.colcon_core.package_identification:_identify(src/four_team_ex_stuck) by extension 'ignore'
[0.174s] Level 1:colcon.colcon_core.package_identification:_identify(src/four_team_ex_stuck) by extension 'ignore_ament_install'
[0.174s] Level 1:colcon.colcon_core.package_identification:_identify(src/four_team_ex_stuck) by extensions ['colcon_pkg']
[0.174s] Level 1:colcon.colcon_core.package_identification:_identify(src/four_team_ex_stuck) by extension 'colcon_pkg'
[0.174s] Level 1:colcon.colcon_core.package_identification:_identify(src/four_team_ex_stuck) by extensions ['colcon_meta']
[0.175s] Level 1:colcon.colcon_core.package_identification:_identify(src/four_team_ex_stuck) by extension 'colcon_meta'
[0.175s] Level 1:colcon.colcon_core.package_identification:_identify(src/four_team_ex_stuck) by extensions ['ros']
[0.175s] Level 1:colcon.colcon_core.package_identification:_identify(src/four_team_ex_stuck) by extension 'ros'
[0.175s] DEBUG:colcon.colcon_core.package_identification:Package 'src/four_team_ex_stuck' with type 'ros.ament_python' and name 'four_team_ex_stuck'
[0.175s] Level 1:colcon.colcon_core.package_identification:_identify(src/multi_du_udpcomm_01_pkg-master) by extensions ['ignore', 'ignore_ament_install']
[0.175s] Level 1:colcon.colcon_core.package_identification:_identify(src/multi_du_udpcomm_01_pkg-master) by extension 'ignore'
[0.175s] Level 1:colcon.colcon_core.package_identification:_identify(src/multi_du_udpcomm_01_pkg-master) by extension 'ignore_ament_install'
[0.175s] Level 1:colcon.colcon_core.package_identification:_identify(src/multi_du_udpcomm_01_pkg-master) by extensions ['colcon_pkg']
[0.175s] Level 1:colcon.colcon_core.package_identification:_identify(src/multi_du_udpcomm_01_pkg-master) by extension 'colcon_pkg'
[0.175s] Level 1:colcon.colcon_core.package_identification:_identify(src/multi_du_udpcomm_01_pkg-master) by extensions ['colcon_meta']
[0.175s] Level 1:colcon.colcon_core.package_identification:_identify(src/multi_du_udpcomm_01_pkg-master) by extension 'colcon_meta'
[0.175s] Level 1:colcon.colcon_core.package_identification:_identify(src/multi_du_udpcomm_01_pkg-master) by extensions ['ros']
[0.175s] Level 1:colcon.colcon_core.package_identification:_identify(src/multi_du_udpcomm_01_pkg-master) by extension 'ros'
[0.175s] DEBUG:colcon.colcon_core.package_identification:Package 'src/multi_du_udpcomm_01_pkg-master' with type 'ros.ament_python' and name 'multi_du_udpcomm_01_pkg'
[0.175s] Level 1:colcon.colcon_core.package_identification:_identify(src/multi_du_udpcomm_02_pkg) by extensions ['ignore', 'ignore_ament_install']
[0.175s] Level 1:colcon.colcon_core.package_identification:_identify(src/multi_du_udpcomm_02_pkg) by extension 'ignore'
[0.175s] Level 1:colcon.colcon_core.package_identification:_identify(src/multi_du_udpcomm_02_pkg) by extension 'ignore_ament_install'
[0.175s] Level 1:colcon.colcon_core.package_identification:_identify(src/multi_du_udpcomm_02_pkg) by extensions ['colcon_pkg']
[0.175s] Level 1:colcon.colcon_core.package_identification:_identify(src/multi_du_udpcomm_02_pkg) by extension 'colcon_pkg'
[0.175s] Level 1:colcon.colcon_core.package_identification:_identify(src/multi_du_udpcomm_02_pkg) by extensions ['colcon_meta']
[0.175s] Level 1:colcon.colcon_core.package_identification:_identify(src/multi_du_udpcomm_02_pkg) by extension 'colcon_meta'
[0.175s] Level 1:colcon.colcon_core.package_identification:_identify(src/multi_du_udpcomm_02_pkg) by extensions ['ros']
[0.175s] Level 1:colcon.colcon_core.package_identification:_identify(src/multi_du_udpcomm_02_pkg) by extension 'ros'
[0.176s] DEBUG:colcon.colcon_core.package_identification:Package 'src/multi_du_udpcomm_02_pkg' with type 'ros.ament_python' and name 'multi_du_udpcomm_02_pkg'
[0.176s] Level 1:colcon.colcon_core.package_identification:_identify(src/one_team_du_base_master) by extensions ['ignore', 'ignore_ament_install']
[0.176s] Level 1:colcon.colcon_core.package_identification:_identify(src/one_team_du_base_master) by extension 'ignore'
[0.176s] Level 1:colcon.colcon_core.package_identification:_identify(src/one_team_du_base_master) by extension 'ignore_ament_install'
[0.176s] Level 1:colcon.colcon_core.package_identification:_identify(src/one_team_du_base_master) by extensions ['colcon_pkg']
[0.176s] Level 1:colcon.colcon_core.package_identification:_identify(src/one_team_du_base_master) by extension 'colcon_pkg'
[0.176s] Level 1:colcon.colcon_core.package_identification:_identify(src/one_team_du_base_master) by extensions ['colcon_meta']
[0.176s] Level 1:colcon.colcon_core.package_identification:_identify(src/one_team_du_base_master) by extension 'colcon_meta'
[0.176s] Level 1:colcon.colcon_core.package_identification:_identify(src/one_team_du_base_master) by extensions ['ros']
[0.176s] Level 1:colcon.colcon_core.package_identification:_identify(src/one_team_du_base_master) by extension 'ros'
[0.176s] DEBUG:colcon.colcon_core.package_identification:Package 'src/one_team_du_base_master' with type 'ros.ament_python' and name 'one_team_du_base_master'
[0.176s] Level 1:colcon.colcon_core.package_identification:_identify(src/one_team_du_stuck) by extensions ['ignore', 'ignore_ament_install']
[0.176s] Level 1:colcon.colcon_core.package_identification:_identify(src/one_team_du_stuck) by extension 'ignore'
[0.176s] Level 1:colcon.colcon_core.package_identification:_identify(src/one_team_du_stuck) by extension 'ignore_ament_install'
[0.176s] Level 1:colcon.colcon_core.package_identification:_identify(src/one_team_du_stuck) by extensions ['colcon_pkg']
[0.176s] Level 1:colcon.colcon_core.package_identification:_identify(src/one_team_du_stuck) by extension 'colcon_pkg'
[0.176s] Level 1:colcon.colcon_core.package_identification:_identify(src/one_team_du_stuck) by extensions ['colcon_meta']
[0.176s] Level 1:colcon.colcon_core.package_identification:_identify(src/one_team_du_stuck) by extension 'colcon_meta'
[0.176s] Level 1:colcon.colcon_core.package_identification:_identify(src/one_team_du_stuck) by extensions ['ros']
[0.176s] Level 1:colcon.colcon_core.package_identification:_identify(src/one_team_du_stuck) by extension 'ros'
[0.176s] DEBUG:colcon.colcon_core.package_identification:Package 'src/one_team_du_stuck' with type 'ros.ament_python' and name 'one_team_du_stuck'
[0.176s] Level 1:colcon.colcon_core.package_identification:_identify(src/one_team_ex_base_master) by extensions ['ignore', 'ignore_ament_install']
[0.176s] Level 1:colcon.colcon_core.package_identification:_identify(src/one_team_ex_base_master) by extension 'ignore'
[0.176s] Level 1:colcon.colcon_core.package_identification:_identify(src/one_team_ex_base_master) by extension 'ignore_ament_install'
[0.177s] Level 1:colcon.colcon_core.package_identification:_identify(src/one_team_ex_base_master) by extensions ['colcon_pkg']
[0.177s] Level 1:colcon.colcon_core.package_identification:_identify(src/one_team_ex_base_master) by extension 'colcon_pkg'
[0.177s] Level 1:colcon.colcon_core.package_identification:_identify(src/one_team_ex_base_master) by extensions ['colcon_meta']
[0.177s] Level 1:colcon.colcon_core.package_identification:_identify(src/one_team_ex_base_master) by extension 'colcon_meta'
[0.177s] Level 1:colcon.colcon_core.package_identification:_identify(src/one_team_ex_base_master) by extensions ['ros']
[0.177s] Level 1:colcon.colcon_core.package_identification:_identify(src/one_team_ex_base_master) by extension 'ros'
[0.177s] DEBUG:colcon.colcon_core.package_identification:Package 'src/one_team_ex_base_master' with type 'ros.ament_python' and name 'one_team_ex_base_master'
[0.177s] Level 1:colcon.colcon_core.package_identification:_identify(src/one_team_ex_stuck) by extensions ['ignore', 'ignore_ament_install']
[0.177s] Level 1:colcon.colcon_core.package_identification:_identify(src/one_team_ex_stuck) by extension 'ignore'
[0.177s] Level 1:colcon.colcon_core.package_identification:_identify(src/one_team_ex_stuck) by extension 'ignore_ament_install'
[0.177s] Level 1:colcon.colcon_core.package_identification:_identify(src/one_team_ex_stuck) by extensions ['colcon_pkg']
[0.177s] Level 1:colcon.colcon_core.package_identification:_identify(src/one_team_ex_stuck) by extension 'colcon_pkg'
[0.177s] Level 1:colcon.colcon_core.package_identification:_identify(src/one_team_ex_stuck) by extensions ['colcon_meta']
[0.177s] Level 1:colcon.colcon_core.package_identification:_identify(src/one_team_ex_stuck) by extension 'colcon_meta'
[0.177s] Level 1:colcon.colcon_core.package_identification:_identify(src/one_team_ex_stuck) by extensions ['ros']
[0.177s] Level 1:colcon.colcon_core.package_identification:_identify(src/one_team_ex_stuck) by extension 'ros'
[0.177s] DEBUG:colcon.colcon_core.package_identification:Package 'src/one_team_ex_stuck' with type 'ros.ament_python' and name 'one_team_ex_stuck'
[0.177s] Level 1:colcon.colcon_core.package_identification:_identify(src/single_ex_sim_pkg) by extensions ['ignore', 'ignore_ament_install']
[0.177s] Level 1:colcon.colcon_core.package_identification:_identify(src/single_ex_sim_pkg) by extension 'ignore'
[0.177s] Level 1:colcon.colcon_core.package_identification:_identify(src/single_ex_sim_pkg) by extension 'ignore_ament_install'
[0.177s] Level 1:colcon.colcon_core.package_identification:_identify(src/single_ex_sim_pkg) by extensions ['colcon_pkg']
[0.177s] Level 1:colcon.colcon_core.package_identification:_identify(src/single_ex_sim_pkg) by extension 'colcon_pkg'
[0.177s] Level 1:colcon.colcon_core.package_identification:_identify(src/single_ex_sim_pkg) by extensions ['colcon_meta']
[0.177s] Level 1:colcon.colcon_core.package_identification:_identify(src/single_ex_sim_pkg) by extension 'colcon_meta'
[0.177s] Level 1:colcon.colcon_core.package_identification:_identify(src/single_ex_sim_pkg) by extensions ['ros']
[0.177s] Level 1:colcon.colcon_core.package_identification:_identify(src/single_ex_sim_pkg) by extension 'ros'
[0.178s] DEBUG:colcon.colcon_core.package_identification:Package 'src/single_ex_sim_pkg' with type 'ros.ament_python' and name 'single_ex_sim_pkg'
[0.178s] Level 1:colcon.colcon_core.package_identification:_identify(src/single_ex_sim_pkg_master) by extensions ['ignore', 'ignore_ament_install']
[0.178s] Level 1:colcon.colcon_core.package_identification:_identify(src/single_ex_sim_pkg_master) by extension 'ignore'
[0.178s] Level 1:colcon.colcon_core.package_identification:_identify(src/single_ex_sim_pkg_master) by extension 'ignore_ament_install'
[0.178s] Level 1:colcon.colcon_core.package_identification:_identify(src/single_ex_sim_pkg_master) by extensions ['colcon_pkg']
[0.178s] Level 1:colcon.colcon_core.package_identification:_identify(src/single_ex_sim_pkg_master) by extension 'colcon_pkg'
[0.178s] Level 1:colcon.colcon_core.package_identification:_identify(src/single_ex_sim_pkg_master) by extensions ['colcon_meta']
[0.178s] Level 1:colcon.colcon_core.package_identification:_identify(src/single_ex_sim_pkg_master) by extension 'colcon_meta'
[0.178s] Level 1:colcon.colcon_core.package_identification:_identify(src/single_ex_sim_pkg_master) by extensions ['ros']
[0.178s] Level 1:colcon.colcon_core.package_identification:_identify(src/single_ex_sim_pkg_master) by extension 'ros'
[0.178s] DEBUG:colcon.colcon_core.package_identification:Package 'src/single_ex_sim_pkg_master' with type 'ros.ament_python' and name 'single_ex_sim_pkg_master'
[0.178s] Level 1:colcon.colcon_core.package_identification:_identify(src/six_team_du_stuck) by extensions ['ignore', 'ignore_ament_install']
[0.178s] Level 1:colcon.colcon_core.package_identification:_identify(src/six_team_du_stuck) by extension 'ignore'
[0.178s] Level 1:colcon.colcon_core.package_identification:_identify(src/six_team_du_stuck) by extension 'ignore_ament_install'
[0.178s] Level 1:colcon.colcon_core.package_identification:_identify(src/six_team_du_stuck) by extensions ['colcon_pkg']
[0.178s] Level 1:colcon.colcon_core.package_identification:_identify(src/six_team_du_stuck) by extension 'colcon_pkg'
[0.178s] Level 1:colcon.colcon_core.package_identification:_identify(src/six_team_du_stuck) by extensions ['colcon_meta']
[0.178s] Level 1:colcon.colcon_core.package_identification:_identify(src/six_team_du_stuck) by extension 'colcon_meta'
[0.178s] Level 1:colcon.colcon_core.package_identification:_identify(src/six_team_du_stuck) by extensions ['ros']
[0.178s] Level 1:colcon.colcon_core.package_identification:_identify(src/six_team_du_stuck) by extension 'ros'
[0.178s] DEBUG:colcon.colcon_core.package_identification:Package 'src/six_team_du_stuck' with type 'ros.ament_python' and name 'six_team_du_stuck'
[0.178s] Level 1:colcon.colcon_core.package_identification:_identify(src/six_team_ex_stuck) by extensions ['ignore', 'ignore_ament_install']
[0.178s] Level 1:colcon.colcon_core.package_identification:_identify(src/six_team_ex_stuck) by extension 'ignore'
[0.178s] Level 1:colcon.colcon_core.package_identification:_identify(src/six_team_ex_stuck) by extension 'ignore_ament_install'
[0.179s] Level 1:colcon.colcon_core.package_identification:_identify(src/six_team_ex_stuck) by extensions ['colcon_pkg']
[0.179s] Level 1:colcon.colcon_core.package_identification:_identify(src/six_team_ex_stuck) by extension 'colcon_pkg'
[0.179s] Level 1:colcon.colcon_core.package_identification:_identify(src/six_team_ex_stuck) by extensions ['colcon_meta']
[0.179s] Level 1:colcon.colcon_core.package_identification:_identify(src/six_team_ex_stuck) by extension 'colcon_meta'
[0.179s] Level 1:colcon.colcon_core.package_identification:_identify(src/six_team_ex_stuck) by extensions ['ros']
[0.179s] Level 1:colcon.colcon_core.package_identification:_identify(src/six_team_ex_stuck) by extension 'ros'
[0.179s] DEBUG:colcon.colcon_core.package_identification:Package 'src/six_team_ex_stuck' with type 'ros.ament_python' and name 'six_team_ex_stuck'
[0.179s] Level 1:colcon.colcon_core.package_identification:_identify(src/testplay) by extensions ['ignore', 'ignore_ament_install']
[0.179s] Level 1:colcon.colcon_core.package_identification:_identify(src/testplay) by extension 'ignore'
[0.179s] Level 1:colcon.colcon_core.package_identification:_identify(src/testplay) by extension 'ignore_ament_install'
[0.179s] Level 1:colcon.colcon_core.package_identification:_identify(src/testplay) by extensions ['colcon_pkg']
[0.179s] Level 1:colcon.colcon_core.package_identification:_identify(src/testplay) by extension 'colcon_pkg'
[0.179s] Level 1:colcon.colcon_core.package_identification:_identify(src/testplay) by extensions ['colcon_meta']
[0.179s] Level 1:colcon.colcon_core.package_identification:_identify(src/testplay) by extension 'colcon_meta'
[0.179s] Level 1:colcon.colcon_core.package_identification:_identify(src/testplay) by extensions ['ros']
[0.179s] Level 1:colcon.colcon_core.package_identification:_identify(src/testplay) by extension 'ros'
[0.179s] DEBUG:colcon.colcon_core.package_identification:Package 'src/testplay' with type 'ros.ament_python' and name 'testplay'
[0.179s] Level 1:colcon.colcon_core.package_identification:_identify(src/three_team_du_stuck) by extensions ['ignore', 'ignore_ament_install']
[0.179s] Level 1:colcon.colcon_core.package_identification:_identify(src/three_team_du_stuck) by extension 'ignore'
[0.179s] Level 1:colcon.colcon_core.package_identification:_identify(src/three_team_du_stuck) by extension 'ignore_ament_install'
[0.179s] Level 1:colcon.colcon_core.package_identification:_identify(src/three_team_du_stuck) by extensions ['colcon_pkg']
[0.179s] Level 1:colcon.colcon_core.package_identification:_identify(src/three_team_du_stuck) by extension 'colcon_pkg'
[0.179s] Level 1:colcon.colcon_core.package_identification:_identify(src/three_team_du_stuck) by extensions ['colcon_meta']
[0.179s] Level 1:colcon.colcon_core.package_identification:_identify(src/three_team_du_stuck) by extension 'colcon_meta'
[0.179s] Level 1:colcon.colcon_core.package_identification:_identify(src/three_team_du_stuck) by extensions ['ros']
[0.179s] Level 1:colcon.colcon_core.package_identification:_identify(src/three_team_du_stuck) by extension 'ros'
[0.180s] DEBUG:colcon.colcon_core.package_identification:Package 'src/three_team_du_stuck' with type 'ros.ament_python' and name 'three_team_du_stuck'
[0.180s] Level 1:colcon.colcon_core.package_identification:_identify(src/three_team_ex_stuck) by extensions ['ignore', 'ignore_ament_install']
[0.180s] Level 1:colcon.colcon_core.package_identification:_identify(src/three_team_ex_stuck) by extension 'ignore'
[0.180s] Level 1:colcon.colcon_core.package_identification:_identify(src/three_team_ex_stuck) by extension 'ignore_ament_install'
[0.180s] Level 1:colcon.colcon_core.package_identification:_identify(src/three_team_ex_stuck) by extensions ['colcon_pkg']
[0.180s] Level 1:colcon.colcon_core.package_identification:_identify(src/three_team_ex_stuck) by extension 'colcon_pkg'
[0.180s] Level 1:colcon.colcon_core.package_identification:_identify(src/three_team_ex_stuck) by extensions ['colcon_meta']
[0.180s] Level 1:colcon.colcon_core.package_identification:_identify(src/three_team_ex_stuck) by extension 'colcon_meta'
[0.180s] Level 1:colcon.colcon_core.package_identification:_identify(src/three_team_ex_stuck) by extensions ['ros']
[0.180s] Level 1:colcon.colcon_core.package_identification:_identify(src/three_team_ex_stuck) by extension 'ros'
[0.180s] DEBUG:colcon.colcon_core.package_identification:Package 'src/three_team_ex_stuck' with type 'ros.ament_python' and name 'three_team_ex_stuck'
[0.180s] Level 1:colcon.colcon_core.package_identification:_identify(src/two_team_du_stuck) by extensions ['ignore', 'ignore_ament_install']
[0.180s] Level 1:colcon.colcon_core.package_identification:_identify(src/two_team_du_stuck) by extension 'ignore'
[0.180s] Level 1:colcon.colcon_core.package_identification:_identify(src/two_team_du_stuck) by extension 'ignore_ament_install'
[0.180s] Level 1:colcon.colcon_core.package_identification:_identify(src/two_team_du_stuck) by extensions ['colcon_pkg']
[0.180s] Level 1:colcon.colcon_core.package_identification:_identify(src/two_team_du_stuck) by extension 'colcon_pkg'
[0.180s] Level 1:colcon.colcon_core.package_identification:_identify(src/two_team_du_stuck) by extensions ['colcon_meta']
[0.180s] Level 1:colcon.colcon_core.package_identification:_identify(src/two_team_du_stuck) by extension 'colcon_meta'
[0.180s] Level 1:colcon.colcon_core.package_identification:_identify(src/two_team_du_stuck) by extensions ['ros']
[0.180s] Level 1:colcon.colcon_core.package_identification:_identify(src/two_team_du_stuck) by extension 'ros'
[0.180s] DEBUG:colcon.colcon_core.package_identification:Package 'src/two_team_du_stuck' with type 'ros.ament_python' and name 'two_team_du_stuck'
[0.180s] Level 1:colcon.colcon_core.package_identification:_identify(src/two_team_du_test) by extensions ['ignore', 'ignore_ament_install']
[0.180s] Level 1:colcon.colcon_core.package_identification:_identify(src/two_team_du_test) by extension 'ignore'
[0.180s] Level 1:colcon.colcon_core.package_identification:_identify(src/two_team_du_test) by extension 'ignore_ament_install'
[0.180s] Level 1:colcon.colcon_core.package_identification:_identify(src/two_team_du_test) by extensions ['colcon_pkg']
[0.180s] Level 1:colcon.colcon_core.package_identification:_identify(src/two_team_du_test) by extension 'colcon_pkg'
[0.180s] Level 1:colcon.colcon_core.package_identification:_identify(src/two_team_du_test) by extensions ['colcon_meta']
[0.180s] Level 1:colcon.colcon_core.package_identification:_identify(src/two_team_du_test) by extension 'colcon_meta'
[0.181s] Level 1:colcon.colcon_core.package_identification:_identify(src/two_team_du_test) by extensions ['ros']
[0.181s] Level 1:colcon.colcon_core.package_identification:_identify(src/two_team_du_test) by extension 'ros'
[0.181s] DEBUG:colcon.colcon_core.package_identification:Package 'src/two_team_du_test' with type 'ros.ament_python' and name 'two_team_du_test'
[0.181s] Level 1:colcon.colcon_core.package_identification:_identify(src/two_team_ex_stuck) by extensions ['ignore', 'ignore_ament_install']
[0.181s] Level 1:colcon.colcon_core.package_identification:_identify(src/two_team_ex_stuck) by extension 'ignore'
[0.181s] Level 1:colcon.colcon_core.package_identification:_identify(src/two_team_ex_stuck) by extension 'ignore_ament_install'
[0.181s] Level 1:colcon.colcon_core.package_identification:_identify(src/two_team_ex_stuck) by extensions ['colcon_pkg']
[0.181s] Level 1:colcon.colcon_core.package_identification:_identify(src/two_team_ex_stuck) by extension 'colcon_pkg'
[0.181s] Level 1:colcon.colcon_core.package_identification:_identify(src/two_team_ex_stuck) by extensions ['colcon_meta']
[0.181s] Level 1:colcon.colcon_core.package_identification:_identify(src/two_team_ex_stuck) by extension 'colcon_meta'
[0.181s] Level 1:colcon.colcon_core.package_identification:_identify(src/two_team_ex_stuck) by extensions ['ros']
[0.181s] Level 1:colcon.colcon_core.package_identification:_identify(src/two_team_ex_stuck) by extension 'ros'
[0.181s] DEBUG:colcon.colcon_core.package_identification:Package 'src/two_team_ex_stuck' with type 'ros.ament_python' and name 'two_team_ex_stuck'
[0.181s] Level 1:colcon.colcon_core.package_identification:_identify(src/two_team_ex_test) by extensions ['ignore', 'ignore_ament_install']
[0.181s] Level 1:colcon.colcon_core.package_identification:_identify(src/two_team_ex_test) by extension 'ignore'
[0.181s] Level 1:colcon.colcon_core.package_identification:_identify(src/two_team_ex_test) by extension 'ignore_ament_install'
[0.181s] Level 1:colcon.colcon_core.package_identification:_identify(src/two_team_ex_test) by extensions ['colcon_pkg']
[0.181s] Level 1:colcon.colcon_core.package_identification:_identify(src/two_team_ex_test) by extension 'colcon_pkg'
[0.181s] Level 1:colcon.colcon_core.package_identification:_identify(src/two_team_ex_test) by extensions ['colcon_meta']
[0.181s] Level 1:colcon.colcon_core.package_identification:_identify(src/two_team_ex_test) by extension 'colcon_meta'
[0.181s] Level 1:colcon.colcon_core.package_identification:_identify(src/two_team_ex_test) by extensions ['ros']
[0.181s] Level 1:colcon.colcon_core.package_identification:_identify(src/two_team_ex_test) by extension 'ros'
[0.182s] DEBUG:colcon.colcon_core.package_identification:Package 'src/two_team_ex_test' with type 'ros.ament_python' and name 'two_team_ex_test'
[0.182s] Level 1:colcon.colcon_core.package_discovery:discover_packages(recursive) using defaults
[0.182s] Level 1:colcon.colcon_core.package_discovery:discover_packages(ignore) discover
[0.182s] Level 1:colcon.colcon_core.package_discovery:discover_packages(ignore) using defaults
[0.182s] Level 1:colcon.colcon_core.package_discovery:discover_packages(path) discover
[0.182s] Level 1:colcon.colcon_core.package_discovery:discover_packages(path) using defaults
[0.193s] Level 1:colcon.colcon_core.package_discovery:discover_packages(prefix_path) check parameters
[0.193s] Level 1:colcon.colcon_core.package_discovery:discover_packages(prefix_path) discover
[0.195s] DEBUG:colcon.colcon_installed_package_information.package_discovery:Found 20 installed packages in /home/swarm-team/ros2_ws/install
[0.196s] DEBUG:colcon.colcon_installed_package_information.package_discovery:Found 256 installed packages in /opt/ros/foxy
[0.196s] Level 1:colcon.colcon_core.package_discovery:discover_packages(prefix_path) using defaults
[0.225s] Level 5:colcon.colcon_core.verb:set package 'dump_messages' build argument 'cmake_args' from command line to 'None'
[0.225s] Level 5:colcon.colcon_core.verb:set package 'dump_messages' build argument 'cmake_target' from command line to 'None'
[0.225s] Level 5:colcon.colcon_core.verb:set package 'dump_messages' build argument 'cmake_target_skip_unavailable' from command line to 'False'
[0.225s] Level 5:colcon.colcon_core.verb:set package 'dump_messages' build argument 'cmake_clean_cache' from command line to 'False'
[0.225s] Level 5:colcon.colcon_core.verb:set package 'dump_messages' build argument 'cmake_clean_first' from command line to 'False'
[0.225s] Level 5:colcon.colcon_core.verb:set package 'dump_messages' build argument 'cmake_force_configure' from command line to 'False'
[0.226s] Level 5:colcon.colcon_core.verb:set package 'dump_messages' build argument 'ament_cmake_args' from command line to 'None'
[0.226s] Level 5:colcon.colcon_core.verb:set package 'dump_messages' build argument 'catkin_cmake_args' from command line to 'None'
[0.226s] Level 5:colcon.colcon_core.verb:set package 'dump_messages' build argument 'catkin_skip_building_tests' from command line to 'False'
[0.226s] DEBUG:colcon.colcon_core.verb:Building package 'dump_messages' with the following arguments: {'ament_cmake_args': None, 'build_base': '/home/swarm-team/ros2_ws/build/dump_messages', 'catkin_cmake_args': None, 'catkin_skip_building_tests': False, 'cmake_args': None, 'cmake_clean_cache': False, 'cmake_clean_first': False, 'cmake_force_configure': False, 'cmake_target': None, 'cmake_target_skip_unavailable': False, 'install_base': '/home/swarm-team/ros2_ws/install/dump_messages', 'merge_install': False, 'path': '/home/swarm-team/ros2_ws/src/dump_messages', 'symlink_install': True, 'test_result_base': None}
[0.226s] Level 5:colcon.colcon_core.verb:set package 'four_team_du_stuck' build argument 'cmake_args' from command line to 'None'
[0.226s] Level 5:colcon.colcon_core.verb:set package 'four_team_du_stuck' build argument 'cmake_target' from command line to 'None'
[0.226s] Level 5:colcon.colcon_core.verb:set package 'four_team_du_stuck' build argument 'cmake_target_skip_unavailable' from command line to 'False'
[0.226s] Level 5:colcon.colcon_core.verb:set package 'four_team_du_stuck' build argument 'cmake_clean_cache' from command line to 'False'
[0.226s] Level 5:colcon.colcon_core.verb:set package 'four_team_du_stuck' build argument 'cmake_clean_first' from command line to 'False'
[0.226s] Level 5:colcon.colcon_core.verb:set package 'four_team_du_stuck' build argument 'cmake_force_configure' from command line to 'False'
[0.226s] Level 5:colcon.colcon_core.verb:set package 'four_team_du_stuck' build argument 'ament_cmake_args' from command line to 'None'
[0.226s] Level 5:colcon.colcon_core.verb:set package 'four_team_du_stuck' build argument 'catkin_cmake_args' from command line to 'None'
[0.226s] Level 5:colcon.colcon_core.verb:set package 'four_team_du_stuck' build argument 'catkin_skip_building_tests' from command line to 'False'
[0.226s] DEBUG:colcon.colcon_core.verb:Building package 'four_team_du_stuck' with the following arguments: {'ament_cmake_args': None, 'build_base': '/home/swarm-team/ros2_ws/build/four_team_du_stuck', 'catkin_cmake_args': None, 'catkin_skip_building_tests': False, 'cmake_args': None, 'cmake_clean_cache': False, 'cmake_clean_first': False, 'cmake_force_configure': False, 'cmake_target': None, 'cmake_target_skip_unavailable': False, 'install_base': '/home/swarm-team/ros2_ws/install/four_team_du_stuck', 'merge_install': False, 'path': '/home/swarm-team/ros2_ws/src/four_team_du_stuck', 'symlink_install': True, 'test_result_base': None}
[0.227s] Level 5:colcon.colcon_core.verb:set package 'four_team_ex_stuck' build argument 'cmake_args' from command line to 'None'
[0.227s] Level 5:colcon.colcon_core.verb:set package 'four_team_ex_stuck' build argument 'cmake_target' from command line to 'None'
[0.227s] Level 5:colcon.colcon_core.verb:set package 'four_team_ex_stuck' build argument 'cmake_target_skip_unavailable' from command line to 'False'
[0.227s] Level 5:colcon.colcon_core.verb:set package 'four_team_ex_stuck' build argument 'cmake_clean_cache' from command line to 'False'
[0.227s] Level 5:colcon.colcon_core.verb:set package 'four_team_ex_stuck' build argument 'cmake_clean_first' from command line to 'False'
[0.227s] Level 5:colcon.colcon_core.verb:set package 'four_team_ex_stuck' build argument 'cmake_force_configure' from command line to 'False'
[0.227s] Level 5:colcon.colcon_core.verb:set package 'four_team_ex_stuck' build argument 'ament_cmake_args' from command line to 'None'
[0.227s] Level 5:colcon.colcon_core.verb:set package 'four_team_ex_stuck' build argument 'catkin_cmake_args' from command line to 'None'
[0.227s] Level 5:colcon.colcon_core.verb:set package 'four_team_ex_stuck' build argument 'catkin_skip_building_tests' from command line to 'False'
[0.227s] DEBUG:colcon.colcon_core.verb:Building package 'four_team_ex_stuck' with the following arguments: {'ament_cmake_args': None, 'build_base': '/home/swarm-team/ros2_ws/build/four_team_ex_stuck', 'catkin_cmake_args': None, 'catkin_skip_building_tests': False, 'cmake_args': None, 'cmake_clean_cache': False, 'cmake_clean_first': False, 'cmake_force_configure': False, 'cmake_target': None, 'cmake_target_skip_unavailable': False, 'install_base': '/home/swarm-team/ros2_ws/install/four_team_ex_stuck', 'merge_install': False, 'path': '/home/swarm-team/ros2_ws/src/four_team_ex_stuck', 'symlink_install': True, 'test_result_base': None}
[0.227s] Level 5:colcon.colcon_core.verb:set package 'multi_du_udpcomm_01_pkg' build argument 'cmake_args' from command line to 'None'
[0.227s] Level 5:colcon.colcon_core.verb:set package 'multi_du_udpcomm_01_pkg' build argument 'cmake_target' from command line to 'None'
[0.227s] Level 5:colcon.colcon_core.verb:set package 'multi_du_udpcomm_01_pkg' build argument 'cmake_target_skip_unavailable' from command line to 'False'
[0.227s] Level 5:colcon.colcon_core.verb:set package 'multi_du_udpcomm_01_pkg' build argument 'cmake_clean_cache' from command line to 'False'
[0.227s] Level 5:colcon.colcon_core.verb:set package 'multi_du_udpcomm_01_pkg' build argument 'cmake_clean_first' from command line to 'False'
[0.227s] Level 5:colcon.colcon_core.verb:set package 'multi_du_udpcomm_01_pkg' build argument 'cmake_force_configure' from command line to 'False'
[0.227s] Level 5:colcon.colcon_core.verb:set package 'multi_du_udpcomm_01_pkg' build argument 'ament_cmake_args' from command line to 'None'
[0.227s] Level 5:colcon.colcon_core.verb:set package 'multi_du_udpcomm_01_pkg' build argument 'catkin_cmake_args' from command line to 'None'
[0.227s] Level 5:colcon.colcon_core.verb:set package 'multi_du_udpcomm_01_pkg' build argument 'catkin_skip_building_tests' from command line to 'False'
[0.227s] DEBUG:colcon.colcon_core.verb:Building package 'multi_du_udpcomm_01_pkg' with the following arguments: {'ament_cmake_args': None, 'build_base': '/home/swarm-team/ros2_ws/build/multi_du_udpcomm_01_pkg', 'catkin_cmake_args': None, 'catkin_skip_building_tests': False, 'cmake_args': None, 'cmake_clean_cache': False, 'cmake_clean_first': False, 'cmake_force_configure': False, 'cmake_target': None, 'cmake_target_skip_unavailable': False, 'install_base': '/home/swarm-team/ros2_ws/install/multi_du_udpcomm_01_pkg', 'merge_install': False, 'path': '/home/swarm-team/ros2_ws/src/multi_du_udpcomm_01_pkg-master', 'symlink_install': True, 'test_result_base': None}
[0.228s] Level 5:colcon.colcon_core.verb:set package 'multi_du_udpcomm_02_pkg' build argument 'cmake_args' from command line to 'None'
[0.228s] Level 5:colcon.colcon_core.verb:set package 'multi_du_udpcomm_02_pkg' build argument 'cmake_target' from command line to 'None'
[0.228s] Level 5:colcon.colcon_core.verb:set package 'multi_du_udpcomm_02_pkg' build argument 'cmake_target_skip_unavailable' from command line to 'False'
[0.228s] Level 5:colcon.colcon_core.verb:set package 'multi_du_udpcomm_02_pkg' build argument 'cmake_clean_cache' from command line to 'False'
[0.228s] Level 5:colcon.colcon_core.verb:set package 'multi_du_udpcomm_02_pkg' build argument 'cmake_clean_first' from command line to 'False'
[0.228s] Level 5:colcon.colcon_core.verb:set package 'multi_du_udpcomm_02_pkg' build argument 'cmake_force_configure' from command line to 'False'
[0.228s] Level 5:colcon.colcon_core.verb:set package 'multi_du_udpcomm_02_pkg' build argument 'ament_cmake_args' from command line to 'None'
[0.228s] Level 5:colcon.colcon_core.verb:set package 'multi_du_udpcomm_02_pkg' build argument 'catkin_cmake_args' from command line to 'None'
[0.228s] Level 5:colcon.colcon_core.verb:set package 'multi_du_udpcomm_02_pkg' build argument 'catkin_skip_building_tests' from command line to 'False'
[0.228s] DEBUG:colcon.colcon_core.verb:Building package 'multi_du_udpcomm_02_pkg' with the following arguments: {'ament_cmake_args': None, 'build_base': '/home/swarm-team/ros2_ws/build/multi_du_udpcomm_02_pkg', 'catkin_cmake_args': None, 'catkin_skip_building_tests': False, 'cmake_args': None, 'cmake_clean_cache': False, 'cmake_clean_first': False, 'cmake_force_configure': False, 'cmake_target': None, 'cmake_target_skip_unavailable': False, 'install_base': '/home/swarm-team/ros2_ws/install/multi_du_udpcomm_02_pkg', 'merge_install': False, 'path': '/home/swarm-team/ros2_ws/src/multi_du_udpcomm_02_pkg', 'symlink_install': True, 'test_result_base': None}
[0.228s] Level 5:colcon.colcon_core.verb:set package 'one_team_du_base_master' build argument 'cmake_args' from command line to 'None'
[0.228s] Level 5:colcon.colcon_core.verb:set package 'one_team_du_base_master' build argument 'cmake_target' from command line to 'None'
[0.228s] Level 5:colcon.colcon_core.verb:set package 'one_team_du_base_master' build argument 'cmake_target_skip_unavailable' from command line to 'False'
[0.228s] Level 5:colcon.colcon_core.verb:set package 'one_team_du_base_master' build argument 'cmake_clean_cache' from command line to 'False'
[0.228s] Level 5:colcon.colcon_core.verb:set package 'one_team_du_base_master' build argument 'cmake_clean_first' from command line to 'False'
[0.228s] Level 5:colcon.colcon_core.verb:set package 'one_team_du_base_master' build argument 'cmake_force_configure' from command line to 'False'
[0.228s] Level 5:colcon.colcon_core.verb:set package 'one_team_du_base_master' build argument 'ament_cmake_args' from command line to 'None'
[0.228s] Level 5:colcon.colcon_core.verb:set package 'one_team_du_base_master' build argument 'catkin_cmake_args' from command line to 'None'
[0.228s] Level 5:colcon.colcon_core.verb:set package 'one_team_du_base_master' build argument 'catkin_skip_building_tests' from command line to 'False'
[0.228s] DEBUG:colcon.colcon_core.verb:Building package 'one_team_du_base_master' with the following arguments: {'ament_cmake_args': None, 'build_base': '/home/swarm-team/ros2_ws/build/one_team_du_base_master', 'catkin_cmake_args': None, 'catkin_skip_building_tests': False, 'cmake_args': None, 'cmake_clean_cache': False, 'cmake_clean_first': False, 'cmake_force_configure': False, 'cmake_target': None, 'cmake_target_skip_unavailable': False, 'install_base': '/home/swarm-team/ros2_ws/install/one_team_du_base_master', 'merge_install': False, 'path': '/home/swarm-team/ros2_ws/src/one_team_du_base_master', 'symlink_install': True, 'test_result_base': None}
[0.229s] Level 5:colcon.colcon_core.verb:set package 'one_team_du_stuck' build argument 'cmake_args' from command line to 'None'
[0.229s] Level 5:colcon.colcon_core.verb:set package 'one_team_du_stuck' build argument 'cmake_target' from command line to 'None'
[0.229s] Level 5:colcon.colcon_core.verb:set package 'one_team_du_stuck' build argument 'cmake_target_skip_unavailable' from command line to 'False'
[0.229s] Level 5:colcon.colcon_core.verb:set package 'one_team_du_stuck' build argument 'cmake_clean_cache' from command line to 'False'
[0.229s] Level 5:colcon.colcon_core.verb:set package 'one_team_du_stuck' build argument 'cmake_clean_first' from command line to 'False'
[0.229s] Level 5:colcon.colcon_core.verb:set package 'one_team_du_stuck' build argument 'cmake_force_configure' from command line to 'False'
[0.229s] Level 5:colcon.colcon_core.verb:set package 'one_team_du_stuck' build argument 'ament_cmake_args' from command line to 'None'
[0.229s] Level 5:colcon.colcon_core.verb:set package 'one_team_du_stuck' build argument 'catkin_cmake_args' from command line to 'None'
[0.229s] Level 5:colcon.colcon_core.verb:set package 'one_team_du_stuck' build argument 'catkin_skip_building_tests' from command line to 'False'
[0.229s] DEBUG:colcon.colcon_core.verb:Building package 'one_team_du_stuck' with the following arguments: {'ament_cmake_args': None, 'build_base': '/home/swarm-team/ros2_ws/build/one_team_du_stuck', 'catkin_cmake_args': None, 'catkin_skip_building_tests': False, 'cmake_args': None, 'cmake_clean_cache': False, 'cmake_clean_first': False, 'cmake_force_configure': False, 'cmake_target': None, 'cmake_target_skip_unavailable': False, 'install_base': '/home/swarm-team/ros2_ws/install/one_team_du_stuck', 'merge_install': False, 'path': '/home/swarm-team/ros2_ws/src/one_team_du_stuck', 'symlink_install': True, 'test_result_base': None}
[0.229s] Level 5:colcon.colcon_core.verb:set package 'one_team_ex_base_master' build argument 'cmake_args' from command line to 'None'
[0.229s] Level 5:colcon.colcon_core.verb:set package 'one_team_ex_base_master' build argument 'cmake_target' from command line to 'None'
[0.229s] Level 5:colcon.colcon_core.verb:set package 'one_team_ex_base_master' build argument 'cmake_target_skip_unavailable' from command line to 'False'
[0.229s] Level 5:colcon.colcon_core.verb:set package 'one_team_ex_base_master' build argument 'cmake_clean_cache' from command line to 'False'
[0.229s] Level 5:colcon.colcon_core.verb:set package 'one_team_ex_base_master' build argument 'cmake_clean_first' from command line to 'False'
[0.229s] Level 5:colcon.colcon_core.verb:set package 'one_team_ex_base_master' build argument 'cmake_force_configure' from command line to 'False'
[0.229s] Level 5:colcon.colcon_core.verb:set package 'one_team_ex_base_master' build argument 'ament_cmake_args' from command line to 'None'
[0.229s] Level 5:colcon.colcon_core.verb:set package 'one_team_ex_base_master' build argument 'catkin_cmake_args' from command line to 'None'
[0.229s] Level 5:colcon.colcon_core.verb:set package 'one_team_ex_base_master' build argument 'catkin_skip_building_tests' from command line to 'False'
[0.229s] DEBUG:colcon.colcon_core.verb:Building package 'one_team_ex_base_master' with the following arguments: {'ament_cmake_args': None, 'build_base': '/home/swarm-team/ros2_ws/build/one_team_ex_base_master', 'catkin_cmake_args': None, 'catkin_skip_building_tests': False, 'cmake_args': None, 'cmake_clean_cache': False, 'cmake_clean_first': False, 'cmake_force_configure': False, 'cmake_target': None, 'cmake_target_skip_unavailable': False, 'install_base': '/home/swarm-team/ros2_ws/install/one_team_ex_base_master', 'merge_install': False, 'path': '/home/swarm-team/ros2_ws/src/one_team_ex_base_master', 'symlink_install': True, 'test_result_base': None}
[0.230s] Level 5:colcon.colcon_core.verb:set package 'one_team_ex_stuck' build argument 'cmake_args' from command line to 'None'
[0.230s] Level 5:colcon.colcon_core.verb:set package 'one_team_ex_stuck' build argument 'cmake_target' from command line to 'None'
[0.230s] Level 5:colcon.colcon_core.verb:set package 'one_team_ex_stuck' build argument 'cmake_target_skip_unavailable' from command line to 'False'
[0.230s] Level 5:colcon.colcon_core.verb:set package 'one_team_ex_stuck' build argument 'cmake_clean_cache' from command line to 'False'
[0.230s] Level 5:colcon.colcon_core.verb:set package 'one_team_ex_stuck' build argument 'cmake_clean_first' from command line to 'False'
[0.230s] Level 5:colcon.colcon_core.verb:set package 'one_team_ex_stuck' build argument 'cmake_force_configure' from command line to 'False'
[0.230s] Level 5:colcon.colcon_core.verb:set package 'one_team_ex_stuck' build argument 'ament_cmake_args' from command line to 'None'
[0.230s] Level 5:colcon.colcon_core.verb:set package 'one_team_ex_stuck' build argument 'catkin_cmake_args' from command line to 'None'
[0.230s] Level 5:colcon.colcon_core.verb:set package 'one_team_ex_stuck' build argument 'catkin_skip_building_tests' from command line to 'False'
[0.230s] DEBUG:colcon.colcon_core.verb:Building package 'one_team_ex_stuck' with the following arguments: {'ament_cmake_args': None, 'build_base': '/home/swarm-team/ros2_ws/build/one_team_ex_stuck', 'catkin_cmake_args': None, 'catkin_skip_building_tests': False, 'cmake_args': None, 'cmake_clean_cache': False, 'cmake_clean_first': False, 'cmake_force_configure': False, 'cmake_target': None, 'cmake_target_skip_unavailable': False, 'install_base': '/home/swarm-team/ros2_ws/install/one_team_ex_stuck', 'merge_install': False, 'path': '/home/swarm-team/ros2_ws/src/one_team_ex_stuck', 'symlink_install': True, 'test_result_base': None}
[0.230s] Level 5:colcon.colcon_core.verb:set package 'single_ex_sim_pkg' build argument 'cmake_args' from command line to 'None'
[0.230s] Level 5:colcon.colcon_core.verb:set package 'single_ex_sim_pkg' build argument 'cmake_target' from command line to 'None'
[0.230s] Level 5:colcon.colcon_core.verb:set package 'single_ex_sim_pkg' build argument 'cmake_target_skip_unavailable' from command line to 'False'
[0.230s] Level 5:colcon.colcon_core.verb:set package 'single_ex_sim_pkg' build argument 'cmake_clean_cache' from command line to 'False'
[0.230s] Level 5:colcon.colcon_core.verb:set package 'single_ex_sim_pkg' build argument 'cmake_clean_first' from command line to 'False'
[0.230s] Level 5:colcon.colcon_core.verb:set package 'single_ex_sim_pkg' build argument 'cmake_force_configure' from command line to 'False'
[0.230s] Level 5:colcon.colcon_core.verb:set package 'single_ex_sim_pkg' build argument 'ament_cmake_args' from command line to 'None'
[0.230s] Level 5:colcon.colcon_core.verb:set package 'single_ex_sim_pkg' build argument 'catkin_cmake_args' from command line to 'None'
[0.230s] Level 5:colcon.colcon_core.verb:set package 'single_ex_sim_pkg' build argument 'catkin_skip_building_tests' from command line to 'False'
[0.230s] DEBUG:colcon.colcon_core.verb:Building package 'single_ex_sim_pkg' with the following arguments: {'ament_cmake_args': None, 'build_base': '/home/swarm-team/ros2_ws/build/single_ex_sim_pkg', 'catkin_cmake_args': None, 'catkin_skip_building_tests': False, 'cmake_args': None, 'cmake_clean_cache': False, 'cmake_clean_first': False, 'cmake_force_configure': False, 'cmake_target': None, 'cmake_target_skip_unavailable': False, 'install_base': '/home/swarm-team/ros2_ws/install/single_ex_sim_pkg', 'merge_install': False, 'path': '/home/swarm-team/ros2_ws/src/single_ex_sim_pkg', 'symlink_install': True, 'test_result_base': None}
[0.231s] Level 5:colcon.colcon_core.verb:set package 'single_ex_sim_pkg_master' build argument 'cmake_args' from command line to 'None'
[0.231s] Level 5:colcon.colcon_core.verb:set package 'single_ex_sim_pkg_master' build argument 'cmake_target' from command line to 'None'
[0.231s] Level 5:colcon.colcon_core.verb:set package 'single_ex_sim_pkg_master' build argument 'cmake_target_skip_unavailable' from command line to 'False'
[0.231s] Level 5:colcon.colcon_core.verb:set package 'single_ex_sim_pkg_master' build argument 'cmake_clean_cache' from command line to 'False'
[0.231s] Level 5:colcon.colcon_core.verb:set package 'single_ex_sim_pkg_master' build argument 'cmake_clean_first' from command line to 'False'
[0.231s] Level 5:colcon.colcon_core.verb:set package 'single_ex_sim_pkg_master' build argument 'cmake_force_configure' from command line to 'False'
[0.231s] Level 5:colcon.colcon_core.verb:set package 'single_ex_sim_pkg_master' build argument 'ament_cmake_args' from command line to 'None'
[0.231s] Level 5:colcon.colcon_core.verb:set package 'single_ex_sim_pkg_master' build argument 'catkin_cmake_args' from command line to 'None'
[0.231s] Level 5:colcon.colcon_core.verb:set package 'single_ex_sim_pkg_master' build argument 'catkin_skip_building_tests' from command line to 'False'
[0.231s] DEBUG:colcon.colcon_core.verb:Building package 'single_ex_sim_pkg_master' with the following arguments: {'ament_cmake_args': None, 'build_base': '/home/swarm-team/ros2_ws/build/single_ex_sim_pkg_master', 'catkin_cmake_args': None, 'catkin_skip_building_tests': False, 'cmake_args': None, 'cmake_clean_cache': False, 'cmake_clean_first': False, 'cmake_force_configure': False, 'cmake_target': None, 'cmake_target_skip_unavailable': False, 'install_base': '/home/swarm-team/ros2_ws/install/single_ex_sim_pkg_master', 'merge_install': False, 'path': '/home/swarm-team/ros2_ws/src/single_ex_sim_pkg_master', 'symlink_install': True, 'test_result_base': None}
[0.231s] Level 5:colcon.colcon_core.verb:set package 'six_team_du_stuck' build argument 'cmake_args' from command line to 'None'
[0.231s] Level 5:colcon.colcon_core.verb:set package 'six_team_du_stuck' build argument 'cmake_target' from command line to 'None'
[0.231s] Level 5:colcon.colcon_core.verb:set package 'six_team_du_stuck' build argument 'cmake_target_skip_unavailable' from command line to 'False'
[0.231s] Level 5:colcon.colcon_core.verb:set package 'six_team_du_stuck' build argument 'cmake_clean_cache' from command line to 'False'
[0.231s] Level 5:colcon.colcon_core.verb:set package 'six_team_du_stuck' build argument 'cmake_clean_first' from command line to 'False'
[0.232s] Level 5:colcon.colcon_core.verb:set package 'six_team_du_stuck' build argument 'cmake_force_configure' from command line to 'False'
[0.232s] Level 5:colcon.colcon_core.verb:set package 'six_team_du_stuck' build argument 'ament_cmake_args' from command line to 'None'
[0.232s] Level 5:colcon.colcon_core.verb:set package 'six_team_du_stuck' build argument 'catkin_cmake_args' from command line to 'None'
[0.232s] Level 5:colcon.colcon_core.verb:set package 'six_team_du_stuck' build argument 'catkin_skip_building_tests' from command line to 'False'
[0.232s] DEBUG:colcon.colcon_core.verb:Building package 'six_team_du_stuck' with the following arguments: {'ament_cmake_args': None, 'build_base': '/home/swarm-team/ros2_ws/build/six_team_du_stuck', 'catkin_cmake_args': None, 'catkin_skip_building_tests': False, 'cmake_args': None, 'cmake_clean_cache': False, 'cmake_clean_first': False, 'cmake_force_configure': False, 'cmake_target': None, 'cmake_target_skip_unavailable': False, 'install_base': '/home/swarm-team/ros2_ws/install/six_team_du_stuck', 'merge_install': False, 'path': '/home/swarm-team/ros2_ws/src/six_team_du_stuck', 'symlink_install': True, 'test_result_base': None}
[0.232s] Level 5:colcon.colcon_core.verb:set package 'six_team_ex_stuck' build argument 'cmake_args' from command line to 'None'
[0.232s] Level 5:colcon.colcon_core.verb:set package 'six_team_ex_stuck' build argument 'cmake_target' from command line to 'None'
[0.232s] Level 5:colcon.colcon_core.verb:set package 'six_team_ex_stuck' build argument 'cmake_target_skip_unavailable' from command line to 'False'
[0.232s] Level 5:colcon.colcon_core.verb:set package 'six_team_ex_stuck' build argument 'cmake_clean_cache' from command line to 'False'
[0.232s] Level 5:colcon.colcon_core.verb:set package 'six_team_ex_stuck' build argument 'cmake_clean_first' from command line to 'False'
[0.232s] Level 5:colcon.colcon_core.verb:set package 'six_team_ex_stuck' build argument 'cmake_force_configure' from command line to 'False'
[0.232s] Level 5:colcon.colcon_core.verb:set package 'six_team_ex_stuck' build argument 'ament_cmake_args' from command line to 'None'
[0.232s] Level 5:colcon.colcon_core.verb:set package 'six_team_ex_stuck' build argument 'catkin_cmake_args' from command line to 'None'
[0.232s] Level 5:colcon.colcon_core.verb:set package 'six_team_ex_stuck' build argument 'catkin_skip_building_tests' from command line to 'False'
[0.232s] DEBUG:colcon.colcon_core.verb:Building package 'six_team_ex_stuck' with the following arguments: {'ament_cmake_args': None, 'build_base': '/home/swarm-team/ros2_ws/build/six_team_ex_stuck', 'catkin_cmake_args': None, 'catkin_skip_building_tests': False, 'cmake_args': None, 'cmake_clean_cache': False, 'cmake_clean_first': False, 'cmake_force_configure': False, 'cmake_target': None, 'cmake_target_skip_unavailable': False, 'install_base': '/home/swarm-team/ros2_ws/install/six_team_ex_stuck', 'merge_install': False, 'path': '/home/swarm-team/ros2_ws/src/six_team_ex_stuck', 'symlink_install': True, 'test_result_base': None}
[0.233s] Level 5:colcon.colcon_core.verb:set package 'testplay' build argument 'cmake_args' from command line to 'None'
[0.233s] Level 5:colcon.colcon_core.verb:set package 'testplay' build argument 'cmake_target' from command line to 'None'
[0.233s] Level 5:colcon.colcon_core.verb:set package 'testplay' build argument 'cmake_target_skip_unavailable' from command line to 'False'
[0.233s] Level 5:colcon.colcon_core.verb:set package 'testplay' build argument 'cmake_clean_cache' from command line to 'False'
[0.233s] Level 5:colcon.colcon_core.verb:set package 'testplay' build argument 'cmake_clean_first' from command line to 'False'
[0.233s] Level 5:colcon.colcon_core.verb:set package 'testplay' build argument 'cmake_force_configure' from command line to 'False'
[0.233s] Level 5:colcon.colcon_core.verb:set package 'testplay' build argument 'ament_cmake_args' from command line to 'None'
[0.233s] Level 5:colcon.colcon_core.verb:set package 'testplay' build argument 'catkin_cmake_args' from command line to 'None'
[0.233s] Level 5:colcon.colcon_core.verb:set package 'testplay' build argument 'catkin_skip_building_tests' from command line to 'False'
[0.233s] DEBUG:colcon.colcon_core.verb:Building package 'testplay' with the following arguments: {'ament_cmake_args': None, 'build_base': '/home/swarm-team/ros2_ws/build/testplay', 'catkin_cmake_args': None, 'catkin_skip_building_tests': False, 'cmake_args': None, 'cmake_clean_cache': False, 'cmake_clean_first': False, 'cmake_force_configure': False, 'cmake_target': None, 'cmake_target_skip_unavailable': False, 'install_base': '/home/swarm-team/ros2_ws/install/testplay', 'merge_install': False, 'path': '/home/swarm-team/ros2_ws/src/testplay', 'symlink_install': True, 'test_result_base': None}
[0.233s] Level 5:colcon.colcon_core.verb:set package 'three_team_du_stuck' build argument 'cmake_args' from command line to 'None'
[0.233s] Level 5:colcon.colcon_core.verb:set package 'three_team_du_stuck' build argument 'cmake_target' from command line to 'None'
[0.233s] Level 5:colcon.colcon_core.verb:set package 'three_team_du_stuck' build argument 'cmake_target_skip_unavailable' from command line to 'False'
[0.233s] Level 5:colcon.colcon_core.verb:set package 'three_team_du_stuck' build argument 'cmake_clean_cache' from command line to 'False'
[0.233s] Level 5:colcon.colcon_core.verb:set package 'three_team_du_stuck' build argument 'cmake_clean_first' from command line to 'False'
[0.233s] Level 5:colcon.colcon_core.verb:set package 'three_team_du_stuck' build argument 'cmake_force_configure' from command line to 'False'
[0.233s] Level 5:colcon.colcon_core.verb:set package 'three_team_du_stuck' build argument 'ament_cmake_args' from command line to 'None'
[0.233s] Level 5:colcon.colcon_core.verb:set package 'three_team_du_stuck' build argument 'catkin_cmake_args' from command line to 'None'
[0.233s] Level 5:colcon.colcon_core.verb:set package 'three_team_du_stuck' build argument 'catkin_skip_building_tests' from command line to 'False'
[0.233s] DEBUG:colcon.colcon_core.verb:Building package 'three_team_du_stuck' with the following arguments: {'ament_cmake_args': None, 'build_base': '/home/swarm-team/ros2_ws/build/three_team_du_stuck', 'catkin_cmake_args': None, 'catkin_skip_building_tests': False, 'cmake_args': None, 'cmake_clean_cache': False, 'cmake_clean_first': False, 'cmake_force_configure': False, 'cmake_target': None, 'cmake_target_skip_unavailable': False, 'install_base': '/home/swarm-team/ros2_ws/install/three_team_du_stuck', 'merge_install': False, 'path': '/home/swarm-team/ros2_ws/src/three_team_du_stuck', 'symlink_install': True, 'test_result_base': None}
[0.234s] Level 5:colcon.colcon_core.verb:set package 'three_team_ex_stuck' build argument 'cmake_args' from command line to 'None'
[0.234s] Level 5:colcon.colcon_core.verb:set package 'three_team_ex_stuck' build argument 'cmake_target' from command line to 'None'
[0.234s] Level 5:colcon.colcon_core.verb:set package 'three_team_ex_stuck' build argument 'cmake_target_skip_unavailable' from command line to 'False'
[0.234s] Level 5:colcon.colcon_core.verb:set package 'three_team_ex_stuck' build argument 'cmake_clean_cache' from command line to 'False'
[0.234s] Level 5:colcon.colcon_core.verb:set package 'three_team_ex_stuck' build argument 'cmake_clean_first' from command line to 'False'
[0.234s] Level 5:colcon.colcon_core.verb:set package 'three_team_ex_stuck' build argument 'cmake_force_configure' from command line to 'False'
[0.234s] Level 5:colcon.colcon_core.verb:set package 'three_team_ex_stuck' build argument 'ament_cmake_args' from command line to 'None'
[0.234s] Level 5:colcon.colcon_core.verb:set package 'three_team_ex_stuck' build argument 'catkin_cmake_args' from command line to 'None'
[0.234s] Level 5:colcon.colcon_core.verb:set package 'three_team_ex_stuck' build argument 'catkin_skip_building_tests' from command line to 'False'
[0.234s] DEBUG:colcon.colcon_core.verb:Building package 'three_team_ex_stuck' with the following arguments: {'ament_cmake_args': None, 'build_base': '/home/swarm-team/ros2_ws/build/three_team_ex_stuck', 'catkin_cmake_args': None, 'catkin_skip_building_tests': False, 'cmake_args': None, 'cmake_clean_cache': False, 'cmake_clean_first': False, 'cmake_force_configure': False, 'cmake_target': None, 'cmake_target_skip_unavailable': False, 'install_base': '/home/swarm-team/ros2_ws/install/three_team_ex_stuck', 'merge_install': False, 'path': '/home/swarm-team/ros2_ws/src/three_team_ex_stuck', 'symlink_install': True, 'test_result_base': None}
[0.234s] Level 5:colcon.colcon_core.verb:set package 'two_team_du_stuck' build argument 'cmake_args' from command line to 'None'
[0.234s] Level 5:colcon.colcon_core.verb:set package 'two_team_du_stuck' build argument 'cmake_target' from command line to 'None'
[0.234s] Level 5:colcon.colcon_core.verb:set package 'two_team_du_stuck' build argument 'cmake_target_skip_unavailable' from command line to 'False'
[0.234s] Level 5:colcon.colcon_core.verb:set package 'two_team_du_stuck' build argument 'cmake_clean_cache' from command line to 'False'
[0.234s] Level 5:colcon.colcon_core.verb:set package 'two_team_du_stuck' build argument 'cmake_clean_first' from command line to 'False'
[0.234s] Level 5:colcon.colcon_core.verb:set package 'two_team_du_stuck' build argument 'cmake_force_configure' from command line to 'False'
[0.234s] Level 5:colcon.colcon_core.verb:set package 'two_team_du_stuck' build argument 'ament_cmake_args' from command line to 'None'
[0.234s] Level 5:colcon.colcon_core.verb:set package 'two_team_du_stuck' build argument 'catkin_cmake_args' from command line to 'None'
[0.234s] Level 5:colcon.colcon_core.verb:set package 'two_team_du_stuck' build argument 'catkin_skip_building_tests' from command line to 'False'
[0.234s] DEBUG:colcon.colcon_core.verb:Building package 'two_team_du_stuck' with the following arguments: {'ament_cmake_args': None, 'build_base': '/home/swarm-team/ros2_ws/build/two_team_du_stuck', 'catkin_cmake_args': None, 'catkin_skip_building_tests': False, 'cmake_args': None, 'cmake_clean_cache': False, 'cmake_clean_first': False, 'cmake_force_configure': False, 'cmake_target': None, 'cmake_target_skip_unavailable': False, 'install_base': '/home/swarm-team/ros2_ws/install/two_team_du_stuck', 'merge_install': False, 'path': '/home/swarm-team/ros2_ws/src/two_team_du_stuck', 'symlink_install': True, 'test_result_base': None}
[0.235s] Level 5:colcon.colcon_core.verb:set package 'two_team_ex_stuck' build argument 'cmake_args' from command line to 'None'
[0.235s] Level 5:colcon.colcon_core.verb:set package 'two_team_ex_stuck' build argument 'cmake_target' from command line to 'None'
[0.235s] Level 5:colcon.colcon_core.verb:set package 'two_team_ex_stuck' build argument 'cmake_target_skip_unavailable' from command line to 'False'
[0.235s] Level 5:colcon.colcon_core.verb:set package 'two_team_ex_stuck' build argument 'cmake_clean_cache' from command line to 'False'
[0.235s] Level 5:colcon.colcon_core.verb:set package 'two_team_ex_stuck' build argument 'cmake_clean_first' from command line to 'False'
[0.235s] Level 5:colcon.colcon_core.verb:set package 'two_team_ex_stuck' build argument 'cmake_force_configure' from command line to 'False'
[0.235s] Level 5:colcon.colcon_core.verb:set package 'two_team_ex_stuck' build argument 'ament_cmake_args' from command line to 'None'
[0.235s] Level 5:colcon.colcon_core.verb:set package 'two_team_ex_stuck' build argument 'catkin_cmake_args' from command line to 'None'
[0.235s] Level 5:colcon.colcon_core.verb:set package 'two_team_ex_stuck' build argument 'catkin_skip_building_tests' from command line to 'False'
[0.235s] DEBUG:colcon.colcon_core.verb:Building package 'two_team_ex_stuck' with the following arguments: {'ament_cmake_args': None, 'build_base': '/home/swarm-team/ros2_ws/build/two_team_ex_stuck', 'catkin_cmake_args': None, 'catkin_skip_building_tests': False, 'cmake_args': None, 'cmake_clean_cache': False, 'cmake_clean_first': False, 'cmake_force_configure': False, 'cmake_target': None, 'cmake_target_skip_unavailable': False, 'install_base': '/home/swarm-team/ros2_ws/install/two_team_ex_stuck', 'merge_install': False, 'path': '/home/swarm-team/ros2_ws/src/two_team_ex_stuck', 'symlink_install': True, 'test_result_base': None}
[0.235s] Level 5:colcon.colcon_core.verb:set package 'two_team_du_test' build argument 'cmake_args' from command line to 'None'
[0.235s] Level 5:colcon.colcon_core.verb:set package 'two_team_du_test' build argument 'cmake_target' from command line to 'None'
[0.235s] Level 5:colcon.colcon_core.verb:set package 'two_team_du_test' build argument 'cmake_target_skip_unavailable' from command line to 'False'
[0.235s] Level 5:colcon.colcon_core.verb:set package 'two_team_du_test' build argument 'cmake_clean_cache' from command line to 'False'
[0.235s] Level 5:colcon.colcon_core.verb:set package 'two_team_du_test' build argument 'cmake_clean_first' from command line to 'False'
[0.235s] Level 5:colcon.colcon_core.verb:set package 'two_team_du_test' build argument 'cmake_force_configure' from command line to 'False'
[0.235s] Level 5:colcon.colcon_core.verb:set package 'two_team_du_test' build argument 'ament_cmake_args' from command line to 'None'
[0.235s] Level 5:colcon.colcon_core.verb:set package 'two_team_du_test' build argument 'catkin_cmake_args' from command line to 'None'
[0.235s] Level 5:colcon.colcon_core.verb:set package 'two_team_du_test' build argument 'catkin_skip_building_tests' from command line to 'False'
[0.235s] DEBUG:colcon.colcon_core.verb:Building package 'two_team_du_test' with the following arguments: {'ament_cmake_args': None, 'build_base': '/home/swarm-team/ros2_ws/build/two_team_du_test', 'catkin_cmake_args': None, 'catkin_skip_building_tests': False, 'cmake_args': None, 'cmake_clean_cache': False, 'cmake_clean_first': False, 'cmake_force_configure': False, 'cmake_target': None, 'cmake_target_skip_unavailable': False, 'install_base': '/home/swarm-team/ros2_ws/install/two_team_du_test', 'merge_install': False, 'path': '/home/swarm-team/ros2_ws/src/two_team_du_test', 'symlink_install': True, 'test_result_base': None}
[0.236s] Level 5:colcon.colcon_core.verb:set package 'two_team_ex_test' build argument 'cmake_args' from command line to 'None'
[0.236s] Level 5:colcon.colcon_core.verb:set package 'two_team_ex_test' build argument 'cmake_target' from command line to 'None'
[0.236s] Level 5:colcon.colcon_core.verb:set package 'two_team_ex_test' build argument 'cmake_target_skip_unavailable' from command line to 'False'
[0.236s] Level 5:colcon.colcon_core.verb:set package 'two_team_ex_test' build argument 'cmake_clean_cache' from command line to 'False'
[0.236s] Level 5:colcon.colcon_core.verb:set package 'two_team_ex_test' build argument 'cmake_clean_first' from command line to 'False'
[0.236s] Level 5:colcon.colcon_core.verb:set package 'two_team_ex_test' build argument 'cmake_force_configure' from command line to 'False'
[0.236s] Level 5:colcon.colcon_core.verb:set package 'two_team_ex_test' build argument 'ament_cmake_args' from command line to 'None'
[0.236s] Level 5:colcon.colcon_core.verb:set package 'two_team_ex_test' build argument 'catkin_cmake_args' from command line to 'None'
[0.236s] Level 5:colcon.colcon_core.verb:set package 'two_team_ex_test' build argument 'catkin_skip_building_tests' from command line to 'False'
[0.236s] DEBUG:colcon.colcon_core.verb:Building package 'two_team_ex_test' with the following arguments: {'ament_cmake_args': None, 'build_base': '/home/swarm-team/ros2_ws/build/two_team_ex_test', 'catkin_cmake_args': None, 'catkin_skip_building_tests': False, 'cmake_args': None, 'cmake_clean_cache': False, 'cmake_clean_first': False, 'cmake_force_configure': False, 'cmake_target': None, 'cmake_target_skip_unavailable': False, 'install_base': '/home/swarm-team/ros2_ws/install/two_team_ex_test', 'merge_install': False, 'path': '/home/swarm-team/ros2_ws/src/two_team_ex_test', 'symlink_install': True, 'test_result_base': None}
[0.236s] INFO:colcon.colcon_core.executor:Executing jobs using 'parallel' executor
[0.238s] DEBUG:colcon.colcon_parallel_executor.executor.parallel:run_until_complete
[0.238s] INFO:colcon.colcon_ros.task.ament_cmake.build:Building ROS package in '/home/swarm-team/ros2_ws/src/dump_messages' with build type 'ament_cmake'
[0.238s] INFO:colcon.colcon_cmake.task.cmake.build:Building CMake package in '/home/swarm-team/ros2_ws/src/dump_messages'
[0.241s] INFO:colcon.colcon_core.plugin_system:Skipping extension 'colcon_core.shell.bat': Not used on non-Windows systems
[0.241s] INFO:colcon.colcon_core.shell:Skip shell extension 'powershell' for command environment: Not usable outside of PowerShell
[0.241s] DEBUG:colcon.colcon_core.shell:Skip shell extension 'dsv' for command environment
[0.244s] INFO:colcon.colcon_ros.task.ament_python.build:Building ROS package in '/home/swarm-team/ros2_ws/src/four_team_du_stuck' with build type 'ament_python'
[0.244s] Level 1:colcon.colcon_core.shell:create_environment_hook('four_team_du_stuck', 'ament_prefix_path')
[0.245s] INFO:colcon.colcon_core.shell:Creating environment hook '/home/swarm-team/ros2_ws/install/four_team_du_stuck/share/four_team_du_stuck/hook/ament_prefix_path.ps1'
[0.246s] INFO:colcon.colcon_core.shell:Creating environment descriptor '/home/swarm-team/ros2_ws/install/four_team_du_stuck/share/four_team_du_stuck/hook/ament_prefix_path.dsv'
[0.246s] INFO:colcon.colcon_core.shell:Creating environment hook '/home/swarm-team/ros2_ws/install/four_team_du_stuck/share/four_team_du_stuck/hook/ament_prefix_path.sh'
[0.247s] INFO:colcon.colcon_core.shell:Skip shell extension 'powershell' for command environment: Not usable outside of PowerShell
[0.247s] DEBUG:colcon.colcon_core.shell:Skip shell extension 'dsv' for command environment
[0.250s] INFO:colcon.colcon_ros.task.ament_python.build:Building ROS package in '/home/swarm-team/ros2_ws/src/four_team_ex_stuck' with build type 'ament_python'
[0.250s] Level 1:colcon.colcon_core.shell:create_environment_hook('four_team_ex_stuck', 'ament_prefix_path')
[0.251s] INFO:colcon.colcon_core.shell:Creating environment hook '/home/swarm-team/ros2_ws/install/four_team_ex_stuck/share/four_team_ex_stuck/hook/ament_prefix_path.ps1'
[0.251s] INFO:colcon.colcon_core.shell:Creating environment descriptor '/home/swarm-team/ros2_ws/install/four_team_ex_stuck/share/four_team_ex_stuck/hook/ament_prefix_path.dsv'
[0.251s] INFO:colcon.colcon_core.shell:Creating environment hook '/home/swarm-team/ros2_ws/install/four_team_ex_stuck/share/four_team_ex_stuck/hook/ament_prefix_path.sh'
[0.252s] INFO:colcon.colcon_core.shell:Skip shell extension 'powershell' for command environment: Not usable outside of PowerShell
[0.252s] DEBUG:colcon.colcon_core.shell:Skip shell extension 'dsv' for command environment
[0.255s] INFO:colcon.colcon_ros.task.ament_python.build:Building ROS package in '/home/swarm-team/ros2_ws/src/multi_du_udpcomm_01_pkg-master' with build type 'ament_python'
[0.255s] Level 1:colcon.colcon_core.shell:create_environment_hook('multi_du_udpcomm_01_pkg', 'ament_prefix_path')
[0.256s] INFO:colcon.colcon_core.shell:Creating environment hook '/home/swarm-team/ros2_ws/install/multi_du_udpcomm_01_pkg/share/multi_du_udpcomm_01_pkg/hook/ament_prefix_path.ps1'
[0.257s] INFO:colcon.colcon_core.shell:Creating environment descriptor '/home/swarm-team/ros2_ws/install/multi_du_udpcomm_01_pkg/share/multi_du_udpcomm_01_pkg/hook/ament_prefix_path.dsv'
[0.257s] INFO:colcon.colcon_core.shell:Creating environment hook '/home/swarm-team/ros2_ws/install/multi_du_udpcomm_01_pkg/share/multi_du_udpcomm_01_pkg/hook/ament_prefix_path.sh'
[0.258s] INFO:colcon.colcon_core.shell:Skip shell extension 'powershell' for command environment: Not usable outside of PowerShell
[0.258s] DEBUG:colcon.colcon_core.shell:Skip shell extension 'dsv' for command environment
[0.260s] INFO:colcon.colcon_ros.task.ament_python.build:Building ROS package in '/home/swarm-team/ros2_ws/src/multi_du_udpcomm_02_pkg' with build type 'ament_python'
[0.261s] Level 1:colcon.colcon_core.shell:create_environment_hook('multi_du_udpcomm_02_pkg', 'ament_prefix_path')
[0.262s] INFO:colcon.colcon_core.shell:Creating environment hook '/home/swarm-team/ros2_ws/install/multi_du_udpcomm_02_pkg/share/multi_du_udpcomm_02_pkg/hook/ament_prefix_path.ps1'
[0.262s] INFO:colcon.colcon_core.shell:Creating environment descriptor '/home/swarm-team/ros2_ws/install/multi_du_udpcomm_02_pkg/share/multi_du_udpcomm_02_pkg/hook/ament_prefix_path.dsv'
[0.262s] INFO:colcon.colcon_core.shell:Creating environment hook '/home/swarm-team/ros2_ws/install/multi_du_udpcomm_02_pkg/share/multi_du_udpcomm_02_pkg/hook/ament_prefix_path.sh'
[0.263s] INFO:colcon.colcon_core.shell:Skip shell extension 'powershell' for command environment: Not usable outside of PowerShell
[0.263s] DEBUG:colcon.colcon_core.shell:Skip shell extension 'dsv' for command environment
[0.266s] INFO:colcon.colcon_ros.task.ament_python.build:Building ROS package in '/home/swarm-team/ros2_ws/src/one_team_du_base_master' with build type 'ament_python'
[0.266s] Level 1:colcon.colcon_core.shell:create_environment_hook('one_team_du_base_master', 'ament_prefix_path')
[0.267s] INFO:colcon.colcon_core.shell:Creating environment hook '/home/swarm-team/ros2_ws/install/one_team_du_base_master/share/one_team_du_base_master/hook/ament_prefix_path.ps1'
[0.267s] INFO:colcon.colcon_core.shell:Creating environment descriptor '/home/swarm-team/ros2_ws/install/one_team_du_base_master/share/one_team_du_base_master/hook/ament_prefix_path.dsv'
[0.267s] INFO:colcon.colcon_core.shell:Creating environment hook '/home/swarm-team/ros2_ws/install/one_team_du_base_master/share/one_team_du_base_master/hook/ament_prefix_path.sh'
[0.268s] INFO:colcon.colcon_core.shell:Skip shell extension 'powershell' for command environment: Not usable outside of PowerShell
[0.268s] DEBUG:colcon.colcon_core.shell:Skip shell extension 'dsv' for command environment
[0.271s] INFO:colcon.colcon_ros.task.ament_python.build:Building ROS package in '/home/swarm-team/ros2_ws/src/one_team_du_stuck' with build type 'ament_python'
[0.271s] Level 1:colcon.colcon_core.shell:create_environment_hook('one_team_du_stuck', 'ament_prefix_path')
[0.272s] INFO:colcon.colcon_core.shell:Creating environment hook '/home/swarm-team/ros2_ws/install/one_team_du_stuck/share/one_team_du_stuck/hook/ament_prefix_path.ps1'
[0.272s] INFO:colcon.colcon_core.shell:Creating environment descriptor '/home/swarm-team/ros2_ws/install/one_team_du_stuck/share/one_team_du_stuck/hook/ament_prefix_path.dsv'
[0.273s] INFO:colcon.colcon_core.shell:Creating environment hook '/home/swarm-team/ros2_ws/install/one_team_du_stuck/share/one_team_du_stuck/hook/ament_prefix_path.sh'
[0.273s] INFO:colcon.colcon_core.shell:Skip shell extension 'powershell' for command environment: Not usable outside of PowerShell
[0.273s] DEBUG:colcon.colcon_core.shell:Skip shell extension 'dsv' for command environment
[0.276s] INFO:colcon.colcon_ros.task.ament_python.build:Building ROS package in '/home/swarm-team/ros2_ws/src/one_team_ex_base_master' with build type 'ament_python'
[0.276s] Level 1:colcon.colcon_core.shell:create_environment_hook('one_team_ex_base_master', 'ament_prefix_path')
[0.277s] INFO:colcon.colcon_core.shell:Creating environment hook '/home/swarm-team/ros2_ws/install/one_team_ex_base_master/share/one_team_ex_base_master/hook/ament_prefix_path.ps1'
[0.278s] INFO:colcon.colcon_core.shell:Creating environment descriptor '/home/swarm-team/ros2_ws/install/one_team_ex_base_master/share/one_team_ex_base_master/hook/ament_prefix_path.dsv'
[0.278s] INFO:colcon.colcon_core.shell:Creating environment hook '/home/swarm-team/ros2_ws/install/one_team_ex_base_master/share/one_team_ex_base_master/hook/ament_prefix_path.sh'
[0.278s] INFO:colcon.colcon_core.shell:Skip shell extension 'powershell' for command environment: Not usable outside of PowerShell
[0.278s] DEBUG:colcon.colcon_core.shell:Skip shell extension 'dsv' for command environment
[0.281s] INFO:colcon.colcon_ros.task.ament_python.build:Building ROS package in '/home/swarm-team/ros2_ws/src/one_team_ex_stuck' with build type 'ament_python'
[0.282s] Level 1:colcon.colcon_core.shell:create_environment_hook('one_team_ex_stuck', 'ament_prefix_path')
[0.282s] INFO:colcon.colcon_core.shell:Creating environment hook '/home/swarm-team/ros2_ws/install/one_team_ex_stuck/share/one_team_ex_stuck/hook/ament_prefix_path.ps1'
[0.283s] INFO:colcon.colcon_core.shell:Creating environment descriptor '/home/swarm-team/ros2_ws/install/one_team_ex_stuck/share/one_team_ex_stuck/hook/ament_prefix_path.dsv'
[0.283s] INFO:colcon.colcon_core.shell:Creating environment hook '/home/swarm-team/ros2_ws/install/one_team_ex_stuck/share/one_team_ex_stuck/hook/ament_prefix_path.sh'
[0.284s] INFO:colcon.colcon_core.shell:Skip shell extension 'powershell' for command environment: Not usable outside of PowerShell
[0.284s] DEBUG:colcon.colcon_core.shell:Skip shell extension 'dsv' for command environment
[0.286s] INFO:colcon.colcon_ros.task.ament_python.build:Building ROS package in '/home/swarm-team/ros2_ws/src/single_ex_sim_pkg' with build type 'ament_python'
[0.287s] Level 1:colcon.colcon_core.shell:create_environment_hook('single_ex_sim_pkg', 'ament_prefix_path')
[0.288s] INFO:colcon.colcon_core.shell:Creating environment hook '/home/swarm-team/ros2_ws/install/single_ex_sim_pkg/share/single_ex_sim_pkg/hook/ament_prefix_path.ps1'
[0.288s] INFO:colcon.colcon_core.shell:Creating environment descriptor '/home/swarm-team/ros2_ws/install/single_ex_sim_pkg/share/single_ex_sim_pkg/hook/ament_prefix_path.dsv'
[0.288s] INFO:colcon.colcon_core.shell:Creating environment hook '/home/swarm-team/ros2_ws/install/single_ex_sim_pkg/share/single_ex_sim_pkg/hook/ament_prefix_path.sh'
[0.289s] INFO:colcon.colcon_core.shell:Skip shell extension 'powershell' for command environment: Not usable outside of PowerShell
[0.289s] DEBUG:colcon.colcon_core.shell:Skip shell extension 'dsv' for command environment
[0.292s] INFO:colcon.colcon_ros.task.ament_python.build:Building ROS package in '/home/swarm-team/ros2_ws/src/single_ex_sim_pkg_master' with build type 'ament_python'
[0.292s] Level 1:colcon.colcon_core.shell:create_environment_hook('single_ex_sim_pkg_master', 'ament_prefix_path')
[0.293s] INFO:colcon.colcon_core.shell:Creating environment hook '/home/swarm-team/ros2_ws/install/single_ex_sim_pkg_master/share/single_ex_sim_pkg_master/hook/ament_prefix_path.ps1'
[0.293s] INFO:colcon.colcon_core.shell:Creating environment descriptor '/home/swarm-team/ros2_ws/install/single_ex_sim_pkg_master/share/single_ex_sim_pkg_master/hook/ament_prefix_path.dsv'
[0.293s] INFO:colcon.colcon_core.shell:Creating environment hook '/home/swarm-team/ros2_ws/install/single_ex_sim_pkg_master/share/single_ex_sim_pkg_master/hook/ament_prefix_path.sh'
[0.294s] INFO:colcon.colcon_core.shell:Skip shell extension 'powershell' for command environment: Not usable outside of PowerShell
[0.294s] DEBUG:colcon.colcon_core.shell:Skip shell extension 'dsv' for command environment
[0.297s] INFO:colcon.colcon_ros.task.ament_python.build:Building ROS package in '/home/swarm-team/ros2_ws/src/six_team_du_stuck' with build type 'ament_python'
[0.297s] Level 1:colcon.colcon_core.shell:create_environment_hook('six_team_du_stuck', 'ament_prefix_path')
[0.298s] INFO:colcon.colcon_core.shell:Creating environment hook '/home/swarm-team/ros2_ws/install/six_team_du_stuck/share/six_team_du_stuck/hook/ament_prefix_path.ps1'
[0.298s] INFO:colcon.colcon_core.shell:Creating environment descriptor '/home/swarm-team/ros2_ws/install/six_team_du_stuck/share/six_team_du_stuck/hook/ament_prefix_path.dsv'
[0.298s] INFO:colcon.colcon_core.shell:Creating environment hook '/home/swarm-team/ros2_ws/install/six_team_du_stuck/share/six_team_du_stuck/hook/ament_prefix_path.sh'
[0.299s] INFO:colcon.colcon_core.shell:Skip shell extension 'powershell' for command environment: Not usable outside of PowerShell
[0.299s] DEBUG:colcon.colcon_core.shell:Skip shell extension 'dsv' for command environment
[0.302s] INFO:colcon.colcon_ros.task.ament_python.build:Building ROS package in '/home/swarm-team/ros2_ws/src/six_team_ex_stuck' with build type 'ament_python'
[0.302s] Level 1:colcon.colcon_core.shell:create_environment_hook('six_team_ex_stuck', 'ament_prefix_path')
[0.303s] INFO:colcon.colcon_core.shell:Creating environment hook '/home/swarm-team/ros2_ws/install/six_team_ex_stuck/share/six_team_ex_stuck/hook/ament_prefix_path.ps1'
[0.303s] INFO:colcon.colcon_core.shell:Creating environment descriptor '/home/swarm-team/ros2_ws/install/six_team_ex_stuck/share/six_team_ex_stuck/hook/ament_prefix_path.dsv'
[0.304s] INFO:colcon.colcon_core.shell:Creating environment hook '/home/swarm-team/ros2_ws/install/six_team_ex_stuck/share/six_team_ex_stuck/hook/ament_prefix_path.sh'
[0.304s] INFO:colcon.colcon_core.shell:Skip shell extension 'powershell' for command environment: Not usable outside of PowerShell
[0.304s] DEBUG:colcon.colcon_core.shell:Skip shell extension 'dsv' for command environment
[0.307s] INFO:colcon.colcon_ros.task.ament_python.build:Building ROS package in '/home/swarm-team/ros2_ws/src/testplay' with build type 'ament_python'
[0.308s] Level 1:colcon.colcon_core.shell:create_environment_hook('testplay', 'ament_prefix_path')
[0.308s] INFO:colcon.colcon_core.shell:Creating environment hook '/home/swarm-team/ros2_ws/install/testplay/share/testplay/hook/ament_prefix_path.ps1'
[0.309s] INFO:colcon.colcon_core.shell:Creating environment descriptor '/home/swarm-team/ros2_ws/install/testplay/share/testplay/hook/ament_prefix_path.dsv'
[0.309s] INFO:colcon.colcon_core.shell:Creating environment hook '/home/swarm-team/ros2_ws/install/testplay/share/testplay/hook/ament_prefix_path.sh'
[0.310s] INFO:colcon.colcon_core.shell:Skip shell extension 'powershell' for command environment: Not usable outside of PowerShell
[0.310s] DEBUG:colcon.colcon_core.shell:Skip shell extension 'dsv' for command environment
[0.312s] INFO:colcon.colcon_ros.task.ament_python.build:Building ROS package in '/home/swarm-team/ros2_ws/src/three_team_du_stuck' with build type 'ament_python'
[0.313s] Level 1:colcon.colcon_core.shell:create_environment_hook('three_team_du_stuck', 'ament_prefix_path')
[0.313s] INFO:colcon.colcon_core.shell:Creating environment hook '/home/swarm-team/ros2_ws/install/three_team_du_stuck/share/three_team_du_stuck/hook/ament_prefix_path.ps1'
[0.314s] INFO:colcon.colcon_core.shell:Creating environment descriptor '/home/swarm-team/ros2_ws/install/three_team_du_stuck/share/three_team_du_stuck/hook/ament_prefix_path.dsv'
[0.314s] INFO:colcon.colcon_core.shell:Creating environment hook '/home/swarm-team/ros2_ws/install/three_team_du_stuck/share/three_team_du_stuck/hook/ament_prefix_path.sh'
[0.315s] INFO:colcon.colcon_core.shell:Skip shell extension 'powershell' for command environment: Not usable outside of PowerShell
[0.315s] DEBUG:colcon.colcon_core.shell:Skip shell extension 'dsv' for command environment
[0.318s] INFO:colcon.colcon_ros.task.ament_python.build:Building ROS package in '/home/swarm-team/ros2_ws/src/three_team_ex_stuck' with build type 'ament_python'
[0.318s] Level 1:colcon.colcon_core.shell:create_environment_hook('three_team_ex_stuck', 'ament_prefix_path')
[0.319s] INFO:colcon.colcon_core.shell:Creating environment hook '/home/swarm-team/ros2_ws/install/three_team_ex_stuck/share/three_team_ex_stuck/hook/ament_prefix_path.ps1'
[0.319s] INFO:colcon.colcon_core.shell:Creating environment descriptor '/home/swarm-team/ros2_ws/install/three_team_ex_stuck/share/three_team_ex_stuck/hook/ament_prefix_path.dsv'
[0.319s] INFO:colcon.colcon_core.shell:Creating environment hook '/home/swarm-team/ros2_ws/install/three_team_ex_stuck/share/three_team_ex_stuck/hook/ament_prefix_path.sh'
[0.320s] INFO:colcon.colcon_core.shell:Skip shell extension 'powershell' for command environment: Not usable outside of PowerShell
[0.320s] DEBUG:colcon.colcon_core.shell:Skip shell extension 'dsv' for command environment
[0.323s] INFO:colcon.colcon_ros.task.ament_python.build:Building ROS package in '/home/swarm-team/ros2_ws/src/two_team_du_stuck' with build type 'ament_python'
[0.323s] Level 1:colcon.colcon_core.shell:create_environment_hook('two_team_du_stuck', 'ament_prefix_path')
[0.324s] INFO:colcon.colcon_core.shell:Creating environment hook '/home/swarm-team/ros2_ws/install/two_team_du_stuck/share/two_team_du_stuck/hook/ament_prefix_path.ps1'
[0.324s] INFO:colcon.colcon_core.shell:Creating environment descriptor '/home/swarm-team/ros2_ws/install/two_team_du_stuck/share/two_team_du_stuck/hook/ament_prefix_path.dsv'
[0.324s] INFO:colcon.colcon_core.shell:Creating environment hook '/home/swarm-team/ros2_ws/install/two_team_du_stuck/share/two_team_du_stuck/hook/ament_prefix_path.sh'
[0.325s] INFO:colcon.colcon_core.shell:Skip shell extension 'powershell' for command environment: Not usable outside of PowerShell
[0.325s] DEBUG:colcon.colcon_core.shell:Skip shell extension 'dsv' for command environment
[0.328s] INFO:colcon.colcon_ros.task.ament_python.build:Building ROS package in '/home/swarm-team/ros2_ws/src/two_team_ex_stuck' with build type 'ament_python'
[0.328s] Level 1:colcon.colcon_core.shell:create_environment_hook('two_team_ex_stuck', 'ament_prefix_path')
[0.329s] INFO:colcon.colcon_core.shell:Creating environment hook '/home/swarm-team/ros2_ws/install/two_team_ex_stuck/share/two_team_ex_stuck/hook/ament_prefix_path.ps1'
[0.329s] INFO:colcon.colcon_core.shell:Creating environment descriptor '/home/swarm-team/ros2_ws/install/two_team_ex_stuck/share/two_team_ex_stuck/hook/ament_prefix_path.dsv'
[0.330s] INFO:colcon.colcon_core.shell:Creating environment hook '/home/swarm-team/ros2_ws/install/two_team_ex_stuck/share/two_team_ex_stuck/hook/ament_prefix_path.sh'
[0.330s] INFO:colcon.colcon_core.shell:Skip shell extension 'powershell' for command environment: Not usable outside of PowerShell
[0.330s] DEBUG:colcon.colcon_core.shell:Skip shell extension 'dsv' for command environment
[0.340s] DEBUG:colcon.colcon_core.event_handler.log_command:Invoking command in '/home/swarm-team/ros2_ws/build/dump_messages': CMAKE_PREFIX_PATH=${CMAKE_PREFIX_PATH}:/home/swarm-team/ros2_ws/install/two_team_ex_test:/home/swarm-team/ros2_ws/install/two_team_ex_stuck:/home/swarm-team/ros2_ws/install/two_team_du_test:/home/swarm-team/ros2_ws/install/two_team_du_stuck:/home/swarm-team/ros2_ws/install/three_team_ex_stuck:/home/swarm-team/ros2_ws/install/three_team_du_stuck:/home/swarm-team/ros2_ws/install/testplay:/home/swarm-team/ros2_ws/install/six_team_ex_stuck:/home/swarm-team/ros2_ws/install/six_team_du_stuck:/home/swarm-team/ros2_ws/install/single_ex_sim_pkg_master:/home/swarm-team/ros2_ws/install/single_ex_sim_pkg:/home/swarm-team/ros2_ws/install/one_team_ex_stuck:/home/swarm-team/ros2_ws/install/one_team_ex_base_master:/home/swarm-team/ros2_ws/install/one_team_du_stuck:/home/swarm-team/ros2_ws/install/one_team_du_base_master:/home/swarm-team/ros2_ws/install/multi_du_udpcomm_02_pkg:/home/swarm-team/ros2_ws/install/multi_du_udpcomm_01_pkg:/home/swarm-team/ros2_ws/install/four_team_ex_stuck:/home/swarm-team/ros2_ws/install/four_team_du_stuck:/opt/ros/foxy /usr/bin/cmake --build /home/swarm-team/ros2_ws/build/dump_messages -- -j20 -l20
[0.468s] INFO:colcon.colcon_core.task.python.build:Building Python package in '/home/swarm-team/ros2_ws/src/four_team_du_stuck'
[0.469s] INFO:colcon.colcon_core.shell:Skip shell extension 'powershell' for command environment: Not usable outside of PowerShell
[0.469s] DEBUG:colcon.colcon_core.shell:Skip shell extension 'dsv' for command environment
[0.591s] INFO:colcon.colcon_core.task.python.build:Building Python package in '/home/swarm-team/ros2_ws/src/four_team_ex_stuck'
[0.592s] INFO:colcon.colcon_core.shell:Skip shell extension 'powershell' for command environment: Not usable outside of PowerShell
[0.592s] DEBUG:colcon.colcon_core.shell:Skip shell extension 'dsv' for command environment
[0.714s] INFO:colcon.colcon_core.task.python.build:Building Python package in '/home/swarm-team/ros2_ws/src/multi_du_udpcomm_01_pkg-master'
[0.715s] INFO:colcon.colcon_core.shell:Skip shell extension 'powershell' for command environment: Not usable outside of PowerShell
[0.715s] DEBUG:colcon.colcon_core.shell:Skip shell extension 'dsv' for command environment
[0.836s] INFO:colcon.colcon_core.task.python.build:Building Python package in '/home/swarm-team/ros2_ws/src/multi_du_udpcomm_02_pkg'
[0.837s] INFO:colcon.colcon_core.shell:Skip shell extension 'powershell' for command environment: Not usable outside of PowerShell
[0.837s] DEBUG:colcon.colcon_core.shell:Skip shell extension 'dsv' for command environment
[0.960s] INFO:colcon.colcon_core.task.python.build:Building Python package in '/home/swarm-team/ros2_ws/src/one_team_du_base_master'
[0.961s] INFO:colcon.colcon_core.shell:Skip shell extension 'powershell' for command environment: Not usable outside of PowerShell
[0.961s] DEBUG:colcon.colcon_core.shell:Skip shell extension 'dsv' for command environment
[1.083s] INFO:colcon.colcon_core.task.python.build:Building Python package in '/home/swarm-team/ros2_ws/src/one_team_du_stuck'
[1.084s] INFO:colcon.colcon_core.shell:Skip shell extension 'powershell' for command environment: Not usable outside of PowerShell
[1.084s] DEBUG:colcon.colcon_core.shell:Skip shell extension 'dsv' for command environment
[1.206s] INFO:colcon.colcon_core.task.python.build:Building Python package in '/home/swarm-team/ros2_ws/src/one_team_ex_base_master'
[1.207s] INFO:colcon.colcon_core.shell:Skip shell extension 'powershell' for command environment: Not usable outside of PowerShell
[1.207s] DEBUG:colcon.colcon_core.shell:Skip shell extension 'dsv' for command environment
[1.328s] INFO:colcon.colcon_core.task.python.build:Building Python package in '/home/swarm-team/ros2_ws/src/one_team_ex_stuck'
[1.329s] INFO:colcon.colcon_core.shell:Skip shell extension 'powershell' for command environment: Not usable outside of PowerShell
[1.329s] DEBUG:colcon.colcon_core.shell:Skip shell extension 'dsv' for command environment
[1.452s] INFO:colcon.colcon_core.task.python.build:Building Python package in '/home/swarm-team/ros2_ws/src/single_ex_sim_pkg'
[1.453s] INFO:colcon.colcon_core.shell:Skip shell extension 'powershell' for command environment: Not usable outside of PowerShell
[1.453s] DEBUG:colcon.colcon_core.shell:Skip shell extension 'dsv' for command environment
[1.575s] INFO:colcon.colcon_core.task.python.build:Building Python package in '/home/swarm-team/ros2_ws/src/single_ex_sim_pkg_master'
[1.576s] INFO:colcon.colcon_core.shell:Skip shell extension 'powershell' for command environment: Not usable outside of PowerShell
[1.576s] DEBUG:colcon.colcon_core.shell:Skip shell extension 'dsv' for command environment
[1.699s] INFO:colcon.colcon_core.task.python.build:Building Python package in '/home/swarm-team/ros2_ws/src/six_team_du_stuck'
[1.700s] INFO:colcon.colcon_core.shell:Skip shell extension 'powershell' for command environment: Not usable outside of PowerShell
[1.700s] DEBUG:colcon.colcon_core.shell:Skip shell extension 'dsv' for command environment
[1.790s] DEBUG:colcon.colcon_parallel_executor.executor.parallel:run_until_complete was interrupted
[1.790s] DEBUG:colcon.colcon_parallel_executor.executor.parallel:run_until_complete again
[1.912s] INFO:colcon.colcon_core.task.python.build:Building Python package in '/home/swarm-team/ros2_ws/src/testplay'
[1.913s] INFO:colcon.colcon_core.shell:Skip shell extension 'powershell' for command environment: Not usable outside of PowerShell
[1.913s] DEBUG:colcon.colcon_core.shell:Skip shell extension 'dsv' for command environment
[2.035s] INFO:colcon.colcon_core.task.python.build:Building Python package in '/home/swarm-team/ros2_ws/src/three_team_du_stuck'
[2.036s] INFO:colcon.colcon_core.shell:Skip shell extension 'powershell' for command environment: Not usable outside of PowerShell
[2.036s] DEBUG:colcon.colcon_core.shell:Skip shell extension 'dsv' for command environment
[2.157s] INFO:colcon.colcon_core.task.python.build:Building Python package in '/home/swarm-team/ros2_ws/src/three_team_ex_stuck'
[2.158s] INFO:colcon.colcon_core.shell:Skip shell extension 'powershell' for command environment: Not usable outside of PowerShell
[2.158s] DEBUG:colcon.colcon_core.shell:Skip shell extension 'dsv' for command environment
[2.280s] INFO:colcon.colcon_core.task.python.build:Building Python package in '/home/swarm-team/ros2_ws/src/two_team_du_stuck'
[2.281s] INFO:colcon.colcon_core.shell:Skip shell extension 'powershell' for command environment: Not usable outside of PowerShell
[2.281s] DEBUG:colcon.colcon_core.shell:Skip shell extension 'dsv' for command environment
[2.403s] INFO:colcon.colcon_core.task.python.build:Building Python package in '/home/swarm-team/ros2_ws/src/two_team_ex_stuck'
[2.404s] INFO:colcon.colcon_core.shell:Skip shell extension 'powershell' for command environment: Not usable outside of PowerShell
[2.404s] DEBUG:colcon.colcon_core.shell:Skip shell extension 'dsv' for command environment
[2.422s] DEBUG:colcon.colcon_parallel_executor.executor.parallel:run_until_complete finished
[2.422s] DEBUG:colcon.colcon_parallel_executor.executor.parallel:closing loop
[2.422s] DEBUG:colcon.colcon_parallel_executor.executor.parallel:loop closed
[2.422s] DEBUG:colcon.colcon_core.event_reactor:joining thread
[2.425s] INFO:colcon.colcon_core.plugin_system:Skipping extension 'colcon_notification.desktop_notification.terminal_notifier': Not used on non-Darwin systems
[2.425s] INFO:colcon.colcon_core.plugin_system:Skipping extension 'colcon_notification.desktop_notification.win32': Not used on non-Windows systems
[2.425s] INFO:colcon.colcon_notification.desktop_notification:Sending desktop notification using 'notify2'
[2.433s] DEBUG:colcon.colcon_core.event_reactor:joined thread
[2.434s] INFO:colcon.colcon_core.shell:Creating prefix script '/home/swarm-team/ros2_ws/install/local_setup.ps1'
[2.435s] INFO:colcon.colcon_core.shell:Creating prefix util module '/home/swarm-team/ros2_ws/install/_local_setup_util_ps1.py'
[2.436s] INFO:colcon.colcon_core.shell:Creating prefix chain script '/home/swarm-team/ros2_ws/install/setup.ps1'
[2.437s] INFO:colcon.colcon_core.shell:Creating prefix script '/home/swarm-team/ros2_ws/install/local_setup.sh'
[2.438s] INFO:colcon.colcon_core.shell:Creating prefix util module '/home/swarm-team/ros2_ws/install/_local_setup_util_sh.py'
[2.438s] INFO:colcon.colcon_core.shell:Creating prefix chain script '/home/swarm-team/ros2_ws/install/setup.sh'
[2.440s] INFO:colcon.colcon_core.shell:Creating prefix script '/home/swarm-team/ros2_ws/install/local_setup.bash'
[2.440s] INFO:colcon.colcon_core.shell:Creating prefix chain script '/home/swarm-team/ros2_ws/install/setup.bash'
[2.442s] INFO:colcon.colcon_core.shell:Creating prefix script '/home/swarm-team/ros2_ws/install/local_setup.zsh'
[2.442s] INFO:colcon.colcon_core.shell:Creating prefix chain script '/home/swarm-team/ros2_ws/install/setup.zsh'
