[0.109s] Invoking command in '/home/swarm-team/ros2_ws/build/dump_messages': CMAKE_PREFIX_PATH=/home/swarm-team/ros2_ws/install/two_team_ex_test:/home/swarm-team/ros2_ws/install/two_team_ex_stuck:/home/swarm-team/ros2_ws/install/two_team_du_test:/home/swarm-team/ros2_ws/install/two_team_du_stuck:/home/swarm-team/ros2_ws/install/three_team_ex_stuck:/home/swarm-team/ros2_ws/install/three_team_du_stuck:/home/swarm-team/ros2_ws/install/testplay:/home/swarm-team/ros2_ws/install/six_team_ex_stuck:/home/swarm-team/ros2_ws/install/six_team_du_stuck:/home/swarm-team/ros2_ws/install/single_ex_sim_pkg_master:/home/swarm-team/ros2_ws/install/single_ex_sim_pkg:/home/swarm-team/ros2_ws/install/one_team_ex_stuck:/home/swarm-team/ros2_ws/install/one_team_ex_base_master:/home/swarm-team/ros2_ws/install/one_team_du_stuck:/home/swarm-team/ros2_ws/install/one_team_du_base_master:/home/swarm-team/ros2_ws/install/multi_du_udpcomm_02_pkg:/home/swarm-team/ros2_ws/install/multi_du_udpcomm_01_pkg:/home/swarm-team/ros2_ws/install/four_team_ex_stuck:/home/swarm-team/ros2_ws/install/four_team_du_stuck:/opt/ros/foxy /usr/bin/cmake /home/swarm-team/ros2_ws/src/dump_messages -DAMENT_CMAKE_SYMLINK_INSTALL=1 -DCMAKE_INSTALL_PREFIX=/home/swarm-team/ros2_ws/install/dump_messages
[2.489s] -- The C compiler identification is GNU 9.4.0
[2.489s] -- The CXX compiler identification is GNU 9.4.0
[2.489s] -- Check for working C compiler: /usr/bin/cc
[2.489s] -- Check for working C compiler: /usr/bin/cc -- works
[2.489s] -- Detecting C compiler ABI info
[2.489s] -- Detecting C compiler ABI info - done
[2.489s] -- Detecting C compile features
[2.489s] -- Detecting C compile features - done
[2.489s] -- Check for working CXX compiler: /usr/bin/c++
[2.489s] -- Check for working CXX compiler: /usr/bin/c++ -- works
[2.489s] -- Detecting CXX compiler ABI info
[2.489s] -- Detecting CXX compiler ABI info - done
[2.489s] -- Detecting CXX compile features
[2.489s] -- Detecting CXX compile features - done
[2.489s] -- Found ament_cmake: 0.9.11 (/opt/ros/foxy/share/ament_cmake/cmake)
[2.489s] -- Found PythonInterp: /usr/bin/python3 (found suitable version "3.8.10", minimum required is "3") 
[2.489s] -- Using PYTHON_EXECUTABLE: /usr/bin/python3
[2.489s] -- Override CMake install command with custom implementation using symlinks instead of copying resources
[2.489s] -- Found geometry_msgs: 2.0.5 (/opt/ros/foxy/share/geometry_msgs/cmake)
[2.490s] -- Using all available rosidl_typesupport_c: rosidl_typesupport_fastrtps_c;rosidl_typesupport_introspection_c
[2.490s] -- Found rosidl_adapter: 1.3.0 (/opt/ros/foxy/share/rosidl_adapter/cmake)
[2.490s] -- Found OpenSSL: /usr/lib/x86_64-linux-gnu/libcrypto.so (found version "1.1.1f")  
[2.490s] -- Found FastRTPS: /opt/ros/foxy/include  
[2.490s] -- Using all available rosidl_typesupport_cpp: rosidl_typesupport_fastrtps_cpp;rosidl_typesupport_introspection_cpp
[2.490s] -- Found rosidl_default_generators: 1.0.1 (/opt/ros/foxy/share/rosidl_default_generators/cmake)
[2.490s] -- Found PythonInterp: /usr/bin/python3 (found version "3.8.10") 
[2.490s] -- Found ament_cmake_ros: 0.9.2 (/opt/ros/foxy/share/ament_cmake_ros/cmake)
[2.490s] -- Using all available rosidl_typesupport_c: rosidl_typesupport_fastrtps_c;rosidl_typesupport_introspection_c
[2.490s] -- Using all available rosidl_typesupport_cpp: rosidl_typesupport_fastrtps_cpp;rosidl_typesupport_introspection_cpp
[2.490s] -- Found PythonInterp: /usr/bin/python3 (found suitable version "3.8.10", minimum required is "3.5") 
[2.490s] -- Found python_cmake_module: 0.8.1 (/opt/ros/foxy/share/python_cmake_module/cmake)
[2.490s] -- Found PythonLibs: /usr/lib/x86_64-linux-gnu/libpython3.8.so (found suitable version "3.8.10", minimum required is "3.5") 
[2.490s] -- Using PYTHON_EXECUTABLE: /usr/bin/python3
[2.490s] -- Using PYTHON_INCLUDE_DIRS: /usr/include/python3.8
[2.490s] -- Using PYTHON_LIBRARIES: /usr/lib/x86_64-linux-gnu/libpython3.8.so
[2.490s] -- Found PythonExtra: .so  
[2.490s] -- Found ament_lint_auto: 0.9.7 (/opt/ros/foxy/share/ament_lint_auto/cmake)
[2.490s] -- Added test 'copyright' to check source files copyright and LICENSE
[2.490s] -- Added test 'lint_cmake' to check CMake code style
[2.490s] -- Added test 'xmllint' to check XML markup files
[2.490s] -- Configuring done
[2.490s] -- Generating done
[2.490s] -- Build files have been written to: /home/swarm-team/ros2_ws/build/dump_messages
[2.491s] Invoked command in '/home/swarm-team/ros2_ws/build/dump_messages' returned '0': CMAKE_PREFIX_PATH=/home/swarm-team/ros2_ws/install/two_team_ex_test:/home/swarm-team/ros2_ws/install/two_team_ex_stuck:/home/swarm-team/ros2_ws/install/two_team_du_test:/home/swarm-team/ros2_ws/install/two_team_du_stuck:/home/swarm-team/ros2_ws/install/three_team_ex_stuck:/home/swarm-team/ros2_ws/install/three_team_du_stuck:/home/swarm-team/ros2_ws/install/testplay:/home/swarm-team/ros2_ws/install/six_team_ex_stuck:/home/swarm-team/ros2_ws/install/six_team_du_stuck:/home/swarm-team/ros2_ws/install/single_ex_sim_pkg_master:/home/swarm-team/ros2_ws/install/single_ex_sim_pkg:/home/swarm-team/ros2_ws/install/one_team_ex_stuck:/home/swarm-team/ros2_ws/install/one_team_ex_base_master:/home/swarm-team/ros2_ws/install/one_team_du_stuck:/home/swarm-team/ros2_ws/install/one_team_du_base_master:/home/swarm-team/ros2_ws/install/multi_du_udpcomm_02_pkg:/home/swarm-team/ros2_ws/install/multi_du_udpcomm_01_pkg:/home/swarm-team/ros2_ws/install/four_team_ex_stuck:/home/swarm-team/ros2_ws/install/four_team_du_stuck:/opt/ros/foxy /usr/bin/cmake /home/swarm-team/ros2_ws/src/dump_messages -DAMENT_CMAKE_SYMLINK_INSTALL=1 -DCMAKE_INSTALL_PREFIX=/home/swarm-team/ros2_ws/install/dump_messages
[2.493s] Invoking command in '/home/swarm-team/ros2_ws/build/dump_messages': CMAKE_PREFIX_PATH=/home/swarm-team/ros2_ws/install/two_team_ex_test:/home/swarm-team/ros2_ws/install/two_team_ex_stuck:/home/swarm-team/ros2_ws/install/two_team_du_test:/home/swarm-team/ros2_ws/install/two_team_du_stuck:/home/swarm-team/ros2_ws/install/three_team_ex_stuck:/home/swarm-team/ros2_ws/install/three_team_du_stuck:/home/swarm-team/ros2_ws/install/testplay:/home/swarm-team/ros2_ws/install/six_team_ex_stuck:/home/swarm-team/ros2_ws/install/six_team_du_stuck:/home/swarm-team/ros2_ws/install/single_ex_sim_pkg_master:/home/swarm-team/ros2_ws/install/single_ex_sim_pkg:/home/swarm-team/ros2_ws/install/one_team_ex_stuck:/home/swarm-team/ros2_ws/install/one_team_ex_base_master:/home/swarm-team/ros2_ws/install/one_team_du_stuck:/home/swarm-team/ros2_ws/install/one_team_du_base_master:/home/swarm-team/ros2_ws/install/multi_du_udpcomm_02_pkg:/home/swarm-team/ros2_ws/install/multi_du_udpcomm_01_pkg:/home/swarm-team/ros2_ws/install/four_team_ex_stuck:/home/swarm-team/ros2_ws/install/four_team_du_stuck:/opt/ros/foxy /usr/bin/cmake --build /home/swarm-team/ros2_ws/build/dump_messages -- -j20 -l20
[2.515s] [35m[1mScanning dependencies of target dump_messages__cpp[0m
[2.518s] [  3%] [34m[1mGenerating C code for ROS interfaces[0m
[2.521s] [  6%] [34m[1mGenerating C++ code for ROS interfaces[0m
[2.837s] [35m[1mScanning dependencies of target dump_messages__rosidl_generator_c[0m
[2.855s] [  9%] [32mBuilding C object CMakeFiles/dump_messages__rosidl_generator_c.dir/rosidl_generator_c/dump_messages/msg/detail/dump_cnp__functions.c.o[0m
[2.856s] [  9%] Built target dump_messages__cpp
[2.870s] [ 12%] [34m[1mGenerating C++ type support dispatch for ROS interfaces[0m
[2.894s] [ 16%] [34m[1mGenerating C++ introspection for ROS interfaces[0m
[2.904s] [ 19%] [34m[1mGenerating C++ type support for eProsima Fast-RTPS[0m
[3.010s] [ 22%] [32m[1mLinking C shared library libdump_messages__rosidl_generator_c.so[0m
[3.062s] [ 22%] Built target dump_messages__rosidl_generator_c
[3.095s] [ 25%] [34m[1mGenerating C type support dispatch for ROS interfaces[0m
[3.096s] [ 29%] [34m[1mGenerating C introspection for ROS interfaces[0m
[3.301s] [35m[1mScanning dependencies of target dump_messages__rosidl_typesupport_cpp[0m
[3.311s] [35m[1mScanning dependencies of target dump_messages__rosidl_typesupport_fastrtps_cpp[0m
[3.321s] [35m[1mScanning dependencies of target dump_messages__rosidl_typesupport_introspection_cpp[0m
[3.330s] [ 32%] [32mBuilding CXX object CMakeFiles/dump_messages__rosidl_typesupport_cpp.dir/rosidl_typesupport_cpp/dump_messages/msg/dump_cnp__type_support.cpp.o[0m
[3.345s] [ 35%] [32mBuilding CXX object CMakeFiles/dump_messages__rosidl_typesupport_fastrtps_cpp.dir/rosidl_typesupport_fastrtps_cpp/dump_messages/msg/detail/dds_fastrtps/dump_cnp__type_support.cpp.o[0m
[3.358s] [35m[1mScanning dependencies of target dump_messages__rosidl_typesupport_introspection_c[0m
[3.360s] [ 38%] [32mBuilding CXX object CMakeFiles/dump_messages__rosidl_typesupport_introspection_cpp.dir/rosidl_typesupport_introspection_cpp/dump_messages/msg/detail/dump_cnp__type_support.cpp.o[0m
[3.367s] [35m[1mScanning dependencies of target dump_messages__rosidl_typesupport_c[0m
[3.384s] [ 41%] [32mBuilding C object CMakeFiles/dump_messages__rosidl_typesupport_introspection_c.dir/rosidl_typesupport_introspection_c/dump_messages/msg/detail/dump_cnp__type_support.c.o[0m
[3.432s] [ 45%] [32mBuilding CXX object CMakeFiles/dump_messages__rosidl_typesupport_c.dir/rosidl_typesupport_c/dump_messages/msg/dump_cnp__type_support.cpp.o[0m
[3.510s] [ 48%] [32m[1mLinking C shared library libdump_messages__rosidl_typesupport_introspection_c.so[0m
[3.562s] [ 51%] [32m[1mLinking CXX shared library libdump_messages__rosidl_typesupport_c.so[0m
[3.608s] [ 54%] [32m[1mLinking CXX shared library libdump_messages__rosidl_typesupport_cpp.so[0m
[3.608s] [ 54%] Built target dump_messages__rosidl_typesupport_introspection_c
[3.634s] [ 58%] [32m[1mLinking CXX shared library libdump_messages__rosidl_typesupport_introspection_cpp.so[0m
[3.648s] [ 58%] Built target dump_messages__rosidl_typesupport_cpp
[3.661s] [ 58%] Built target dump_messages__rosidl_typesupport_c
[3.708s] [ 58%] Built target dump_messages__rosidl_typesupport_introspection_cpp
[3.740s] [ 61%] [32m[1mLinking CXX shared library libdump_messages__rosidl_typesupport_fastrtps_cpp.so[0m
[3.794s] [ 61%] Built target dump_messages__rosidl_typesupport_fastrtps_cpp
[3.800s] [ 64%] [34m[1mGenerating C type support for eProsima Fast-RTPS[0m
[3.920s] [35m[1mScanning dependencies of target dump_messages__rosidl_typesupport_fastrtps_c[0m
[3.927s] [ 67%] [32mBuilding CXX object CMakeFiles/dump_messages__rosidl_typesupport_fastrtps_c.dir/rosidl_typesupport_fastrtps_c/dump_messages/msg/detail/dump_cnp__type_support_c.cpp.o[0m
[4.072s] [ 70%] [32m[1mLinking CXX shared library libdump_messages__rosidl_typesupport_fastrtps_c.so[0m
[4.115s] [ 70%] Built target dump_messages__rosidl_typesupport_fastrtps_c
[4.120s] [35m[1mScanning dependencies of target dump_messages[0m
[4.125s] [ 70%] Built target dump_messages
[4.130s] [35m[1mScanning dependencies of target dump_messages__py[0m
[4.137s] [ 74%] [34m[1mGenerating Python code for ROS interfaces[0m
[4.330s] [ 74%] Built target dump_messages__py
[4.335s] [35m[1mScanning dependencies of target dump_messages__python[0m
[4.354s] [ 77%] [32mBuilding C object CMakeFiles/dump_messages__python.dir/rosidl_generator_py/dump_messages/msg/_dump_cnp_s.c.o[0m
[4.409s] [ 80%] [32m[1mLinking C shared library rosidl_generator_py/dump_messages/libdump_messages__python.so[0m
[4.430s] [ 80%] Built target dump_messages__python
[4.435s] [35m[1mScanning dependencies of target dump_messages__rosidl_typesupport_introspection_c__pyext[0m
[4.435s] [35m[1mScanning dependencies of target dump_messages__rosidl_typesupport_fastrtps_c__pyext[0m
[4.435s] [35m[1mScanning dependencies of target dump_messages__rosidl_typesupport_c__pyext[0m
[4.444s] [ 90%] [32mBuilding C object CMakeFiles/dump_messages__rosidl_typesupport_fastrtps_c__pyext.dir/rosidl_generator_py/dump_messages/_dump_messages_s.ep.rosidl_typesupport_fastrtps_c.c.o[0m
[4.444s] [ 90%] [32mBuilding C object CMakeFiles/dump_messages__rosidl_typesupport_introspection_c__pyext.dir/rosidl_generator_py/dump_messages/_dump_messages_s.ep.rosidl_typesupport_introspection_c.c.o[0m
[4.444s] [ 90%] [32mBuilding C object CMakeFiles/dump_messages__rosidl_typesupport_c__pyext.dir/rosidl_generator_py/dump_messages/_dump_messages_s.ep.rosidl_typesupport_c.c.o[0m
[4.482s] [100%] [32m[1mLinking C shared library rosidl_generator_py/dump_messages/dump_messages_s__rosidl_typesupport_c.cpython-38-x86_64-linux-gnu.so[0m
[4.482s] [100%] [32m[1mLinking CXX shared library rosidl_generator_py/dump_messages/dump_messages_s__rosidl_typesupport_fastrtps_c.cpython-38-x86_64-linux-gnu.so[0m
[4.482s] [100%] [32m[1mLinking C shared library rosidl_generator_py/dump_messages/dump_messages_s__rosidl_typesupport_introspection_c.cpython-38-x86_64-linux-gnu.so[0m
[4.501s] [100%] Built target dump_messages__rosidl_typesupport_introspection_c__pyext
[4.501s] [100%] Built target dump_messages__rosidl_typesupport_c__pyext
[4.516s] [100%] Built target dump_messages__rosidl_typesupport_fastrtps_c__pyext
[4.524s] Invoked command in '/home/swarm-team/ros2_ws/build/dump_messages' returned '0': CMAKE_PREFIX_PATH=/home/swarm-team/ros2_ws/install/two_team_ex_test:/home/swarm-team/ros2_ws/install/two_team_ex_stuck:/home/swarm-team/ros2_ws/install/two_team_du_test:/home/swarm-team/ros2_ws/install/two_team_du_stuck:/home/swarm-team/ros2_ws/install/three_team_ex_stuck:/home/swarm-team/ros2_ws/install/three_team_du_stuck:/home/swarm-team/ros2_ws/install/testplay:/home/swarm-team/ros2_ws/install/six_team_ex_stuck:/home/swarm-team/ros2_ws/install/six_team_du_stuck:/home/swarm-team/ros2_ws/install/single_ex_sim_pkg_master:/home/swarm-team/ros2_ws/install/single_ex_sim_pkg:/home/swarm-team/ros2_ws/install/one_team_ex_stuck:/home/swarm-team/ros2_ws/install/one_team_ex_base_master:/home/swarm-team/ros2_ws/install/one_team_du_stuck:/home/swarm-team/ros2_ws/install/one_team_du_base_master:/home/swarm-team/ros2_ws/install/multi_du_udpcomm_02_pkg:/home/swarm-team/ros2_ws/install/multi_du_udpcomm_01_pkg:/home/swarm-team/ros2_ws/install/four_team_ex_stuck:/home/swarm-team/ros2_ws/install/four_team_du_stuck:/opt/ros/foxy /usr/bin/cmake --build /home/swarm-team/ros2_ws/build/dump_messages -- -j20 -l20
[4.552s] Invoking command in '/home/swarm-team/ros2_ws/build/dump_messages': CMAKE_PREFIX_PATH=/home/swarm-team/ros2_ws/install/two_team_ex_test:/home/swarm-team/ros2_ws/install/two_team_ex_stuck:/home/swarm-team/ros2_ws/install/two_team_du_test:/home/swarm-team/ros2_ws/install/two_team_du_stuck:/home/swarm-team/ros2_ws/install/three_team_ex_stuck:/home/swarm-team/ros2_ws/install/three_team_du_stuck:/home/swarm-team/ros2_ws/install/testplay:/home/swarm-team/ros2_ws/install/six_team_ex_stuck:/home/swarm-team/ros2_ws/install/six_team_du_stuck:/home/swarm-team/ros2_ws/install/single_ex_sim_pkg_master:/home/swarm-team/ros2_ws/install/single_ex_sim_pkg:/home/swarm-team/ros2_ws/install/one_team_ex_stuck:/home/swarm-team/ros2_ws/install/one_team_ex_base_master:/home/swarm-team/ros2_ws/install/one_team_du_stuck:/home/swarm-team/ros2_ws/install/one_team_du_base_master:/home/swarm-team/ros2_ws/install/multi_du_udpcomm_02_pkg:/home/swarm-team/ros2_ws/install/multi_du_udpcomm_01_pkg:/home/swarm-team/ros2_ws/install/four_team_ex_stuck:/home/swarm-team/ros2_ws/install/four_team_du_stuck:/opt/ros/foxy /usr/bin/cmake --install /home/swarm-team/ros2_ws/build/dump_messages
[4.558s] -- Install configuration: ""
[4.558s] -- Execute custom install script
[4.558s] -- Symlinking: /home/swarm-team/ros2_ws/install/dump_messages/share/ament_index/resource_index/rosidl_interfaces/dump_messages
[4.566s] -- Symlinking: /home/swarm-team/ros2_ws/install/dump_messages/include/dump_messages/msg/detail/dump_cnp__functions.h
[4.576s] -- Symlinking: /home/swarm-team/ros2_ws/install/dump_messages/include/dump_messages/msg/detail/dump_cnp__struct.h
[4.587s] -- Symlinking: /home/swarm-team/ros2_ws/install/dump_messages/include/dump_messages/msg/detail/dump_cnp__type_support.h
[4.595s] -- Symlinking: /home/swarm-team/ros2_ws/install/dump_messages/include/dump_messages/msg/dump_cnp.h
[4.604s] -- Symlinking: /home/swarm-team/ros2_ws/install/dump_messages/include/dump_messages/msg/rosidl_generator_c__visibility_control.h
[4.609s] -- Symlinking: /home/swarm-team/ros2_ws/install/dump_messages/share/dump_messages/environment/library_path.sh
[4.620s] -- Symlinking: /home/swarm-team/ros2_ws/install/dump_messages/share/dump_messages/environment/library_path.dsv
[4.631s] -- Symlinking: /home/swarm-team/ros2_ws/install/dump_messages/include/dump_messages/msg/detail/dump_cnp__rosidl_typesupport_fastrtps_c.h
[4.640s] -- Symlinking: /home/swarm-team/ros2_ws/install/dump_messages/include/dump_messages/msg/rosidl_typesupport_fastrtps_c__visibility_control.h
[4.649s] -- Symlinking: /home/swarm-team/ros2_ws/install/dump_messages/lib/libdump_messages__rosidl_typesupport_fastrtps_c.so
[4.660s] -- Symlinking: /home/swarm-team/ros2_ws/install/dump_messages/include/dump_messages/msg/detail/dump_cnp__rosidl_typesupport_fastrtps_cpp.hpp
[4.666s] -- Symlinking: /home/swarm-team/ros2_ws/install/dump_messages/include/dump_messages/msg/rosidl_typesupport_fastrtps_cpp__visibility_control.h
[4.670s] -- Symlinking: /home/swarm-team/ros2_ws/install/dump_messages/lib/libdump_messages__rosidl_typesupport_fastrtps_cpp.so
[4.674s] -- Symlinking: /home/swarm-team/ros2_ws/install/dump_messages/include/dump_messages/msg/detail/dump_cnp__rosidl_typesupport_introspection_c.h
[4.677s] -- Symlinking: /home/swarm-team/ros2_ws/install/dump_messages/include/dump_messages/msg/rosidl_typesupport_introspection_c__visibility_control.h
[4.681s] -- Symlinking: /home/swarm-team/ros2_ws/install/dump_messages/include/dump_messages/msg/detail/dump_cnp__builder.hpp
[4.685s] -- Symlinking: /home/swarm-team/ros2_ws/install/dump_messages/include/dump_messages/msg/detail/dump_cnp__struct.hpp
[4.689s] -- Symlinking: /home/swarm-team/ros2_ws/install/dump_messages/include/dump_messages/msg/detail/dump_cnp__traits.hpp
[4.692s] -- Symlinking: /home/swarm-team/ros2_ws/install/dump_messages/include/dump_messages/msg/dump_cnp.hpp
[4.696s] -- Symlinking: /home/swarm-team/ros2_ws/install/dump_messages/include/dump_messages/msg/detail/dump_cnp__rosidl_typesupport_introspection_cpp.hpp
[4.701s] -- Symlinking: /home/swarm-team/ros2_ws/install/dump_messages/share/dump_messages/environment/pythonpath.sh
[4.705s] -- Symlinking: /home/swarm-team/ros2_ws/install/dump_messages/share/dump_messages/environment/pythonpath.dsv
[4.709s] -- Symlinking: /home/swarm-team/ros2_ws/install/dump_messages/lib/python3.8/site-packages/dump_messages/__init__.py
[4.713s] -- Symlinking: /home/swarm-team/ros2_ws/install/dump_messages/lib/python3.8/site-packages/dump_messages/msg/__init__.py
[4.717s] -- Symlinking: /home/swarm-team/ros2_ws/install/dump_messages/lib/python3.8/site-packages/dump_messages/msg/_dump_cnp.py
[4.720s] -- Symlinking: /home/swarm-team/ros2_ws/install/dump_messages/lib/python3.8/site-packages/dump_messages/dump_messages_s__rosidl_typesupport_fastrtps_c.cpython-38-x86_64-linux-gnu.so
[4.724s] -- Symlinking: /home/swarm-team/ros2_ws/install/dump_messages/lib/python3.8/site-packages/dump_messages/dump_messages_s__rosidl_typesupport_introspection_c.cpython-38-x86_64-linux-gnu.so
[4.728s] -- Symlinking: /home/swarm-team/ros2_ws/install/dump_messages/lib/python3.8/site-packages/dump_messages/dump_messages_s__rosidl_typesupport_c.cpython-38-x86_64-linux-gnu.so
[4.732s] -- Symlinking: /home/swarm-team/ros2_ws/install/dump_messages/lib/libdump_messages__python.so
[4.735s] -- Symlinking: /home/swarm-team/ros2_ws/install/dump_messages/share/dump_messages/msg/DumpCNP.idl
[4.740s] -- Symlinking: /home/swarm-team/ros2_ws/install/dump_messages/share/dump_messages/msg/DumpCNP.msg
[4.743s] -- Symlinking: /home/swarm-team/ros2_ws/install/dump_messages/share/ament_index/resource_index/package_run_dependencies/dump_messages
[4.747s] -- Symlinking: /home/swarm-team/ros2_ws/install/dump_messages/share/ament_index/resource_index/parent_prefix_path/dump_messages
[4.751s] -- Symlinking: /home/swarm-team/ros2_ws/install/dump_messages/share/dump_messages/environment/ament_prefix_path.sh
[4.755s] -- Symlinking: /home/swarm-team/ros2_ws/install/dump_messages/share/dump_messages/environment/ament_prefix_path.dsv
[4.759s] -- Symlinking: /home/swarm-team/ros2_ws/install/dump_messages/share/dump_messages/environment/path.sh
[4.763s] -- Symlinking: /home/swarm-team/ros2_ws/install/dump_messages/share/dump_messages/environment/path.dsv
[4.766s] -- Symlinking: /home/swarm-team/ros2_ws/install/dump_messages/share/dump_messages/local_setup.bash
[4.770s] -- Symlinking: /home/swarm-team/ros2_ws/install/dump_messages/share/dump_messages/local_setup.sh
[4.774s] -- Symlinking: /home/swarm-team/ros2_ws/install/dump_messages/share/dump_messages/local_setup.zsh
[4.778s] -- Symlinking: /home/swarm-team/ros2_ws/install/dump_messages/share/dump_messages/local_setup.dsv
[4.782s] -- Symlinking: /home/swarm-team/ros2_ws/install/dump_messages/share/dump_messages/package.dsv
[4.785s] -- Symlinking: /home/swarm-team/ros2_ws/install/dump_messages/share/ament_index/resource_index/packages/dump_messages
[4.789s] -- Symlinking: /home/swarm-team/ros2_ws/install/dump_messages/share/dump_messages/cmake/rosidl_cmake-extras.cmake
[4.793s] -- Symlinking: /home/swarm-team/ros2_ws/install/dump_messages/share/dump_messages/cmake/ament_cmake_export_dependencies-extras.cmake
[4.797s] -- Symlinking: /home/swarm-team/ros2_ws/install/dump_messages/share/dump_messages/cmake/ament_cmake_export_libraries-extras.cmake
[4.800s] -- Symlinking: /home/swarm-team/ros2_ws/install/dump_messages/share/dump_messages/cmake/ament_cmake_export_targets-extras.cmake
[4.804s] -- Symlinking: /home/swarm-team/ros2_ws/install/dump_messages/share/dump_messages/cmake/ament_cmake_export_include_directories-extras.cmake
[4.808s] -- Symlinking: /home/swarm-team/ros2_ws/install/dump_messages/share/dump_messages/cmake/rosidl_cmake_export_typesupport_libraries-extras.cmake
[4.812s] -- Symlinking: /home/swarm-team/ros2_ws/install/dump_messages/share/dump_messages/cmake/rosidl_cmake_export_typesupport_targets-extras.cmake
[4.817s] -- Symlinking: /home/swarm-team/ros2_ws/install/dump_messages/share/dump_messages/cmake/dump_messagesConfig.cmake
[4.822s] -- Symlinking: /home/swarm-team/ros2_ws/install/dump_messages/share/dump_messages/cmake/dump_messagesConfig-version.cmake
[4.829s] -- Symlinking: /home/swarm-team/ros2_ws/install/dump_messages/share/dump_messages/package.xml
[4.834s] -- Installing: /home/swarm-team/ros2_ws/install/dump_messages/lib/libdump_messages__rosidl_generator_c.so
[4.834s] -- Set runtime path of "/home/swarm-team/ros2_ws/install/dump_messages/lib/libdump_messages__rosidl_generator_c.so" to ""
[4.834s] -- Installing: /home/swarm-team/ros2_ws/install/dump_messages/lib/libdump_messages__rosidl_typesupport_introspection_c.so
[4.834s] -- Set runtime path of "/home/swarm-team/ros2_ws/install/dump_messages/lib/libdump_messages__rosidl_typesupport_introspection_c.so" to ""
[4.834s] -- Installing: /home/swarm-team/ros2_ws/install/dump_messages/lib/libdump_messages__rosidl_typesupport_c.so
[4.835s] -- Set runtime path of "/home/swarm-team/ros2_ws/install/dump_messages/lib/libdump_messages__rosidl_typesupport_c.so" to ""
[4.835s] -- Installing: /home/swarm-team/ros2_ws/install/dump_messages/lib/libdump_messages__rosidl_typesupport_introspection_cpp.so
[4.835s] -- Set runtime path of "/home/swarm-team/ros2_ws/install/dump_messages/lib/libdump_messages__rosidl_typesupport_introspection_cpp.so" to ""
[4.835s] -- Installing: /home/swarm-team/ros2_ws/install/dump_messages/lib/libdump_messages__rosidl_typesupport_cpp.so
[4.835s] -- Set runtime path of "/home/swarm-team/ros2_ws/install/dump_messages/lib/libdump_messages__rosidl_typesupport_cpp.so" to ""
[4.863s] Compiling '/home/swarm-team/ros2_ws/install/dump_messages/lib/python3.8/site-packages/dump_messages/__init__.py'...
[4.865s] -- Installing: /home/swarm-team/ros2_ws/install/dump_messages/share/dump_messages/cmake/dump_messages__rosidl_generator_cExport.cmake
[4.865s] -- Installing: /home/swarm-team/ros2_ws/install/dump_messages/share/dump_messages/cmake/dump_messages__rosidl_generator_cExport-noconfig.cmake
[4.865s] -- Installing: /home/swarm-team/ros2_ws/install/dump_messages/share/dump_messages/cmake/dump_messages__rosidl_typesupport_introspection_cExport.cmake
[4.865s] -- Installing: /home/swarm-team/ros2_ws/install/dump_messages/share/dump_messages/cmake/dump_messages__rosidl_typesupport_introspection_cExport-noconfig.cmake
[4.866s] -- Installing: /home/swarm-team/ros2_ws/install/dump_messages/share/dump_messages/cmake/dump_messages__rosidl_typesupport_cExport.cmake
[4.866s] -- Installing: /home/swarm-team/ros2_ws/install/dump_messages/share/dump_messages/cmake/dump_messages__rosidl_typesupport_cExport-noconfig.cmake
[4.866s] -- Installing: /home/swarm-team/ros2_ws/install/dump_messages/share/dump_messages/cmake/dump_messages__rosidl_generator_cppExport.cmake
[4.866s] -- Installing: /home/swarm-team/ros2_ws/install/dump_messages/share/dump_messages/cmake/dump_messages__rosidl_typesupport_introspection_cppExport.cmake
[4.866s] -- Installing: /home/swarm-team/ros2_ws/install/dump_messages/share/dump_messages/cmake/dump_messages__rosidl_typesupport_introspection_cppExport-noconfig.cmake
[4.866s] -- Installing: /home/swarm-team/ros2_ws/install/dump_messages/share/dump_messages/cmake/dump_messages__rosidl_typesupport_cppExport.cmake
[4.866s] -- Installing: /home/swarm-team/ros2_ws/install/dump_messages/share/dump_messages/cmake/dump_messages__rosidl_typesupport_cppExport-noconfig.cmake
[4.869s] Invoked command in '/home/swarm-team/ros2_ws/build/dump_messages' returned '0': CMAKE_PREFIX_PATH=/home/swarm-team/ros2_ws/install/two_team_ex_test:/home/swarm-team/ros2_ws/install/two_team_ex_stuck:/home/swarm-team/ros2_ws/install/two_team_du_test:/home/swarm-team/ros2_ws/install/two_team_du_stuck:/home/swarm-team/ros2_ws/install/three_team_ex_stuck:/home/swarm-team/ros2_ws/install/three_team_du_stuck:/home/swarm-team/ros2_ws/install/testplay:/home/swarm-team/ros2_ws/install/six_team_ex_stuck:/home/swarm-team/ros2_ws/install/six_team_du_stuck:/home/swarm-team/ros2_ws/install/single_ex_sim_pkg_master:/home/swarm-team/ros2_ws/install/single_ex_sim_pkg:/home/swarm-team/ros2_ws/install/one_team_ex_stuck:/home/swarm-team/ros2_ws/install/one_team_ex_base_master:/home/swarm-team/ros2_ws/install/one_team_du_stuck:/home/swarm-team/ros2_ws/install/one_team_du_base_master:/home/swarm-team/ros2_ws/install/multi_du_udpcomm_02_pkg:/home/swarm-team/ros2_ws/install/multi_du_udpcomm_01_pkg:/home/swarm-team/ros2_ws/install/four_team_ex_stuck:/home/swarm-team/ros2_ws/install/four_team_du_stuck:/opt/ros/foxy /usr/bin/cmake --install /home/swarm-team/ros2_ws/build/dump_messages
