[2.580s] Invoking command in '/home/swarm-team/ros2_ws/build/two_team_ex_stuck': PYTHONPATH=/home/swarm-team/ros2_ws/build/two_team_ex_stuck/prefix_override:/home/swarm-team/ros2_ws/install/two_team_ex_stuck/lib/python3.8/site-packages:${PYTHONPATH} /usr/bin/python3 setup.py develop --uninstall --editable --build-directory /home/swarm-team/ros2_ws/build/two_team_ex_stuck/build
[2.784s] running develop
[2.906s] Removing /home/swarm-team/ros2_ws/install/two_team_ex_stuck/lib/python3.8/site-packages/two-team-ex-stuck.egg-link (link to .)
[2.928s] Invoked command in '/home/swarm-team/ros2_ws/build/two_team_ex_stuck' returned '0': PYTHONPATH=/home/swarm-team/ros2_ws/build/two_team_ex_stuck/prefix_override:/home/swarm-team/ros2_ws/install/two_team_ex_stuck/lib/python3.8/site-packages:${PYTHONPATH} /usr/bin/python3 setup.py develop --uninstall --editable --build-directory /home/swarm-team/ros2_ws/build/two_team_ex_stuck/build
[2.929s] Invoking command in '/home/swarm-team/ros2_ws/src/two_team_ex_stuck': PYTHONPATH=/home/swarm-team/ros2_ws/build/two_team_ex_stuck/prefix_override:/home/swarm-team/ros2_ws/install/two_team_ex_stuck/lib/python3.8/site-packages:${PYTHONPATH} /usr/bin/python3 setup.py egg_info --egg-base ../../build/two_team_ex_stuck build --build-base /home/swarm-team/ros2_ws/build/two_team_ex_stuck/build install --record /home/swarm-team/ros2_ws/build/two_team_ex_stuck/install.log --install-scripts $base/lib/two_team_ex_stuck --single-version-externally-managed
[3.152s] running egg_info
[3.153s] writing ../../build/two_team_ex_stuck/two_team_ex_stuck.egg-info/PKG-INFO
[3.153s] writing dependency_links to ../../build/two_team_ex_stuck/two_team_ex_stuck.egg-info/dependency_links.txt
[3.153s] writing entry points to ../../build/two_team_ex_stuck/two_team_ex_stuck.egg-info/entry_points.txt
[3.153s] writing requirements to ../../build/two_team_ex_stuck/two_team_ex_stuck.egg-info/requires.txt
[3.153s] writing top-level names to ../../build/two_team_ex_stuck/two_team_ex_stuck.egg-info/top_level.txt
[3.191s] reading manifest file '../../build/two_team_ex_stuck/two_team_ex_stuck.egg-info/SOURCES.txt'
[3.191s] writing manifest file '../../build/two_team_ex_stuck/two_team_ex_stuck.egg-info/SOURCES.txt'
[3.192s] running build
[3.192s] running build_py
[3.192s] creating /home/swarm-team/ros2_ws/build/two_team_ex_stuck/build
[3.192s] creating /home/swarm-team/ros2_ws/build/two_team_ex_stuck/build/lib
[3.192s] creating /home/swarm-team/ros2_ws/build/two_team_ex_stuck/build/lib/two_team_ex_stuck
[3.192s] copying two_team_ex_stuck/ex_communication_011_src.py -> /home/swarm-team/ros2_ws/build/two_team_ex_stuck/build/lib/two_team_ex_stuck
[3.192s] copying two_team_ex_stuck/ex_communication_013_src.py -> /home/swarm-team/ros2_ws/build/two_team_ex_stuck/build/lib/two_team_ex_stuck
[3.193s] copying two_team_ex_stuck/ex_controller_010_src.py -> /home/swarm-team/ros2_ws/build/two_team_ex_stuck/build/lib/two_team_ex_stuck
[3.193s] copying two_team_ex_stuck/ex_communication_010_src.py -> /home/swarm-team/ros2_ws/build/two_team_ex_stuck/build/lib/two_team_ex_stuck
[3.193s] copying two_team_ex_stuck/ex_communication_src.py -> /home/swarm-team/ros2_ws/build/two_team_ex_stuck/build/lib/two_team_ex_stuck
[3.193s] copying two_team_ex_stuck/ex_controller_src.py -> /home/swarm-team/ros2_ws/build/two_team_ex_stuck/build/lib/two_team_ex_stuck
[3.194s] copying two_team_ex_stuck/__init__.py -> /home/swarm-team/ros2_ws/build/two_team_ex_stuck/build/lib/two_team_ex_stuck
[3.194s] copying two_team_ex_stuck/ex_controller_011_src.py -> /home/swarm-team/ros2_ws/build/two_team_ex_stuck/build/lib/two_team_ex_stuck
[3.194s] copying two_team_ex_stuck/ex_controller_013_src.py -> /home/swarm-team/ros2_ws/build/two_team_ex_stuck/build/lib/two_team_ex_stuck
[3.195s] running install
[3.195s] running install_lib
[3.197s] creating /home/swarm-team/ros2_ws/install/two_team_ex_stuck/lib/python3.8/site-packages/two_team_ex_stuck
[3.198s] copying /home/swarm-team/ros2_ws/build/two_team_ex_stuck/build/lib/two_team_ex_stuck/ex_communication_011_src.py -> /home/swarm-team/ros2_ws/install/two_team_ex_stuck/lib/python3.8/site-packages/two_team_ex_stuck
[3.198s] copying /home/swarm-team/ros2_ws/build/two_team_ex_stuck/build/lib/two_team_ex_stuck/ex_communication_013_src.py -> /home/swarm-team/ros2_ws/install/two_team_ex_stuck/lib/python3.8/site-packages/two_team_ex_stuck
[3.198s] copying /home/swarm-team/ros2_ws/build/two_team_ex_stuck/build/lib/two_team_ex_stuck/ex_controller_010_src.py -> /home/swarm-team/ros2_ws/install/two_team_ex_stuck/lib/python3.8/site-packages/two_team_ex_stuck
[3.198s] copying /home/swarm-team/ros2_ws/build/two_team_ex_stuck/build/lib/two_team_ex_stuck/ex_communication_010_src.py -> /home/swarm-team/ros2_ws/install/two_team_ex_stuck/lib/python3.8/site-packages/two_team_ex_stuck
[3.198s] copying /home/swarm-team/ros2_ws/build/two_team_ex_stuck/build/lib/two_team_ex_stuck/ex_communication_src.py -> /home/swarm-team/ros2_ws/install/two_team_ex_stuck/lib/python3.8/site-packages/two_team_ex_stuck
[3.199s] copying /home/swarm-team/ros2_ws/build/two_team_ex_stuck/build/lib/two_team_ex_stuck/ex_controller_src.py -> /home/swarm-team/ros2_ws/install/two_team_ex_stuck/lib/python3.8/site-packages/two_team_ex_stuck
[3.199s] copying /home/swarm-team/ros2_ws/build/two_team_ex_stuck/build/lib/two_team_ex_stuck/__init__.py -> /home/swarm-team/ros2_ws/install/two_team_ex_stuck/lib/python3.8/site-packages/two_team_ex_stuck
[3.199s] copying /home/swarm-team/ros2_ws/build/two_team_ex_stuck/build/lib/two_team_ex_stuck/ex_controller_011_src.py -> /home/swarm-team/ros2_ws/install/two_team_ex_stuck/lib/python3.8/site-packages/two_team_ex_stuck
[3.199s] copying /home/swarm-team/ros2_ws/build/two_team_ex_stuck/build/lib/two_team_ex_stuck/ex_controller_013_src.py -> /home/swarm-team/ros2_ws/install/two_team_ex_stuck/lib/python3.8/site-packages/two_team_ex_stuck
[3.203s] byte-compiling /home/swarm-team/ros2_ws/install/two_team_ex_stuck/lib/python3.8/site-packages/two_team_ex_stuck/ex_communication_011_src.py to ex_communication_011_src.cpython-38.pyc
[3.208s] byte-compiling /home/swarm-team/ros2_ws/install/two_team_ex_stuck/lib/python3.8/site-packages/two_team_ex_stuck/ex_communication_013_src.py to ex_communication_013_src.cpython-38.pyc
[3.209s] byte-compiling /home/swarm-team/ros2_ws/install/two_team_ex_stuck/lib/python3.8/site-packages/two_team_ex_stuck/ex_controller_010_src.py to ex_controller_010_src.cpython-38.pyc
[3.211s] byte-compiling /home/swarm-team/ros2_ws/install/two_team_ex_stuck/lib/python3.8/site-packages/two_team_ex_stuck/ex_communication_010_src.py to ex_communication_010_src.cpython-38.pyc
[3.211s] byte-compiling /home/swarm-team/ros2_ws/install/two_team_ex_stuck/lib/python3.8/site-packages/two_team_ex_stuck/ex_communication_src.py to ex_communication_src.cpython-38.pyc
[3.211s] byte-compiling /home/swarm-team/ros2_ws/install/two_team_ex_stuck/lib/python3.8/site-packages/two_team_ex_stuck/ex_controller_src.py to ex_controller_src.cpython-38.pyc
[3.212s] byte-compiling /home/swarm-team/ros2_ws/install/two_team_ex_stuck/lib/python3.8/site-packages/two_team_ex_stuck/__init__.py to __init__.cpython-38.pyc
[3.212s] byte-compiling /home/swarm-team/ros2_ws/install/two_team_ex_stuck/lib/python3.8/site-packages/two_team_ex_stuck/ex_controller_011_src.py to ex_controller_011_src.cpython-38.pyc
[3.212s] byte-compiling /home/swarm-team/ros2_ws/install/two_team_ex_stuck/lib/python3.8/site-packages/two_team_ex_stuck/ex_controller_013_src.py to ex_controller_013_src.cpython-38.pyc
[3.213s] running install_data
[3.213s] running install_egg_info
[3.215s] Copying ../../build/two_team_ex_stuck/two_team_ex_stuck.egg-info to /home/swarm-team/ros2_ws/install/two_team_ex_stuck/lib/python3.8/site-packages/two_team_ex_stuck-0.0.0-py3.8.egg-info
[3.215s] running install_scripts
[3.230s] Installing ex_communication_000 script to /home/swarm-team/ros2_ws/install/two_team_ex_stuck/lib/two_team_ex_stuck
[3.230s] Installing ex_communication_001 script to /home/swarm-team/ros2_ws/install/two_team_ex_stuck/lib/two_team_ex_stuck
[3.230s] Installing ex_communication_003 script to /home/swarm-team/ros2_ws/install/two_team_ex_stuck/lib/two_team_ex_stuck
[3.230s] Installing ex_communication_test script to /home/swarm-team/ros2_ws/install/two_team_ex_stuck/lib/two_team_ex_stuck
[3.231s] Installing ex_controller_000 script to /home/swarm-team/ros2_ws/install/two_team_ex_stuck/lib/two_team_ex_stuck
[3.231s] Installing ex_controller_001 script to /home/swarm-team/ros2_ws/install/two_team_ex_stuck/lib/two_team_ex_stuck
[3.231s] Installing ex_controller_003 script to /home/swarm-team/ros2_ws/install/two_team_ex_stuck/lib/two_team_ex_stuck
[3.237s] Installing ex_controller_test script to /home/swarm-team/ros2_ws/install/two_team_ex_stuck/lib/two_team_ex_stuck
[3.240s] writing list of installed files to '/home/swarm-team/ros2_ws/build/two_team_ex_stuck/install.log'
[3.272s] Invoked command in '/home/swarm-team/ros2_ws/src/two_team_ex_stuck' returned '0': PYTHONPATH=/home/swarm-team/ros2_ws/build/two_team_ex_stuck/prefix_override:/home/swarm-team/ros2_ws/install/two_team_ex_stuck/lib/python3.8/site-packages:${PYTHONPATH} /usr/bin/python3 setup.py egg_info --egg-base ../../build/two_team_ex_stuck build --build-base /home/swarm-team/ros2_ws/build/two_team_ex_stuck/build install --record /home/swarm-team/ros2_ws/build/two_team_ex_stuck/install.log --install-scripts $base/lib/two_team_ex_stuck --single-version-externally-managed
