[1.948s] Invoking command in '/home/swarm-team/ros2_ws/build/one_team_du_base_master': PYTHONPATH=/home/swarm-team/ros2_ws/build/one_team_du_base_master/prefix_override:/home/swarm-team/ros2_ws/install/one_team_du_base_master/lib/python3.8/site-packages:${PYTHONPATH} /usr/bin/python3 setup.py develop --editable --build-directory /home/swarm-team/ros2_ws/build/one_team_du_base_master/build --no-deps install_data
[2.105s] running develop
[2.238s] running egg_info
[2.238s] creating one_team_du_base_master.egg-info
[2.238s] writing one_team_du_base_master.egg-info/PKG-INFO
[2.238s] writing dependency_links to one_team_du_base_master.egg-info/dependency_links.txt
[2.238s] writing entry points to one_team_du_base_master.egg-info/entry_points.txt
[2.238s] writing requirements to one_team_du_base_master.egg-info/requires.txt
[2.239s] writing top-level names to one_team_du_base_master.egg-info/top_level.txt
[2.239s] writing manifest file 'one_team_du_base_master.egg-info/SOURCES.txt'
[2.271s] reading manifest file 'one_team_du_base_master.egg-info/SOURCES.txt'
[2.272s] writing manifest file 'one_team_du_base_master.egg-info/SOURCES.txt'
[2.307s] running build_ext
[2.307s] Creating /home/swarm-team/ros2_ws/install/one_team_du_base_master/lib/python3.8/site-packages/site.py
[2.308s] Creating /home/swarm-team/ros2_ws/install/one_team_du_base_master/lib/python3.8/site-packages/one-team-du-base-master.egg-link (link to .)
[2.309s] Installing du_communication_010 script to /home/swarm-team/ros2_ws/install/one_team_du_base_master/lib/one_team_du_base_master
[2.309s] Installing du_communication_011 script to /home/swarm-team/ros2_ws/install/one_team_du_base_master/lib/one_team_du_base_master
[2.309s] Installing du_communication_012 script to /home/swarm-team/ros2_ws/install/one_team_du_base_master/lib/one_team_du_base_master
[2.310s] Installing du_communication_013 script to /home/swarm-team/ros2_ws/install/one_team_du_base_master/lib/one_team_du_base_master
[2.310s] Installing du_communication_014 script to /home/swarm-team/ros2_ws/install/one_team_du_base_master/lib/one_team_du_base_master
[2.310s] Installing du_communication_015 script to /home/swarm-team/ros2_ws/install/one_team_du_base_master/lib/one_team_du_base_master
[2.310s] Installing du_communication_016 script to /home/swarm-team/ros2_ws/install/one_team_du_base_master/lib/one_team_du_base_master
[2.310s] Installing du_communication_017 script to /home/swarm-team/ros2_ws/install/one_team_du_base_master/lib/one_team_du_base_master
[2.310s] Installing du_communication_018 script to /home/swarm-team/ros2_ws/install/one_team_du_base_master/lib/one_team_du_base_master
[2.310s] Installing du_communication_080 script to /home/swarm-team/ros2_ws/install/one_team_du_base_master/lib/one_team_du_base_master
[2.310s] Installing du_controller_010 script to /home/swarm-team/ros2_ws/install/one_team_du_base_master/lib/one_team_du_base_master
[2.310s] Installing du_controller_011 script to /home/swarm-team/ros2_ws/install/one_team_du_base_master/lib/one_team_du_base_master
[2.310s] Installing du_controller_012 script to /home/swarm-team/ros2_ws/install/one_team_du_base_master/lib/one_team_du_base_master
[2.310s] Installing du_controller_013 script to /home/swarm-team/ros2_ws/install/one_team_du_base_master/lib/one_team_du_base_master
[2.310s] Installing du_controller_014 script to /home/swarm-team/ros2_ws/install/one_team_du_base_master/lib/one_team_du_base_master
[2.311s] Installing du_controller_015 script to /home/swarm-team/ros2_ws/install/one_team_du_base_master/lib/one_team_du_base_master
[2.311s] Installing du_controller_016 script to /home/swarm-team/ros2_ws/install/one_team_du_base_master/lib/one_team_du_base_master
[2.311s] Installing du_controller_017 script to /home/swarm-team/ros2_ws/install/one_team_du_base_master/lib/one_team_du_base_master
[2.311s] Installing du_controller_018 script to /home/swarm-team/ros2_ws/install/one_team_du_base_master/lib/one_team_du_base_master
[2.311s] Installing du_controller_080 script to /home/swarm-team/ros2_ws/install/one_team_du_base_master/lib/one_team_du_base_master
[2.311s] 
[2.311s] Installed /home/swarm-team/ros2_ws/build/one_team_du_base_master
[2.311s] running install_data
[2.311s] creating /home/swarm-team/ros2_ws/install/one_team_du_base_master/share/ament_index
[2.312s] creating /home/swarm-team/ros2_ws/install/one_team_du_base_master/share/ament_index/resource_index
[2.312s] creating /home/swarm-team/ros2_ws/install/one_team_du_base_master/share/ament_index/resource_index/packages
[2.312s] copying resource/one_team_du_base_master -> /home/swarm-team/ros2_ws/install/one_team_du_base_master/share/ament_index/resource_index/packages
[2.313s] copying package.xml -> /home/swarm-team/ros2_ws/install/one_team_du_base_master/share/one_team_du_base_master
[2.313s] copying launch/du.launch.py -> /home/swarm-team/ros2_ws/install/one_team_du_base_master/share/one_team_du_base_master
[2.352s] Invoked command in '/home/swarm-team/ros2_ws/build/one_team_du_base_master' returned '0': PYTHONPATH=/home/swarm-team/ros2_ws/build/one_team_du_base_master/prefix_override:/home/swarm-team/ros2_ws/install/one_team_du_base_master/lib/python3.8/site-packages:${PYTHONPATH} /usr/bin/python3 setup.py develop --editable --build-directory /home/swarm-team/ros2_ws/build/one_team_du_base_master/build --no-deps install_data
