[2.662s] Invoking command in '/home/swarm-team/ros2_ws/build/three_team_du_stuck': PYTHONPATH=/home/swarm-team/ros2_ws/build/three_team_du_stuck/prefix_override:/home/swarm-team/ros2_ws/install/three_team_du_stuck/lib/python3.8/site-packages:${PYTHONPATH} /usr/bin/python3 setup.py develop --uninstall --editable --build-directory /home/swarm-team/ros2_ws/build/three_team_du_stuck/build
[2.863s] running develop
[2.997s] Invoked command in '/home/swarm-team/ros2_ws/build/three_team_du_stuck' returned '0': PYTHONPATH=/home/swarm-team/ros2_ws/build/three_team_du_stuck/prefix_override:/home/swarm-team/ros2_ws/install/three_team_du_stuck/lib/python3.8/site-packages:${PYTHONPATH} /usr/bin/python3 setup.py develop --uninstall --editable --build-directory /home/swarm-team/ros2_ws/build/three_team_du_stuck/build
[2.999s] Invoking command in '/home/swarm-team/ros2_ws/src/three_team_du_stuck': PYTHONPATH=/home/swarm-team/ros2_ws/build/three_team_du_stuck/prefix_override:/home/swarm-team/ros2_ws/install/three_team_du_stuck/lib/python3.8/site-packages:${PYTHONPATH} /usr/bin/python3 setup.py egg_info --egg-base ../../build/three_team_du_stuck build --build-base /home/swarm-team/ros2_ws/build/three_team_du_stuck/build install --record /home/swarm-team/ros2_ws/build/three_team_du_stuck/install.log --install-scripts $base/lib/three_team_du_stuck --single-version-externally-managed
[3.195s] running egg_info
[3.197s] writing ../../build/three_team_du_stuck/three_team_du_stuck.egg-info/PKG-INFO
[3.197s] writing dependency_links to ../../build/three_team_du_stuck/three_team_du_stuck.egg-info/dependency_links.txt
[3.198s] writing entry points to ../../build/three_team_du_stuck/three_team_du_stuck.egg-info/entry_points.txt
[3.198s] writing requirements to ../../build/three_team_du_stuck/three_team_du_stuck.egg-info/requires.txt
[3.198s] writing top-level names to ../../build/three_team_du_stuck/three_team_du_stuck.egg-info/top_level.txt
[3.230s] reading manifest file '../../build/three_team_du_stuck/three_team_du_stuck.egg-info/SOURCES.txt'
[3.232s] writing manifest file '../../build/three_team_du_stuck/three_team_du_stuck.egg-info/SOURCES.txt'
[3.232s] running build
[3.232s] running build_py
[3.232s] running install
[3.233s] running install_lib
[3.238s] running install_data
[3.238s] running install_egg_info
[3.238s] removing '/home/swarm-team/ros2_ws/install/three_team_du_stuck/lib/python3.8/site-packages/three_team_du_stuck-0.0.0-py3.8.egg-info' (and everything under it)
[3.239s] Copying ../../build/three_team_du_stuck/three_team_du_stuck.egg-info to /home/swarm-team/ros2_ws/install/three_team_du_stuck/lib/python3.8/site-packages/three_team_du_stuck-0.0.0-py3.8.egg-info
[3.239s] running install_scripts
[3.256s] Installing du_communication_010 script to /home/swarm-team/ros2_ws/install/three_team_du_stuck/lib/three_team_du_stuck
[3.260s] Installing du_communication_011 script to /home/swarm-team/ros2_ws/install/three_team_du_stuck/lib/three_team_du_stuck
[3.260s] Installing du_communication_012 script to /home/swarm-team/ros2_ws/install/three_team_du_stuck/lib/three_team_du_stuck
[3.260s] Installing du_communication_013 script to /home/swarm-team/ros2_ws/install/three_team_du_stuck/lib/three_team_du_stuck
[3.262s] Installing du_communication_014 script to /home/swarm-team/ros2_ws/install/three_team_du_stuck/lib/three_team_du_stuck
[3.262s] Installing du_communication_015 script to /home/swarm-team/ros2_ws/install/three_team_du_stuck/lib/three_team_du_stuck
[3.263s] Installing du_communication_016 script to /home/swarm-team/ros2_ws/install/three_team_du_stuck/lib/three_team_du_stuck
[3.263s] Installing du_communication_017 script to /home/swarm-team/ros2_ws/install/three_team_du_stuck/lib/three_team_du_stuck
[3.263s] Installing du_communication_018 script to /home/swarm-team/ros2_ws/install/three_team_du_stuck/lib/three_team_du_stuck
[3.263s] Installing du_communication_019 script to /home/swarm-team/ros2_ws/install/three_team_du_stuck/lib/three_team_du_stuck
[3.263s] Installing du_communication_020 script to /home/swarm-team/ros2_ws/install/three_team_du_stuck/lib/three_team_du_stuck
[3.263s] Installing du_communication_080 script to /home/swarm-team/ros2_ws/install/three_team_du_stuck/lib/three_team_du_stuck
[3.263s] Installing du_controller_010 script to /home/swarm-team/ros2_ws/install/three_team_du_stuck/lib/three_team_du_stuck
[3.263s] Installing du_controller_011 script to /home/swarm-team/ros2_ws/install/three_team_du_stuck/lib/three_team_du_stuck
[3.263s] Installing du_controller_012 script to /home/swarm-team/ros2_ws/install/three_team_du_stuck/lib/three_team_du_stuck
[3.264s] Installing du_controller_013 script to /home/swarm-team/ros2_ws/install/three_team_du_stuck/lib/three_team_du_stuck
[3.264s] Installing du_controller_014 script to /home/swarm-team/ros2_ws/install/three_team_du_stuck/lib/three_team_du_stuck
[3.264s] Installing du_controller_015 script to /home/swarm-team/ros2_ws/install/three_team_du_stuck/lib/three_team_du_stuck
[3.264s] Installing du_controller_016 script to /home/swarm-team/ros2_ws/install/three_team_du_stuck/lib/three_team_du_stuck
[3.264s] Installing du_controller_017 script to /home/swarm-team/ros2_ws/install/three_team_du_stuck/lib/three_team_du_stuck
[3.264s] Installing du_controller_018 script to /home/swarm-team/ros2_ws/install/three_team_du_stuck/lib/three_team_du_stuck
[3.264s] Installing du_controller_019 script to /home/swarm-team/ros2_ws/install/three_team_du_stuck/lib/three_team_du_stuck
[3.264s] Installing du_controller_020 script to /home/swarm-team/ros2_ws/install/three_team_du_stuck/lib/three_team_du_stuck
[3.264s] Installing du_controller_080 script to /home/swarm-team/ros2_ws/install/three_team_du_stuck/lib/three_team_du_stuck
[3.264s] writing list of installed files to '/home/swarm-team/ros2_ws/build/three_team_du_stuck/install.log'
[3.310s] Invoked command in '/home/swarm-team/ros2_ws/src/three_team_du_stuck' returned '0': PYTHONPATH=/home/swarm-team/ros2_ws/build/three_team_du_stuck/prefix_override:/home/swarm-team/ros2_ws/install/three_team_du_stuck/lib/python3.8/site-packages:${PYTHONPATH} /usr/bin/python3 setup.py egg_info --egg-base ../../build/three_team_du_stuck build --build-base /home/swarm-team/ros2_ws/build/three_team_du_stuck/build install --record /home/swarm-team/ros2_ws/build/three_team_du_stuck/install.log --install-scripts $base/lib/three_team_du_stuck --single-version-externally-managed
