running develop
running egg_info
creating three_team_ex_stuck.egg-info
writing three_team_ex_stuck.egg-info/PKG-INFO
writing dependency_links to three_team_ex_stuck.egg-info/dependency_links.txt
writing entry points to three_team_ex_stuck.egg-info/entry_points.txt
writing requirements to three_team_ex_stuck.egg-info/requires.txt
writing top-level names to three_team_ex_stuck.egg-info/top_level.txt
writing manifest file 'three_team_ex_stuck.egg-info/SOURCES.txt'
reading manifest file 'three_team_ex_stuck.egg-info/SOURCES.txt'
writing manifest file 'three_team_ex_stuck.egg-info/SOURCES.txt'
running build_ext
Creating /home/swarm-team/ros2_ws/install/three_team_ex_stuck/lib/python3.8/site-packages/site.py
Creating /home/swarm-team/ros2_ws/install/three_team_ex_stuck/lib/python3.8/site-packages/three-team-ex-stuck.egg-link (link to .)
Installing ex_communication_000 script to /home/swarm-team/ros2_ws/install/three_team_ex_stuck/lib/three_team_ex_stuck
Installing ex_communication_001 script to /home/swarm-team/ros2_ws/install/three_team_ex_stuck/lib/three_team_ex_stuck
Installing ex_communication_003 script to /home/swarm-team/ros2_ws/install/three_team_ex_stuck/lib/three_team_ex_stuck
Installing ex_communication_004 script to /home/swarm-team/ros2_ws/install/three_team_ex_stuck/lib/three_team_ex_stuck
Installing ex_communication_test script to /home/swarm-team/ros2_ws/install/three_team_ex_stuck/lib/three_team_ex_stuck
Installing ex_controller_000 script to /home/swarm-team/ros2_ws/install/three_team_ex_stuck/lib/three_team_ex_stuck
Installing ex_controller_001 script to /home/swarm-team/ros2_ws/install/three_team_ex_stuck/lib/three_team_ex_stuck
Installing ex_controller_003 script to /home/swarm-team/ros2_ws/install/three_team_ex_stuck/lib/three_team_ex_stuck
Installing ex_controller_004 script to /home/swarm-team/ros2_ws/install/three_team_ex_stuck/lib/three_team_ex_stuck
Installing ex_controller_test script to /home/swarm-team/ros2_ws/install/three_team_ex_stuck/lib/three_team_ex_stuck

Installed /home/swarm-team/ros2_ws/build/three_team_ex_stuck
running install_data
creating /home/swarm-team/ros2_ws/install/three_team_ex_stuck/share/ament_index
creating /home/swarm-team/ros2_ws/install/three_team_ex_stuck/share/ament_index/resource_index
creating /home/swarm-team/ros2_ws/install/three_team_ex_stuck/share/ament_index/resource_index/packages
copying resource/three_team_ex_stuck -> /home/swarm-team/ros2_ws/install/three_team_ex_stuck/share/ament_index/resource_index/packages
copying package.xml -> /home/swarm-team/ros2_ws/install/three_team_ex_stuck/share/three_team_ex_stuck
copying launch/ex.launch.py -> /home/swarm-team/ros2_ws/install/three_team_ex_stuck/share/three_team_ex_stuck
