[1.962s] Invoking command in '/home/swarm-team/ros2_ws/build/three_team_ex_stuck': PYTHONPATH=/home/swarm-team/ros2_ws/build/three_team_ex_stuck/prefix_override:/home/swarm-team/ros2_ws/install/three_team_ex_stuck/lib/python3.8/site-packages:${PYTHONPATH} /usr/bin/python3 setup.py develop --editable --build-directory /home/swarm-team/ros2_ws/build/three_team_ex_stuck/build --no-deps install_data
[2.157s] running develop
[2.225s] running egg_info
[2.225s] creating three_team_ex_stuck.egg-info
[2.225s] writing three_team_ex_stuck.egg-info/PKG-INFO
[2.225s] writing dependency_links to three_team_ex_stuck.egg-info/dependency_links.txt
[2.225s] writing entry points to three_team_ex_stuck.egg-info/entry_points.txt
[2.225s] writing requirements to three_team_ex_stuck.egg-info/requires.txt
[2.225s] writing top-level names to three_team_ex_stuck.egg-info/top_level.txt
[2.225s] writing manifest file 'three_team_ex_stuck.egg-info/SOURCES.txt'
[2.243s] reading manifest file 'three_team_ex_stuck.egg-info/SOURCES.txt'
[2.243s] writing manifest file 'three_team_ex_stuck.egg-info/SOURCES.txt'
[2.265s] running build_ext
[2.265s] Creating /home/swarm-team/ros2_ws/install/three_team_ex_stuck/lib/python3.8/site-packages/site.py
[2.265s] Creating /home/swarm-team/ros2_ws/install/three_team_ex_stuck/lib/python3.8/site-packages/three-team-ex-stuck.egg-link (link to .)
[2.265s] Installing ex_communication_000 script to /home/swarm-team/ros2_ws/install/three_team_ex_stuck/lib/three_team_ex_stuck
[2.265s] Installing ex_communication_001 script to /home/swarm-team/ros2_ws/install/three_team_ex_stuck/lib/three_team_ex_stuck
[2.265s] Installing ex_communication_003 script to /home/swarm-team/ros2_ws/install/three_team_ex_stuck/lib/three_team_ex_stuck
[2.265s] Installing ex_communication_004 script to /home/swarm-team/ros2_ws/install/three_team_ex_stuck/lib/three_team_ex_stuck
[2.266s] Installing ex_communication_test script to /home/swarm-team/ros2_ws/install/three_team_ex_stuck/lib/three_team_ex_stuck
[2.266s] Installing ex_controller_000 script to /home/swarm-team/ros2_ws/install/three_team_ex_stuck/lib/three_team_ex_stuck
[2.266s] Installing ex_controller_001 script to /home/swarm-team/ros2_ws/install/three_team_ex_stuck/lib/three_team_ex_stuck
[2.266s] Installing ex_controller_003 script to /home/swarm-team/ros2_ws/install/three_team_ex_stuck/lib/three_team_ex_stuck
[2.266s] Installing ex_controller_004 script to /home/swarm-team/ros2_ws/install/three_team_ex_stuck/lib/three_team_ex_stuck
[2.266s] Installing ex_controller_test script to /home/swarm-team/ros2_ws/install/three_team_ex_stuck/lib/three_team_ex_stuck
[2.266s] 
[2.266s] Installed /home/swarm-team/ros2_ws/build/three_team_ex_stuck
[2.266s] running install_data
[2.266s] creating /home/swarm-team/ros2_ws/install/three_team_ex_stuck/share/ament_index
[2.266s] creating /home/swarm-team/ros2_ws/install/three_team_ex_stuck/share/ament_index/resource_index
[2.266s] creating /home/swarm-team/ros2_ws/install/three_team_ex_stuck/share/ament_index/resource_index/packages
[2.266s] copying resource/three_team_ex_stuck -> /home/swarm-team/ros2_ws/install/three_team_ex_stuck/share/ament_index/resource_index/packages
[2.266s] copying package.xml -> /home/swarm-team/ros2_ws/install/three_team_ex_stuck/share/three_team_ex_stuck
[2.266s] copying launch/ex.launch.py -> /home/swarm-team/ros2_ws/install/three_team_ex_stuck/share/three_team_ex_stuck
[2.308s] Invoked command in '/home/swarm-team/ros2_ws/build/three_team_ex_stuck' returned '0': PYTHONPATH=/home/swarm-team/ros2_ws/build/three_team_ex_stuck/prefix_override:/home/swarm-team/ros2_ws/install/three_team_ex_stuck/lib/python3.8/site-packages:${PYTHONPATH} /usr/bin/python3 setup.py develop --editable --build-directory /home/swarm-team/ros2_ws/build/three_team_ex_stuck/build --no-deps install_data
