[2.552s] Invoking command in '/home/swarm-team/ros2_ws/build/one_team_du_base_master': PYTHONPATH=/home/swarm-team/ros2_ws/build/one_team_du_base_master/prefix_override:/home/swarm-team/ros2_ws/install/one_team_du_base_master/lib/python3.8/site-packages:${PYTHONPATH} /usr/bin/python3 setup.py develop --uninstall --editable --build-directory /home/swarm-team/ros2_ws/build/one_team_du_base_master/build
[2.780s] running develop
[2.954s] Removing /home/swarm-team/ros2_ws/install/one_team_du_base_master/lib/python3.8/site-packages/one-team-du-base-master.egg-link (link to .)
[2.981s] Invoked command in '/home/swarm-team/ros2_ws/build/one_team_du_base_master' returned '0': PYTHONPATH=/home/swarm-team/ros2_ws/build/one_team_du_base_master/prefix_override:/home/swarm-team/ros2_ws/install/one_team_du_base_master/lib/python3.8/site-packages:${PYTHONPATH} /usr/bin/python3 setup.py develop --uninstall --editable --build-directory /home/swarm-team/ros2_ws/build/one_team_du_base_master/build
[2.984s] Invoking command in '/home/swarm-team/ros2_ws/src/one_team_du_base_master': PYTHONPATH=/home/swarm-team/ros2_ws/build/one_team_du_base_master/prefix_override:/home/swarm-team/ros2_ws/install/one_team_du_base_master/lib/python3.8/site-packages:${PYTHONPATH} /usr/bin/python3 setup.py egg_info --egg-base ../../build/one_team_du_base_master build --build-base /home/swarm-team/ros2_ws/build/one_team_du_base_master/build install --record /home/swarm-team/ros2_ws/build/one_team_du_base_master/install.log --install-scripts $base/lib/one_team_du_base_master --single-version-externally-managed
[3.144s] running egg_info
[3.145s] writing ../../build/one_team_du_base_master/one_team_du_base_master.egg-info/PKG-INFO
[3.145s] writing dependency_links to ../../build/one_team_du_base_master/one_team_du_base_master.egg-info/dependency_links.txt
[3.146s] writing entry points to ../../build/one_team_du_base_master/one_team_du_base_master.egg-info/entry_points.txt
[3.146s] writing requirements to ../../build/one_team_du_base_master/one_team_du_base_master.egg-info/requires.txt
[3.146s] writing top-level names to ../../build/one_team_du_base_master/one_team_du_base_master.egg-info/top_level.txt
[3.168s] reading manifest file '../../build/one_team_du_base_master/one_team_du_base_master.egg-info/SOURCES.txt'
[3.169s] writing manifest file '../../build/one_team_du_base_master/one_team_du_base_master.egg-info/SOURCES.txt'
[3.169s] running build
[3.169s] running build_py
[3.169s] creating /home/swarm-team/ros2_ws/build/one_team_du_base_master/build
[3.169s] creating /home/swarm-team/ros2_ws/build/one_team_du_base_master/build/lib
[3.169s] creating /home/swarm-team/ros2_ws/build/one_team_du_base_master/build/lib/one_team_du_base_master
[3.169s] copying one_team_du_base_master/du_communication_012_src.py -> /home/swarm-team/ros2_ws/build/one_team_du_base_master/build/lib/one_team_du_base_master
[3.169s] copying one_team_du_base_master/du_controller_014_src.py -> /home/swarm-team/ros2_ws/build/one_team_du_base_master/build/lib/one_team_du_base_master
[3.170s] copying one_team_du_base_master/pure_pursuit.py -> /home/swarm-team/ros2_ws/build/one_team_du_base_master/build/lib/one_team_du_base_master
[3.170s] copying one_team_du_base_master/du_communication_018_src.py -> /home/swarm-team/ros2_ws/build/one_team_du_base_master/build/lib/one_team_du_base_master
[3.170s] copying one_team_du_base_master/du_communication_010_src.py -> /home/swarm-team/ros2_ws/build/one_team_du_base_master/build/lib/one_team_du_base_master
[3.170s] copying one_team_du_base_master/du_controller_017_src.py -> /home/swarm-team/ros2_ws/build/one_team_du_base_master/build/lib/one_team_du_base_master
[3.170s] copying one_team_du_base_master/du_controller_015_src.py -> /home/swarm-team/ros2_ws/build/one_team_du_base_master/build/lib/one_team_du_base_master
[3.170s] copying one_team_du_base_master/a_star.py -> /home/swarm-team/ros2_ws/build/one_team_du_base_master/build/lib/one_team_du_base_master
[3.170s] copying one_team_du_base_master/du_controller_080_src.py -> /home/swarm-team/ros2_ws/build/one_team_du_base_master/build/lib/one_team_du_base_master
[3.171s] copying one_team_du_base_master/memo.py -> /home/swarm-team/ros2_ws/build/one_team_du_base_master/build/lib/one_team_du_base_master
[3.171s] copying one_team_du_base_master/du_controller_011_src.py -> /home/swarm-team/ros2_ws/build/one_team_du_base_master/build/lib/one_team_du_base_master
[3.171s] copying one_team_du_base_master/du_communication_014_src.py -> /home/swarm-team/ros2_ws/build/one_team_du_base_master/build/lib/one_team_du_base_master
[3.171s] copying one_team_du_base_master/du_controller_016_src.py -> /home/swarm-team/ros2_ws/build/one_team_du_base_master/build/lib/one_team_du_base_master
[3.171s] copying one_team_du_base_master/du_communication_017_src.py -> /home/swarm-team/ros2_ws/build/one_team_du_base_master/build/lib/one_team_du_base_master
[3.171s] copying one_team_du_base_master/du_controller_013_src.py -> /home/swarm-team/ros2_ws/build/one_team_du_base_master/build/lib/one_team_du_base_master
[3.172s] copying one_team_du_base_master/__init__.py -> /home/swarm-team/ros2_ws/build/one_team_du_base_master/build/lib/one_team_du_base_master
[3.172s] copying one_team_du_base_master/du_controller_018_src.py -> /home/swarm-team/ros2_ws/build/one_team_du_base_master/build/lib/one_team_du_base_master
[3.172s] copying one_team_du_base_master/du_communication_011_src.py -> /home/swarm-team/ros2_ws/build/one_team_du_base_master/build/lib/one_team_du_base_master
[3.172s] copying one_team_du_base_master/du_communication_015_src.py -> /home/swarm-team/ros2_ws/build/one_team_du_base_master/build/lib/one_team_du_base_master
[3.172s] copying one_team_du_base_master/du_communication_013_src.py -> /home/swarm-team/ros2_ws/build/one_team_du_base_master/build/lib/one_team_du_base_master
[3.172s] copying one_team_du_base_master/du_communication_016_src.py -> /home/swarm-team/ros2_ws/build/one_team_du_base_master/build/lib/one_team_du_base_master
[3.172s] copying one_team_du_base_master/du_controller_012_src.py -> /home/swarm-team/ros2_ws/build/one_team_du_base_master/build/lib/one_team_du_base_master
[3.172s] copying one_team_du_base_master/du_communication_080_src.py -> /home/swarm-team/ros2_ws/build/one_team_du_base_master/build/lib/one_team_du_base_master
[3.172s] copying one_team_du_base_master/du_controller_010_src.py -> /home/swarm-team/ros2_ws/build/one_team_du_base_master/build/lib/one_team_du_base_master
[3.172s] running install
[3.173s] running install_lib
[3.174s] creating /home/swarm-team/ros2_ws/install/one_team_du_base_master/lib/python3.8/site-packages/one_team_du_base_master
[3.174s] copying /home/swarm-team/ros2_ws/build/one_team_du_base_master/build/lib/one_team_du_base_master/du_communication_012_src.py -> /home/swarm-team/ros2_ws/install/one_team_du_base_master/lib/python3.8/site-packages/one_team_du_base_master
[3.174s] copying /home/swarm-team/ros2_ws/build/one_team_du_base_master/build/lib/one_team_du_base_master/du_controller_014_src.py -> /home/swarm-team/ros2_ws/install/one_team_du_base_master/lib/python3.8/site-packages/one_team_du_base_master
[3.174s] copying /home/swarm-team/ros2_ws/build/one_team_du_base_master/build/lib/one_team_du_base_master/pure_pursuit.py -> /home/swarm-team/ros2_ws/install/one_team_du_base_master/lib/python3.8/site-packages/one_team_du_base_master
[3.174s] copying /home/swarm-team/ros2_ws/build/one_team_du_base_master/build/lib/one_team_du_base_master/du_communication_018_src.py -> /home/swarm-team/ros2_ws/install/one_team_du_base_master/lib/python3.8/site-packages/one_team_du_base_master
[3.175s] copying /home/swarm-team/ros2_ws/build/one_team_du_base_master/build/lib/one_team_du_base_master/du_communication_010_src.py -> /home/swarm-team/ros2_ws/install/one_team_du_base_master/lib/python3.8/site-packages/one_team_du_base_master
[3.175s] copying /home/swarm-team/ros2_ws/build/one_team_du_base_master/build/lib/one_team_du_base_master/du_controller_017_src.py -> /home/swarm-team/ros2_ws/install/one_team_du_base_master/lib/python3.8/site-packages/one_team_du_base_master
[3.175s] copying /home/swarm-team/ros2_ws/build/one_team_du_base_master/build/lib/one_team_du_base_master/du_controller_015_src.py -> /home/swarm-team/ros2_ws/install/one_team_du_base_master/lib/python3.8/site-packages/one_team_du_base_master
[3.175s] copying /home/swarm-team/ros2_ws/build/one_team_du_base_master/build/lib/one_team_du_base_master/a_star.py -> /home/swarm-team/ros2_ws/install/one_team_du_base_master/lib/python3.8/site-packages/one_team_du_base_master
[3.175s] copying /home/swarm-team/ros2_ws/build/one_team_du_base_master/build/lib/one_team_du_base_master/du_controller_080_src.py -> /home/swarm-team/ros2_ws/install/one_team_du_base_master/lib/python3.8/site-packages/one_team_du_base_master
[3.175s] copying /home/swarm-team/ros2_ws/build/one_team_du_base_master/build/lib/one_team_du_base_master/memo.py -> /home/swarm-team/ros2_ws/install/one_team_du_base_master/lib/python3.8/site-packages/one_team_du_base_master
[3.175s] copying /home/swarm-team/ros2_ws/build/one_team_du_base_master/build/lib/one_team_du_base_master/du_controller_011_src.py -> /home/swarm-team/ros2_ws/install/one_team_du_base_master/lib/python3.8/site-packages/one_team_du_base_master
[3.175s] copying /home/swarm-team/ros2_ws/build/one_team_du_base_master/build/lib/one_team_du_base_master/du_communication_014_src.py -> /home/swarm-team/ros2_ws/install/one_team_du_base_master/lib/python3.8/site-packages/one_team_du_base_master
[3.175s] copying /home/swarm-team/ros2_ws/build/one_team_du_base_master/build/lib/one_team_du_base_master/du_controller_016_src.py -> /home/swarm-team/ros2_ws/install/one_team_du_base_master/lib/python3.8/site-packages/one_team_du_base_master
[3.175s] copying /home/swarm-team/ros2_ws/build/one_team_du_base_master/build/lib/one_team_du_base_master/du_communication_017_src.py -> /home/swarm-team/ros2_ws/install/one_team_du_base_master/lib/python3.8/site-packages/one_team_du_base_master
[3.176s] copying /home/swarm-team/ros2_ws/build/one_team_du_base_master/build/lib/one_team_du_base_master/du_controller_013_src.py -> /home/swarm-team/ros2_ws/install/one_team_du_base_master/lib/python3.8/site-packages/one_team_du_base_master
[3.176s] copying /home/swarm-team/ros2_ws/build/one_team_du_base_master/build/lib/one_team_du_base_master/__init__.py -> /home/swarm-team/ros2_ws/install/one_team_du_base_master/lib/python3.8/site-packages/one_team_du_base_master
[3.176s] copying /home/swarm-team/ros2_ws/build/one_team_du_base_master/build/lib/one_team_du_base_master/du_controller_018_src.py -> /home/swarm-team/ros2_ws/install/one_team_du_base_master/lib/python3.8/site-packages/one_team_du_base_master
[3.176s] copying /home/swarm-team/ros2_ws/build/one_team_du_base_master/build/lib/one_team_du_base_master/du_communication_011_src.py -> /home/swarm-team/ros2_ws/install/one_team_du_base_master/lib/python3.8/site-packages/one_team_du_base_master
[3.176s] copying /home/swarm-team/ros2_ws/build/one_team_du_base_master/build/lib/one_team_du_base_master/du_communication_015_src.py -> /home/swarm-team/ros2_ws/install/one_team_du_base_master/lib/python3.8/site-packages/one_team_du_base_master
[3.176s] copying /home/swarm-team/ros2_ws/build/one_team_du_base_master/build/lib/one_team_du_base_master/du_communication_013_src.py -> /home/swarm-team/ros2_ws/install/one_team_du_base_master/lib/python3.8/site-packages/one_team_du_base_master
[3.176s] copying /home/swarm-team/ros2_ws/build/one_team_du_base_master/build/lib/one_team_du_base_master/du_communication_016_src.py -> /home/swarm-team/ros2_ws/install/one_team_du_base_master/lib/python3.8/site-packages/one_team_du_base_master
[3.176s] copying /home/swarm-team/ros2_ws/build/one_team_du_base_master/build/lib/one_team_du_base_master/du_controller_012_src.py -> /home/swarm-team/ros2_ws/install/one_team_du_base_master/lib/python3.8/site-packages/one_team_du_base_master
[3.176s] copying /home/swarm-team/ros2_ws/build/one_team_du_base_master/build/lib/one_team_du_base_master/du_communication_080_src.py -> /home/swarm-team/ros2_ws/install/one_team_du_base_master/lib/python3.8/site-packages/one_team_du_base_master
[3.176s] copying /home/swarm-team/ros2_ws/build/one_team_du_base_master/build/lib/one_team_du_base_master/du_controller_010_src.py -> /home/swarm-team/ros2_ws/install/one_team_du_base_master/lib/python3.8/site-packages/one_team_du_base_master
[3.177s] byte-compiling /home/swarm-team/ros2_ws/install/one_team_du_base_master/lib/python3.8/site-packages/one_team_du_base_master/du_communication_012_src.py to du_communication_012_src.cpython-38.pyc
[3.180s] byte-compiling /home/swarm-team/ros2_ws/install/one_team_du_base_master/lib/python3.8/site-packages/one_team_du_base_master/du_controller_014_src.py to du_controller_014_src.cpython-38.pyc
[3.181s] byte-compiling /home/swarm-team/ros2_ws/install/one_team_du_base_master/lib/python3.8/site-packages/one_team_du_base_master/pure_pursuit.py to pure_pursuit.cpython-38.pyc
[3.182s] byte-compiling /home/swarm-team/ros2_ws/install/one_team_du_base_master/lib/python3.8/site-packages/one_team_du_base_master/du_communication_018_src.py to du_communication_018_src.cpython-38.pyc
[3.183s] byte-compiling /home/swarm-team/ros2_ws/install/one_team_du_base_master/lib/python3.8/site-packages/one_team_du_base_master/du_communication_010_src.py to du_communication_010_src.cpython-38.pyc
[3.184s] byte-compiling /home/swarm-team/ros2_ws/install/one_team_du_base_master/lib/python3.8/site-packages/one_team_du_base_master/du_controller_017_src.py to du_controller_017_src.cpython-38.pyc
[3.185s] byte-compiling /home/swarm-team/ros2_ws/install/one_team_du_base_master/lib/python3.8/site-packages/one_team_du_base_master/du_controller_015_src.py to du_controller_015_src.cpython-38.pyc
[3.187s] byte-compiling /home/swarm-team/ros2_ws/install/one_team_du_base_master/lib/python3.8/site-packages/one_team_du_base_master/a_star.py to a_star.cpython-38.pyc
[3.187s] byte-compiling /home/swarm-team/ros2_ws/install/one_team_du_base_master/lib/python3.8/site-packages/one_team_du_base_master/du_controller_080_src.py to du_controller_080_src.cpython-38.pyc
[3.188s] byte-compiling /home/swarm-team/ros2_ws/install/one_team_du_base_master/lib/python3.8/site-packages/one_team_du_base_master/memo.py to memo.cpython-38.pyc
[3.188s] byte-compiling /home/swarm-team/ros2_ws/install/one_team_du_base_master/lib/python3.8/site-packages/one_team_du_base_master/du_controller_011_src.py to du_controller_011_src.cpython-38.pyc
[3.190s] byte-compiling /home/swarm-team/ros2_ws/install/one_team_du_base_master/lib/python3.8/site-packages/one_team_du_base_master/du_communication_014_src.py to du_communication_014_src.cpython-38.pyc
[3.194s] byte-compiling /home/swarm-team/ros2_ws/install/one_team_du_base_master/lib/python3.8/site-packages/one_team_du_base_master/du_controller_016_src.py to du_controller_016_src.cpython-38.pyc
[3.194s] byte-compiling /home/swarm-team/ros2_ws/install/one_team_du_base_master/lib/python3.8/site-packages/one_team_du_base_master/du_communication_017_src.py to du_communication_017_src.cpython-38.pyc
[3.196s] byte-compiling /home/swarm-team/ros2_ws/install/one_team_du_base_master/lib/python3.8/site-packages/one_team_du_base_master/du_controller_013_src.py to du_controller_013_src.cpython-38.pyc
[3.196s] byte-compiling /home/swarm-team/ros2_ws/install/one_team_du_base_master/lib/python3.8/site-packages/one_team_du_base_master/__init__.py to __init__.cpython-38.pyc
[3.196s] byte-compiling /home/swarm-team/ros2_ws/install/one_team_du_base_master/lib/python3.8/site-packages/one_team_du_base_master/du_controller_018_src.py to du_controller_018_src.cpython-38.pyc
[3.196s] byte-compiling /home/swarm-team/ros2_ws/install/one_team_du_base_master/lib/python3.8/site-packages/one_team_du_base_master/du_communication_011_src.py to du_communication_011_src.cpython-38.pyc
[3.196s] byte-compiling /home/swarm-team/ros2_ws/install/one_team_du_base_master/lib/python3.8/site-packages/one_team_du_base_master/du_communication_015_src.py to du_communication_015_src.cpython-38.pyc
[3.196s] byte-compiling /home/swarm-team/ros2_ws/install/one_team_du_base_master/lib/python3.8/site-packages/one_team_du_base_master/du_communication_013_src.py to du_communication_013_src.cpython-38.pyc
[3.196s] byte-compiling /home/swarm-team/ros2_ws/install/one_team_du_base_master/lib/python3.8/site-packages/one_team_du_base_master/du_communication_016_src.py to du_communication_016_src.cpython-38.pyc
[3.196s] byte-compiling /home/swarm-team/ros2_ws/install/one_team_du_base_master/lib/python3.8/site-packages/one_team_du_base_master/du_controller_012_src.py to du_controller_012_src.cpython-38.pyc
[3.196s] byte-compiling /home/swarm-team/ros2_ws/install/one_team_du_base_master/lib/python3.8/site-packages/one_team_du_base_master/du_communication_080_src.py to du_communication_080_src.cpython-38.pyc
[3.197s] byte-compiling /home/swarm-team/ros2_ws/install/one_team_du_base_master/lib/python3.8/site-packages/one_team_du_base_master/du_controller_010_src.py to du_controller_010_src.cpython-38.pyc
[3.198s] running install_data
[3.200s] running install_egg_info
[3.200s] Copying ../../build/one_team_du_base_master/one_team_du_base_master.egg-info to /home/swarm-team/ros2_ws/install/one_team_du_base_master/lib/python3.8/site-packages/one_team_du_base_master-0.0.0-py3.8.egg-info
[3.200s] running install_scripts
[3.220s] Installing du_communication_010 script to /home/swarm-team/ros2_ws/install/one_team_du_base_master/lib/one_team_du_base_master
[3.221s] Installing du_communication_011 script to /home/swarm-team/ros2_ws/install/one_team_du_base_master/lib/one_team_du_base_master
[3.221s] Installing du_communication_012 script to /home/swarm-team/ros2_ws/install/one_team_du_base_master/lib/one_team_du_base_master
[3.221s] Installing du_communication_013 script to /home/swarm-team/ros2_ws/install/one_team_du_base_master/lib/one_team_du_base_master
[3.221s] Installing du_communication_014 script to /home/swarm-team/ros2_ws/install/one_team_du_base_master/lib/one_team_du_base_master
[3.221s] Installing du_communication_015 script to /home/swarm-team/ros2_ws/install/one_team_du_base_master/lib/one_team_du_base_master
[3.221s] Installing du_communication_016 script to /home/swarm-team/ros2_ws/install/one_team_du_base_master/lib/one_team_du_base_master
[3.221s] Installing du_communication_017 script to /home/swarm-team/ros2_ws/install/one_team_du_base_master/lib/one_team_du_base_master
[3.221s] Installing du_communication_018 script to /home/swarm-team/ros2_ws/install/one_team_du_base_master/lib/one_team_du_base_master
[3.221s] Installing du_communication_080 script to /home/swarm-team/ros2_ws/install/one_team_du_base_master/lib/one_team_du_base_master
[3.221s] Installing du_controller_010 script to /home/swarm-team/ros2_ws/install/one_team_du_base_master/lib/one_team_du_base_master
[3.222s] Installing du_controller_011 script to /home/swarm-team/ros2_ws/install/one_team_du_base_master/lib/one_team_du_base_master
[3.222s] Installing du_controller_012 script to /home/swarm-team/ros2_ws/install/one_team_du_base_master/lib/one_team_du_base_master
[3.222s] Installing du_controller_013 script to /home/swarm-team/ros2_ws/install/one_team_du_base_master/lib/one_team_du_base_master
[3.222s] Installing du_controller_014 script to /home/swarm-team/ros2_ws/install/one_team_du_base_master/lib/one_team_du_base_master
[3.222s] Installing du_controller_015 script to /home/swarm-team/ros2_ws/install/one_team_du_base_master/lib/one_team_du_base_master
[3.222s] Installing du_controller_016 script to /home/swarm-team/ros2_ws/install/one_team_du_base_master/lib/one_team_du_base_master
[3.222s] Installing du_controller_017 script to /home/swarm-team/ros2_ws/install/one_team_du_base_master/lib/one_team_du_base_master
[3.222s] Installing du_controller_018 script to /home/swarm-team/ros2_ws/install/one_team_du_base_master/lib/one_team_du_base_master
[3.222s] Installing du_controller_080 script to /home/swarm-team/ros2_ws/install/one_team_du_base_master/lib/one_team_du_base_master
[3.222s] writing list of installed files to '/home/swarm-team/ros2_ws/build/one_team_du_base_master/install.log'
[3.237s] Invoked command in '/home/swarm-team/ros2_ws/src/one_team_du_base_master' returned '0': PYTHONPATH=/home/swarm-team/ros2_ws/build/one_team_du_base_master/prefix_override:/home/swarm-team/ros2_ws/install/one_team_du_base_master/lib/python3.8/site-packages:${PYTHONPATH} /usr/bin/python3 setup.py egg_info --egg-base ../../build/one_team_du_base_master build --build-base /home/swarm-team/ros2_ws/build/one_team_du_base_master/build install --record /home/swarm-team/ros2_ws/build/one_team_du_base_master/install.log --install-scripts $base/lib/one_team_du_base_master --single-version-externally-managed
