[2.706s] Invoking command in '/home/swarm-team/ros2_ws/build/one_team_ex_stuck': PYTHONPATH=/home/swarm-team/ros2_ws/build/one_team_ex_stuck/prefix_override:/home/swarm-team/ros2_ws/install/one_team_ex_stuck/lib/python3.8/site-packages:${PYTHONPATH} /usr/bin/python3 setup.py develop --uninstall --editable --build-directory /home/swarm-team/ros2_ws/build/one_team_ex_stuck/build
[2.965s] running develop
[3.123s] Removing /home/swarm-team/ros2_ws/install/one_team_ex_stuck/lib/python3.8/site-packages/one-team-ex-stuck.egg-link (link to .)
[3.148s] Invoked command in '/home/swarm-team/ros2_ws/build/one_team_ex_stuck' returned '0': PYTHONPATH=/home/swarm-team/ros2_ws/build/one_team_ex_stuck/prefix_override:/home/swarm-team/ros2_ws/install/one_team_ex_stuck/lib/python3.8/site-packages:${PYTHONPATH} /usr/bin/python3 setup.py develop --uninstall --editable --build-directory /home/swarm-team/ros2_ws/build/one_team_ex_stuck/build
[3.151s] Invoking command in '/home/swarm-team/ros2_ws/src/one_team_ex_stuck': PYTHONPATH=/home/swarm-team/ros2_ws/build/one_team_ex_stuck/prefix_override:/home/swarm-team/ros2_ws/install/one_team_ex_stuck/lib/python3.8/site-packages:${PYTHONPATH} /usr/bin/python3 setup.py egg_info --egg-base ../../build/one_team_ex_stuck build --build-base /home/swarm-team/ros2_ws/build/one_team_ex_stuck/build install --record /home/swarm-team/ros2_ws/build/one_team_ex_stuck/install.log --install-scripts $base/lib/one_team_ex_stuck --single-version-externally-managed
[3.313s] running egg_info
[3.314s] writing ../../build/one_team_ex_stuck/one_team_ex_stuck.egg-info/PKG-INFO
[3.314s] writing dependency_links to ../../build/one_team_ex_stuck/one_team_ex_stuck.egg-info/dependency_links.txt
[3.314s] writing entry points to ../../build/one_team_ex_stuck/one_team_ex_stuck.egg-info/entry_points.txt
[3.314s] writing requirements to ../../build/one_team_ex_stuck/one_team_ex_stuck.egg-info/requires.txt
[3.314s] writing top-level names to ../../build/one_team_ex_stuck/one_team_ex_stuck.egg-info/top_level.txt
[3.318s] reading manifest file '../../build/one_team_ex_stuck/one_team_ex_stuck.egg-info/SOURCES.txt'
[3.318s] writing manifest file '../../build/one_team_ex_stuck/one_team_ex_stuck.egg-info/SOURCES.txt'
[3.318s] running build
[3.318s] running build_py
[3.318s] creating /home/swarm-team/ros2_ws/build/one_team_ex_stuck/build
[3.318s] creating /home/swarm-team/ros2_ws/build/one_team_ex_stuck/build/lib
[3.318s] creating /home/swarm-team/ros2_ws/build/one_team_ex_stuck/build/lib/one_team_ex_stuck
[3.318s] copying one_team_ex_stuck/ex_communication_011_src.py -> /home/swarm-team/ros2_ws/build/one_team_ex_stuck/build/lib/one_team_ex_stuck
[3.318s] copying one_team_ex_stuck/ex_communication_013_src.py -> /home/swarm-team/ros2_ws/build/one_team_ex_stuck/build/lib/one_team_ex_stuck
[3.318s] copying one_team_ex_stuck/ex_controller_010_src.py -> /home/swarm-team/ros2_ws/build/one_team_ex_stuck/build/lib/one_team_ex_stuck
[3.318s] copying one_team_ex_stuck/ex_communication_010_src.py -> /home/swarm-team/ros2_ws/build/one_team_ex_stuck/build/lib/one_team_ex_stuck
[3.318s] copying one_team_ex_stuck/ex_communication_src.py -> /home/swarm-team/ros2_ws/build/one_team_ex_stuck/build/lib/one_team_ex_stuck
[3.318s] copying one_team_ex_stuck/ex_controller_src.py -> /home/swarm-team/ros2_ws/build/one_team_ex_stuck/build/lib/one_team_ex_stuck
[3.318s] copying one_team_ex_stuck/__init__.py -> /home/swarm-team/ros2_ws/build/one_team_ex_stuck/build/lib/one_team_ex_stuck
[3.318s] copying one_team_ex_stuck/ex_controller_011_src.py -> /home/swarm-team/ros2_ws/build/one_team_ex_stuck/build/lib/one_team_ex_stuck
[3.318s] copying one_team_ex_stuck/ex_controller_013_src.py -> /home/swarm-team/ros2_ws/build/one_team_ex_stuck/build/lib/one_team_ex_stuck
[3.318s] running install
[3.318s] running install_lib
[3.319s] creating /home/swarm-team/ros2_ws/install/one_team_ex_stuck/lib/python3.8/site-packages/one_team_ex_stuck
[3.319s] copying /home/swarm-team/ros2_ws/build/one_team_ex_stuck/build/lib/one_team_ex_stuck/ex_communication_011_src.py -> /home/swarm-team/ros2_ws/install/one_team_ex_stuck/lib/python3.8/site-packages/one_team_ex_stuck
[3.319s] copying /home/swarm-team/ros2_ws/build/one_team_ex_stuck/build/lib/one_team_ex_stuck/ex_communication_013_src.py -> /home/swarm-team/ros2_ws/install/one_team_ex_stuck/lib/python3.8/site-packages/one_team_ex_stuck
[3.319s] copying /home/swarm-team/ros2_ws/build/one_team_ex_stuck/build/lib/one_team_ex_stuck/ex_controller_010_src.py -> /home/swarm-team/ros2_ws/install/one_team_ex_stuck/lib/python3.8/site-packages/one_team_ex_stuck
[3.319s] copying /home/swarm-team/ros2_ws/build/one_team_ex_stuck/build/lib/one_team_ex_stuck/ex_communication_010_src.py -> /home/swarm-team/ros2_ws/install/one_team_ex_stuck/lib/python3.8/site-packages/one_team_ex_stuck
[3.319s] copying /home/swarm-team/ros2_ws/build/one_team_ex_stuck/build/lib/one_team_ex_stuck/ex_communication_src.py -> /home/swarm-team/ros2_ws/install/one_team_ex_stuck/lib/python3.8/site-packages/one_team_ex_stuck
[3.319s] copying /home/swarm-team/ros2_ws/build/one_team_ex_stuck/build/lib/one_team_ex_stuck/ex_controller_src.py -> /home/swarm-team/ros2_ws/install/one_team_ex_stuck/lib/python3.8/site-packages/one_team_ex_stuck
[3.319s] copying /home/swarm-team/ros2_ws/build/one_team_ex_stuck/build/lib/one_team_ex_stuck/__init__.py -> /home/swarm-team/ros2_ws/install/one_team_ex_stuck/lib/python3.8/site-packages/one_team_ex_stuck
[3.319s] copying /home/swarm-team/ros2_ws/build/one_team_ex_stuck/build/lib/one_team_ex_stuck/ex_controller_011_src.py -> /home/swarm-team/ros2_ws/install/one_team_ex_stuck/lib/python3.8/site-packages/one_team_ex_stuck
[3.319s] copying /home/swarm-team/ros2_ws/build/one_team_ex_stuck/build/lib/one_team_ex_stuck/ex_controller_013_src.py -> /home/swarm-team/ros2_ws/install/one_team_ex_stuck/lib/python3.8/site-packages/one_team_ex_stuck
[3.319s] byte-compiling /home/swarm-team/ros2_ws/install/one_team_ex_stuck/lib/python3.8/site-packages/one_team_ex_stuck/ex_communication_011_src.py to ex_communication_011_src.cpython-38.pyc
[3.319s] byte-compiling /home/swarm-team/ros2_ws/install/one_team_ex_stuck/lib/python3.8/site-packages/one_team_ex_stuck/ex_communication_013_src.py to ex_communication_013_src.cpython-38.pyc
[3.320s] byte-compiling /home/swarm-team/ros2_ws/install/one_team_ex_stuck/lib/python3.8/site-packages/one_team_ex_stuck/ex_controller_010_src.py to ex_controller_010_src.cpython-38.pyc
[3.322s] byte-compiling /home/swarm-team/ros2_ws/install/one_team_ex_stuck/lib/python3.8/site-packages/one_team_ex_stuck/ex_communication_010_src.py to ex_communication_010_src.cpython-38.pyc
[3.322s] byte-compiling /home/swarm-team/ros2_ws/install/one_team_ex_stuck/lib/python3.8/site-packages/one_team_ex_stuck/ex_communication_src.py to ex_communication_src.cpython-38.pyc
[3.322s] byte-compiling /home/swarm-team/ros2_ws/install/one_team_ex_stuck/lib/python3.8/site-packages/one_team_ex_stuck/ex_controller_src.py to ex_controller_src.cpython-38.pyc
[3.323s] byte-compiling /home/swarm-team/ros2_ws/install/one_team_ex_stuck/lib/python3.8/site-packages/one_team_ex_stuck/__init__.py to __init__.cpython-38.pyc
[3.323s] byte-compiling /home/swarm-team/ros2_ws/install/one_team_ex_stuck/lib/python3.8/site-packages/one_team_ex_stuck/ex_controller_011_src.py to ex_controller_011_src.cpython-38.pyc
[3.323s] byte-compiling /home/swarm-team/ros2_ws/install/one_team_ex_stuck/lib/python3.8/site-packages/one_team_ex_stuck/ex_controller_013_src.py to ex_controller_013_src.cpython-38.pyc
[3.325s] running install_data
[3.325s] running install_egg_info
[3.326s] Copying ../../build/one_team_ex_stuck/one_team_ex_stuck.egg-info to /home/swarm-team/ros2_ws/install/one_team_ex_stuck/lib/python3.8/site-packages/one_team_ex_stuck-0.0.0-py3.8.egg-info
[3.326s] running install_scripts
[3.338s] Installing ex_communication_000 script to /home/swarm-team/ros2_ws/install/one_team_ex_stuck/lib/one_team_ex_stuck
[3.338s] Installing ex_communication_001 script to /home/swarm-team/ros2_ws/install/one_team_ex_stuck/lib/one_team_ex_stuck
[3.338s] Installing ex_communication_003 script to /home/swarm-team/ros2_ws/install/one_team_ex_stuck/lib/one_team_ex_stuck
[3.338s] Installing ex_communication_test script to /home/swarm-team/ros2_ws/install/one_team_ex_stuck/lib/one_team_ex_stuck
[3.338s] Installing ex_controller_000 script to /home/swarm-team/ros2_ws/install/one_team_ex_stuck/lib/one_team_ex_stuck
[3.338s] Installing ex_controller_001 script to /home/swarm-team/ros2_ws/install/one_team_ex_stuck/lib/one_team_ex_stuck
[3.338s] Installing ex_controller_003 script to /home/swarm-team/ros2_ws/install/one_team_ex_stuck/lib/one_team_ex_stuck
[3.338s] Installing ex_controller_test script to /home/swarm-team/ros2_ws/install/one_team_ex_stuck/lib/one_team_ex_stuck
[3.338s] writing list of installed files to '/home/swarm-team/ros2_ws/build/one_team_ex_stuck/install.log'
[3.367s] Invoked command in '/home/swarm-team/ros2_ws/src/one_team_ex_stuck' returned '0': PYTHONPATH=/home/swarm-team/ros2_ws/build/one_team_ex_stuck/prefix_override:/home/swarm-team/ros2_ws/install/one_team_ex_stuck/lib/python3.8/site-packages:${PYTHONPATH} /usr/bin/python3 setup.py egg_info --egg-base ../../build/one_team_ex_stuck build --build-base /home/swarm-team/ros2_ws/build/one_team_ex_stuck/build install --record /home/swarm-team/ros2_ws/build/one_team_ex_stuck/install.log --install-scripts $base/lib/one_team_ex_stuck --single-version-externally-managed
