[2.514s] Invoking command in '/home/swarm-team/ros2_ws/build/two_team_ex_stuck': PYTHONPATH=/home/swarm-team/ros2_ws/build/two_team_ex_stuck/prefix_override:/home/swarm-team/ros2_ws/install/two_team_ex_stuck/lib/python3.8/site-packages:${PYTHONPATH} /usr/bin/python3 setup.py develop --editable --build-directory /home/swarm-team/ros2_ws/build/two_team_ex_stuck/build --no-deps install_data
[2.726s] running develop
[2.842s] running egg_info
[2.842s] writing two_team_ex_stuck.egg-info/PKG-INFO
[2.842s] writing dependency_links to two_team_ex_stuck.egg-info/dependency_links.txt
[2.842s] writing entry points to two_team_ex_stuck.egg-info/entry_points.txt
[2.842s] writing requirements to two_team_ex_stuck.egg-info/requires.txt
[2.842s] writing top-level names to two_team_ex_stuck.egg-info/top_level.txt
[2.860s] reading manifest file 'two_team_ex_stuck.egg-info/SOURCES.txt'
[2.860s] writing manifest file 'two_team_ex_stuck.egg-info/SOURCES.txt'
[2.881s] running build_ext
[2.881s] Creating /home/swarm-team/ros2_ws/install/two_team_ex_stuck/lib/python3.8/site-packages/two-team-ex-stuck.egg-link (link to .)
[2.881s] Installing ex_communication_000 script to /home/swarm-team/ros2_ws/install/two_team_ex_stuck/lib/two_team_ex_stuck
[2.882s] Installing ex_communication_001 script to /home/swarm-team/ros2_ws/install/two_team_ex_stuck/lib/two_team_ex_stuck
[2.882s] Installing ex_communication_003 script to /home/swarm-team/ros2_ws/install/two_team_ex_stuck/lib/two_team_ex_stuck
[2.882s] Installing ex_communication_test script to /home/swarm-team/ros2_ws/install/two_team_ex_stuck/lib/two_team_ex_stuck
[2.882s] Installing ex_controller_000 script to /home/swarm-team/ros2_ws/install/two_team_ex_stuck/lib/two_team_ex_stuck
[2.882s] Installing ex_controller_001 script to /home/swarm-team/ros2_ws/install/two_team_ex_stuck/lib/two_team_ex_stuck
[2.882s] Installing ex_controller_003 script to /home/swarm-team/ros2_ws/install/two_team_ex_stuck/lib/two_team_ex_stuck
[2.882s] Installing ex_controller_test script to /home/swarm-team/ros2_ws/install/two_team_ex_stuck/lib/two_team_ex_stuck
[2.882s] 
[2.882s] Installed /home/swarm-team/ros2_ws/build/two_team_ex_stuck
[2.882s] running install_data
[2.901s] Invoked command in '/home/swarm-team/ros2_ws/build/two_team_ex_stuck' returned '0': PYTHONPATH=/home/swarm-team/ros2_ws/build/two_team_ex_stuck/prefix_override:/home/swarm-team/ros2_ws/install/two_team_ex_stuck/lib/python3.8/site-packages:${PYTHONPATH} /usr/bin/python3 setup.py develop --editable --build-directory /home/swarm-team/ros2_ws/build/two_team_ex_stuck/build --no-deps install_data
