[2.816s] Invoking command in '/home/swarm-team/ros2_ws/build/single_ex_sim_pkg_master': PYTHONPATH=/home/swarm-team/ros2_ws/build/single_ex_sim_pkg_master/prefix_override:/home/swarm-team/ros2_ws/install/single_ex_sim_pkg_master/lib/python3.8/site-packages:${PYTHONPATH} /usr/bin/python3 setup.py develop --editable --build-directory /home/swarm-team/ros2_ws/build/single_ex_sim_pkg_master/build --no-deps install_data
[3.199s] running develop
[3.339s] running egg_info
[3.339s] writing single_ex_sim_pkg_master.egg-info/PKG-INFO
[3.339s] writing dependency_links to single_ex_sim_pkg_master.egg-info/dependency_links.txt
[3.339s] writing entry points to single_ex_sim_pkg_master.egg-info/entry_points.txt
[3.339s] writing requirements to single_ex_sim_pkg_master.egg-info/requires.txt
[3.339s] writing top-level names to single_ex_sim_pkg_master.egg-info/top_level.txt
[3.356s] reading manifest file 'single_ex_sim_pkg_master.egg-info/SOURCES.txt'
[3.357s] writing manifest file 'single_ex_sim_pkg_master.egg-info/SOURCES.txt'
[3.375s] running build_ext
[3.375s] Creating /home/swarm-team/ros2_ws/install/single_ex_sim_pkg_master/lib/python3.8/site-packages/single-ex-sim-pkg-master.egg-link (link to .)
[3.375s] Installing ex_communication_000 script to /home/swarm-team/ros2_ws/install/single_ex_sim_pkg_master/lib/single_ex_sim_pkg_master
[3.375s] Installing ex_communication_001 script to /home/swarm-team/ros2_ws/install/single_ex_sim_pkg_master/lib/single_ex_sim_pkg_master
[3.375s] Installing ex_communication_003 script to /home/swarm-team/ros2_ws/install/single_ex_sim_pkg_master/lib/single_ex_sim_pkg_master
[3.375s] Installing ex_communication_test script to /home/swarm-team/ros2_ws/install/single_ex_sim_pkg_master/lib/single_ex_sim_pkg_master
[3.375s] Installing ex_controller_000 script to /home/swarm-team/ros2_ws/install/single_ex_sim_pkg_master/lib/single_ex_sim_pkg_master
[3.375s] Installing ex_controller_001 script to /home/swarm-team/ros2_ws/install/single_ex_sim_pkg_master/lib/single_ex_sim_pkg_master
[3.375s] Installing ex_controller_003 script to /home/swarm-team/ros2_ws/install/single_ex_sim_pkg_master/lib/single_ex_sim_pkg_master
[3.375s] Installing ex_controller_test script to /home/swarm-team/ros2_ws/install/single_ex_sim_pkg_master/lib/single_ex_sim_pkg_master
[3.375s] 
[3.375s] Installed /home/swarm-team/ros2_ws/build/single_ex_sim_pkg_master
[3.375s] running install_data
[3.391s] Invoked command in '/home/swarm-team/ros2_ws/build/single_ex_sim_pkg_master' returned '0': PYTHONPATH=/home/swarm-team/ros2_ws/build/single_ex_sim_pkg_master/prefix_override:/home/swarm-team/ros2_ws/install/single_ex_sim_pkg_master/lib/python3.8/site-packages:${PYTHONPATH} /usr/bin/python3 setup.py develop --editable --build-directory /home/swarm-team/ros2_ws/build/single_ex_sim_pkg_master/build --no-deps install_data
