[2.806s] Invoking command in '/home/swarm-team/ros2_ws/build/single_ex_sim_pkg_master': PYTHONPATH=/home/swarm-team/ros2_ws/build/single_ex_sim_pkg_master/prefix_override:/home/swarm-team/ros2_ws/install/single_ex_sim_pkg_master/lib/python3.8/site-packages:${PYTHONPATH} /usr/bin/python3 setup.py develop --editable --build-directory /home/swarm-team/ros2_ws/build/single_ex_sim_pkg_master/build --no-deps install_data
[3.063s] running develop
[3.196s] running egg_info
[3.196s] writing single_ex_sim_pkg_master.egg-info/PKG-INFO
[3.197s] writing dependency_links to single_ex_sim_pkg_master.egg-info/dependency_links.txt
[3.197s] writing entry points to single_ex_sim_pkg_master.egg-info/entry_points.txt
[3.197s] writing requirements to single_ex_sim_pkg_master.egg-info/requires.txt
[3.197s] writing top-level names to single_ex_sim_pkg_master.egg-info/top_level.txt
[3.234s] reading manifest file 'single_ex_sim_pkg_master.egg-info/SOURCES.txt'
[3.235s] writing manifest file 'single_ex_sim_pkg_master.egg-info/SOURCES.txt'
[3.275s] running build_ext
[3.282s] Creating /home/swarm-team/ros2_ws/install/single_ex_sim_pkg_master/lib/python3.8/site-packages/single-ex-sim-pkg-master.egg-link (link to .)
[3.283s] Installing ex_communication_000 script to /home/swarm-team/ros2_ws/install/single_ex_sim_pkg_master/lib/single_ex_sim_pkg_master
[3.283s] Installing ex_communication_001 script to /home/swarm-team/ros2_ws/install/single_ex_sim_pkg_master/lib/single_ex_sim_pkg_master
[3.283s] Installing ex_communication_003 script to /home/swarm-team/ros2_ws/install/single_ex_sim_pkg_master/lib/single_ex_sim_pkg_master
[3.283s] Installing ex_communication_test script to /home/swarm-team/ros2_ws/install/single_ex_sim_pkg_master/lib/single_ex_sim_pkg_master
[3.299s] Installing ex_controller_000 script to /home/swarm-team/ros2_ws/install/single_ex_sim_pkg_master/lib/single_ex_sim_pkg_master
[3.301s] Installing ex_controller_001 script to /home/swarm-team/ros2_ws/install/single_ex_sim_pkg_master/lib/single_ex_sim_pkg_master
[3.301s] Installing ex_controller_003 script to /home/swarm-team/ros2_ws/install/single_ex_sim_pkg_master/lib/single_ex_sim_pkg_master
[3.301s] Installing ex_controller_test script to /home/swarm-team/ros2_ws/install/single_ex_sim_pkg_master/lib/single_ex_sim_pkg_master
[3.301s] 
[3.301s] Installed /home/swarm-team/ros2_ws/build/single_ex_sim_pkg_master
[3.302s] running install_data
[3.359s] Invoked command in '/home/swarm-team/ros2_ws/build/single_ex_sim_pkg_master' returned '0': PYTHONPATH=/home/swarm-team/ros2_ws/build/single_ex_sim_pkg_master/prefix_override:/home/swarm-team/ros2_ws/install/single_ex_sim_pkg_master/lib/python3.8/site-packages:${PYTHONPATH} /usr/bin/python3 setup.py develop --editable --build-directory /home/swarm-team/ros2_ws/build/single_ex_sim_pkg_master/build --no-deps install_data
