[2.672s] Invoking command in '/home/swarm-team/ros2_ws/build/one_team_ex_stuck': PYTHONPATH=/home/swarm-team/ros2_ws/build/one_team_ex_stuck/prefix_override:/home/swarm-team/ros2_ws/install/one_team_ex_stuck/lib/python3.8/site-packages:${PYTHONPATH} /usr/bin/python3 setup.py develop --uninstall --editable --build-directory /home/swarm-team/ros2_ws/build/one_team_ex_stuck/build
[2.924s] running develop
[3.041s] Invoked command in '/home/swarm-team/ros2_ws/build/one_team_ex_stuck' returned '0': PYTHONPATH=/home/swarm-team/ros2_ws/build/one_team_ex_stuck/prefix_override:/home/swarm-team/ros2_ws/install/one_team_ex_stuck/lib/python3.8/site-packages:${PYTHONPATH} /usr/bin/python3 setup.py develop --uninstall --editable --build-directory /home/swarm-team/ros2_ws/build/one_team_ex_stuck/build
[3.043s] Invoking command in '/home/swarm-team/ros2_ws/src/one_team_ex_stuck': PYTHONPATH=/home/swarm-team/ros2_ws/build/one_team_ex_stuck/prefix_override:/home/swarm-team/ros2_ws/install/one_team_ex_stuck/lib/python3.8/site-packages:${PYTHONPATH} /usr/bin/python3 setup.py egg_info --egg-base ../../build/one_team_ex_stuck build --build-base /home/swarm-team/ros2_ws/build/one_team_ex_stuck/build install --record /home/swarm-team/ros2_ws/build/one_team_ex_stuck/install.log --install-scripts $base/lib/one_team_ex_stuck --single-version-externally-managed
[3.246s] running egg_info
[3.246s] writing ../../build/one_team_ex_stuck/one_team_ex_stuck.egg-info/PKG-INFO
[3.246s] writing dependency_links to ../../build/one_team_ex_stuck/one_team_ex_stuck.egg-info/dependency_links.txt
[3.246s] writing entry points to ../../build/one_team_ex_stuck/one_team_ex_stuck.egg-info/entry_points.txt
[3.246s] writing requirements to ../../build/one_team_ex_stuck/one_team_ex_stuck.egg-info/requires.txt
[3.246s] writing top-level names to ../../build/one_team_ex_stuck/one_team_ex_stuck.egg-info/top_level.txt
[3.265s] reading manifest file '../../build/one_team_ex_stuck/one_team_ex_stuck.egg-info/SOURCES.txt'
[3.267s] writing manifest file '../../build/one_team_ex_stuck/one_team_ex_stuck.egg-info/SOURCES.txt'
[3.267s] running build
[3.268s] running build_py
[3.268s] running install
[3.269s] running install_lib
[3.269s] running install_data
[3.269s] running install_egg_info
[3.270s] removing '/home/swarm-team/ros2_ws/install/one_team_ex_stuck/lib/python3.8/site-packages/one_team_ex_stuck-0.0.0-py3.8.egg-info' (and everything under it)
[3.270s] Copying ../../build/one_team_ex_stuck/one_team_ex_stuck.egg-info to /home/swarm-team/ros2_ws/install/one_team_ex_stuck/lib/python3.8/site-packages/one_team_ex_stuck-0.0.0-py3.8.egg-info
[3.270s] running install_scripts
[3.283s] Installing ex_communication_000 script to /home/swarm-team/ros2_ws/install/one_team_ex_stuck/lib/one_team_ex_stuck
[3.283s] Installing ex_communication_001 script to /home/swarm-team/ros2_ws/install/one_team_ex_stuck/lib/one_team_ex_stuck
[3.283s] Installing ex_communication_003 script to /home/swarm-team/ros2_ws/install/one_team_ex_stuck/lib/one_team_ex_stuck
[3.283s] Installing ex_communication_test script to /home/swarm-team/ros2_ws/install/one_team_ex_stuck/lib/one_team_ex_stuck
[3.283s] Installing ex_controller_000 script to /home/swarm-team/ros2_ws/install/one_team_ex_stuck/lib/one_team_ex_stuck
[3.283s] Installing ex_controller_001 script to /home/swarm-team/ros2_ws/install/one_team_ex_stuck/lib/one_team_ex_stuck
[3.283s] Installing ex_controller_003 script to /home/swarm-team/ros2_ws/install/one_team_ex_stuck/lib/one_team_ex_stuck
[3.284s] Installing ex_controller_test script to /home/swarm-team/ros2_ws/install/one_team_ex_stuck/lib/one_team_ex_stuck
[3.284s] writing list of installed files to '/home/swarm-team/ros2_ws/build/one_team_ex_stuck/install.log'
[3.303s] Invoked command in '/home/swarm-team/ros2_ws/src/one_team_ex_stuck' returned '0': PYTHONPATH=/home/swarm-team/ros2_ws/build/one_team_ex_stuck/prefix_override:/home/swarm-team/ros2_ws/install/one_team_ex_stuck/lib/python3.8/site-packages:${PYTHONPATH} /usr/bin/python3 setup.py egg_info --egg-base ../../build/one_team_ex_stuck build --build-base /home/swarm-team/ros2_ws/build/one_team_ex_stuck/build install --record /home/swarm-team/ros2_ws/build/one_team_ex_stuck/install.log --install-scripts $base/lib/one_team_ex_stuck --single-version-externally-managed
