[  3%] Built target dump_messages__cpp
[ 12%] Built target dump_messages__rosidl_generator_c
[ 22%] Built target dump_messages__rosidl_typesupport_cpp
[ 32%] Built target dump_messages__rosidl_typesupport_introspection_cpp
[ 41%] Built target dump_messages__rosidl_typesupport_c
[ 51%] Built target dump_messages__rosidl_typesupport_introspection_c
[ 61%] Built target dump_messages__rosidl_typesupport_fastrtps_cpp
[ 70%] Built target dump_messages__rosidl_typesupport_fastrtps_c
[ 70%] Built target dump_messages
[ 74%] Built target dump_messages__py
[ 80%] Built target dump_messages__python
[ 87%] Built target dump_messages__rosidl_typesupport_introspection_c__pyext
[ 93%] Built target dump_messages__rosidl_typesupport_c__pyext
[100%] Built target dump_messages__rosidl_typesupport_fastrtps_c__pyext
-- Install configuration: ""
-- Execute custom install script
-- Up-to-date symlink: /home/swarm-team/ros2_ws/install/dump_messages/share/ament_index/resource_index/rosidl_interfaces/dump_messages
-- Up-to-date symlink: /home/swarm-team/ros2_ws/install/dump_messages/include/dump_messages/msg/detail/dump_cnp__functions.h
-- Up-to-date symlink: /home/swarm-team/ros2_ws/install/dump_messages/include/dump_messages/msg/detail/dump_cnp__struct.h
-- Up-to-date symlink: /home/swarm-team/ros2_ws/install/dump_messages/include/dump_messages/msg/detail/dump_cnp__type_support.h
-- Up-to-date symlink: /home/swarm-team/ros2_ws/install/dump_messages/include/dump_messages/msg/dump_cnp.h
-- Up-to-date symlink: /home/swarm-team/ros2_ws/install/dump_messages/include/dump_messages/msg/rosidl_generator_c__visibility_control.h
-- Up-to-date symlink: /home/swarm-team/ros2_ws/install/dump_messages/share/dump_messages/environment/library_path.sh
-- Up-to-date symlink: /home/swarm-team/ros2_ws/install/dump_messages/share/dump_messages/environment/library_path.dsv
-- Up-to-date symlink: /home/swarm-team/ros2_ws/install/dump_messages/include/dump_messages/msg/detail/dump_cnp__rosidl_typesupport_fastrtps_c.h
-- Up-to-date symlink: /home/swarm-team/ros2_ws/install/dump_messages/include/dump_messages/msg/rosidl_typesupport_fastrtps_c__visibility_control.h
-- Up-to-date symlink: /home/swarm-team/ros2_ws/install/dump_messages/lib/libdump_messages__rosidl_typesupport_fastrtps_c.so
-- Up-to-date symlink: /home/swarm-team/ros2_ws/install/dump_messages/include/dump_messages/msg/detail/dump_cnp__rosidl_typesupport_fastrtps_cpp.hpp
-- Up-to-date symlink: /home/swarm-team/ros2_ws/install/dump_messages/include/dump_messages/msg/rosidl_typesupport_fastrtps_cpp__visibility_control.h
-- Up-to-date symlink: /home/swarm-team/ros2_ws/install/dump_messages/lib/libdump_messages__rosidl_typesupport_fastrtps_cpp.so
-- Up-to-date symlink: /home/swarm-team/ros2_ws/install/dump_messages/include/dump_messages/msg/detail/dump_cnp__rosidl_typesupport_introspection_c.h
-- Up-to-date symlink: /home/swarm-team/ros2_ws/install/dump_messages/include/dump_messages/msg/rosidl_typesupport_introspection_c__visibility_control.h
-- Up-to-date symlink: /home/swarm-team/ros2_ws/install/dump_messages/include/dump_messages/msg/detail/dump_cnp__builder.hpp
-- Up-to-date symlink: /home/swarm-team/ros2_ws/install/dump_messages/include/dump_messages/msg/detail/dump_cnp__struct.hpp
-- Up-to-date symlink: /home/swarm-team/ros2_ws/install/dump_messages/include/dump_messages/msg/detail/dump_cnp__traits.hpp
-- Up-to-date symlink: /home/swarm-team/ros2_ws/install/dump_messages/include/dump_messages/msg/dump_cnp.hpp
-- Up-to-date symlink: /home/swarm-team/ros2_ws/install/dump_messages/include/dump_messages/msg/detail/dump_cnp__rosidl_typesupport_introspection_cpp.hpp
-- Up-to-date symlink: /home/swarm-team/ros2_ws/install/dump_messages/share/dump_messages/environment/pythonpath.sh
-- Up-to-date symlink: /home/swarm-team/ros2_ws/install/dump_messages/share/dump_messages/environment/pythonpath.dsv
-- Up-to-date symlink: /home/swarm-team/ros2_ws/install/dump_messages/lib/python3.8/site-packages/dump_messages/__init__.py
-- Up-to-date symlink: /home/swarm-team/ros2_ws/install/dump_messages/lib/python3.8/site-packages/dump_messages/msg/__init__.py
-- Up-to-date symlink: /home/swarm-team/ros2_ws/install/dump_messages/lib/python3.8/site-packages/dump_messages/msg/_dump_cnp.py
-- Up-to-date symlink: /home/swarm-team/ros2_ws/install/dump_messages/lib/python3.8/site-packages/dump_messages/dump_messages_s__rosidl_typesupport_fastrtps_c.cpython-38-x86_64-linux-gnu.so
-- Up-to-date symlink: /home/swarm-team/ros2_ws/install/dump_messages/lib/python3.8/site-packages/dump_messages/dump_messages_s__rosidl_typesupport_introspection_c.cpython-38-x86_64-linux-gnu.so
-- Up-to-date symlink: /home/swarm-team/ros2_ws/install/dump_messages/lib/python3.8/site-packages/dump_messages/dump_messages_s__rosidl_typesupport_c.cpython-38-x86_64-linux-gnu.so
-- Up-to-date symlink: /home/swarm-team/ros2_ws/install/dump_messages/lib/libdump_messages__python.so
-- Up-to-date symlink: /home/swarm-team/ros2_ws/install/dump_messages/share/dump_messages/msg/DumpCNP.idl
-- Up-to-date symlink: /home/swarm-team/ros2_ws/install/dump_messages/share/dump_messages/msg/DumpCNP.msg
-- Up-to-date symlink: /home/swarm-team/ros2_ws/install/dump_messages/share/ament_index/resource_index/package_run_dependencies/dump_messages
-- Up-to-date symlink: /home/swarm-team/ros2_ws/install/dump_messages/share/ament_index/resource_index/parent_prefix_path/dump_messages
-- Up-to-date symlink: /home/swarm-team/ros2_ws/install/dump_messages/share/dump_messages/environment/ament_prefix_path.sh
-- Up-to-date symlink: /home/swarm-team/ros2_ws/install/dump_messages/share/dump_messages/environment/ament_prefix_path.dsv
-- Up-to-date symlink: /home/swarm-team/ros2_ws/install/dump_messages/share/dump_messages/environment/path.sh
-- Up-to-date symlink: /home/swarm-team/ros2_ws/install/dump_messages/share/dump_messages/environment/path.dsv
-- Up-to-date symlink: /home/swarm-team/ros2_ws/install/dump_messages/share/dump_messages/local_setup.bash
-- Up-to-date symlink: /home/swarm-team/ros2_ws/install/dump_messages/share/dump_messages/local_setup.sh
-- Up-to-date symlink: /home/swarm-team/ros2_ws/install/dump_messages/share/dump_messages/local_setup.zsh
-- Up-to-date symlink: /home/swarm-team/ros2_ws/install/dump_messages/share/dump_messages/local_setup.dsv
-- Symlinking: /home/swarm-team/ros2_ws/install/dump_messages/share/dump_messages/package.dsv
-- Up-to-date symlink: /home/swarm-team/ros2_ws/install/dump_messages/share/ament_index/resource_index/packages/dump_messages
-- Up-to-date symlink: /home/swarm-team/ros2_ws/install/dump_messages/share/dump_messages/cmake/rosidl_cmake-extras.cmake
-- Up-to-date symlink: /home/swarm-team/ros2_ws/install/dump_messages/share/dump_messages/cmake/ament_cmake_export_dependencies-extras.cmake
-- Up-to-date symlink: /home/swarm-team/ros2_ws/install/dump_messages/share/dump_messages/cmake/ament_cmake_export_libraries-extras.cmake
-- Up-to-date symlink: /home/swarm-team/ros2_ws/install/dump_messages/share/dump_messages/cmake/ament_cmake_export_targets-extras.cmake
-- Up-to-date symlink: /home/swarm-team/ros2_ws/install/dump_messages/share/dump_messages/cmake/ament_cmake_export_include_directories-extras.cmake
-- Up-to-date symlink: /home/swarm-team/ros2_ws/install/dump_messages/share/dump_messages/cmake/rosidl_cmake_export_typesupport_libraries-extras.cmake
-- Up-to-date symlink: /home/swarm-team/ros2_ws/install/dump_messages/share/dump_messages/cmake/rosidl_cmake_export_typesupport_targets-extras.cmake
-- Up-to-date symlink: /home/swarm-team/ros2_ws/install/dump_messages/share/dump_messages/cmake/dump_messagesConfig.cmake
-- Up-to-date symlink: /home/swarm-team/ros2_ws/install/dump_messages/share/dump_messages/cmake/dump_messagesConfig-version.cmake
-- Up-to-date symlink: /home/swarm-team/ros2_ws/install/dump_messages/share/dump_messages/package.xml
-- Up-to-date: /home/swarm-team/ros2_ws/install/dump_messages/lib/libdump_messages__rosidl_generator_c.so
-- Up-to-date: /home/swarm-team/ros2_ws/install/dump_messages/lib/libdump_messages__rosidl_typesupport_introspection_c.so
-- Up-to-date: /home/swarm-team/ros2_ws/install/dump_messages/lib/libdump_messages__rosidl_typesupport_c.so
-- Up-to-date: /home/swarm-team/ros2_ws/install/dump_messages/lib/libdump_messages__rosidl_typesupport_introspection_cpp.so
-- Up-to-date: /home/swarm-team/ros2_ws/install/dump_messages/lib/libdump_messages__rosidl_typesupport_cpp.so
-- Up-to-date: /home/swarm-team/ros2_ws/install/dump_messages/share/dump_messages/cmake/dump_messages__rosidl_generator_cExport.cmake
-- Up-to-date: /home/swarm-team/ros2_ws/install/dump_messages/share/dump_messages/cmake/dump_messages__rosidl_generator_cExport-noconfig.cmake
-- Up-to-date: /home/swarm-team/ros2_ws/install/dump_messages/share/dump_messages/cmake/dump_messages__rosidl_typesupport_introspection_cExport.cmake
-- Up-to-date: /home/swarm-team/ros2_ws/install/dump_messages/share/dump_messages/cmake/dump_messages__rosidl_typesupport_introspection_cExport-noconfig.cmake
-- Up-to-date: /home/swarm-team/ros2_ws/install/dump_messages/share/dump_messages/cmake/dump_messages__rosidl_typesupport_cExport.cmake
-- Up-to-date: /home/swarm-team/ros2_ws/install/dump_messages/share/dump_messages/cmake/dump_messages__rosidl_typesupport_cExport-noconfig.cmake
-- Up-to-date: /home/swarm-team/ros2_ws/install/dump_messages/share/dump_messages/cmake/dump_messages__rosidl_generator_cppExport.cmake
-- Up-to-date: /home/swarm-team/ros2_ws/install/dump_messages/share/dump_messages/cmake/dump_messages__rosidl_typesupport_introspection_cppExport.cmake
-- Up-to-date: /home/swarm-team/ros2_ws/install/dump_messages/share/dump_messages/cmake/dump_messages__rosidl_typesupport_introspection_cppExport-noconfig.cmake
-- Up-to-date: /home/swarm-team/ros2_ws/install/dump_messages/share/dump_messages/cmake/dump_messages__rosidl_typesupport_cppExport.cmake
-- Up-to-date: /home/swarm-team/ros2_ws/install/dump_messages/share/dump_messages/cmake/dump_messages__rosidl_typesupport_cppExport-noconfig.cmake
