running develop
running egg_info
writing ../../build/three_team_du_stuck/three_team_du_stuck.egg-info/PKG-INFO
writing dependency_links to ../../build/three_team_du_stuck/three_team_du_stuck.egg-info/dependency_links.txt
writing entry points to ../../build/three_team_du_stuck/three_team_du_stuck.egg-info/entry_points.txt
writing requirements to ../../build/three_team_du_stuck/three_team_du_stuck.egg-info/requires.txt
writing top-level names to ../../build/three_team_du_stuck/three_team_du_stuck.egg-info/top_level.txt
reading manifest file '../../build/three_team_du_stuck/three_team_du_stuck.egg-info/SOURCES.txt'
writing manifest file '../../build/three_team_du_stuck/three_team_du_stuck.egg-info/SOURCES.txt'
running build
running build_py
running install
running install_lib
running install_data
running install_egg_info
removing '/home/swarm-team/ros2_ws/install/three_team_du_stuck/lib/python3.8/site-packages/three_team_du_stuck-0.0.0-py3.8.egg-info' (and everything under it)
Copying ../../build/three_team_du_stuck/three_team_du_stuck.egg-info to /home/swarm-team/ros2_ws/install/three_team_du_stuck/lib/python3.8/site-packages/three_team_du_stuck-0.0.0-py3.8.egg-info
running install_scripts
Installing du_communication_010 script to /home/swarm-team/ros2_ws/install/three_team_du_stuck/lib/three_team_du_stuck
Installing du_communication_011 script to /home/swarm-team/ros2_ws/install/three_team_du_stuck/lib/three_team_du_stuck
Installing du_communication_012 script to /home/swarm-team/ros2_ws/install/three_team_du_stuck/lib/three_team_du_stuck
Installing du_communication_013 script to /home/swarm-team/ros2_ws/install/three_team_du_stuck/lib/three_team_du_stuck
Installing du_communication_014 script to /home/swarm-team/ros2_ws/install/three_team_du_stuck/lib/three_team_du_stuck
Installing du_communication_015 script to /home/swarm-team/ros2_ws/install/three_team_du_stuck/lib/three_team_du_stuck
Installing du_communication_016 script to /home/swarm-team/ros2_ws/install/three_team_du_stuck/lib/three_team_du_stuck
Installing du_communication_017 script to /home/swarm-team/ros2_ws/install/three_team_du_stuck/lib/three_team_du_stuck
Installing du_communication_018 script to /home/swarm-team/ros2_ws/install/three_team_du_stuck/lib/three_team_du_stuck
Installing du_communication_019 script to /home/swarm-team/ros2_ws/install/three_team_du_stuck/lib/three_team_du_stuck
Installing du_communication_020 script to /home/swarm-team/ros2_ws/install/three_team_du_stuck/lib/three_team_du_stuck
Installing du_communication_080 script to /home/swarm-team/ros2_ws/install/three_team_du_stuck/lib/three_team_du_stuck
Installing du_controller_010 script to /home/swarm-team/ros2_ws/install/three_team_du_stuck/lib/three_team_du_stuck
Installing du_controller_011 script to /home/swarm-team/ros2_ws/install/three_team_du_stuck/lib/three_team_du_stuck
Installing du_controller_012 script to /home/swarm-team/ros2_ws/install/three_team_du_stuck/lib/three_team_du_stuck
Installing du_controller_013 script to /home/swarm-team/ros2_ws/install/three_team_du_stuck/lib/three_team_du_stuck
Installing du_controller_014 script to /home/swarm-team/ros2_ws/install/three_team_du_stuck/lib/three_team_du_stuck
Installing du_controller_015 script to /home/swarm-team/ros2_ws/install/three_team_du_stuck/lib/three_team_du_stuck
Installing du_controller_016 script to /home/swarm-team/ros2_ws/install/three_team_du_stuck/lib/three_team_du_stuck
Installing du_controller_017 script to /home/swarm-team/ros2_ws/install/three_team_du_stuck/lib/three_team_du_stuck
Installing du_controller_018 script to /home/swarm-team/ros2_ws/install/three_team_du_stuck/lib/three_team_du_stuck
Installing du_controller_019 script to /home/swarm-team/ros2_ws/install/three_team_du_stuck/lib/three_team_du_stuck
Installing du_controller_020 script to /home/swarm-team/ros2_ws/install/three_team_du_stuck/lib/three_team_du_stuck
Installing du_controller_080 script to /home/swarm-team/ros2_ws/install/three_team_du_stuck/lib/three_team_du_stuck
writing list of installed files to '/home/swarm-team/ros2_ws/build/three_team_du_stuck/install.log'
