[2.729s] Invoking command in '/home/swarm-team/ros2_ws/build/four_team_ex_stuck': PYTHONPATH=/home/swarm-team/ros2_ws/build/four_team_ex_stuck/prefix_override:/home/swarm-team/ros2_ws/install/four_team_ex_stuck/lib/python3.8/site-packages:${PYTHONPATH} /usr/bin/python3 setup.py develop --editable --build-directory /home/swarm-team/ros2_ws/build/four_team_ex_stuck/build --no-deps install_data
[2.901s] running develop
[2.967s] running egg_info
[2.967s] writing four_team_ex_stuck.egg-info/PKG-INFO
[2.968s] writing dependency_links to four_team_ex_stuck.egg-info/dependency_links.txt
[2.968s] writing entry points to four_team_ex_stuck.egg-info/entry_points.txt
[2.968s] writing requirements to four_team_ex_stuck.egg-info/requires.txt
[2.968s] writing top-level names to four_team_ex_stuck.egg-info/top_level.txt
[3.006s] reading manifest file 'four_team_ex_stuck.egg-info/SOURCES.txt'
[3.007s] writing manifest file 'four_team_ex_stuck.egg-info/SOURCES.txt'
[3.048s] running build_ext
[3.048s] Creating /home/swarm-team/ros2_ws/install/four_team_ex_stuck/lib/python3.8/site-packages/four-team-ex-stuck.egg-link (link to .)
[3.049s] Installing ex_communication_000 script to /home/swarm-team/ros2_ws/install/four_team_ex_stuck/lib/four_team_ex_stuck
[3.049s] Installing ex_communication_001 script to /home/swarm-team/ros2_ws/install/four_team_ex_stuck/lib/four_team_ex_stuck
[3.049s] Installing ex_communication_003 script to /home/swarm-team/ros2_ws/install/four_team_ex_stuck/lib/four_team_ex_stuck
[3.050s] Installing ex_communication_004 script to /home/swarm-team/ros2_ws/install/four_team_ex_stuck/lib/four_team_ex_stuck
[3.050s] Installing ex_communication_005 script to /home/swarm-team/ros2_ws/install/four_team_ex_stuck/lib/four_team_ex_stuck
[3.050s] Installing ex_communication_test script to /home/swarm-team/ros2_ws/install/four_team_ex_stuck/lib/four_team_ex_stuck
[3.050s] Installing ex_controller_000 script to /home/swarm-team/ros2_ws/install/four_team_ex_stuck/lib/four_team_ex_stuck
[3.050s] Installing ex_controller_001 script to /home/swarm-team/ros2_ws/install/four_team_ex_stuck/lib/four_team_ex_stuck
[3.050s] Installing ex_controller_003 script to /home/swarm-team/ros2_ws/install/four_team_ex_stuck/lib/four_team_ex_stuck
[3.050s] Installing ex_controller_004 script to /home/swarm-team/ros2_ws/install/four_team_ex_stuck/lib/four_team_ex_stuck
[3.050s] Installing ex_controller_005 script to /home/swarm-team/ros2_ws/install/four_team_ex_stuck/lib/four_team_ex_stuck
[3.051s] Installing ex_controller_test script to /home/swarm-team/ros2_ws/install/four_team_ex_stuck/lib/four_team_ex_stuck
[3.051s] 
[3.051s] Installed /home/swarm-team/ros2_ws/build/four_team_ex_stuck
[3.051s] running install_data
[3.079s] Invoked command in '/home/swarm-team/ros2_ws/build/four_team_ex_stuck' returned '0': PYTHONPATH=/home/swarm-team/ros2_ws/build/four_team_ex_stuck/prefix_override:/home/swarm-team/ros2_ws/install/four_team_ex_stuck/lib/python3.8/site-packages:${PYTHONPATH} /usr/bin/python3 setup.py develop --editable --build-directory /home/swarm-team/ros2_ws/build/four_team_ex_stuck/build --no-deps install_data
