[1.907s] Invoking command in '/home/swarm-team/ros2_ws/build/one_team_ex_stuck': PYTHONPATH=/home/swarm-team/ros2_ws/build/one_team_ex_stuck/prefix_override:/home/swarm-team/ros2_ws/install/one_team_ex_stuck/lib/python3.8/site-packages:${PYTHONPATH} /usr/bin/python3 setup.py develop --editable --build-directory /home/swarm-team/ros2_ws/build/one_team_ex_stuck/build --no-deps install_data
[2.098s] running develop
[2.197s] running egg_info
[2.197s] creating one_team_ex_stuck.egg-info
[2.198s] writing one_team_ex_stuck.egg-info/PKG-INFO
[2.198s] writing dependency_links to one_team_ex_stuck.egg-info/dependency_links.txt
[2.198s] writing entry points to one_team_ex_stuck.egg-info/entry_points.txt
[2.198s] writing requirements to one_team_ex_stuck.egg-info/requires.txt
[2.198s] writing top-level names to one_team_ex_stuck.egg-info/top_level.txt
[2.198s] writing manifest file 'one_team_ex_stuck.egg-info/SOURCES.txt'
[2.215s] reading manifest file 'one_team_ex_stuck.egg-info/SOURCES.txt'
[2.215s] writing manifest file 'one_team_ex_stuck.egg-info/SOURCES.txt'
[2.233s] running build_ext
[2.233s] Creating /home/swarm-team/ros2_ws/install/one_team_ex_stuck/lib/python3.8/site-packages/site.py
[2.234s] Creating /home/swarm-team/ros2_ws/install/one_team_ex_stuck/lib/python3.8/site-packages/one-team-ex-stuck.egg-link (link to .)
[2.235s] Installing ex_communication_000 script to /home/swarm-team/ros2_ws/install/one_team_ex_stuck/lib/one_team_ex_stuck
[2.235s] Installing ex_communication_001 script to /home/swarm-team/ros2_ws/install/one_team_ex_stuck/lib/one_team_ex_stuck
[2.235s] Installing ex_communication_003 script to /home/swarm-team/ros2_ws/install/one_team_ex_stuck/lib/one_team_ex_stuck
[2.235s] Installing ex_communication_test script to /home/swarm-team/ros2_ws/install/one_team_ex_stuck/lib/one_team_ex_stuck
[2.235s] Installing ex_controller_000 script to /home/swarm-team/ros2_ws/install/one_team_ex_stuck/lib/one_team_ex_stuck
[2.235s] Installing ex_controller_001 script to /home/swarm-team/ros2_ws/install/one_team_ex_stuck/lib/one_team_ex_stuck
[2.235s] Installing ex_controller_003 script to /home/swarm-team/ros2_ws/install/one_team_ex_stuck/lib/one_team_ex_stuck
[2.235s] Installing ex_controller_test script to /home/swarm-team/ros2_ws/install/one_team_ex_stuck/lib/one_team_ex_stuck
[2.235s] 
[2.235s] Installed /home/swarm-team/ros2_ws/build/one_team_ex_stuck
[2.235s] running install_data
[2.235s] creating /home/swarm-team/ros2_ws/install/one_team_ex_stuck/share/ament_index
[2.235s] creating /home/swarm-team/ros2_ws/install/one_team_ex_stuck/share/ament_index/resource_index
[2.235s] creating /home/swarm-team/ros2_ws/install/one_team_ex_stuck/share/ament_index/resource_index/packages
[2.236s] copying resource/one_team_ex_stuck -> /home/swarm-team/ros2_ws/install/one_team_ex_stuck/share/ament_index/resource_index/packages
[2.236s] copying package.xml -> /home/swarm-team/ros2_ws/install/one_team_ex_stuck/share/one_team_ex_stuck
[2.253s] Invoked command in '/home/swarm-team/ros2_ws/build/one_team_ex_stuck' returned '0': PYTHONPATH=/home/swarm-team/ros2_ws/build/one_team_ex_stuck/prefix_override:/home/swarm-team/ros2_ws/install/one_team_ex_stuck/lib/python3.8/site-packages:${PYTHONPATH} /usr/bin/python3 setup.py develop --editable --build-directory /home/swarm-team/ros2_ws/build/one_team_ex_stuck/build --no-deps install_data
