[2.926s] Invoking command in '/home/swarm-team/ros2_ws/build/single_ex_sim_pkg': PYTHONPATH=/home/swarm-team/ros2_ws/build/single_ex_sim_pkg/prefix_override:/home/swarm-team/ros2_ws/install/single_ex_sim_pkg/lib/python3.8/site-packages:${PYTHONPATH} /usr/bin/python3 setup.py develop --editable --build-directory /home/swarm-team/ros2_ws/build/single_ex_sim_pkg/build --no-deps install_data
[3.408s] running develop
[3.483s] running egg_info
[3.483s] writing single_ex_sim_pkg.egg-info/PKG-INFO
[3.483s] writing dependency_links to single_ex_sim_pkg.egg-info/dependency_links.txt
[3.483s] writing entry points to single_ex_sim_pkg.egg-info/entry_points.txt
[3.483s] writing requirements to single_ex_sim_pkg.egg-info/requires.txt
[3.483s] writing top-level names to single_ex_sim_pkg.egg-info/top_level.txt
[3.501s] reading manifest file 'single_ex_sim_pkg.egg-info/SOURCES.txt'
[3.501s] writing manifest file 'single_ex_sim_pkg.egg-info/SOURCES.txt'
[3.519s] running build_ext
[3.521s] Creating /home/swarm-team/ros2_ws/install/single_ex_sim_pkg/lib/python3.8/site-packages/single-ex-sim-pkg.egg-link (link to .)
[3.521s] Installing ex_communication_000 script to /home/swarm-team/ros2_ws/install/single_ex_sim_pkg/lib/single_ex_sim_pkg
[3.521s] Installing ex_communication_001 script to /home/swarm-team/ros2_ws/install/single_ex_sim_pkg/lib/single_ex_sim_pkg
[3.521s] Installing ex_controller_000 script to /home/swarm-team/ros2_ws/install/single_ex_sim_pkg/lib/single_ex_sim_pkg
[3.521s] Installing ex_controller_001 script to /home/swarm-team/ros2_ws/install/single_ex_sim_pkg/lib/single_ex_sim_pkg
[3.521s] 
[3.521s] Installed /home/swarm-team/ros2_ws/build/single_ex_sim_pkg
[3.521s] running install_data
[3.542s] Invoked command in '/home/swarm-team/ros2_ws/build/single_ex_sim_pkg' returned '0': PYTHONPATH=/home/swarm-team/ros2_ws/build/single_ex_sim_pkg/prefix_override:/home/swarm-team/ros2_ws/install/single_ex_sim_pkg/lib/python3.8/site-packages:${PYTHONPATH} /usr/bin/python3 setup.py develop --editable --build-directory /home/swarm-team/ros2_ws/build/single_ex_sim_pkg/build --no-deps install_data
