[1.992s] Invoking command in '/home/swarm-team/ros2_ws/build/three_team_du_stuck': PYTHONPATH=/home/swarm-team/ros2_ws/build/three_team_du_stuck/prefix_override:/home/swarm-team/ros2_ws/install/three_team_du_stuck/lib/python3.8/site-packages:${PYTHONPATH} /usr/bin/python3 setup.py develop --editable --build-directory /home/swarm-team/ros2_ws/build/three_team_du_stuck/build --no-deps install_data
[2.184s] running develop
[2.266s] running egg_info
[2.267s] creating three_team_du_stuck.egg-info
[2.267s] writing three_team_du_stuck.egg-info/PKG-INFO
[2.270s] writing dependency_links to three_team_du_stuck.egg-info/dependency_links.txt
[2.270s] writing entry points to three_team_du_stuck.egg-info/entry_points.txt
[2.270s] writing requirements to three_team_du_stuck.egg-info/requires.txt
[2.270s] writing top-level names to three_team_du_stuck.egg-info/top_level.txt
[2.270s] writing manifest file 'three_team_du_stuck.egg-info/SOURCES.txt'
[2.284s] reading manifest file 'three_team_du_stuck.egg-info/SOURCES.txt'
[2.285s] writing manifest file 'three_team_du_stuck.egg-info/SOURCES.txt'
[2.303s] running build_ext
[2.303s] Creating /home/swarm-team/ros2_ws/install/three_team_du_stuck/lib/python3.8/site-packages/site.py
[2.304s] Creating /home/swarm-team/ros2_ws/install/three_team_du_stuck/lib/python3.8/site-packages/three-team-du-stuck.egg-link (link to .)
[2.305s] Installing du_communication_010 script to /home/swarm-team/ros2_ws/install/three_team_du_stuck/lib/three_team_du_stuck
[2.305s] Installing du_communication_011 script to /home/swarm-team/ros2_ws/install/three_team_du_stuck/lib/three_team_du_stuck
[2.305s] Installing du_communication_012 script to /home/swarm-team/ros2_ws/install/three_team_du_stuck/lib/three_team_du_stuck
[2.305s] Installing du_communication_013 script to /home/swarm-team/ros2_ws/install/three_team_du_stuck/lib/three_team_du_stuck
[2.305s] Installing du_communication_014 script to /home/swarm-team/ros2_ws/install/three_team_du_stuck/lib/three_team_du_stuck
[2.305s] Installing du_communication_015 script to /home/swarm-team/ros2_ws/install/three_team_du_stuck/lib/three_team_du_stuck
[2.305s] Installing du_communication_016 script to /home/swarm-team/ros2_ws/install/three_team_du_stuck/lib/three_team_du_stuck
[2.305s] Installing du_communication_017 script to /home/swarm-team/ros2_ws/install/three_team_du_stuck/lib/three_team_du_stuck
[2.305s] Installing du_communication_018 script to /home/swarm-team/ros2_ws/install/three_team_du_stuck/lib/three_team_du_stuck
[2.305s] Installing du_communication_019 script to /home/swarm-team/ros2_ws/install/three_team_du_stuck/lib/three_team_du_stuck
[2.305s] Installing du_communication_020 script to /home/swarm-team/ros2_ws/install/three_team_du_stuck/lib/three_team_du_stuck
[2.305s] Installing du_communication_080 script to /home/swarm-team/ros2_ws/install/three_team_du_stuck/lib/three_team_du_stuck
[2.305s] Installing du_controller_010 script to /home/swarm-team/ros2_ws/install/three_team_du_stuck/lib/three_team_du_stuck
[2.305s] Installing du_controller_011 script to /home/swarm-team/ros2_ws/install/three_team_du_stuck/lib/three_team_du_stuck
[2.305s] Installing du_controller_012 script to /home/swarm-team/ros2_ws/install/three_team_du_stuck/lib/three_team_du_stuck
[2.306s] Installing du_controller_013 script to /home/swarm-team/ros2_ws/install/three_team_du_stuck/lib/three_team_du_stuck
[2.306s] Installing du_controller_014 script to /home/swarm-team/ros2_ws/install/three_team_du_stuck/lib/three_team_du_stuck
[2.306s] Installing du_controller_015 script to /home/swarm-team/ros2_ws/install/three_team_du_stuck/lib/three_team_du_stuck
[2.306s] Installing du_controller_016 script to /home/swarm-team/ros2_ws/install/three_team_du_stuck/lib/three_team_du_stuck
[2.306s] Installing du_controller_017 script to /home/swarm-team/ros2_ws/install/three_team_du_stuck/lib/three_team_du_stuck
[2.306s] Installing du_controller_018 script to /home/swarm-team/ros2_ws/install/three_team_du_stuck/lib/three_team_du_stuck
[2.306s] Installing du_controller_019 script to /home/swarm-team/ros2_ws/install/three_team_du_stuck/lib/three_team_du_stuck
[2.306s] Installing du_controller_020 script to /home/swarm-team/ros2_ws/install/three_team_du_stuck/lib/three_team_du_stuck
[2.306s] Installing du_controller_080 script to /home/swarm-team/ros2_ws/install/three_team_du_stuck/lib/three_team_du_stuck
[2.306s] 
[2.306s] Installed /home/swarm-team/ros2_ws/build/three_team_du_stuck
[2.306s] running install_data
[2.306s] creating /home/swarm-team/ros2_ws/install/three_team_du_stuck/share/ament_index
[2.306s] creating /home/swarm-team/ros2_ws/install/three_team_du_stuck/share/ament_index/resource_index
[2.306s] creating /home/swarm-team/ros2_ws/install/three_team_du_stuck/share/ament_index/resource_index/packages
[2.306s] copying resource/three_team_du_stuck -> /home/swarm-team/ros2_ws/install/three_team_du_stuck/share/ament_index/resource_index/packages
[2.306s] copying package.xml -> /home/swarm-team/ros2_ws/install/three_team_du_stuck/share/three_team_du_stuck
[2.306s] copying launch/du.launch.py -> /home/swarm-team/ros2_ws/install/three_team_du_stuck/share/three_team_du_stuck
[2.332s] Invoked command in '/home/swarm-team/ros2_ws/build/three_team_du_stuck' returned '0': PYTHONPATH=/home/swarm-team/ros2_ws/build/three_team_du_stuck/prefix_override:/home/swarm-team/ros2_ws/install/three_team_du_stuck/lib/python3.8/site-packages:${PYTHONPATH} /usr/bin/python3 setup.py develop --editable --build-directory /home/swarm-team/ros2_ws/build/three_team_du_stuck/build --no-deps install_data
