[2.454s] Invoking command in '/home/swarm-team/ros2_ws/build/six_team_ex_stuck': PYTHONPATH=/home/swarm-team/ros2_ws/build/six_team_ex_stuck/prefix_override:/home/swarm-team/ros2_ws/install/six_team_ex_stuck/lib/python3.8/site-packages:${PYTHONPATH} /usr/bin/python3 setup.py develop --uninstall --editable --build-directory /home/swarm-team/ros2_ws/build/six_team_ex_stuck/build
[2.627s] running develop
[2.701s] Removing /home/swarm-team/ros2_ws/install/six_team_ex_stuck/lib/python3.8/site-packages/six-team-ex-stuck.egg-link (link to .)
[2.715s] Invoked command in '/home/swarm-team/ros2_ws/build/six_team_ex_stuck' returned '0': PYTHONPATH=/home/swarm-team/ros2_ws/build/six_team_ex_stuck/prefix_override:/home/swarm-team/ros2_ws/install/six_team_ex_stuck/lib/python3.8/site-packages:${PYTHONPATH} /usr/bin/python3 setup.py develop --uninstall --editable --build-directory /home/swarm-team/ros2_ws/build/six_team_ex_stuck/build
[2.716s] Invoking command in '/home/swarm-team/ros2_ws/src/six_team_ex_stuck': PYTHONPATH=/home/swarm-team/ros2_ws/build/six_team_ex_stuck/prefix_override:/home/swarm-team/ros2_ws/install/six_team_ex_stuck/lib/python3.8/site-packages:${PYTHONPATH} /usr/bin/python3 setup.py egg_info --egg-base ../../build/six_team_ex_stuck build --build-base /home/swarm-team/ros2_ws/build/six_team_ex_stuck/build install --record /home/swarm-team/ros2_ws/build/six_team_ex_stuck/install.log --install-scripts $base/lib/six_team_ex_stuck --single-version-externally-managed
[2.953s] running egg_info
[2.953s] writing ../../build/six_team_ex_stuck/six_team_ex_stuck.egg-info/PKG-INFO
[2.954s] writing dependency_links to ../../build/six_team_ex_stuck/six_team_ex_stuck.egg-info/dependency_links.txt
[2.954s] writing entry points to ../../build/six_team_ex_stuck/six_team_ex_stuck.egg-info/entry_points.txt
[2.954s] writing requirements to ../../build/six_team_ex_stuck/six_team_ex_stuck.egg-info/requires.txt
[2.954s] writing top-level names to ../../build/six_team_ex_stuck/six_team_ex_stuck.egg-info/top_level.txt
[2.990s] reading manifest file '../../build/six_team_ex_stuck/six_team_ex_stuck.egg-info/SOURCES.txt'
[2.991s] writing manifest file '../../build/six_team_ex_stuck/six_team_ex_stuck.egg-info/SOURCES.txt'
[2.991s] running build
[2.991s] running build_py
[2.991s] creating /home/swarm-team/ros2_ws/build/six_team_ex_stuck/build
[2.991s] creating /home/swarm-team/ros2_ws/build/six_team_ex_stuck/build/lib
[2.991s] creating /home/swarm-team/ros2_ws/build/six_team_ex_stuck/build/lib/six_team_ex_stuck
[2.991s] copying six_team_ex_stuck/ex_communication_011_src.py -> /home/swarm-team/ros2_ws/build/six_team_ex_stuck/build/lib/six_team_ex_stuck
[2.991s] copying six_team_ex_stuck/ex_communication_016_src.py -> /home/swarm-team/ros2_ws/build/six_team_ex_stuck/build/lib/six_team_ex_stuck
[2.991s] copying six_team_ex_stuck/ex_communication_014_src.py -> /home/swarm-team/ros2_ws/build/six_team_ex_stuck/build/lib/six_team_ex_stuck
[2.991s] copying six_team_ex_stuck/ex_communication_013_src.py -> /home/swarm-team/ros2_ws/build/six_team_ex_stuck/build/lib/six_team_ex_stuck
[2.994s] copying six_team_ex_stuck/ex_controller_010_src.py -> /home/swarm-team/ros2_ws/build/six_team_ex_stuck/build/lib/six_team_ex_stuck
[2.994s] copying six_team_ex_stuck/ex_controller_014_src.py -> /home/swarm-team/ros2_ws/build/six_team_ex_stuck/build/lib/six_team_ex_stuck
[2.994s] copying six_team_ex_stuck/ex_controller_016_src.py -> /home/swarm-team/ros2_ws/build/six_team_ex_stuck/build/lib/six_team_ex_stuck
[2.994s] copying six_team_ex_stuck/ex_controller_017_src.py -> /home/swarm-team/ros2_ws/build/six_team_ex_stuck/build/lib/six_team_ex_stuck
[2.994s] copying six_team_ex_stuck/ex_communication_010_src.py -> /home/swarm-team/ros2_ws/build/six_team_ex_stuck/build/lib/six_team_ex_stuck
[2.994s] copying six_team_ex_stuck/ex_communication_src.py -> /home/swarm-team/ros2_ws/build/six_team_ex_stuck/build/lib/six_team_ex_stuck
[2.994s] copying six_team_ex_stuck/ex_controller_src.py -> /home/swarm-team/ros2_ws/build/six_team_ex_stuck/build/lib/six_team_ex_stuck
[2.995s] copying six_team_ex_stuck/__init__.py -> /home/swarm-team/ros2_ws/build/six_team_ex_stuck/build/lib/six_team_ex_stuck
[3.000s] copying six_team_ex_stuck/ex_controller_011_src.py -> /home/swarm-team/ros2_ws/build/six_team_ex_stuck/build/lib/six_team_ex_stuck
[3.001s] copying six_team_ex_stuck/ex_controller_013_src.py -> /home/swarm-team/ros2_ws/build/six_team_ex_stuck/build/lib/six_team_ex_stuck
[3.002s] copying six_team_ex_stuck/ex_communication_015_src.py -> /home/swarm-team/ros2_ws/build/six_team_ex_stuck/build/lib/six_team_ex_stuck
[3.002s] copying six_team_ex_stuck/ex_controller_015_src.py -> /home/swarm-team/ros2_ws/build/six_team_ex_stuck/build/lib/six_team_ex_stuck
[3.002s] copying six_team_ex_stuck/ex_communication_017_src.py -> /home/swarm-team/ros2_ws/build/six_team_ex_stuck/build/lib/six_team_ex_stuck
[3.002s] running install
[3.002s] running install_lib
[3.005s] creating /home/swarm-team/ros2_ws/install/six_team_ex_stuck/lib/python3.8/site-packages/six_team_ex_stuck
[3.005s] copying /home/swarm-team/ros2_ws/build/six_team_ex_stuck/build/lib/six_team_ex_stuck/ex_communication_011_src.py -> /home/swarm-team/ros2_ws/install/six_team_ex_stuck/lib/python3.8/site-packages/six_team_ex_stuck
[3.005s] copying /home/swarm-team/ros2_ws/build/six_team_ex_stuck/build/lib/six_team_ex_stuck/ex_communication_016_src.py -> /home/swarm-team/ros2_ws/install/six_team_ex_stuck/lib/python3.8/site-packages/six_team_ex_stuck
[3.005s] copying /home/swarm-team/ros2_ws/build/six_team_ex_stuck/build/lib/six_team_ex_stuck/ex_communication_014_src.py -> /home/swarm-team/ros2_ws/install/six_team_ex_stuck/lib/python3.8/site-packages/six_team_ex_stuck
[3.005s] copying /home/swarm-team/ros2_ws/build/six_team_ex_stuck/build/lib/six_team_ex_stuck/ex_communication_013_src.py -> /home/swarm-team/ros2_ws/install/six_team_ex_stuck/lib/python3.8/site-packages/six_team_ex_stuck
[3.005s] copying /home/swarm-team/ros2_ws/build/six_team_ex_stuck/build/lib/six_team_ex_stuck/ex_controller_010_src.py -> /home/swarm-team/ros2_ws/install/six_team_ex_stuck/lib/python3.8/site-packages/six_team_ex_stuck
[3.006s] copying /home/swarm-team/ros2_ws/build/six_team_ex_stuck/build/lib/six_team_ex_stuck/ex_controller_014_src.py -> /home/swarm-team/ros2_ws/install/six_team_ex_stuck/lib/python3.8/site-packages/six_team_ex_stuck
[3.006s] copying /home/swarm-team/ros2_ws/build/six_team_ex_stuck/build/lib/six_team_ex_stuck/ex_controller_016_src.py -> /home/swarm-team/ros2_ws/install/six_team_ex_stuck/lib/python3.8/site-packages/six_team_ex_stuck
[3.006s] copying /home/swarm-team/ros2_ws/build/six_team_ex_stuck/build/lib/six_team_ex_stuck/ex_controller_017_src.py -> /home/swarm-team/ros2_ws/install/six_team_ex_stuck/lib/python3.8/site-packages/six_team_ex_stuck
[3.006s] copying /home/swarm-team/ros2_ws/build/six_team_ex_stuck/build/lib/six_team_ex_stuck/ex_communication_010_src.py -> /home/swarm-team/ros2_ws/install/six_team_ex_stuck/lib/python3.8/site-packages/six_team_ex_stuck
[3.006s] copying /home/swarm-team/ros2_ws/build/six_team_ex_stuck/build/lib/six_team_ex_stuck/ex_communication_src.py -> /home/swarm-team/ros2_ws/install/six_team_ex_stuck/lib/python3.8/site-packages/six_team_ex_stuck
[3.006s] copying /home/swarm-team/ros2_ws/build/six_team_ex_stuck/build/lib/six_team_ex_stuck/ex_controller_src.py -> /home/swarm-team/ros2_ws/install/six_team_ex_stuck/lib/python3.8/site-packages/six_team_ex_stuck
[3.006s] copying /home/swarm-team/ros2_ws/build/six_team_ex_stuck/build/lib/six_team_ex_stuck/__init__.py -> /home/swarm-team/ros2_ws/install/six_team_ex_stuck/lib/python3.8/site-packages/six_team_ex_stuck
[3.006s] copying /home/swarm-team/ros2_ws/build/six_team_ex_stuck/build/lib/six_team_ex_stuck/ex_controller_011_src.py -> /home/swarm-team/ros2_ws/install/six_team_ex_stuck/lib/python3.8/site-packages/six_team_ex_stuck
[3.006s] copying /home/swarm-team/ros2_ws/build/six_team_ex_stuck/build/lib/six_team_ex_stuck/ex_controller_013_src.py -> /home/swarm-team/ros2_ws/install/six_team_ex_stuck/lib/python3.8/site-packages/six_team_ex_stuck
[3.006s] copying /home/swarm-team/ros2_ws/build/six_team_ex_stuck/build/lib/six_team_ex_stuck/ex_communication_015_src.py -> /home/swarm-team/ros2_ws/install/six_team_ex_stuck/lib/python3.8/site-packages/six_team_ex_stuck
[3.006s] copying /home/swarm-team/ros2_ws/build/six_team_ex_stuck/build/lib/six_team_ex_stuck/ex_controller_015_src.py -> /home/swarm-team/ros2_ws/install/six_team_ex_stuck/lib/python3.8/site-packages/six_team_ex_stuck
[3.006s] copying /home/swarm-team/ros2_ws/build/six_team_ex_stuck/build/lib/six_team_ex_stuck/ex_communication_017_src.py -> /home/swarm-team/ros2_ws/install/six_team_ex_stuck/lib/python3.8/site-packages/six_team_ex_stuck
[3.006s] byte-compiling /home/swarm-team/ros2_ws/install/six_team_ex_stuck/lib/python3.8/site-packages/six_team_ex_stuck/ex_communication_011_src.py to ex_communication_011_src.cpython-38.pyc
[3.006s] byte-compiling /home/swarm-team/ros2_ws/install/six_team_ex_stuck/lib/python3.8/site-packages/six_team_ex_stuck/ex_communication_016_src.py to ex_communication_016_src.cpython-38.pyc
[3.006s] byte-compiling /home/swarm-team/ros2_ws/install/six_team_ex_stuck/lib/python3.8/site-packages/six_team_ex_stuck/ex_communication_014_src.py to ex_communication_014_src.cpython-38.pyc
[3.006s] byte-compiling /home/swarm-team/ros2_ws/install/six_team_ex_stuck/lib/python3.8/site-packages/six_team_ex_stuck/ex_communication_013_src.py to ex_communication_013_src.cpython-38.pyc
[3.007s] byte-compiling /home/swarm-team/ros2_ws/install/six_team_ex_stuck/lib/python3.8/site-packages/six_team_ex_stuck/ex_controller_010_src.py to ex_controller_010_src.cpython-38.pyc
[3.008s] byte-compiling /home/swarm-team/ros2_ws/install/six_team_ex_stuck/lib/python3.8/site-packages/six_team_ex_stuck/ex_controller_014_src.py to ex_controller_014_src.cpython-38.pyc
[3.012s] byte-compiling /home/swarm-team/ros2_ws/install/six_team_ex_stuck/lib/python3.8/site-packages/six_team_ex_stuck/ex_controller_016_src.py to ex_controller_016_src.cpython-38.pyc
[3.012s] byte-compiling /home/swarm-team/ros2_ws/install/six_team_ex_stuck/lib/python3.8/site-packages/six_team_ex_stuck/ex_controller_017_src.py to ex_controller_017_src.cpython-38.pyc
[3.012s] byte-compiling /home/swarm-team/ros2_ws/install/six_team_ex_stuck/lib/python3.8/site-packages/six_team_ex_stuck/ex_communication_010_src.py to ex_communication_010_src.cpython-38.pyc
[3.012s] byte-compiling /home/swarm-team/ros2_ws/install/six_team_ex_stuck/lib/python3.8/site-packages/six_team_ex_stuck/ex_communication_src.py to ex_communication_src.cpython-38.pyc
[3.013s] byte-compiling /home/swarm-team/ros2_ws/install/six_team_ex_stuck/lib/python3.8/site-packages/six_team_ex_stuck/ex_controller_src.py to ex_controller_src.cpython-38.pyc
[3.013s] byte-compiling /home/swarm-team/ros2_ws/install/six_team_ex_stuck/lib/python3.8/site-packages/six_team_ex_stuck/__init__.py to __init__.cpython-38.pyc
[3.013s] byte-compiling /home/swarm-team/ros2_ws/install/six_team_ex_stuck/lib/python3.8/site-packages/six_team_ex_stuck/ex_controller_011_src.py to ex_controller_011_src.cpython-38.pyc
[3.014s] byte-compiling /home/swarm-team/ros2_ws/install/six_team_ex_stuck/lib/python3.8/site-packages/six_team_ex_stuck/ex_controller_013_src.py to ex_controller_013_src.cpython-38.pyc
[3.014s] byte-compiling /home/swarm-team/ros2_ws/install/six_team_ex_stuck/lib/python3.8/site-packages/six_team_ex_stuck/ex_communication_015_src.py to ex_communication_015_src.cpython-38.pyc
[3.014s] byte-compiling /home/swarm-team/ros2_ws/install/six_team_ex_stuck/lib/python3.8/site-packages/six_team_ex_stuck/ex_controller_015_src.py to ex_controller_015_src.cpython-38.pyc
[3.018s] byte-compiling /home/swarm-team/ros2_ws/install/six_team_ex_stuck/lib/python3.8/site-packages/six_team_ex_stuck/ex_communication_017_src.py to ex_communication_017_src.cpython-38.pyc
[3.019s] running install_data
[3.021s] running install_egg_info
[3.022s] Copying ../../build/six_team_ex_stuck/six_team_ex_stuck.egg-info to /home/swarm-team/ros2_ws/install/six_team_ex_stuck/lib/python3.8/site-packages/six_team_ex_stuck-0.0.0-py3.8.egg-info
[3.022s] running install_scripts
[3.036s] Installing ex_communication_000 script to /home/swarm-team/ros2_ws/install/six_team_ex_stuck/lib/six_team_ex_stuck
[3.036s] Installing ex_communication_001 script to /home/swarm-team/ros2_ws/install/six_team_ex_stuck/lib/six_team_ex_stuck
[3.036s] Installing ex_communication_003 script to /home/swarm-team/ros2_ws/install/six_team_ex_stuck/lib/six_team_ex_stuck
[3.036s] Installing ex_communication_004 script to /home/swarm-team/ros2_ws/install/six_team_ex_stuck/lib/six_team_ex_stuck
[3.036s] Installing ex_communication_005 script to /home/swarm-team/ros2_ws/install/six_team_ex_stuck/lib/six_team_ex_stuck
[3.036s] Installing ex_communication_006 script to /home/swarm-team/ros2_ws/install/six_team_ex_stuck/lib/six_team_ex_stuck
[3.036s] Installing ex_communication_007 script to /home/swarm-team/ros2_ws/install/six_team_ex_stuck/lib/six_team_ex_stuck
[3.037s] Installing ex_communication_test script to /home/swarm-team/ros2_ws/install/six_team_ex_stuck/lib/six_team_ex_stuck
[3.037s] Installing ex_controller_000 script to /home/swarm-team/ros2_ws/install/six_team_ex_stuck/lib/six_team_ex_stuck
[3.037s] Installing ex_controller_001 script to /home/swarm-team/ros2_ws/install/six_team_ex_stuck/lib/six_team_ex_stuck
[3.037s] Installing ex_controller_003 script to /home/swarm-team/ros2_ws/install/six_team_ex_stuck/lib/six_team_ex_stuck
[3.037s] Installing ex_controller_004 script to /home/swarm-team/ros2_ws/install/six_team_ex_stuck/lib/six_team_ex_stuck
[3.037s] Installing ex_controller_005 script to /home/swarm-team/ros2_ws/install/six_team_ex_stuck/lib/six_team_ex_stuck
[3.037s] Installing ex_controller_006 script to /home/swarm-team/ros2_ws/install/six_team_ex_stuck/lib/six_team_ex_stuck
[3.037s] Installing ex_controller_007 script to /home/swarm-team/ros2_ws/install/six_team_ex_stuck/lib/six_team_ex_stuck
[3.037s] Installing ex_controller_test script to /home/swarm-team/ros2_ws/install/six_team_ex_stuck/lib/six_team_ex_stuck
[3.038s] writing list of installed files to '/home/swarm-team/ros2_ws/build/six_team_ex_stuck/install.log'
[3.060s] Invoked command in '/home/swarm-team/ros2_ws/src/six_team_ex_stuck' returned '0': PYTHONPATH=/home/swarm-team/ros2_ws/build/six_team_ex_stuck/prefix_override:/home/swarm-team/ros2_ws/install/six_team_ex_stuck/lib/python3.8/site-packages:${PYTHONPATH} /usr/bin/python3 setup.py egg_info --egg-base ../../build/six_team_ex_stuck build --build-base /home/swarm-team/ros2_ws/build/six_team_ex_stuck/build install --record /home/swarm-team/ros2_ws/build/six_team_ex_stuck/install.log --install-scripts $base/lib/six_team_ex_stuck --single-version-externally-managed
