[2.219s] Invoking command in '/home/swarm-team/ros2_ws/build/single_ex_sim_pkg': PYTHONPATH=/home/swarm-team/ros2_ws/build/single_ex_sim_pkg/prefix_override:/home/swarm-team/ros2_ws/install/single_ex_sim_pkg/lib/python3.8/site-packages:${PYTHONPATH} /usr/bin/python3 setup.py develop --editable --build-directory /home/swarm-team/ros2_ws/build/single_ex_sim_pkg/build --no-deps install_data
[2.379s] running develop
[2.455s] running egg_info
[2.455s] writing single_ex_sim_pkg.egg-info/PKG-INFO
[2.455s] writing dependency_links to single_ex_sim_pkg.egg-info/dependency_links.txt
[2.455s] writing entry points to single_ex_sim_pkg.egg-info/entry_points.txt
[2.455s] writing requirements to single_ex_sim_pkg.egg-info/requires.txt
[2.455s] writing top-level names to single_ex_sim_pkg.egg-info/top_level.txt
[2.474s] reading manifest file 'single_ex_sim_pkg.egg-info/SOURCES.txt'
[2.474s] writing manifest file 'single_ex_sim_pkg.egg-info/SOURCES.txt'
[2.496s] running build_ext
[2.496s] Creating /home/swarm-team/ros2_ws/install/single_ex_sim_pkg/lib/python3.8/site-packages/single-ex-sim-pkg.egg-link (link to .)
[2.496s] Installing ex_communication_000 script to /home/swarm-team/ros2_ws/install/single_ex_sim_pkg/lib/single_ex_sim_pkg
[2.496s] Installing ex_communication_001 script to /home/swarm-team/ros2_ws/install/single_ex_sim_pkg/lib/single_ex_sim_pkg
[2.496s] Installing ex_controller_000 script to /home/swarm-team/ros2_ws/install/single_ex_sim_pkg/lib/single_ex_sim_pkg
[2.497s] Installing ex_controller_001 script to /home/swarm-team/ros2_ws/install/single_ex_sim_pkg/lib/single_ex_sim_pkg
[2.497s] 
[2.497s] Installed /home/swarm-team/ros2_ws/build/single_ex_sim_pkg
[2.497s] running install_data
[2.537s] Invoked command in '/home/swarm-team/ros2_ws/build/single_ex_sim_pkg' returned '0': PYTHONPATH=/home/swarm-team/ros2_ws/build/single_ex_sim_pkg/prefix_override:/home/swarm-team/ros2_ws/install/single_ex_sim_pkg/lib/python3.8/site-packages:${PYTHONPATH} /usr/bin/python3 setup.py develop --editable --build-directory /home/swarm-team/ros2_ws/build/single_ex_sim_pkg/build --no-deps install_data
