running develop
running egg_info
writing one_team_ex_base_master.egg-info/PKG-INFO
writing dependency_links to one_team_ex_base_master.egg-info/dependency_links.txt
writing entry points to one_team_ex_base_master.egg-info/entry_points.txt
writing requirements to one_team_ex_base_master.egg-info/requires.txt
writing top-level names to one_team_ex_base_master.egg-info/top_level.txt
reading manifest file 'one_team_ex_base_master.egg-info/SOURCES.txt'
writing manifest file 'one_team_ex_base_master.egg-info/SOURCES.txt'
running build_ext
Creating /home/swarm-team/ros2_ws/install/one_team_ex_base_master/lib/python3.8/site-packages/one-team-ex-base-master.egg-link (link to .)
Installing ex_communication_000 script to /home/swarm-team/ros2_ws/install/one_team_ex_base_master/lib/one_team_ex_base_master
Installing ex_communication_001 script to /home/swarm-team/ros2_ws/install/one_team_ex_base_master/lib/one_team_ex_base_master
Installing ex_communication_003 script to /home/swarm-team/ros2_ws/install/one_team_ex_base_master/lib/one_team_ex_base_master
Installing ex_communication_test script to /home/swarm-team/ros2_ws/install/one_team_ex_base_master/lib/one_team_ex_base_master
Installing ex_controller_000 script to /home/swarm-team/ros2_ws/install/one_team_ex_base_master/lib/one_team_ex_base_master
Installing ex_controller_001 script to /home/swarm-team/ros2_ws/install/one_team_ex_base_master/lib/one_team_ex_base_master
Installing ex_controller_003 script to /home/swarm-team/ros2_ws/install/one_team_ex_base_master/lib/one_team_ex_base_master
Installing ex_controller_test script to /home/swarm-team/ros2_ws/install/one_team_ex_base_master/lib/one_team_ex_base_master

Installed /home/swarm-team/ros2_ws/build/one_team_ex_base_master
running install_data
copying package.xml -> /home/swarm-team/ros2_ws/install/one_team_ex_base_master/share/one_team_ex_base_master
