[2.632s] Invoking command in '/home/swarm-team/ros2_ws/build/two_team_ex_stuck': PYTHONPATH=/home/swarm-team/ros2_ws/build/two_team_ex_stuck/prefix_override:/home/swarm-team/ros2_ws/install/two_team_ex_stuck/lib/python3.8/site-packages:${PYTHONPATH} /usr/bin/python3 setup.py develop --uninstall --editable --build-directory /home/swarm-team/ros2_ws/build/two_team_ex_stuck/build
[2.892s] running develop
[3.028s] Invoked command in '/home/swarm-team/ros2_ws/build/two_team_ex_stuck' returned '0': PYTHONPATH=/home/swarm-team/ros2_ws/build/two_team_ex_stuck/prefix_override:/home/swarm-team/ros2_ws/install/two_team_ex_stuck/lib/python3.8/site-packages:${PYTHONPATH} /usr/bin/python3 setup.py develop --uninstall --editable --build-directory /home/swarm-team/ros2_ws/build/two_team_ex_stuck/build
[3.029s] Invoking command in '/home/swarm-team/ros2_ws/src/two_team_ex_stuck': PYTHONPATH=/home/swarm-team/ros2_ws/build/two_team_ex_stuck/prefix_override:/home/swarm-team/ros2_ws/install/two_team_ex_stuck/lib/python3.8/site-packages:${PYTHONPATH} /usr/bin/python3 setup.py egg_info --egg-base ../../build/two_team_ex_stuck build --build-base /home/swarm-team/ros2_ws/build/two_team_ex_stuck/build install --record /home/swarm-team/ros2_ws/build/two_team_ex_stuck/install.log --install-scripts $base/lib/two_team_ex_stuck --single-version-externally-managed
[3.199s] running egg_info
[3.199s] writing ../../build/two_team_ex_stuck/two_team_ex_stuck.egg-info/PKG-INFO
[3.199s] writing dependency_links to ../../build/two_team_ex_stuck/two_team_ex_stuck.egg-info/dependency_links.txt
[3.199s] writing entry points to ../../build/two_team_ex_stuck/two_team_ex_stuck.egg-info/entry_points.txt
[3.199s] writing requirements to ../../build/two_team_ex_stuck/two_team_ex_stuck.egg-info/requires.txt
[3.199s] writing top-level names to ../../build/two_team_ex_stuck/two_team_ex_stuck.egg-info/top_level.txt
[3.218s] reading manifest file '../../build/two_team_ex_stuck/two_team_ex_stuck.egg-info/SOURCES.txt'
[3.219s] writing manifest file '../../build/two_team_ex_stuck/two_team_ex_stuck.egg-info/SOURCES.txt'
[3.219s] running build
[3.219s] running build_py
[3.219s] running install
[3.220s] running install_lib
[3.221s] running install_data
[3.221s] running install_egg_info
[3.222s] removing '/home/swarm-team/ros2_ws/install/two_team_ex_stuck/lib/python3.8/site-packages/two_team_ex_stuck-0.0.0-py3.8.egg-info' (and everything under it)
[3.222s] Copying ../../build/two_team_ex_stuck/two_team_ex_stuck.egg-info to /home/swarm-team/ros2_ws/install/two_team_ex_stuck/lib/python3.8/site-packages/two_team_ex_stuck-0.0.0-py3.8.egg-info
[3.222s] running install_scripts
[3.238s] Installing ex_communication_000 script to /home/swarm-team/ros2_ws/install/two_team_ex_stuck/lib/two_team_ex_stuck
[3.238s] Installing ex_communication_001 script to /home/swarm-team/ros2_ws/install/two_team_ex_stuck/lib/two_team_ex_stuck
[3.240s] Installing ex_communication_003 script to /home/swarm-team/ros2_ws/install/two_team_ex_stuck/lib/two_team_ex_stuck
[3.240s] Installing ex_communication_test script to /home/swarm-team/ros2_ws/install/two_team_ex_stuck/lib/two_team_ex_stuck
[3.240s] Installing ex_controller_000 script to /home/swarm-team/ros2_ws/install/two_team_ex_stuck/lib/two_team_ex_stuck
[3.241s] Installing ex_controller_001 script to /home/swarm-team/ros2_ws/install/two_team_ex_stuck/lib/two_team_ex_stuck
[3.241s] Installing ex_controller_003 script to /home/swarm-team/ros2_ws/install/two_team_ex_stuck/lib/two_team_ex_stuck
[3.241s] Installing ex_controller_test script to /home/swarm-team/ros2_ws/install/two_team_ex_stuck/lib/two_team_ex_stuck
[3.241s] writing list of installed files to '/home/swarm-team/ros2_ws/build/two_team_ex_stuck/install.log'
[3.268s] Invoked command in '/home/swarm-team/ros2_ws/src/two_team_ex_stuck' returned '0': PYTHONPATH=/home/swarm-team/ros2_ws/build/two_team_ex_stuck/prefix_override:/home/swarm-team/ros2_ws/install/two_team_ex_stuck/lib/python3.8/site-packages:${PYTHONPATH} /usr/bin/python3 setup.py egg_info --egg-base ../../build/two_team_ex_stuck build --build-base /home/swarm-team/ros2_ws/build/two_team_ex_stuck/build install --record /home/swarm-team/ros2_ws/build/two_team_ex_stuck/install.log --install-scripts $base/lib/two_team_ex_stuck --single-version-externally-managed
