[3.374s] Invoking command in '/home/swarm-team/ros2_ws/build/one_team_ex_stuck': PYTHONPATH=/home/swarm-team/ros2_ws/build/one_team_ex_stuck/prefix_override:/home/swarm-team/ros2_ws/install/one_team_ex_stuck/lib/python3.8/site-packages:${PYTHONPATH} /usr/bin/python3 setup.py develop --editable --build-directory /home/swarm-team/ros2_ws/build/one_team_ex_stuck/build --no-deps install_data
[3.652s] running develop
[3.791s] running egg_info
[3.791s] writing one_team_ex_stuck.egg-info/PKG-INFO
[3.791s] writing dependency_links to one_team_ex_stuck.egg-info/dependency_links.txt
[3.792s] writing entry points to one_team_ex_stuck.egg-info/entry_points.txt
[3.792s] writing requirements to one_team_ex_stuck.egg-info/requires.txt
[3.792s] writing top-level names to one_team_ex_stuck.egg-info/top_level.txt
[3.822s] reading manifest file 'one_team_ex_stuck.egg-info/SOURCES.txt'
[3.822s] writing manifest file 'one_team_ex_stuck.egg-info/SOURCES.txt'
[3.862s] running build_ext
[3.863s] Creating /home/swarm-team/ros2_ws/install/one_team_ex_stuck/lib/python3.8/site-packages/one-team-ex-stuck.egg-link (link to .)
[3.864s] Installing ex_communication_000 script to /home/swarm-team/ros2_ws/install/one_team_ex_stuck/lib/one_team_ex_stuck
[3.864s] Installing ex_communication_001 script to /home/swarm-team/ros2_ws/install/one_team_ex_stuck/lib/one_team_ex_stuck
[3.864s] Installing ex_communication_003 script to /home/swarm-team/ros2_ws/install/one_team_ex_stuck/lib/one_team_ex_stuck
[3.864s] Installing ex_communication_test script to /home/swarm-team/ros2_ws/install/one_team_ex_stuck/lib/one_team_ex_stuck
[3.864s] Installing ex_controller_000 script to /home/swarm-team/ros2_ws/install/one_team_ex_stuck/lib/one_team_ex_stuck
[3.867s] Installing ex_controller_001 script to /home/swarm-team/ros2_ws/install/one_team_ex_stuck/lib/one_team_ex_stuck
[3.867s] Installing ex_controller_003 script to /home/swarm-team/ros2_ws/install/one_team_ex_stuck/lib/one_team_ex_stuck
[3.867s] Installing ex_controller_test script to /home/swarm-team/ros2_ws/install/one_team_ex_stuck/lib/one_team_ex_stuck
[3.867s] 
[3.867s] Installed /home/swarm-team/ros2_ws/build/one_team_ex_stuck
[3.867s] running install_data
[3.913s] Invoked command in '/home/swarm-team/ros2_ws/build/one_team_ex_stuck' returned '0': PYTHONPATH=/home/swarm-team/ros2_ws/build/one_team_ex_stuck/prefix_override:/home/swarm-team/ros2_ws/install/one_team_ex_stuck/lib/python3.8/site-packages:${PYTHONPATH} /usr/bin/python3 setup.py develop --editable --build-directory /home/swarm-team/ros2_ws/build/one_team_ex_stuck/build --no-deps install_data
