running develop
Removing /home/swarm-team/ros2_ws/install/single_ex_sim_pkg/lib/python3.8/site-packages/single-ex-sim-pkg.egg-link (link to .)
running egg_info
writing ../../build/single_ex_sim_pkg/single_ex_sim_pkg.egg-info/PKG-INFO
writing dependency_links to ../../build/single_ex_sim_pkg/single_ex_sim_pkg.egg-info/dependency_links.txt
writing entry points to ../../build/single_ex_sim_pkg/single_ex_sim_pkg.egg-info/entry_points.txt
writing requirements to ../../build/single_ex_sim_pkg/single_ex_sim_pkg.egg-info/requires.txt
writing top-level names to ../../build/single_ex_sim_pkg/single_ex_sim_pkg.egg-info/top_level.txt
reading manifest file '../../build/single_ex_sim_pkg/single_ex_sim_pkg.egg-info/SOURCES.txt'
writing manifest file '../../build/single_ex_sim_pkg/single_ex_sim_pkg.egg-info/SOURCES.txt'
running build
running build_py
creating /home/swarm-team/ros2_ws/build/single_ex_sim_pkg/build
creating /home/swarm-team/ros2_ws/build/single_ex_sim_pkg/build/lib
creating /home/swarm-team/ros2_ws/build/single_ex_sim_pkg/build/lib/single_ex_sim_pkg
copying single_ex_sim_pkg/ex_communication_011_src.py -> /home/swarm-team/ros2_ws/build/single_ex_sim_pkg/build/lib/single_ex_sim_pkg
copying single_ex_sim_pkg/ex_controller_010_src.py -> /home/swarm-team/ros2_ws/build/single_ex_sim_pkg/build/lib/single_ex_sim_pkg
copying single_ex_sim_pkg/ex_communication_010_src.py -> /home/swarm-team/ros2_ws/build/single_ex_sim_pkg/build/lib/single_ex_sim_pkg
copying single_ex_sim_pkg/__init__.py -> /home/swarm-team/ros2_ws/build/single_ex_sim_pkg/build/lib/single_ex_sim_pkg
copying single_ex_sim_pkg/ex_controller_011_src.py -> /home/swarm-team/ros2_ws/build/single_ex_sim_pkg/build/lib/single_ex_sim_pkg
running install
running install_lib
creating /home/swarm-team/ros2_ws/install/single_ex_sim_pkg/lib/python3.8/site-packages/single_ex_sim_pkg
copying /home/swarm-team/ros2_ws/build/single_ex_sim_pkg/build/lib/single_ex_sim_pkg/ex_communication_011_src.py -> /home/swarm-team/ros2_ws/install/single_ex_sim_pkg/lib/python3.8/site-packages/single_ex_sim_pkg
copying /home/swarm-team/ros2_ws/build/single_ex_sim_pkg/build/lib/single_ex_sim_pkg/ex_controller_010_src.py -> /home/swarm-team/ros2_ws/install/single_ex_sim_pkg/lib/python3.8/site-packages/single_ex_sim_pkg
copying /home/swarm-team/ros2_ws/build/single_ex_sim_pkg/build/lib/single_ex_sim_pkg/ex_communication_010_src.py -> /home/swarm-team/ros2_ws/install/single_ex_sim_pkg/lib/python3.8/site-packages/single_ex_sim_pkg
copying /home/swarm-team/ros2_ws/build/single_ex_sim_pkg/build/lib/single_ex_sim_pkg/__init__.py -> /home/swarm-team/ros2_ws/install/single_ex_sim_pkg/lib/python3.8/site-packages/single_ex_sim_pkg
copying /home/swarm-team/ros2_ws/build/single_ex_sim_pkg/build/lib/single_ex_sim_pkg/ex_controller_011_src.py -> /home/swarm-team/ros2_ws/install/single_ex_sim_pkg/lib/python3.8/site-packages/single_ex_sim_pkg
byte-compiling /home/swarm-team/ros2_ws/install/single_ex_sim_pkg/lib/python3.8/site-packages/single_ex_sim_pkg/ex_communication_011_src.py to ex_communication_011_src.cpython-38.pyc
byte-compiling /home/swarm-team/ros2_ws/install/single_ex_sim_pkg/lib/python3.8/site-packages/single_ex_sim_pkg/ex_controller_010_src.py to ex_controller_010_src.cpython-38.pyc
byte-compiling /home/swarm-team/ros2_ws/install/single_ex_sim_pkg/lib/python3.8/site-packages/single_ex_sim_pkg/ex_communication_010_src.py to ex_communication_010_src.cpython-38.pyc
byte-compiling /home/swarm-team/ros2_ws/install/single_ex_sim_pkg/lib/python3.8/site-packages/single_ex_sim_pkg/__init__.py to __init__.cpython-38.pyc
byte-compiling /home/swarm-team/ros2_ws/install/single_ex_sim_pkg/lib/python3.8/site-packages/single_ex_sim_pkg/ex_controller_011_src.py to ex_controller_011_src.cpython-38.pyc
running install_data
running install_egg_info
Copying ../../build/single_ex_sim_pkg/single_ex_sim_pkg.egg-info to /home/swarm-team/ros2_ws/install/single_ex_sim_pkg/lib/python3.8/site-packages/single_ex_sim_pkg-0.0.0-py3.8.egg-info
running install_scripts
Installing ex_communication_000 script to /home/swarm-team/ros2_ws/install/single_ex_sim_pkg/lib/single_ex_sim_pkg
Installing ex_communication_001 script to /home/swarm-team/ros2_ws/install/single_ex_sim_pkg/lib/single_ex_sim_pkg
Installing ex_controller_000 script to /home/swarm-team/ros2_ws/install/single_ex_sim_pkg/lib/single_ex_sim_pkg
Installing ex_controller_001 script to /home/swarm-team/ros2_ws/install/single_ex_sim_pkg/lib/single_ex_sim_pkg
writing list of installed files to '/home/swarm-team/ros2_ws/build/single_ex_sim_pkg/install.log'
