[3.534s] Invoking command in '/home/swarm-team/ros2_ws/build/three_team_du_stuck': PYTHONPATH=/home/swarm-team/ros2_ws/build/three_team_du_stuck/prefix_override:/home/swarm-team/ros2_ws/install/three_team_du_stuck/lib/python3.8/site-packages:${PYTHONPATH} /usr/bin/python3 setup.py develop --editable --build-directory /home/swarm-team/ros2_ws/build/three_team_du_stuck/build --no-deps install_data
[3.859s] running develop
[3.939s] running egg_info
[3.939s] writing three_team_du_stuck.egg-info/PKG-INFO
[3.939s] writing dependency_links to three_team_du_stuck.egg-info/dependency_links.txt
[3.939s] writing entry points to three_team_du_stuck.egg-info/entry_points.txt
[3.939s] writing requirements to three_team_du_stuck.egg-info/requires.txt
[3.939s] writing top-level names to three_team_du_stuck.egg-info/top_level.txt
[3.959s] reading manifest file 'three_team_du_stuck.egg-info/SOURCES.txt'
[3.960s] writing manifest file 'three_team_du_stuck.egg-info/SOURCES.txt'
[3.979s] running build_ext
[3.980s] Creating /home/swarm-team/ros2_ws/install/three_team_du_stuck/lib/python3.8/site-packages/three-team-du-stuck.egg-link (link to .)
[3.980s] Installing du_communication_010 script to /home/swarm-team/ros2_ws/install/three_team_du_stuck/lib/three_team_du_stuck
[3.980s] Installing du_communication_011 script to /home/swarm-team/ros2_ws/install/three_team_du_stuck/lib/three_team_du_stuck
[3.980s] Installing du_communication_012 script to /home/swarm-team/ros2_ws/install/three_team_du_stuck/lib/three_team_du_stuck
[3.980s] Installing du_communication_013 script to /home/swarm-team/ros2_ws/install/three_team_du_stuck/lib/three_team_du_stuck
[3.980s] Installing du_communication_014 script to /home/swarm-team/ros2_ws/install/three_team_du_stuck/lib/three_team_du_stuck
[3.980s] Installing du_communication_015 script to /home/swarm-team/ros2_ws/install/three_team_du_stuck/lib/three_team_du_stuck
[3.980s] Installing du_communication_016 script to /home/swarm-team/ros2_ws/install/three_team_du_stuck/lib/three_team_du_stuck
[3.981s] Installing du_communication_017 script to /home/swarm-team/ros2_ws/install/three_team_du_stuck/lib/three_team_du_stuck
[3.981s] Installing du_communication_018 script to /home/swarm-team/ros2_ws/install/three_team_du_stuck/lib/three_team_du_stuck
[3.981s] Installing du_communication_019 script to /home/swarm-team/ros2_ws/install/three_team_du_stuck/lib/three_team_du_stuck
[3.981s] Installing du_communication_020 script to /home/swarm-team/ros2_ws/install/three_team_du_stuck/lib/three_team_du_stuck
[3.981s] Installing du_communication_080 script to /home/swarm-team/ros2_ws/install/three_team_du_stuck/lib/three_team_du_stuck
[3.981s] Installing du_controller_010 script to /home/swarm-team/ros2_ws/install/three_team_du_stuck/lib/three_team_du_stuck
[3.981s] Installing du_controller_011 script to /home/swarm-team/ros2_ws/install/three_team_du_stuck/lib/three_team_du_stuck
[3.981s] Installing du_controller_012 script to /home/swarm-team/ros2_ws/install/three_team_du_stuck/lib/three_team_du_stuck
[3.981s] Installing du_controller_013 script to /home/swarm-team/ros2_ws/install/three_team_du_stuck/lib/three_team_du_stuck
[3.981s] Installing du_controller_014 script to /home/swarm-team/ros2_ws/install/three_team_du_stuck/lib/three_team_du_stuck
[3.981s] Installing du_controller_015 script to /home/swarm-team/ros2_ws/install/three_team_du_stuck/lib/three_team_du_stuck
[3.981s] Installing du_controller_016 script to /home/swarm-team/ros2_ws/install/three_team_du_stuck/lib/three_team_du_stuck
[3.981s] Installing du_controller_017 script to /home/swarm-team/ros2_ws/install/three_team_du_stuck/lib/three_team_du_stuck
[3.981s] Installing du_controller_018 script to /home/swarm-team/ros2_ws/install/three_team_du_stuck/lib/three_team_du_stuck
[3.981s] Installing du_controller_019 script to /home/swarm-team/ros2_ws/install/three_team_du_stuck/lib/three_team_du_stuck
[3.981s] Installing du_controller_020 script to /home/swarm-team/ros2_ws/install/three_team_du_stuck/lib/three_team_du_stuck
[3.981s] Installing du_controller_080 script to /home/swarm-team/ros2_ws/install/three_team_du_stuck/lib/three_team_du_stuck
[3.982s] 
[3.982s] Installed /home/swarm-team/ros2_ws/build/three_team_du_stuck
[3.982s] running install_data
[4.229s] Invoked command in '/home/swarm-team/ros2_ws/build/three_team_du_stuck' returned '0': PYTHONPATH=/home/swarm-team/ros2_ws/build/three_team_du_stuck/prefix_override:/home/swarm-team/ros2_ws/install/three_team_du_stuck/lib/python3.8/site-packages:${PYTHONPATH} /usr/bin/python3 setup.py develop --editable --build-directory /home/swarm-team/ros2_ws/build/three_team_du_stuck/build --no-deps install_data
