[2.553s] Invoking command in '/home/swarm-team/ros2_ws/build/two_team_du_stuck': PYTHONPATH=/home/swarm-team/ros2_ws/build/two_team_du_stuck/prefix_override:/home/swarm-team/ros2_ws/install/two_team_du_stuck/lib/python3.8/site-packages:${PYTHONPATH} /usr/bin/python3 setup.py develop --uninstall --editable --build-directory /home/swarm-team/ros2_ws/build/two_team_du_stuck/build
[2.841s] running develop
[2.958s] Removing /home/swarm-team/ros2_ws/install/two_team_du_stuck/lib/python3.8/site-packages/two-team-du-stuck.egg-link (link to .)
[2.990s] Invoked command in '/home/swarm-team/ros2_ws/build/two_team_du_stuck' returned '0': PYTHONPATH=/home/swarm-team/ros2_ws/build/two_team_du_stuck/prefix_override:/home/swarm-team/ros2_ws/install/two_team_du_stuck/lib/python3.8/site-packages:${PYTHONPATH} /usr/bin/python3 setup.py develop --uninstall --editable --build-directory /home/swarm-team/ros2_ws/build/two_team_du_stuck/build
[2.991s] Invoking command in '/home/swarm-team/ros2_ws/src/two_team_du_stuck': PYTHONPATH=/home/swarm-team/ros2_ws/build/two_team_du_stuck/prefix_override:/home/swarm-team/ros2_ws/install/two_team_du_stuck/lib/python3.8/site-packages:${PYTHONPATH} /usr/bin/python3 setup.py egg_info --egg-base ../../build/two_team_du_stuck build --build-base /home/swarm-team/ros2_ws/build/two_team_du_stuck/build install --record /home/swarm-team/ros2_ws/build/two_team_du_stuck/install.log --install-scripts $base/lib/two_team_du_stuck --single-version-externally-managed
[3.261s] running egg_info
[3.261s] writing ../../build/two_team_du_stuck/two_team_du_stuck.egg-info/PKG-INFO
[3.261s] writing dependency_links to ../../build/two_team_du_stuck/two_team_du_stuck.egg-info/dependency_links.txt
[3.261s] writing entry points to ../../build/two_team_du_stuck/two_team_du_stuck.egg-info/entry_points.txt
[3.261s] writing requirements to ../../build/two_team_du_stuck/two_team_du_stuck.egg-info/requires.txt
[3.261s] writing top-level names to ../../build/two_team_du_stuck/two_team_du_stuck.egg-info/top_level.txt
[3.272s] reading manifest file '../../build/two_team_du_stuck/two_team_du_stuck.egg-info/SOURCES.txt'
[3.272s] writing manifest file '../../build/two_team_du_stuck/two_team_du_stuck.egg-info/SOURCES.txt'
[3.272s] running build
[3.272s] running build_py
[3.272s] creating /home/swarm-team/ros2_ws/build/two_team_du_stuck/build
[3.272s] creating /home/swarm-team/ros2_ws/build/two_team_du_stuck/build/lib
[3.272s] creating /home/swarm-team/ros2_ws/build/two_team_du_stuck/build/lib/two_team_du_stuck
[3.272s] copying two_team_du_stuck/du_communication_012_src.py -> /home/swarm-team/ros2_ws/build/two_team_du_stuck/build/lib/two_team_du_stuck
[3.272s] copying two_team_du_stuck/du_controller_014_src.py -> /home/swarm-team/ros2_ws/build/two_team_du_stuck/build/lib/two_team_du_stuck
[3.272s] copying two_team_du_stuck/pure_pursuit.py -> /home/swarm-team/ros2_ws/build/two_team_du_stuck/build/lib/two_team_du_stuck
[3.273s] copying two_team_du_stuck/du_communication_018_src.py -> /home/swarm-team/ros2_ws/build/two_team_du_stuck/build/lib/two_team_du_stuck
[3.273s] copying two_team_du_stuck/du_communication_010_src.py -> /home/swarm-team/ros2_ws/build/two_team_du_stuck/build/lib/two_team_du_stuck
[3.273s] copying two_team_du_stuck/du_controller_017_src.py -> /home/swarm-team/ros2_ws/build/two_team_du_stuck/build/lib/two_team_du_stuck
[3.273s] copying two_team_du_stuck/du_controller_015_src.py -> /home/swarm-team/ros2_ws/build/two_team_du_stuck/build/lib/two_team_du_stuck
[3.273s] copying two_team_du_stuck/a_star.py -> /home/swarm-team/ros2_ws/build/two_team_du_stuck/build/lib/two_team_du_stuck
[3.273s] copying two_team_du_stuck/du_controller_080_src.py -> /home/swarm-team/ros2_ws/build/two_team_du_stuck/build/lib/two_team_du_stuck
[3.273s] copying two_team_du_stuck/du_controller_011_src.py -> /home/swarm-team/ros2_ws/build/two_team_du_stuck/build/lib/two_team_du_stuck
[3.273s] copying two_team_du_stuck/du_communication_014_src.py -> /home/swarm-team/ros2_ws/build/two_team_du_stuck/build/lib/two_team_du_stuck
[3.273s] copying two_team_du_stuck/du_controller_016_src.py -> /home/swarm-team/ros2_ws/build/two_team_du_stuck/build/lib/two_team_du_stuck
[3.273s] copying two_team_du_stuck/du_communication_017_src.py -> /home/swarm-team/ros2_ws/build/two_team_du_stuck/build/lib/two_team_du_stuck
[3.273s] copying two_team_du_stuck/du_controller_013_src.py -> /home/swarm-team/ros2_ws/build/two_team_du_stuck/build/lib/two_team_du_stuck
[3.273s] copying two_team_du_stuck/__init__.py -> /home/swarm-team/ros2_ws/build/two_team_du_stuck/build/lib/two_team_du_stuck
[3.273s] copying two_team_du_stuck/du_controller_018_src.py -> /home/swarm-team/ros2_ws/build/two_team_du_stuck/build/lib/two_team_du_stuck
[3.273s] copying two_team_du_stuck/du_communication_011_src.py -> /home/swarm-team/ros2_ws/build/two_team_du_stuck/build/lib/two_team_du_stuck
[3.273s] copying two_team_du_stuck/du_communication_015_src.py -> /home/swarm-team/ros2_ws/build/two_team_du_stuck/build/lib/two_team_du_stuck
[3.273s] copying two_team_du_stuck/du_communication_013_src.py -> /home/swarm-team/ros2_ws/build/two_team_du_stuck/build/lib/two_team_du_stuck
[3.273s] copying two_team_du_stuck/du_communication_016_src.py -> /home/swarm-team/ros2_ws/build/two_team_du_stuck/build/lib/two_team_du_stuck
[3.273s] copying two_team_du_stuck/du_controller_012_src.py -> /home/swarm-team/ros2_ws/build/two_team_du_stuck/build/lib/two_team_du_stuck
[3.273s] copying two_team_du_stuck/du_communication_080_src.py -> /home/swarm-team/ros2_ws/build/two_team_du_stuck/build/lib/two_team_du_stuck
[3.273s] copying two_team_du_stuck/du_controller_010_src.py -> /home/swarm-team/ros2_ws/build/two_team_du_stuck/build/lib/two_team_du_stuck
[3.273s] running install
[3.274s] running install_lib
[3.274s] creating /home/swarm-team/ros2_ws/install/two_team_du_stuck/lib/python3.8/site-packages/two_team_du_stuck
[3.274s] copying /home/swarm-team/ros2_ws/build/two_team_du_stuck/build/lib/two_team_du_stuck/du_communication_012_src.py -> /home/swarm-team/ros2_ws/install/two_team_du_stuck/lib/python3.8/site-packages/two_team_du_stuck
[3.274s] copying /home/swarm-team/ros2_ws/build/two_team_du_stuck/build/lib/two_team_du_stuck/du_controller_014_src.py -> /home/swarm-team/ros2_ws/install/two_team_du_stuck/lib/python3.8/site-packages/two_team_du_stuck
[3.275s] copying /home/swarm-team/ros2_ws/build/two_team_du_stuck/build/lib/two_team_du_stuck/pure_pursuit.py -> /home/swarm-team/ros2_ws/install/two_team_du_stuck/lib/python3.8/site-packages/two_team_du_stuck
[3.275s] copying /home/swarm-team/ros2_ws/build/two_team_du_stuck/build/lib/two_team_du_stuck/du_communication_018_src.py -> /home/swarm-team/ros2_ws/install/two_team_du_stuck/lib/python3.8/site-packages/two_team_du_stuck
[3.275s] copying /home/swarm-team/ros2_ws/build/two_team_du_stuck/build/lib/two_team_du_stuck/du_communication_010_src.py -> /home/swarm-team/ros2_ws/install/two_team_du_stuck/lib/python3.8/site-packages/two_team_du_stuck
[3.275s] copying /home/swarm-team/ros2_ws/build/two_team_du_stuck/build/lib/two_team_du_stuck/du_controller_017_src.py -> /home/swarm-team/ros2_ws/install/two_team_du_stuck/lib/python3.8/site-packages/two_team_du_stuck
[3.275s] copying /home/swarm-team/ros2_ws/build/two_team_du_stuck/build/lib/two_team_du_stuck/du_controller_015_src.py -> /home/swarm-team/ros2_ws/install/two_team_du_stuck/lib/python3.8/site-packages/two_team_du_stuck
[3.275s] copying /home/swarm-team/ros2_ws/build/two_team_du_stuck/build/lib/two_team_du_stuck/a_star.py -> /home/swarm-team/ros2_ws/install/two_team_du_stuck/lib/python3.8/site-packages/two_team_du_stuck
[3.277s] copying /home/swarm-team/ros2_ws/build/two_team_du_stuck/build/lib/two_team_du_stuck/du_controller_080_src.py -> /home/swarm-team/ros2_ws/install/two_team_du_stuck/lib/python3.8/site-packages/two_team_du_stuck
[3.277s] copying /home/swarm-team/ros2_ws/build/two_team_du_stuck/build/lib/two_team_du_stuck/du_controller_011_src.py -> /home/swarm-team/ros2_ws/install/two_team_du_stuck/lib/python3.8/site-packages/two_team_du_stuck
[3.277s] copying /home/swarm-team/ros2_ws/build/two_team_du_stuck/build/lib/two_team_du_stuck/du_communication_014_src.py -> /home/swarm-team/ros2_ws/install/two_team_du_stuck/lib/python3.8/site-packages/two_team_du_stuck
[3.277s] copying /home/swarm-team/ros2_ws/build/two_team_du_stuck/build/lib/two_team_du_stuck/du_controller_016_src.py -> /home/swarm-team/ros2_ws/install/two_team_du_stuck/lib/python3.8/site-packages/two_team_du_stuck
[3.277s] copying /home/swarm-team/ros2_ws/build/two_team_du_stuck/build/lib/two_team_du_stuck/du_communication_017_src.py -> /home/swarm-team/ros2_ws/install/two_team_du_stuck/lib/python3.8/site-packages/two_team_du_stuck
[3.277s] copying /home/swarm-team/ros2_ws/build/two_team_du_stuck/build/lib/two_team_du_stuck/du_controller_013_src.py -> /home/swarm-team/ros2_ws/install/two_team_du_stuck/lib/python3.8/site-packages/two_team_du_stuck
[3.277s] copying /home/swarm-team/ros2_ws/build/two_team_du_stuck/build/lib/two_team_du_stuck/__init__.py -> /home/swarm-team/ros2_ws/install/two_team_du_stuck/lib/python3.8/site-packages/two_team_du_stuck
[3.277s] copying /home/swarm-team/ros2_ws/build/two_team_du_stuck/build/lib/two_team_du_stuck/du_controller_018_src.py -> /home/swarm-team/ros2_ws/install/two_team_du_stuck/lib/python3.8/site-packages/two_team_du_stuck
[3.277s] copying /home/swarm-team/ros2_ws/build/two_team_du_stuck/build/lib/two_team_du_stuck/du_communication_011_src.py -> /home/swarm-team/ros2_ws/install/two_team_du_stuck/lib/python3.8/site-packages/two_team_du_stuck
[3.277s] copying /home/swarm-team/ros2_ws/build/two_team_du_stuck/build/lib/two_team_du_stuck/du_communication_015_src.py -> /home/swarm-team/ros2_ws/install/two_team_du_stuck/lib/python3.8/site-packages/two_team_du_stuck
[3.277s] copying /home/swarm-team/ros2_ws/build/two_team_du_stuck/build/lib/two_team_du_stuck/du_communication_013_src.py -> /home/swarm-team/ros2_ws/install/two_team_du_stuck/lib/python3.8/site-packages/two_team_du_stuck
[3.277s] copying /home/swarm-team/ros2_ws/build/two_team_du_stuck/build/lib/two_team_du_stuck/du_communication_016_src.py -> /home/swarm-team/ros2_ws/install/two_team_du_stuck/lib/python3.8/site-packages/two_team_du_stuck
[3.277s] copying /home/swarm-team/ros2_ws/build/two_team_du_stuck/build/lib/two_team_du_stuck/du_controller_012_src.py -> /home/swarm-team/ros2_ws/install/two_team_du_stuck/lib/python3.8/site-packages/two_team_du_stuck
[3.277s] copying /home/swarm-team/ros2_ws/build/two_team_du_stuck/build/lib/two_team_du_stuck/du_communication_080_src.py -> /home/swarm-team/ros2_ws/install/two_team_du_stuck/lib/python3.8/site-packages/two_team_du_stuck
[3.277s] copying /home/swarm-team/ros2_ws/build/two_team_du_stuck/build/lib/two_team_du_stuck/du_controller_010_src.py -> /home/swarm-team/ros2_ws/install/two_team_du_stuck/lib/python3.8/site-packages/two_team_du_stuck
[3.277s] byte-compiling /home/swarm-team/ros2_ws/install/two_team_du_stuck/lib/python3.8/site-packages/two_team_du_stuck/du_communication_012_src.py to du_communication_012_src.cpython-38.pyc
[3.277s] byte-compiling /home/swarm-team/ros2_ws/install/two_team_du_stuck/lib/python3.8/site-packages/two_team_du_stuck/du_controller_014_src.py to du_controller_014_src.cpython-38.pyc
[3.278s] byte-compiling /home/swarm-team/ros2_ws/install/two_team_du_stuck/lib/python3.8/site-packages/two_team_du_stuck/pure_pursuit.py to pure_pursuit.cpython-38.pyc
[3.278s] byte-compiling /home/swarm-team/ros2_ws/install/two_team_du_stuck/lib/python3.8/site-packages/two_team_du_stuck/du_communication_018_src.py to du_communication_018_src.cpython-38.pyc
[3.279s] byte-compiling /home/swarm-team/ros2_ws/install/two_team_du_stuck/lib/python3.8/site-packages/two_team_du_stuck/du_communication_010_src.py to du_communication_010_src.cpython-38.pyc
[3.279s] byte-compiling /home/swarm-team/ros2_ws/install/two_team_du_stuck/lib/python3.8/site-packages/two_team_du_stuck/du_controller_017_src.py to du_controller_017_src.cpython-38.pyc
[3.280s] byte-compiling /home/swarm-team/ros2_ws/install/two_team_du_stuck/lib/python3.8/site-packages/two_team_du_stuck/du_controller_015_src.py to du_controller_015_src.cpython-38.pyc
[3.281s] byte-compiling /home/swarm-team/ros2_ws/install/two_team_du_stuck/lib/python3.8/site-packages/two_team_du_stuck/a_star.py to a_star.cpython-38.pyc
[3.281s] byte-compiling /home/swarm-team/ros2_ws/install/two_team_du_stuck/lib/python3.8/site-packages/two_team_du_stuck/du_controller_080_src.py to du_controller_080_src.cpython-38.pyc
[3.281s] byte-compiling /home/swarm-team/ros2_ws/install/two_team_du_stuck/lib/python3.8/site-packages/two_team_du_stuck/du_controller_011_src.py to du_controller_011_src.cpython-38.pyc
[3.282s] byte-compiling /home/swarm-team/ros2_ws/install/two_team_du_stuck/lib/python3.8/site-packages/two_team_du_stuck/du_communication_014_src.py to du_communication_014_src.cpython-38.pyc
[3.284s] byte-compiling /home/swarm-team/ros2_ws/install/two_team_du_stuck/lib/python3.8/site-packages/two_team_du_stuck/du_controller_016_src.py to du_controller_016_src.cpython-38.pyc
[3.284s] byte-compiling /home/swarm-team/ros2_ws/install/two_team_du_stuck/lib/python3.8/site-packages/two_team_du_stuck/du_communication_017_src.py to du_communication_017_src.cpython-38.pyc
[3.284s] byte-compiling /home/swarm-team/ros2_ws/install/two_team_du_stuck/lib/python3.8/site-packages/two_team_du_stuck/du_controller_013_src.py to du_controller_013_src.cpython-38.pyc
[3.284s] byte-compiling /home/swarm-team/ros2_ws/install/two_team_du_stuck/lib/python3.8/site-packages/two_team_du_stuck/__init__.py to __init__.cpython-38.pyc
[3.284s] byte-compiling /home/swarm-team/ros2_ws/install/two_team_du_stuck/lib/python3.8/site-packages/two_team_du_stuck/du_controller_018_src.py to du_controller_018_src.cpython-38.pyc
[3.286s] byte-compiling /home/swarm-team/ros2_ws/install/two_team_du_stuck/lib/python3.8/site-packages/two_team_du_stuck/du_communication_011_src.py to du_communication_011_src.cpython-38.pyc
[3.286s] byte-compiling /home/swarm-team/ros2_ws/install/two_team_du_stuck/lib/python3.8/site-packages/two_team_du_stuck/du_communication_015_src.py to du_communication_015_src.cpython-38.pyc
[3.286s] byte-compiling /home/swarm-team/ros2_ws/install/two_team_du_stuck/lib/python3.8/site-packages/two_team_du_stuck/du_communication_013_src.py to du_communication_013_src.cpython-38.pyc
[3.287s] byte-compiling /home/swarm-team/ros2_ws/install/two_team_du_stuck/lib/python3.8/site-packages/two_team_du_stuck/du_communication_016_src.py to du_communication_016_src.cpython-38.pyc
[3.288s] byte-compiling /home/swarm-team/ros2_ws/install/two_team_du_stuck/lib/python3.8/site-packages/two_team_du_stuck/du_controller_012_src.py to du_controller_012_src.cpython-38.pyc
[3.288s] byte-compiling /home/swarm-team/ros2_ws/install/two_team_du_stuck/lib/python3.8/site-packages/two_team_du_stuck/du_communication_080_src.py to du_communication_080_src.cpython-38.pyc
[3.288s] byte-compiling /home/swarm-team/ros2_ws/install/two_team_du_stuck/lib/python3.8/site-packages/two_team_du_stuck/du_controller_010_src.py to du_controller_010_src.cpython-38.pyc
[3.289s] running install_data
[3.289s] running install_egg_info
[3.291s] Copying ../../build/two_team_du_stuck/two_team_du_stuck.egg-info to /home/swarm-team/ros2_ws/install/two_team_du_stuck/lib/python3.8/site-packages/two_team_du_stuck-0.0.0-py3.8.egg-info
[3.291s] running install_scripts
[3.302s] Installing du_communication_010 script to /home/swarm-team/ros2_ws/install/two_team_du_stuck/lib/two_team_du_stuck
[3.302s] Installing du_communication_011 script to /home/swarm-team/ros2_ws/install/two_team_du_stuck/lib/two_team_du_stuck
[3.303s] Installing du_communication_012 script to /home/swarm-team/ros2_ws/install/two_team_du_stuck/lib/two_team_du_stuck
[3.303s] Installing du_communication_013 script to /home/swarm-team/ros2_ws/install/two_team_du_stuck/lib/two_team_du_stuck
[3.303s] Installing du_communication_014 script to /home/swarm-team/ros2_ws/install/two_team_du_stuck/lib/two_team_du_stuck
[3.303s] Installing du_communication_015 script to /home/swarm-team/ros2_ws/install/two_team_du_stuck/lib/two_team_du_stuck
[3.303s] Installing du_communication_016 script to /home/swarm-team/ros2_ws/install/two_team_du_stuck/lib/two_team_du_stuck
[3.303s] Installing du_communication_017 script to /home/swarm-team/ros2_ws/install/two_team_du_stuck/lib/two_team_du_stuck
[3.303s] Installing du_communication_018 script to /home/swarm-team/ros2_ws/install/two_team_du_stuck/lib/two_team_du_stuck
[3.303s] Installing du_communication_080 script to /home/swarm-team/ros2_ws/install/two_team_du_stuck/lib/two_team_du_stuck
[3.303s] Installing du_controller_010 script to /home/swarm-team/ros2_ws/install/two_team_du_stuck/lib/two_team_du_stuck
[3.303s] Installing du_controller_011 script to /home/swarm-team/ros2_ws/install/two_team_du_stuck/lib/two_team_du_stuck
[3.303s] Installing du_controller_012 script to /home/swarm-team/ros2_ws/install/two_team_du_stuck/lib/two_team_du_stuck
[3.303s] Installing du_controller_013 script to /home/swarm-team/ros2_ws/install/two_team_du_stuck/lib/two_team_du_stuck
[3.303s] Installing du_controller_014 script to /home/swarm-team/ros2_ws/install/two_team_du_stuck/lib/two_team_du_stuck
[3.303s] Installing du_controller_015 script to /home/swarm-team/ros2_ws/install/two_team_du_stuck/lib/two_team_du_stuck
[3.303s] Installing du_controller_016 script to /home/swarm-team/ros2_ws/install/two_team_du_stuck/lib/two_team_du_stuck
[3.303s] Installing du_controller_017 script to /home/swarm-team/ros2_ws/install/two_team_du_stuck/lib/two_team_du_stuck
[3.303s] Installing du_controller_018 script to /home/swarm-team/ros2_ws/install/two_team_du_stuck/lib/two_team_du_stuck
[3.303s] Installing du_controller_080 script to /home/swarm-team/ros2_ws/install/two_team_du_stuck/lib/two_team_du_stuck
[3.303s] writing list of installed files to '/home/swarm-team/ros2_ws/build/two_team_du_stuck/install.log'
[3.318s] Invoked command in '/home/swarm-team/ros2_ws/src/two_team_du_stuck' returned '0': PYTHONPATH=/home/swarm-team/ros2_ws/build/two_team_du_stuck/prefix_override:/home/swarm-team/ros2_ws/install/two_team_du_stuck/lib/python3.8/site-packages:${PYTHONPATH} /usr/bin/python3 setup.py egg_info --egg-base ../../build/two_team_du_stuck build --build-base /home/swarm-team/ros2_ws/build/two_team_du_stuck/build install --record /home/swarm-team/ros2_ws/build/two_team_du_stuck/install.log --install-scripts $base/lib/two_team_du_stuck --single-version-externally-managed
