[2.645s] Invoking command in '/home/swarm-team/ros2_ws/build/four_team_ex_stuck': PYTHONPATH=/home/swarm-team/ros2_ws/build/four_team_ex_stuck/prefix_override:/home/swarm-team/ros2_ws/install/four_team_ex_stuck/lib/python3.8/site-packages:${PYTHONPATH} /usr/bin/python3 setup.py develop --uninstall --editable --build-directory /home/swarm-team/ros2_ws/build/four_team_ex_stuck/build
[2.891s] running develop
[3.015s] Removing /home/swarm-team/ros2_ws/install/four_team_ex_stuck/lib/python3.8/site-packages/four-team-ex-stuck.egg-link (link to .)
[3.034s] Invoked command in '/home/swarm-team/ros2_ws/build/four_team_ex_stuck' returned '0': PYTHONPATH=/home/swarm-team/ros2_ws/build/four_team_ex_stuck/prefix_override:/home/swarm-team/ros2_ws/install/four_team_ex_stuck/lib/python3.8/site-packages:${PYTHONPATH} /usr/bin/python3 setup.py develop --uninstall --editable --build-directory /home/swarm-team/ros2_ws/build/four_team_ex_stuck/build
[3.037s] Invoking command in '/home/swarm-team/ros2_ws/src/four_team_ex_stuck': PYTHONPATH=/home/swarm-team/ros2_ws/build/four_team_ex_stuck/prefix_override:/home/swarm-team/ros2_ws/install/four_team_ex_stuck/lib/python3.8/site-packages:${PYTHONPATH} /usr/bin/python3 setup.py egg_info --egg-base ../../build/four_team_ex_stuck build --build-base /home/swarm-team/ros2_ws/build/four_team_ex_stuck/build install --record /home/swarm-team/ros2_ws/build/four_team_ex_stuck/install.log --install-scripts $base/lib/four_team_ex_stuck --single-version-externally-managed
[3.199s] running egg_info
[3.199s] writing ../../build/four_team_ex_stuck/four_team_ex_stuck.egg-info/PKG-INFO
[3.199s] writing dependency_links to ../../build/four_team_ex_stuck/four_team_ex_stuck.egg-info/dependency_links.txt
[3.199s] writing entry points to ../../build/four_team_ex_stuck/four_team_ex_stuck.egg-info/entry_points.txt
[3.199s] writing requirements to ../../build/four_team_ex_stuck/four_team_ex_stuck.egg-info/requires.txt
[3.200s] writing top-level names to ../../build/four_team_ex_stuck/four_team_ex_stuck.egg-info/top_level.txt
[3.226s] reading manifest file '../../build/four_team_ex_stuck/four_team_ex_stuck.egg-info/SOURCES.txt'
[3.226s] writing manifest file '../../build/four_team_ex_stuck/four_team_ex_stuck.egg-info/SOURCES.txt'
[3.226s] running build
[3.226s] running build_py
[3.226s] creating /home/swarm-team/ros2_ws/build/four_team_ex_stuck/build
[3.226s] creating /home/swarm-team/ros2_ws/build/four_team_ex_stuck/build/lib
[3.227s] creating /home/swarm-team/ros2_ws/build/four_team_ex_stuck/build/lib/four_team_ex_stuck
[3.227s] copying four_team_ex_stuck/ex_communication_011_src.py -> /home/swarm-team/ros2_ws/build/four_team_ex_stuck/build/lib/four_team_ex_stuck
[3.227s] copying four_team_ex_stuck/ex_communication_014_src.py -> /home/swarm-team/ros2_ws/build/four_team_ex_stuck/build/lib/four_team_ex_stuck
[3.227s] copying four_team_ex_stuck/ex_communication_013_src.py -> /home/swarm-team/ros2_ws/build/four_team_ex_stuck/build/lib/four_team_ex_stuck
[3.227s] copying four_team_ex_stuck/ex_controller_010_src.py -> /home/swarm-team/ros2_ws/build/four_team_ex_stuck/build/lib/four_team_ex_stuck
[3.227s] copying four_team_ex_stuck/ex_controller_014_src.py -> /home/swarm-team/ros2_ws/build/four_team_ex_stuck/build/lib/four_team_ex_stuck
[3.227s] copying four_team_ex_stuck/ex_communication_010_src.py -> /home/swarm-team/ros2_ws/build/four_team_ex_stuck/build/lib/four_team_ex_stuck
[3.227s] copying four_team_ex_stuck/ex_communication_src.py -> /home/swarm-team/ros2_ws/build/four_team_ex_stuck/build/lib/four_team_ex_stuck
[3.227s] copying four_team_ex_stuck/ex_controller_src.py -> /home/swarm-team/ros2_ws/build/four_team_ex_stuck/build/lib/four_team_ex_stuck
[3.227s] copying four_team_ex_stuck/__init__.py -> /home/swarm-team/ros2_ws/build/four_team_ex_stuck/build/lib/four_team_ex_stuck
[3.227s] copying four_team_ex_stuck/ex_controller_011_src.py -> /home/swarm-team/ros2_ws/build/four_team_ex_stuck/build/lib/four_team_ex_stuck
[3.227s] copying four_team_ex_stuck/ex_controller_013_src.py -> /home/swarm-team/ros2_ws/build/four_team_ex_stuck/build/lib/four_team_ex_stuck
[3.227s] copying four_team_ex_stuck/ex_communication_015_src.py -> /home/swarm-team/ros2_ws/build/four_team_ex_stuck/build/lib/four_team_ex_stuck
[3.227s] copying four_team_ex_stuck/ex_controller_015_src.py -> /home/swarm-team/ros2_ws/build/four_team_ex_stuck/build/lib/four_team_ex_stuck
[3.228s] running install
[3.231s] running install_lib
[3.231s] creating /home/swarm-team/ros2_ws/install/four_team_ex_stuck/lib/python3.8/site-packages/four_team_ex_stuck
[3.231s] copying /home/swarm-team/ros2_ws/build/four_team_ex_stuck/build/lib/four_team_ex_stuck/ex_communication_011_src.py -> /home/swarm-team/ros2_ws/install/four_team_ex_stuck/lib/python3.8/site-packages/four_team_ex_stuck
[3.231s] copying /home/swarm-team/ros2_ws/build/four_team_ex_stuck/build/lib/four_team_ex_stuck/ex_communication_014_src.py -> /home/swarm-team/ros2_ws/install/four_team_ex_stuck/lib/python3.8/site-packages/four_team_ex_stuck
[3.231s] copying /home/swarm-team/ros2_ws/build/four_team_ex_stuck/build/lib/four_team_ex_stuck/ex_communication_013_src.py -> /home/swarm-team/ros2_ws/install/four_team_ex_stuck/lib/python3.8/site-packages/four_team_ex_stuck
[3.231s] copying /home/swarm-team/ros2_ws/build/four_team_ex_stuck/build/lib/four_team_ex_stuck/ex_controller_010_src.py -> /home/swarm-team/ros2_ws/install/four_team_ex_stuck/lib/python3.8/site-packages/four_team_ex_stuck
[3.231s] copying /home/swarm-team/ros2_ws/build/four_team_ex_stuck/build/lib/four_team_ex_stuck/ex_controller_014_src.py -> /home/swarm-team/ros2_ws/install/four_team_ex_stuck/lib/python3.8/site-packages/four_team_ex_stuck
[3.231s] copying /home/swarm-team/ros2_ws/build/four_team_ex_stuck/build/lib/four_team_ex_stuck/ex_communication_010_src.py -> /home/swarm-team/ros2_ws/install/four_team_ex_stuck/lib/python3.8/site-packages/four_team_ex_stuck
[3.231s] copying /home/swarm-team/ros2_ws/build/four_team_ex_stuck/build/lib/four_team_ex_stuck/ex_communication_src.py -> /home/swarm-team/ros2_ws/install/four_team_ex_stuck/lib/python3.8/site-packages/four_team_ex_stuck
[3.232s] copying /home/swarm-team/ros2_ws/build/four_team_ex_stuck/build/lib/four_team_ex_stuck/ex_controller_src.py -> /home/swarm-team/ros2_ws/install/four_team_ex_stuck/lib/python3.8/site-packages/four_team_ex_stuck
[3.232s] copying /home/swarm-team/ros2_ws/build/four_team_ex_stuck/build/lib/four_team_ex_stuck/__init__.py -> /home/swarm-team/ros2_ws/install/four_team_ex_stuck/lib/python3.8/site-packages/four_team_ex_stuck
[3.232s] copying /home/swarm-team/ros2_ws/build/four_team_ex_stuck/build/lib/four_team_ex_stuck/ex_controller_011_src.py -> /home/swarm-team/ros2_ws/install/four_team_ex_stuck/lib/python3.8/site-packages/four_team_ex_stuck
[3.232s] copying /home/swarm-team/ros2_ws/build/four_team_ex_stuck/build/lib/four_team_ex_stuck/ex_controller_013_src.py -> /home/swarm-team/ros2_ws/install/four_team_ex_stuck/lib/python3.8/site-packages/four_team_ex_stuck
[3.232s] copying /home/swarm-team/ros2_ws/build/four_team_ex_stuck/build/lib/four_team_ex_stuck/ex_communication_015_src.py -> /home/swarm-team/ros2_ws/install/four_team_ex_stuck/lib/python3.8/site-packages/four_team_ex_stuck
[3.232s] copying /home/swarm-team/ros2_ws/build/four_team_ex_stuck/build/lib/four_team_ex_stuck/ex_controller_015_src.py -> /home/swarm-team/ros2_ws/install/four_team_ex_stuck/lib/python3.8/site-packages/four_team_ex_stuck
[3.232s] byte-compiling /home/swarm-team/ros2_ws/install/four_team_ex_stuck/lib/python3.8/site-packages/four_team_ex_stuck/ex_communication_011_src.py to ex_communication_011_src.cpython-38.pyc
[3.233s] byte-compiling /home/swarm-team/ros2_ws/install/four_team_ex_stuck/lib/python3.8/site-packages/four_team_ex_stuck/ex_communication_014_src.py to ex_communication_014_src.cpython-38.pyc
[3.234s] byte-compiling /home/swarm-team/ros2_ws/install/four_team_ex_stuck/lib/python3.8/site-packages/four_team_ex_stuck/ex_communication_013_src.py to ex_communication_013_src.cpython-38.pyc
[3.234s] byte-compiling /home/swarm-team/ros2_ws/install/four_team_ex_stuck/lib/python3.8/site-packages/four_team_ex_stuck/ex_controller_010_src.py to ex_controller_010_src.cpython-38.pyc
[3.238s] byte-compiling /home/swarm-team/ros2_ws/install/four_team_ex_stuck/lib/python3.8/site-packages/four_team_ex_stuck/ex_controller_014_src.py to ex_controller_014_src.cpython-38.pyc
[3.238s] byte-compiling /home/swarm-team/ros2_ws/install/four_team_ex_stuck/lib/python3.8/site-packages/four_team_ex_stuck/ex_communication_010_src.py to ex_communication_010_src.cpython-38.pyc
[3.238s] byte-compiling /home/swarm-team/ros2_ws/install/four_team_ex_stuck/lib/python3.8/site-packages/four_team_ex_stuck/ex_communication_src.py to ex_communication_src.cpython-38.pyc
[3.239s] byte-compiling /home/swarm-team/ros2_ws/install/four_team_ex_stuck/lib/python3.8/site-packages/four_team_ex_stuck/ex_controller_src.py to ex_controller_src.cpython-38.pyc
[3.242s] byte-compiling /home/swarm-team/ros2_ws/install/four_team_ex_stuck/lib/python3.8/site-packages/four_team_ex_stuck/__init__.py to __init__.cpython-38.pyc
[3.242s] byte-compiling /home/swarm-team/ros2_ws/install/four_team_ex_stuck/lib/python3.8/site-packages/four_team_ex_stuck/ex_controller_011_src.py to ex_controller_011_src.cpython-38.pyc
[3.242s] byte-compiling /home/swarm-team/ros2_ws/install/four_team_ex_stuck/lib/python3.8/site-packages/four_team_ex_stuck/ex_controller_013_src.py to ex_controller_013_src.cpython-38.pyc
[3.242s] byte-compiling /home/swarm-team/ros2_ws/install/four_team_ex_stuck/lib/python3.8/site-packages/four_team_ex_stuck/ex_communication_015_src.py to ex_communication_015_src.cpython-38.pyc
[3.243s] byte-compiling /home/swarm-team/ros2_ws/install/four_team_ex_stuck/lib/python3.8/site-packages/four_team_ex_stuck/ex_controller_015_src.py to ex_controller_015_src.cpython-38.pyc
[3.245s] running install_data
[3.245s] running install_egg_info
[3.248s] Copying ../../build/four_team_ex_stuck/four_team_ex_stuck.egg-info to /home/swarm-team/ros2_ws/install/four_team_ex_stuck/lib/python3.8/site-packages/four_team_ex_stuck-0.0.0-py3.8.egg-info
[3.248s] running install_scripts
[3.263s] Installing ex_communication_000 script to /home/swarm-team/ros2_ws/install/four_team_ex_stuck/lib/four_team_ex_stuck
[3.263s] Installing ex_communication_001 script to /home/swarm-team/ros2_ws/install/four_team_ex_stuck/lib/four_team_ex_stuck
[3.263s] Installing ex_communication_003 script to /home/swarm-team/ros2_ws/install/four_team_ex_stuck/lib/four_team_ex_stuck
[3.263s] Installing ex_communication_004 script to /home/swarm-team/ros2_ws/install/four_team_ex_stuck/lib/four_team_ex_stuck
[3.263s] Installing ex_communication_005 script to /home/swarm-team/ros2_ws/install/four_team_ex_stuck/lib/four_team_ex_stuck
[3.263s] Installing ex_communication_test script to /home/swarm-team/ros2_ws/install/four_team_ex_stuck/lib/four_team_ex_stuck
[3.263s] Installing ex_controller_000 script to /home/swarm-team/ros2_ws/install/four_team_ex_stuck/lib/four_team_ex_stuck
[3.263s] Installing ex_controller_001 script to /home/swarm-team/ros2_ws/install/four_team_ex_stuck/lib/four_team_ex_stuck
[3.263s] Installing ex_controller_003 script to /home/swarm-team/ros2_ws/install/four_team_ex_stuck/lib/four_team_ex_stuck
[3.263s] Installing ex_controller_004 script to /home/swarm-team/ros2_ws/install/four_team_ex_stuck/lib/four_team_ex_stuck
[3.263s] Installing ex_controller_005 script to /home/swarm-team/ros2_ws/install/four_team_ex_stuck/lib/four_team_ex_stuck
[3.263s] Installing ex_controller_test script to /home/swarm-team/ros2_ws/install/four_team_ex_stuck/lib/four_team_ex_stuck
[3.263s] writing list of installed files to '/home/swarm-team/ros2_ws/build/four_team_ex_stuck/install.log'
[3.278s] Invoked command in '/home/swarm-team/ros2_ws/src/four_team_ex_stuck' returned '0': PYTHONPATH=/home/swarm-team/ros2_ws/build/four_team_ex_stuck/prefix_override:/home/swarm-team/ros2_ws/install/four_team_ex_stuck/lib/python3.8/site-packages:${PYTHONPATH} /usr/bin/python3 setup.py egg_info --egg-base ../../build/four_team_ex_stuck build --build-base /home/swarm-team/ros2_ws/build/four_team_ex_stuck/build install --record /home/swarm-team/ros2_ws/build/four_team_ex_stuck/install.log --install-scripts $base/lib/four_team_ex_stuck --single-version-externally-managed
