running develop
running egg_info
writing four_team_du_cnp.egg-info/PKG-INFO
writing dependency_links to four_team_du_cnp.egg-info/dependency_links.txt
writing entry points to four_team_du_cnp.egg-info/entry_points.txt
writing requirements to four_team_du_cnp.egg-info/requires.txt
writing top-level names to four_team_du_cnp.egg-info/top_level.txt
reading manifest file 'four_team_du_cnp.egg-info/SOURCES.txt'
writing manifest file 'four_team_du_cnp.egg-info/SOURCES.txt'
running build_ext
Creating /home/swarm-team/ros2_ws/install/four_team_du_cnp/lib/python3.8/site-packages/four-team-du-cnp.egg-link (link to .)
Installing du_communication_010 script to /home/swarm-team/ros2_ws/install/four_team_du_cnp/lib/four_team_du_cnp
Installing du_communication_011 script to /home/swarm-team/ros2_ws/install/four_team_du_cnp/lib/four_team_du_cnp
Installing du_communication_012 script to /home/swarm-team/ros2_ws/install/four_team_du_cnp/lib/four_team_du_cnp
Installing du_communication_013 script to /home/swarm-team/ros2_ws/install/four_team_du_cnp/lib/four_team_du_cnp
Installing du_communication_014 script to /home/swarm-team/ros2_ws/install/four_team_du_cnp/lib/four_team_du_cnp
Installing du_communication_015 script to /home/swarm-team/ros2_ws/install/four_team_du_cnp/lib/four_team_du_cnp
Installing du_communication_016 script to /home/swarm-team/ros2_ws/install/four_team_du_cnp/lib/four_team_du_cnp
Installing du_communication_017 script to /home/swarm-team/ros2_ws/install/four_team_du_cnp/lib/four_team_du_cnp
Installing du_communication_018 script to /home/swarm-team/ros2_ws/install/four_team_du_cnp/lib/four_team_du_cnp
Installing du_communication_019 script to /home/swarm-team/ros2_ws/install/four_team_du_cnp/lib/four_team_du_cnp
Installing du_communication_020 script to /home/swarm-team/ros2_ws/install/four_team_du_cnp/lib/four_team_du_cnp
Installing du_communication_021 script to /home/swarm-team/ros2_ws/install/four_team_du_cnp/lib/four_team_du_cnp
Installing du_communication_022 script to /home/swarm-team/ros2_ws/install/four_team_du_cnp/lib/four_team_du_cnp
Installing du_communication_023 script to /home/swarm-team/ros2_ws/install/four_team_du_cnp/lib/four_team_du_cnp
Installing du_communication_024 script to /home/swarm-team/ros2_ws/install/four_team_du_cnp/lib/four_team_du_cnp
Installing du_communication_025 script to /home/swarm-team/ros2_ws/install/four_team_du_cnp/lib/four_team_du_cnp
Installing du_communication_080 script to /home/swarm-team/ros2_ws/install/four_team_du_cnp/lib/four_team_du_cnp
Installing du_controller_010 script to /home/swarm-team/ros2_ws/install/four_team_du_cnp/lib/four_team_du_cnp
Installing du_controller_011 script to /home/swarm-team/ros2_ws/install/four_team_du_cnp/lib/four_team_du_cnp
Installing du_controller_012 script to /home/swarm-team/ros2_ws/install/four_team_du_cnp/lib/four_team_du_cnp
Installing du_controller_013 script to /home/swarm-team/ros2_ws/install/four_team_du_cnp/lib/four_team_du_cnp
Installing du_controller_014 script to /home/swarm-team/ros2_ws/install/four_team_du_cnp/lib/four_team_du_cnp
Installing du_controller_015 script to /home/swarm-team/ros2_ws/install/four_team_du_cnp/lib/four_team_du_cnp
Installing du_controller_016 script to /home/swarm-team/ros2_ws/install/four_team_du_cnp/lib/four_team_du_cnp
Installing du_controller_017 script to /home/swarm-team/ros2_ws/install/four_team_du_cnp/lib/four_team_du_cnp
Installing du_controller_018 script to /home/swarm-team/ros2_ws/install/four_team_du_cnp/lib/four_team_du_cnp
Installing du_controller_019 script to /home/swarm-team/ros2_ws/install/four_team_du_cnp/lib/four_team_du_cnp
Installing du_controller_020 script to /home/swarm-team/ros2_ws/install/four_team_du_cnp/lib/four_team_du_cnp
Installing du_controller_021 script to /home/swarm-team/ros2_ws/install/four_team_du_cnp/lib/four_team_du_cnp
Installing du_controller_022 script to /home/swarm-team/ros2_ws/install/four_team_du_cnp/lib/four_team_du_cnp
Installing du_controller_023 script to /home/swarm-team/ros2_ws/install/four_team_du_cnp/lib/four_team_du_cnp
Installing du_controller_024 script to /home/swarm-team/ros2_ws/install/four_team_du_cnp/lib/four_team_du_cnp
Installing du_controller_025 script to /home/swarm-team/ros2_ws/install/four_team_du_cnp/lib/four_team_du_cnp
Installing du_controller_080 script to /home/swarm-team/ros2_ws/install/four_team_du_cnp/lib/four_team_du_cnp

Installed /home/swarm-team/ros2_ws/build/four_team_du_cnp
running install_data
copying launch/du.launch.py -> /home/swarm-team/ros2_ws/install/four_team_du_cnp/share/four_team_du_cnp
