[0.109s] Invoking command in '/home/swarm-team/ros2_ws/build/dump_messages': CMAKE_PREFIX_PATH=${CMAKE_PREFIX_PATH}:/home/swarm-team/ros2_ws/install/two_team_ex_test:/home/swarm-team/ros2_ws/install/two_team_ex_stuck:/home/swarm-team/ros2_ws/install/two_team_du_test:/home/swarm-team/ros2_ws/install/two_team_du_stuck:/home/swarm-team/ros2_ws/install/three_team_ex_stuck:/home/swarm-team/ros2_ws/install/three_team_du_stuck:/home/swarm-team/ros2_ws/install/testplay:/home/swarm-team/ros2_ws/install/six_team_ex_stuck:/home/swarm-team/ros2_ws/install/six_team_du_stuck:/home/swarm-team/ros2_ws/install/single_ex_sim_pkg_master:/home/swarm-team/ros2_ws/install/single_ex_sim_pkg:/home/swarm-team/ros2_ws/install/one_team_ex_stuck:/home/swarm-team/ros2_ws/install/one_team_ex_base_master:/home/swarm-team/ros2_ws/install/one_team_du_stuck:/home/swarm-team/ros2_ws/install/one_team_du_base_master:/home/swarm-team/ros2_ws/install/multi_du_udpcomm_02_pkg:/home/swarm-team/ros2_ws/install/multi_du_udpcomm_01_pkg:/home/swarm-team/ros2_ws/install/four_team_ex_stuck:/home/swarm-team/ros2_ws/install/four_team_du_stuck:/opt/ros/foxy /usr/bin/cmake --build /home/swarm-team/ros2_ws/build/dump_messages -- -j20 -l20
[2.552s] -- Found ament_cmake: 0.9.11 (/opt/ros/foxy/share/ament_cmake/cmake)
[2.552s] -- Found PythonInterp: /usr/bin/python3 (found suitable version "3.8.10", minimum required is "3") 
[2.552s] -- Using PYTHON_EXECUTABLE: /usr/bin/python3
[2.552s] -- Override CMake install command with custom implementation using symlinks instead of copying resources
[2.552s] -- Found geometry_msgs: 2.0.5 (/opt/ros/foxy/share/geometry_msgs/cmake)
[2.552s] -- Using all available rosidl_typesupport_c: rosidl_typesupport_fastrtps_c;rosidl_typesupport_introspection_c
[2.552s] -- Found rosidl_adapter: 1.3.0 (/opt/ros/foxy/share/rosidl_adapter/cmake)
[2.552s] -- Using all available rosidl_typesupport_cpp: rosidl_typesupport_fastrtps_cpp;rosidl_typesupport_introspection_cpp
[2.552s] -- Found rosidl_default_generators: 1.0.1 (/opt/ros/foxy/share/rosidl_default_generators/cmake)
[2.552s] -- Found PythonInterp: /usr/bin/python3 (found version "3.8.10") 
[2.552s] -- Found ament_cmake_ros: 0.9.2 (/opt/ros/foxy/share/ament_cmake_ros/cmake)
[2.552s] -- Using all available rosidl_typesupport_c: rosidl_typesupport_fastrtps_c;rosidl_typesupport_introspection_c
[2.552s] -- Using all available rosidl_typesupport_cpp: rosidl_typesupport_fastrtps_cpp;rosidl_typesupport_introspection_cpp
[2.552s] -- Found PythonInterp: /usr/bin/python3 (found suitable version "3.8.10", minimum required is "3.5") 
[2.552s] -- Found python_cmake_module: 0.8.1 (/opt/ros/foxy/share/python_cmake_module/cmake)
[2.552s] -- Using PYTHON_EXECUTABLE: /usr/bin/python3
[2.552s] -- Using PYTHON_INCLUDE_DIRS: /usr/include/python3.8
[2.552s] -- Using PYTHON_LIBRARIES: /usr/lib/x86_64-linux-gnu/libpython3.8.so
[2.552s] -- Found ament_lint_auto: 0.9.7 (/opt/ros/foxy/share/ament_lint_auto/cmake)
[2.552s] -- Added test 'copyright' to check source files copyright and LICENSE
[2.552s] -- Added test 'lint_cmake' to check CMake code style
[2.552s] -- Added test 'xmllint' to check XML markup files
[2.552s] -- Configuring done
[2.552s] -- Generating done
[2.552s] -- Build files have been written to: /home/swarm-team/ros2_ws/build/dump_messages
[2.552s] [  3%] [34m[1mGenerating C code for ROS interfaces[0m
[2.552s] [  6%] [34m[1mGenerating C++ code for ROS interfaces[0m
[2.552s] [35m[1mScanning dependencies of target dump_messages__rosidl_generator_c[0m
[2.552s] [  6%] Built target dump_messages__cpp
[2.552s] [  9%] [34m[1mGenerating C++ type support dispatch for ROS interfaces[0m
[2.552s] [ 12%] [32mBuilding C object CMakeFiles/dump_messages__rosidl_generator_c.dir/rosidl_generator_c/dump_messages/msg/detail/dump_cnp__functions.c.o[0m
[2.552s] [ 16%] [34m[1mGenerating C++ type support for eProsima Fast-RTPS[0m
[2.552s] [ 19%] [34m[1mGenerating C++ introspection for ROS interfaces[0m
[2.552s] [ 22%] [32m[1mLinking C shared library libdump_messages__rosidl_generator_c.so[0m
[2.553s] [ 22%] Built target dump_messages__rosidl_generator_c
[2.553s] [ 29%] [34m[1mGenerating C introspection for ROS interfaces[0m
[2.553s] [ 29%] [34m[1mGenerating C type support dispatch for ROS interfaces[0m
[2.553s] [35m[1mScanning dependencies of target dump_messages__rosidl_typesupport_cpp[0m
[2.553s] [ 32%] [32mBuilding CXX object CMakeFiles/dump_messages__rosidl_typesupport_cpp.dir/rosidl_typesupport_cpp/dump_messages/msg/dump_cnp__type_support.cpp.o[0m
[2.553s] [35m[1mScanning dependencies of target dump_messages__rosidl_typesupport_introspection_cpp[0m
[2.553s] [35m[1mScanning dependencies of target dump_messages__rosidl_typesupport_fastrtps_cpp[0m
[2.553s] [ 35%] [32mBuilding CXX object CMakeFiles/dump_messages__rosidl_typesupport_introspection_cpp.dir/rosidl_typesupport_introspection_cpp/dump_messages/msg/detail/dump_cnp__type_support.cpp.o[0m
[2.553s] [ 38%] [32mBuilding CXX object CMakeFiles/dump_messages__rosidl_typesupport_fastrtps_cpp.dir/rosidl_typesupport_fastrtps_cpp/dump_messages/msg/detail/dds_fastrtps/dump_cnp__type_support.cpp.o[0m
[2.553s] [35m[1mScanning dependencies of target dump_messages__rosidl_typesupport_c[0m
[2.553s] [ 41%] [32mBuilding CXX object CMakeFiles/dump_messages__rosidl_typesupport_c.dir/rosidl_typesupport_c/dump_messages/msg/dump_cnp__type_support.cpp.o[0m
[2.553s] [35m[1mScanning dependencies of target dump_messages__rosidl_typesupport_introspection_c[0m
[2.553s] [ 45%] [32mBuilding C object CMakeFiles/dump_messages__rosidl_typesupport_introspection_c.dir/rosidl_typesupport_introspection_c/dump_messages/msg/detail/dump_cnp__type_support.c.o[0m
[2.553s] [ 48%] [32m[1mLinking CXX shared library libdump_messages__rosidl_typesupport_c.so[0m
[2.553s] [ 51%] [32m[1mLinking C shared library libdump_messages__rosidl_typesupport_introspection_c.so[0m
[2.553s] [ 51%] Built target dump_messages__rosidl_typesupport_c
[2.553s] [ 51%] Built target dump_messages__rosidl_typesupport_introspection_c
[2.553s] [ 54%] [32m[1mLinking CXX shared library libdump_messages__rosidl_typesupport_cpp.so[0m
[2.553s] [ 58%] [32m[1mLinking CXX shared library libdump_messages__rosidl_typesupport_introspection_cpp.so[0m
[2.553s] [ 58%] Built target dump_messages__rosidl_typesupport_cpp
[2.553s] [ 58%] Built target dump_messages__rosidl_typesupport_introspection_cpp
[2.553s] [ 61%] [32m[1mLinking CXX shared library libdump_messages__rosidl_typesupport_fastrtps_cpp.so[0m
[2.553s] [ 61%] Built target dump_messages__rosidl_typesupport_fastrtps_cpp
[2.553s] [ 64%] [34m[1mGenerating C type support for eProsima Fast-RTPS[0m
[2.553s] [35m[1mScanning dependencies of target dump_messages__rosidl_typesupport_fastrtps_c[0m
[2.553s] [ 67%] [32mBuilding CXX object CMakeFiles/dump_messages__rosidl_typesupport_fastrtps_c.dir/rosidl_typesupport_fastrtps_c/dump_messages/msg/detail/dump_cnp__type_support_c.cpp.o[0m
[2.553s] [ 70%] [32m[1mLinking CXX shared library libdump_messages__rosidl_typesupport_fastrtps_c.so[0m
[2.553s] [ 70%] Built target dump_messages__rosidl_typesupport_fastrtps_c
[2.553s] [ 70%] Built target dump_messages
[2.553s] [ 74%] [34m[1mGenerating Python code for ROS interfaces[0m
[2.553s] [ 74%] Built target dump_messages__py
[2.553s] [35m[1mScanning dependencies of target dump_messages__python[0m
[2.553s] [ 77%] [32mBuilding C object CMakeFiles/dump_messages__python.dir/rosidl_generator_py/dump_messages/msg/_dump_cnp_s.c.o[0m
[2.553s] [ 80%] [32m[1mLinking C shared library rosidl_generator_py/dump_messages/libdump_messages__python.so[0m
[2.553s] [ 80%] Built target dump_messages__python
[2.553s] [35m[1mScanning dependencies of target dump_messages__rosidl_typesupport_fastrtps_c__pyext[0m
[2.553s] [35m[1mScanning dependencies of target dump_messages__rosidl_typesupport_introspection_c__pyext[0m
[2.554s] [35m[1mScanning dependencies of target dump_messages__rosidl_typesupport_c__pyext[0m
[2.554s] [ 87%] [32mBuilding C object CMakeFiles/dump_messages__rosidl_typesupport_c__pyext.dir/rosidl_generator_py/dump_messages/_dump_messages_s.ep.rosidl_typesupport_c.c.o[0m
[2.554s] [ 87%] [32mBuilding C object CMakeFiles/dump_messages__rosidl_typesupport_introspection_c__pyext.dir/rosidl_generator_py/dump_messages/_dump_messages_s.ep.rosidl_typesupport_introspection_c.c.o[0m
[2.554s] [ 90%] [32mBuilding C object CMakeFiles/dump_messages__rosidl_typesupport_fastrtps_c__pyext.dir/rosidl_generator_py/dump_messages/_dump_messages_s.ep.rosidl_typesupport_fastrtps_c.c.o[0m
[2.554s] [100%] [32m[1mLinking C shared library rosidl_generator_py/dump_messages/dump_messages_s__rosidl_typesupport_introspection_c.cpython-38-x86_64-linux-gnu.so[0m
[2.554s] [100%] [32m[1mLinking C shared library rosidl_generator_py/dump_messages/dump_messages_s__rosidl_typesupport_c.cpython-38-x86_64-linux-gnu.so[0m
[2.554s] [100%] [32m[1mLinking CXX shared library rosidl_generator_py/dump_messages/dump_messages_s__rosidl_typesupport_fastrtps_c.cpython-38-x86_64-linux-gnu.so[0m
[2.554s] [100%] Built target dump_messages__rosidl_typesupport_c__pyext
[2.554s] [100%] Built target dump_messages__rosidl_typesupport_introspection_c__pyext
[2.554s] [100%] Built target dump_messages__rosidl_typesupport_fastrtps_c__pyext
[2.555s] Invoked command in '/home/swarm-team/ros2_ws/build/dump_messages' returned '0': CMAKE_PREFIX_PATH=${CMAKE_PREFIX_PATH}:/home/swarm-team/ros2_ws/install/two_team_ex_test:/home/swarm-team/ros2_ws/install/two_team_ex_stuck:/home/swarm-team/ros2_ws/install/two_team_du_test:/home/swarm-team/ros2_ws/install/two_team_du_stuck:/home/swarm-team/ros2_ws/install/three_team_ex_stuck:/home/swarm-team/ros2_ws/install/three_team_du_stuck:/home/swarm-team/ros2_ws/install/testplay:/home/swarm-team/ros2_ws/install/six_team_ex_stuck:/home/swarm-team/ros2_ws/install/six_team_du_stuck:/home/swarm-team/ros2_ws/install/single_ex_sim_pkg_master:/home/swarm-team/ros2_ws/install/single_ex_sim_pkg:/home/swarm-team/ros2_ws/install/one_team_ex_stuck:/home/swarm-team/ros2_ws/install/one_team_ex_base_master:/home/swarm-team/ros2_ws/install/one_team_du_stuck:/home/swarm-team/ros2_ws/install/one_team_du_base_master:/home/swarm-team/ros2_ws/install/multi_du_udpcomm_02_pkg:/home/swarm-team/ros2_ws/install/multi_du_udpcomm_01_pkg:/home/swarm-team/ros2_ws/install/four_team_ex_stuck:/home/swarm-team/ros2_ws/install/four_team_du_stuck:/opt/ros/foxy /usr/bin/cmake --build /home/swarm-team/ros2_ws/build/dump_messages -- -j20 -l20
[2.637s] Invoking command in '/home/swarm-team/ros2_ws/build/dump_messages': CMAKE_PREFIX_PATH=${CMAKE_PREFIX_PATH}:/home/swarm-team/ros2_ws/install/two_team_ex_test:/home/swarm-team/ros2_ws/install/two_team_ex_stuck:/home/swarm-team/ros2_ws/install/two_team_du_test:/home/swarm-team/ros2_ws/install/two_team_du_stuck:/home/swarm-team/ros2_ws/install/three_team_ex_stuck:/home/swarm-team/ros2_ws/install/three_team_du_stuck:/home/swarm-team/ros2_ws/install/testplay:/home/swarm-team/ros2_ws/install/six_team_ex_stuck:/home/swarm-team/ros2_ws/install/six_team_du_stuck:/home/swarm-team/ros2_ws/install/single_ex_sim_pkg_master:/home/swarm-team/ros2_ws/install/single_ex_sim_pkg:/home/swarm-team/ros2_ws/install/one_team_ex_stuck:/home/swarm-team/ros2_ws/install/one_team_ex_base_master:/home/swarm-team/ros2_ws/install/one_team_du_stuck:/home/swarm-team/ros2_ws/install/one_team_du_base_master:/home/swarm-team/ros2_ws/install/multi_du_udpcomm_02_pkg:/home/swarm-team/ros2_ws/install/multi_du_udpcomm_01_pkg:/home/swarm-team/ros2_ws/install/four_team_ex_stuck:/home/swarm-team/ros2_ws/install/four_team_du_stuck:/opt/ros/foxy /usr/bin/cmake --install /home/swarm-team/ros2_ws/build/dump_messages
[2.652s] -- Install configuration: ""
[2.652s] -- Execute custom install script
[2.652s] -- Up-to-date symlink: /home/swarm-team/ros2_ws/install/dump_messages/share/ament_index/resource_index/rosidl_interfaces/dump_messages
[2.652s] -- Up-to-date symlink: /home/swarm-team/ros2_ws/install/dump_messages/include/dump_messages/msg/detail/dump_cnp__functions.h
[2.652s] -- Up-to-date symlink: /home/swarm-team/ros2_ws/install/dump_messages/include/dump_messages/msg/detail/dump_cnp__struct.h
[2.652s] -- Up-to-date symlink: /home/swarm-team/ros2_ws/install/dump_messages/include/dump_messages/msg/detail/dump_cnp__type_support.h
[2.652s] -- Up-to-date symlink: /home/swarm-team/ros2_ws/install/dump_messages/include/dump_messages/msg/dump_cnp.h
[2.653s] -- Up-to-date symlink: /home/swarm-team/ros2_ws/install/dump_messages/include/dump_messages/msg/rosidl_generator_c__visibility_control.h
[2.653s] -- Up-to-date symlink: /home/swarm-team/ros2_ws/install/dump_messages/share/dump_messages/environment/library_path.sh
[2.653s] -- Up-to-date symlink: /home/swarm-team/ros2_ws/install/dump_messages/share/dump_messages/environment/library_path.dsv
[2.653s] -- Up-to-date symlink: /home/swarm-team/ros2_ws/install/dump_messages/include/dump_messages/msg/detail/dump_cnp__rosidl_typesupport_fastrtps_c.h
[2.653s] -- Up-to-date symlink: /home/swarm-team/ros2_ws/install/dump_messages/include/dump_messages/msg/rosidl_typesupport_fastrtps_c__visibility_control.h
[2.653s] -- Up-to-date symlink: /home/swarm-team/ros2_ws/install/dump_messages/lib/libdump_messages__rosidl_typesupport_fastrtps_c.so
[2.653s] -- Up-to-date symlink: /home/swarm-team/ros2_ws/install/dump_messages/include/dump_messages/msg/detail/dump_cnp__rosidl_typesupport_fastrtps_cpp.hpp
[2.653s] -- Up-to-date symlink: /home/swarm-team/ros2_ws/install/dump_messages/include/dump_messages/msg/rosidl_typesupport_fastrtps_cpp__visibility_control.h
[2.653s] -- Up-to-date symlink: /home/swarm-team/ros2_ws/install/dump_messages/lib/libdump_messages__rosidl_typesupport_fastrtps_cpp.so
[2.653s] -- Up-to-date symlink: /home/swarm-team/ros2_ws/install/dump_messages/include/dump_messages/msg/detail/dump_cnp__rosidl_typesupport_introspection_c.h
[2.653s] -- Up-to-date symlink: /home/swarm-team/ros2_ws/install/dump_messages/include/dump_messages/msg/rosidl_typesupport_introspection_c__visibility_control.h
[2.653s] -- Up-to-date symlink: /home/swarm-team/ros2_ws/install/dump_messages/include/dump_messages/msg/detail/dump_cnp__builder.hpp
[2.653s] -- Up-to-date symlink: /home/swarm-team/ros2_ws/install/dump_messages/include/dump_messages/msg/detail/dump_cnp__struct.hpp
[2.653s] -- Up-to-date symlink: /home/swarm-team/ros2_ws/install/dump_messages/include/dump_messages/msg/detail/dump_cnp__traits.hpp
[2.653s] -- Up-to-date symlink: /home/swarm-team/ros2_ws/install/dump_messages/include/dump_messages/msg/dump_cnp.hpp
[2.653s] -- Up-to-date symlink: /home/swarm-team/ros2_ws/install/dump_messages/include/dump_messages/msg/detail/dump_cnp__rosidl_typesupport_introspection_cpp.hpp
[2.654s] -- Up-to-date symlink: /home/swarm-team/ros2_ws/install/dump_messages/share/dump_messages/environment/pythonpath.sh
[2.654s] -- Up-to-date symlink: /home/swarm-team/ros2_ws/install/dump_messages/share/dump_messages/environment/pythonpath.dsv
[2.654s] -- Up-to-date symlink: /home/swarm-team/ros2_ws/install/dump_messages/lib/python3.8/site-packages/dump_messages/__init__.py
[2.654s] -- Up-to-date symlink: /home/swarm-team/ros2_ws/install/dump_messages/lib/python3.8/site-packages/dump_messages/msg/__init__.py
[2.654s] -- Up-to-date symlink: /home/swarm-team/ros2_ws/install/dump_messages/lib/python3.8/site-packages/dump_messages/msg/_dump_cnp.py
[2.655s] -- Up-to-date symlink: /home/swarm-team/ros2_ws/install/dump_messages/lib/python3.8/site-packages/dump_messages/dump_messages_s__rosidl_typesupport_fastrtps_c.cpython-38-x86_64-linux-gnu.so
[2.655s] -- Up-to-date symlink: /home/swarm-team/ros2_ws/install/dump_messages/lib/python3.8/site-packages/dump_messages/dump_messages_s__rosidl_typesupport_introspection_c.cpython-38-x86_64-linux-gnu.so
[2.656s] -- Up-to-date symlink: /home/swarm-team/ros2_ws/install/dump_messages/lib/python3.8/site-packages/dump_messages/dump_messages_s__rosidl_typesupport_c.cpython-38-x86_64-linux-gnu.so
[2.656s] -- Up-to-date symlink: /home/swarm-team/ros2_ws/install/dump_messages/lib/libdump_messages__python.so
[2.656s] -- Up-to-date symlink: /home/swarm-team/ros2_ws/install/dump_messages/share/dump_messages/msg/DumpCNP.idl
[2.656s] -- Up-to-date symlink: /home/swarm-team/ros2_ws/install/dump_messages/share/dump_messages/msg/DumpCNP.msg
[2.657s] -- Up-to-date symlink: /home/swarm-team/ros2_ws/install/dump_messages/share/ament_index/resource_index/package_run_dependencies/dump_messages
[2.657s] -- Up-to-date symlink: /home/swarm-team/ros2_ws/install/dump_messages/share/ament_index/resource_index/parent_prefix_path/dump_messages
[2.657s] -- Up-to-date symlink: /home/swarm-team/ros2_ws/install/dump_messages/share/dump_messages/environment/ament_prefix_path.sh
[2.657s] -- Up-to-date symlink: /home/swarm-team/ros2_ws/install/dump_messages/share/dump_messages/environment/ament_prefix_path.dsv
[2.658s] -- Up-to-date symlink: /home/swarm-team/ros2_ws/install/dump_messages/share/dump_messages/environment/path.sh
[2.658s] -- Up-to-date symlink: /home/swarm-team/ros2_ws/install/dump_messages/share/dump_messages/environment/path.dsv
[2.658s] -- Up-to-date symlink: /home/swarm-team/ros2_ws/install/dump_messages/share/dump_messages/local_setup.bash
[2.658s] -- Up-to-date symlink: /home/swarm-team/ros2_ws/install/dump_messages/share/dump_messages/local_setup.sh
[2.658s] -- Up-to-date symlink: /home/swarm-team/ros2_ws/install/dump_messages/share/dump_messages/local_setup.zsh
[2.659s] -- Up-to-date symlink: /home/swarm-team/ros2_ws/install/dump_messages/share/dump_messages/local_setup.dsv
[2.659s] -- Symlinking: /home/swarm-team/ros2_ws/install/dump_messages/share/dump_messages/package.dsv
[2.681s] -- Up-to-date symlink: /home/swarm-team/ros2_ws/install/dump_messages/share/ament_index/resource_index/packages/dump_messages
[2.682s] -- Up-to-date symlink: /home/swarm-team/ros2_ws/install/dump_messages/share/dump_messages/cmake/rosidl_cmake-extras.cmake
[2.682s] -- Up-to-date symlink: /home/swarm-team/ros2_ws/install/dump_messages/share/dump_messages/cmake/ament_cmake_export_dependencies-extras.cmake
[2.682s] -- Up-to-date symlink: /home/swarm-team/ros2_ws/install/dump_messages/share/dump_messages/cmake/ament_cmake_export_libraries-extras.cmake
[2.682s] -- Up-to-date symlink: /home/swarm-team/ros2_ws/install/dump_messages/share/dump_messages/cmake/ament_cmake_export_targets-extras.cmake
[2.683s] -- Up-to-date symlink: /home/swarm-team/ros2_ws/install/dump_messages/share/dump_messages/cmake/ament_cmake_export_include_directories-extras.cmake
[2.683s] -- Up-to-date symlink: /home/swarm-team/ros2_ws/install/dump_messages/share/dump_messages/cmake/rosidl_cmake_export_typesupport_libraries-extras.cmake
[2.683s] -- Up-to-date symlink: /home/swarm-team/ros2_ws/install/dump_messages/share/dump_messages/cmake/rosidl_cmake_export_typesupport_targets-extras.cmake
[2.683s] -- Up-to-date symlink: /home/swarm-team/ros2_ws/install/dump_messages/share/dump_messages/cmake/dump_messagesConfig.cmake
[2.683s] -- Up-to-date symlink: /home/swarm-team/ros2_ws/install/dump_messages/share/dump_messages/cmake/dump_messagesConfig-version.cmake
[2.684s] -- Up-to-date symlink: /home/swarm-team/ros2_ws/install/dump_messages/share/dump_messages/package.xml
[2.684s] -- Installing: /home/swarm-team/ros2_ws/install/dump_messages/lib/libdump_messages__rosidl_generator_c.so
[2.684s] -- Set runtime path of "/home/swarm-team/ros2_ws/install/dump_messages/lib/libdump_messages__rosidl_generator_c.so" to ""
[2.684s] -- Installing: /home/swarm-team/ros2_ws/install/dump_messages/lib/libdump_messages__rosidl_typesupport_introspection_c.so
[2.685s] -- Set runtime path of "/home/swarm-team/ros2_ws/install/dump_messages/lib/libdump_messages__rosidl_typesupport_introspection_c.so" to ""
[2.685s] -- Installing: /home/swarm-team/ros2_ws/install/dump_messages/lib/libdump_messages__rosidl_typesupport_c.so
[2.685s] -- Set runtime path of "/home/swarm-team/ros2_ws/install/dump_messages/lib/libdump_messages__rosidl_typesupport_c.so" to ""
[2.685s] -- Installing: /home/swarm-team/ros2_ws/install/dump_messages/lib/libdump_messages__rosidl_typesupport_introspection_cpp.so
[2.686s] -- Set runtime path of "/home/swarm-team/ros2_ws/install/dump_messages/lib/libdump_messages__rosidl_typesupport_introspection_cpp.so" to ""
[2.686s] -- Installing: /home/swarm-team/ros2_ws/install/dump_messages/lib/libdump_messages__rosidl_typesupport_cpp.so
[2.686s] -- Set runtime path of "/home/swarm-team/ros2_ws/install/dump_messages/lib/libdump_messages__rosidl_typesupport_cpp.so" to ""
[2.753s] Compiling '/home/swarm-team/ros2_ws/install/dump_messages/lib/python3.8/site-packages/dump_messages/__init__.py'...
[2.758s] -- Up-to-date: /home/swarm-team/ros2_ws/install/dump_messages/share/dump_messages/cmake/dump_messages__rosidl_generator_cExport.cmake
[2.758s] -- Installing: /home/swarm-team/ros2_ws/install/dump_messages/share/dump_messages/cmake/dump_messages__rosidl_generator_cExport-noconfig.cmake
[2.758s] -- Up-to-date: /home/swarm-team/ros2_ws/install/dump_messages/share/dump_messages/cmake/dump_messages__rosidl_typesupport_introspection_cExport.cmake
[2.758s] -- Installing: /home/swarm-team/ros2_ws/install/dump_messages/share/dump_messages/cmake/dump_messages__rosidl_typesupport_introspection_cExport-noconfig.cmake
[2.758s] -- Up-to-date: /home/swarm-team/ros2_ws/install/dump_messages/share/dump_messages/cmake/dump_messages__rosidl_typesupport_cExport.cmake
[2.759s] -- Installing: /home/swarm-team/ros2_ws/install/dump_messages/share/dump_messages/cmake/dump_messages__rosidl_typesupport_cExport-noconfig.cmake
[2.759s] -- Up-to-date: /home/swarm-team/ros2_ws/install/dump_messages/share/dump_messages/cmake/dump_messages__rosidl_generator_cppExport.cmake
[2.759s] -- Up-to-date: /home/swarm-team/ros2_ws/install/dump_messages/share/dump_messages/cmake/dump_messages__rosidl_typesupport_introspection_cppExport.cmake
[2.759s] -- Installing: /home/swarm-team/ros2_ws/install/dump_messages/share/dump_messages/cmake/dump_messages__rosidl_typesupport_introspection_cppExport-noconfig.cmake
[2.759s] -- Up-to-date: /home/swarm-team/ros2_ws/install/dump_messages/share/dump_messages/cmake/dump_messages__rosidl_typesupport_cppExport.cmake
[2.759s] -- Installing: /home/swarm-team/ros2_ws/install/dump_messages/share/dump_messages/cmake/dump_messages__rosidl_typesupport_cppExport-noconfig.cmake
[2.774s] Invoked command in '/home/swarm-team/ros2_ws/build/dump_messages' returned '0': CMAKE_PREFIX_PATH=${CMAKE_PREFIX_PATH}:/home/swarm-team/ros2_ws/install/two_team_ex_test:/home/swarm-team/ros2_ws/install/two_team_ex_stuck:/home/swarm-team/ros2_ws/install/two_team_du_test:/home/swarm-team/ros2_ws/install/two_team_du_stuck:/home/swarm-team/ros2_ws/install/three_team_ex_stuck:/home/swarm-team/ros2_ws/install/three_team_du_stuck:/home/swarm-team/ros2_ws/install/testplay:/home/swarm-team/ros2_ws/install/six_team_ex_stuck:/home/swarm-team/ros2_ws/install/six_team_du_stuck:/home/swarm-team/ros2_ws/install/single_ex_sim_pkg_master:/home/swarm-team/ros2_ws/install/single_ex_sim_pkg:/home/swarm-team/ros2_ws/install/one_team_ex_stuck:/home/swarm-team/ros2_ws/install/one_team_ex_base_master:/home/swarm-team/ros2_ws/install/one_team_du_stuck:/home/swarm-team/ros2_ws/install/one_team_du_base_master:/home/swarm-team/ros2_ws/install/multi_du_udpcomm_02_pkg:/home/swarm-team/ros2_ws/install/multi_du_udpcomm_01_pkg:/home/swarm-team/ros2_ws/install/four_team_ex_stuck:/home/swarm-team/ros2_ws/install/four_team_du_stuck:/opt/ros/foxy /usr/bin/cmake --install /home/swarm-team/ros2_ws/build/dump_messages
