running develop
Removing /home/swarm-team/ros2_ws/install/three_team_ex_stuck/lib/python3.8/site-packages/three-team-ex-stuck.egg-link (link to .)
running egg_info
writing ../../build/three_team_ex_stuck/three_team_ex_stuck.egg-info/PKG-INFO
writing dependency_links to ../../build/three_team_ex_stuck/three_team_ex_stuck.egg-info/dependency_links.txt
writing entry points to ../../build/three_team_ex_stuck/three_team_ex_stuck.egg-info/entry_points.txt
writing requirements to ../../build/three_team_ex_stuck/three_team_ex_stuck.egg-info/requires.txt
writing top-level names to ../../build/three_team_ex_stuck/three_team_ex_stuck.egg-info/top_level.txt
reading manifest file '../../build/three_team_ex_stuck/three_team_ex_stuck.egg-info/SOURCES.txt'
writing manifest file '../../build/three_team_ex_stuck/three_team_ex_stuck.egg-info/SOURCES.txt'
running build
running build_py
creating /home/swarm-team/ros2_ws/build/three_team_ex_stuck/build
creating /home/swarm-team/ros2_ws/build/three_team_ex_stuck/build/lib
creating /home/swarm-team/ros2_ws/build/three_team_ex_stuck/build/lib/three_team_ex_stuck
copying three_team_ex_stuck/ex_communication_011_src.py -> /home/swarm-team/ros2_ws/build/three_team_ex_stuck/build/lib/three_team_ex_stuck
copying three_team_ex_stuck/ex_communication_014_src.py -> /home/swarm-team/ros2_ws/build/three_team_ex_stuck/build/lib/three_team_ex_stuck
copying three_team_ex_stuck/ex_communication_013_src.py -> /home/swarm-team/ros2_ws/build/three_team_ex_stuck/build/lib/three_team_ex_stuck
copying three_team_ex_stuck/ex_controller_010_src.py -> /home/swarm-team/ros2_ws/build/three_team_ex_stuck/build/lib/three_team_ex_stuck
copying three_team_ex_stuck/ex_controller_014_src.py -> /home/swarm-team/ros2_ws/build/three_team_ex_stuck/build/lib/three_team_ex_stuck
copying three_team_ex_stuck/ex_communication_010_src.py -> /home/swarm-team/ros2_ws/build/three_team_ex_stuck/build/lib/three_team_ex_stuck
copying three_team_ex_stuck/ex_communication_src.py -> /home/swarm-team/ros2_ws/build/three_team_ex_stuck/build/lib/three_team_ex_stuck
copying three_team_ex_stuck/ex_controller_src.py -> /home/swarm-team/ros2_ws/build/three_team_ex_stuck/build/lib/three_team_ex_stuck
copying three_team_ex_stuck/__init__.py -> /home/swarm-team/ros2_ws/build/three_team_ex_stuck/build/lib/three_team_ex_stuck
copying three_team_ex_stuck/ex_controller_011_src.py -> /home/swarm-team/ros2_ws/build/three_team_ex_stuck/build/lib/three_team_ex_stuck
copying three_team_ex_stuck/ex_controller_013_src.py -> /home/swarm-team/ros2_ws/build/three_team_ex_stuck/build/lib/three_team_ex_stuck
running install
running install_lib
creating /home/swarm-team/ros2_ws/install/three_team_ex_stuck/lib/python3.8/site-packages/three_team_ex_stuck
copying /home/swarm-team/ros2_ws/build/three_team_ex_stuck/build/lib/three_team_ex_stuck/ex_communication_011_src.py -> /home/swarm-team/ros2_ws/install/three_team_ex_stuck/lib/python3.8/site-packages/three_team_ex_stuck
copying /home/swarm-team/ros2_ws/build/three_team_ex_stuck/build/lib/three_team_ex_stuck/ex_communication_014_src.py -> /home/swarm-team/ros2_ws/install/three_team_ex_stuck/lib/python3.8/site-packages/three_team_ex_stuck
copying /home/swarm-team/ros2_ws/build/three_team_ex_stuck/build/lib/three_team_ex_stuck/ex_communication_013_src.py -> /home/swarm-team/ros2_ws/install/three_team_ex_stuck/lib/python3.8/site-packages/three_team_ex_stuck
copying /home/swarm-team/ros2_ws/build/three_team_ex_stuck/build/lib/three_team_ex_stuck/ex_controller_010_src.py -> /home/swarm-team/ros2_ws/install/three_team_ex_stuck/lib/python3.8/site-packages/three_team_ex_stuck
copying /home/swarm-team/ros2_ws/build/three_team_ex_stuck/build/lib/three_team_ex_stuck/ex_controller_014_src.py -> /home/swarm-team/ros2_ws/install/three_team_ex_stuck/lib/python3.8/site-packages/three_team_ex_stuck
copying /home/swarm-team/ros2_ws/build/three_team_ex_stuck/build/lib/three_team_ex_stuck/ex_communication_010_src.py -> /home/swarm-team/ros2_ws/install/three_team_ex_stuck/lib/python3.8/site-packages/three_team_ex_stuck
copying /home/swarm-team/ros2_ws/build/three_team_ex_stuck/build/lib/three_team_ex_stuck/ex_communication_src.py -> /home/swarm-team/ros2_ws/install/three_team_ex_stuck/lib/python3.8/site-packages/three_team_ex_stuck
copying /home/swarm-team/ros2_ws/build/three_team_ex_stuck/build/lib/three_team_ex_stuck/ex_controller_src.py -> /home/swarm-team/ros2_ws/install/three_team_ex_stuck/lib/python3.8/site-packages/three_team_ex_stuck
copying /home/swarm-team/ros2_ws/build/three_team_ex_stuck/build/lib/three_team_ex_stuck/__init__.py -> /home/swarm-team/ros2_ws/install/three_team_ex_stuck/lib/python3.8/site-packages/three_team_ex_stuck
copying /home/swarm-team/ros2_ws/build/three_team_ex_stuck/build/lib/three_team_ex_stuck/ex_controller_011_src.py -> /home/swarm-team/ros2_ws/install/three_team_ex_stuck/lib/python3.8/site-packages/three_team_ex_stuck
copying /home/swarm-team/ros2_ws/build/three_team_ex_stuck/build/lib/three_team_ex_stuck/ex_controller_013_src.py -> /home/swarm-team/ros2_ws/install/three_team_ex_stuck/lib/python3.8/site-packages/three_team_ex_stuck
byte-compiling /home/swarm-team/ros2_ws/install/three_team_ex_stuck/lib/python3.8/site-packages/three_team_ex_stuck/ex_communication_011_src.py to ex_communication_011_src.cpython-38.pyc
byte-compiling /home/swarm-team/ros2_ws/install/three_team_ex_stuck/lib/python3.8/site-packages/three_team_ex_stuck/ex_communication_014_src.py to ex_communication_014_src.cpython-38.pyc
byte-compiling /home/swarm-team/ros2_ws/install/three_team_ex_stuck/lib/python3.8/site-packages/three_team_ex_stuck/ex_communication_013_src.py to ex_communication_013_src.cpython-38.pyc
byte-compiling /home/swarm-team/ros2_ws/install/three_team_ex_stuck/lib/python3.8/site-packages/three_team_ex_stuck/ex_controller_010_src.py to ex_controller_010_src.cpython-38.pyc
byte-compiling /home/swarm-team/ros2_ws/install/three_team_ex_stuck/lib/python3.8/site-packages/three_team_ex_stuck/ex_controller_014_src.py to ex_controller_014_src.cpython-38.pyc
byte-compiling /home/swarm-team/ros2_ws/install/three_team_ex_stuck/lib/python3.8/site-packages/three_team_ex_stuck/ex_communication_010_src.py to ex_communication_010_src.cpython-38.pyc
byte-compiling /home/swarm-team/ros2_ws/install/three_team_ex_stuck/lib/python3.8/site-packages/three_team_ex_stuck/ex_communication_src.py to ex_communication_src.cpython-38.pyc
byte-compiling /home/swarm-team/ros2_ws/install/three_team_ex_stuck/lib/python3.8/site-packages/three_team_ex_stuck/ex_controller_src.py to ex_controller_src.cpython-38.pyc
byte-compiling /home/swarm-team/ros2_ws/install/three_team_ex_stuck/lib/python3.8/site-packages/three_team_ex_stuck/__init__.py to __init__.cpython-38.pyc
byte-compiling /home/swarm-team/ros2_ws/install/three_team_ex_stuck/lib/python3.8/site-packages/three_team_ex_stuck/ex_controller_011_src.py to ex_controller_011_src.cpython-38.pyc
byte-compiling /home/swarm-team/ros2_ws/install/three_team_ex_stuck/lib/python3.8/site-packages/three_team_ex_stuck/ex_controller_013_src.py to ex_controller_013_src.cpython-38.pyc
running install_data
running install_egg_info
Copying ../../build/three_team_ex_stuck/three_team_ex_stuck.egg-info to /home/swarm-team/ros2_ws/install/three_team_ex_stuck/lib/python3.8/site-packages/three_team_ex_stuck-0.0.0-py3.8.egg-info
running install_scripts
Installing ex_communication_000 script to /home/swarm-team/ros2_ws/install/three_team_ex_stuck/lib/three_team_ex_stuck
Installing ex_communication_001 script to /home/swarm-team/ros2_ws/install/three_team_ex_stuck/lib/three_team_ex_stuck
Installing ex_communication_003 script to /home/swarm-team/ros2_ws/install/three_team_ex_stuck/lib/three_team_ex_stuck
Installing ex_communication_004 script to /home/swarm-team/ros2_ws/install/three_team_ex_stuck/lib/three_team_ex_stuck
Installing ex_communication_test script to /home/swarm-team/ros2_ws/install/three_team_ex_stuck/lib/three_team_ex_stuck
Installing ex_controller_000 script to /home/swarm-team/ros2_ws/install/three_team_ex_stuck/lib/three_team_ex_stuck
Installing ex_controller_001 script to /home/swarm-team/ros2_ws/install/three_team_ex_stuck/lib/three_team_ex_stuck
Installing ex_controller_003 script to /home/swarm-team/ros2_ws/install/three_team_ex_stuck/lib/three_team_ex_stuck
Installing ex_controller_004 script to /home/swarm-team/ros2_ws/install/three_team_ex_stuck/lib/three_team_ex_stuck
Installing ex_controller_test script to /home/swarm-team/ros2_ws/install/three_team_ex_stuck/lib/three_team_ex_stuck
writing list of installed files to '/home/swarm-team/ros2_ws/build/three_team_ex_stuck/install.log'
