[2.603s] Invoking command in '/home/swarm-team/ros2_ws/build/three_team_ex_stuck': PYTHONPATH=/home/swarm-team/ros2_ws/build/three_team_ex_stuck/prefix_override:/home/swarm-team/ros2_ws/install/three_team_ex_stuck/lib/python3.8/site-packages:${PYTHONPATH} /usr/bin/python3 setup.py develop --uninstall --editable --build-directory /home/swarm-team/ros2_ws/build/three_team_ex_stuck/build
[2.917s] running develop
[3.019s] Removing /home/swarm-team/ros2_ws/install/three_team_ex_stuck/lib/python3.8/site-packages/three-team-ex-stuck.egg-link (link to .)
[3.053s] Invoked command in '/home/swarm-team/ros2_ws/build/three_team_ex_stuck' returned '0': PYTHONPATH=/home/swarm-team/ros2_ws/build/three_team_ex_stuck/prefix_override:/home/swarm-team/ros2_ws/install/three_team_ex_stuck/lib/python3.8/site-packages:${PYTHONPATH} /usr/bin/python3 setup.py develop --uninstall --editable --build-directory /home/swarm-team/ros2_ws/build/three_team_ex_stuck/build
[3.054s] Invoking command in '/home/swarm-team/ros2_ws/src/three_team_ex_stuck': PYTHONPATH=/home/swarm-team/ros2_ws/build/three_team_ex_stuck/prefix_override:/home/swarm-team/ros2_ws/install/three_team_ex_stuck/lib/python3.8/site-packages:${PYTHONPATH} /usr/bin/python3 setup.py egg_info --egg-base ../../build/three_team_ex_stuck build --build-base /home/swarm-team/ros2_ws/build/three_team_ex_stuck/build install --record /home/swarm-team/ros2_ws/build/three_team_ex_stuck/install.log --install-scripts $base/lib/three_team_ex_stuck --single-version-externally-managed
[3.236s] running egg_info
[3.250s] writing ../../build/three_team_ex_stuck/three_team_ex_stuck.egg-info/PKG-INFO
[3.251s] writing dependency_links to ../../build/three_team_ex_stuck/three_team_ex_stuck.egg-info/dependency_links.txt
[3.251s] writing entry points to ../../build/three_team_ex_stuck/three_team_ex_stuck.egg-info/entry_points.txt
[3.251s] writing requirements to ../../build/three_team_ex_stuck/three_team_ex_stuck.egg-info/requires.txt
[3.251s] writing top-level names to ../../build/three_team_ex_stuck/three_team_ex_stuck.egg-info/top_level.txt
[3.266s] reading manifest file '../../build/three_team_ex_stuck/three_team_ex_stuck.egg-info/SOURCES.txt'
[3.266s] writing manifest file '../../build/three_team_ex_stuck/three_team_ex_stuck.egg-info/SOURCES.txt'
[3.267s] running build
[3.267s] running build_py
[3.267s] creating /home/swarm-team/ros2_ws/build/three_team_ex_stuck/build
[3.267s] creating /home/swarm-team/ros2_ws/build/three_team_ex_stuck/build/lib
[3.267s] creating /home/swarm-team/ros2_ws/build/three_team_ex_stuck/build/lib/three_team_ex_stuck
[3.267s] copying three_team_ex_stuck/ex_communication_011_src.py -> /home/swarm-team/ros2_ws/build/three_team_ex_stuck/build/lib/three_team_ex_stuck
[3.267s] copying three_team_ex_stuck/ex_communication_014_src.py -> /home/swarm-team/ros2_ws/build/three_team_ex_stuck/build/lib/three_team_ex_stuck
[3.267s] copying three_team_ex_stuck/ex_communication_013_src.py -> /home/swarm-team/ros2_ws/build/three_team_ex_stuck/build/lib/three_team_ex_stuck
[3.267s] copying three_team_ex_stuck/ex_controller_010_src.py -> /home/swarm-team/ros2_ws/build/three_team_ex_stuck/build/lib/three_team_ex_stuck
[3.267s] copying three_team_ex_stuck/ex_controller_014_src.py -> /home/swarm-team/ros2_ws/build/three_team_ex_stuck/build/lib/three_team_ex_stuck
[3.267s] copying three_team_ex_stuck/ex_communication_010_src.py -> /home/swarm-team/ros2_ws/build/three_team_ex_stuck/build/lib/three_team_ex_stuck
[3.267s] copying three_team_ex_stuck/ex_communication_src.py -> /home/swarm-team/ros2_ws/build/three_team_ex_stuck/build/lib/three_team_ex_stuck
[3.267s] copying three_team_ex_stuck/ex_controller_src.py -> /home/swarm-team/ros2_ws/build/three_team_ex_stuck/build/lib/three_team_ex_stuck
[3.267s] copying three_team_ex_stuck/__init__.py -> /home/swarm-team/ros2_ws/build/three_team_ex_stuck/build/lib/three_team_ex_stuck
[3.267s] copying three_team_ex_stuck/ex_controller_011_src.py -> /home/swarm-team/ros2_ws/build/three_team_ex_stuck/build/lib/three_team_ex_stuck
[3.267s] copying three_team_ex_stuck/ex_controller_013_src.py -> /home/swarm-team/ros2_ws/build/three_team_ex_stuck/build/lib/three_team_ex_stuck
[3.267s] running install
[3.267s] running install_lib
[3.268s] creating /home/swarm-team/ros2_ws/install/three_team_ex_stuck/lib/python3.8/site-packages/three_team_ex_stuck
[3.268s] copying /home/swarm-team/ros2_ws/build/three_team_ex_stuck/build/lib/three_team_ex_stuck/ex_communication_011_src.py -> /home/swarm-team/ros2_ws/install/three_team_ex_stuck/lib/python3.8/site-packages/three_team_ex_stuck
[3.268s] copying /home/swarm-team/ros2_ws/build/three_team_ex_stuck/build/lib/three_team_ex_stuck/ex_communication_014_src.py -> /home/swarm-team/ros2_ws/install/three_team_ex_stuck/lib/python3.8/site-packages/three_team_ex_stuck
[3.268s] copying /home/swarm-team/ros2_ws/build/three_team_ex_stuck/build/lib/three_team_ex_stuck/ex_communication_013_src.py -> /home/swarm-team/ros2_ws/install/three_team_ex_stuck/lib/python3.8/site-packages/three_team_ex_stuck
[3.268s] copying /home/swarm-team/ros2_ws/build/three_team_ex_stuck/build/lib/three_team_ex_stuck/ex_controller_010_src.py -> /home/swarm-team/ros2_ws/install/three_team_ex_stuck/lib/python3.8/site-packages/three_team_ex_stuck
[3.268s] copying /home/swarm-team/ros2_ws/build/three_team_ex_stuck/build/lib/three_team_ex_stuck/ex_controller_014_src.py -> /home/swarm-team/ros2_ws/install/three_team_ex_stuck/lib/python3.8/site-packages/three_team_ex_stuck
[3.268s] copying /home/swarm-team/ros2_ws/build/three_team_ex_stuck/build/lib/three_team_ex_stuck/ex_communication_010_src.py -> /home/swarm-team/ros2_ws/install/three_team_ex_stuck/lib/python3.8/site-packages/three_team_ex_stuck
[3.269s] copying /home/swarm-team/ros2_ws/build/three_team_ex_stuck/build/lib/three_team_ex_stuck/ex_communication_src.py -> /home/swarm-team/ros2_ws/install/three_team_ex_stuck/lib/python3.8/site-packages/three_team_ex_stuck
[3.269s] copying /home/swarm-team/ros2_ws/build/three_team_ex_stuck/build/lib/three_team_ex_stuck/ex_controller_src.py -> /home/swarm-team/ros2_ws/install/three_team_ex_stuck/lib/python3.8/site-packages/three_team_ex_stuck
[3.269s] copying /home/swarm-team/ros2_ws/build/three_team_ex_stuck/build/lib/three_team_ex_stuck/__init__.py -> /home/swarm-team/ros2_ws/install/three_team_ex_stuck/lib/python3.8/site-packages/three_team_ex_stuck
[3.269s] copying /home/swarm-team/ros2_ws/build/three_team_ex_stuck/build/lib/three_team_ex_stuck/ex_controller_011_src.py -> /home/swarm-team/ros2_ws/install/three_team_ex_stuck/lib/python3.8/site-packages/three_team_ex_stuck
[3.269s] copying /home/swarm-team/ros2_ws/build/three_team_ex_stuck/build/lib/three_team_ex_stuck/ex_controller_013_src.py -> /home/swarm-team/ros2_ws/install/three_team_ex_stuck/lib/python3.8/site-packages/three_team_ex_stuck
[3.269s] byte-compiling /home/swarm-team/ros2_ws/install/three_team_ex_stuck/lib/python3.8/site-packages/three_team_ex_stuck/ex_communication_011_src.py to ex_communication_011_src.cpython-38.pyc
[3.269s] byte-compiling /home/swarm-team/ros2_ws/install/three_team_ex_stuck/lib/python3.8/site-packages/three_team_ex_stuck/ex_communication_014_src.py to ex_communication_014_src.cpython-38.pyc
[3.269s] byte-compiling /home/swarm-team/ros2_ws/install/three_team_ex_stuck/lib/python3.8/site-packages/three_team_ex_stuck/ex_communication_013_src.py to ex_communication_013_src.cpython-38.pyc
[3.269s] byte-compiling /home/swarm-team/ros2_ws/install/three_team_ex_stuck/lib/python3.8/site-packages/three_team_ex_stuck/ex_controller_010_src.py to ex_controller_010_src.cpython-38.pyc
[3.269s] byte-compiling /home/swarm-team/ros2_ws/install/three_team_ex_stuck/lib/python3.8/site-packages/three_team_ex_stuck/ex_controller_014_src.py to ex_controller_014_src.cpython-38.pyc
[3.269s] byte-compiling /home/swarm-team/ros2_ws/install/three_team_ex_stuck/lib/python3.8/site-packages/three_team_ex_stuck/ex_communication_010_src.py to ex_communication_010_src.cpython-38.pyc
[3.269s] byte-compiling /home/swarm-team/ros2_ws/install/three_team_ex_stuck/lib/python3.8/site-packages/three_team_ex_stuck/ex_communication_src.py to ex_communication_src.cpython-38.pyc
[3.269s] byte-compiling /home/swarm-team/ros2_ws/install/three_team_ex_stuck/lib/python3.8/site-packages/three_team_ex_stuck/ex_controller_src.py to ex_controller_src.cpython-38.pyc
[3.269s] byte-compiling /home/swarm-team/ros2_ws/install/three_team_ex_stuck/lib/python3.8/site-packages/three_team_ex_stuck/__init__.py to __init__.cpython-38.pyc
[3.269s] byte-compiling /home/swarm-team/ros2_ws/install/three_team_ex_stuck/lib/python3.8/site-packages/three_team_ex_stuck/ex_controller_011_src.py to ex_controller_011_src.cpython-38.pyc
[3.269s] byte-compiling /home/swarm-team/ros2_ws/install/three_team_ex_stuck/lib/python3.8/site-packages/three_team_ex_stuck/ex_controller_013_src.py to ex_controller_013_src.cpython-38.pyc
[3.270s] running install_data
[3.270s] running install_egg_info
[3.270s] Copying ../../build/three_team_ex_stuck/three_team_ex_stuck.egg-info to /home/swarm-team/ros2_ws/install/three_team_ex_stuck/lib/python3.8/site-packages/three_team_ex_stuck-0.0.0-py3.8.egg-info
[3.271s] running install_scripts
[3.283s] Installing ex_communication_000 script to /home/swarm-team/ros2_ws/install/three_team_ex_stuck/lib/three_team_ex_stuck
[3.283s] Installing ex_communication_001 script to /home/swarm-team/ros2_ws/install/three_team_ex_stuck/lib/three_team_ex_stuck
[3.283s] Installing ex_communication_003 script to /home/swarm-team/ros2_ws/install/three_team_ex_stuck/lib/three_team_ex_stuck
[3.283s] Installing ex_communication_004 script to /home/swarm-team/ros2_ws/install/three_team_ex_stuck/lib/three_team_ex_stuck
[3.283s] Installing ex_communication_test script to /home/swarm-team/ros2_ws/install/three_team_ex_stuck/lib/three_team_ex_stuck
[3.283s] Installing ex_controller_000 script to /home/swarm-team/ros2_ws/install/three_team_ex_stuck/lib/three_team_ex_stuck
[3.283s] Installing ex_controller_001 script to /home/swarm-team/ros2_ws/install/three_team_ex_stuck/lib/three_team_ex_stuck
[3.283s] Installing ex_controller_003 script to /home/swarm-team/ros2_ws/install/three_team_ex_stuck/lib/three_team_ex_stuck
[3.283s] Installing ex_controller_004 script to /home/swarm-team/ros2_ws/install/three_team_ex_stuck/lib/three_team_ex_stuck
[3.283s] Installing ex_controller_test script to /home/swarm-team/ros2_ws/install/three_team_ex_stuck/lib/three_team_ex_stuck
[3.283s] writing list of installed files to '/home/swarm-team/ros2_ws/build/three_team_ex_stuck/install.log'
[3.307s] Invoked command in '/home/swarm-team/ros2_ws/src/three_team_ex_stuck' returned '0': PYTHONPATH=/home/swarm-team/ros2_ws/build/three_team_ex_stuck/prefix_override:/home/swarm-team/ros2_ws/install/three_team_ex_stuck/lib/python3.8/site-packages:${PYTHONPATH} /usr/bin/python3 setup.py egg_info --egg-base ../../build/three_team_ex_stuck build --build-base /home/swarm-team/ros2_ws/build/three_team_ex_stuck/build install --record /home/swarm-team/ros2_ws/build/three_team_ex_stuck/install.log --install-scripts $base/lib/three_team_ex_stuck --single-version-externally-managed
