[2.650s] Invoking command in '/home/swarm-team/ros2_ws/build/two_team_ex_stuck': PYTHONPATH=/home/swarm-team/ros2_ws/build/two_team_ex_stuck/prefix_override:/home/swarm-team/ros2_ws/install/two_team_ex_stuck/lib/python3.8/site-packages:${PYTHONPATH} /usr/bin/python3 setup.py develop --uninstall --editable --build-directory /home/swarm-team/ros2_ws/build/two_team_ex_stuck/build
[2.900s] running develop
[3.046s] Invoked command in '/home/swarm-team/ros2_ws/build/two_team_ex_stuck' returned '0': PYTHONPATH=/home/swarm-team/ros2_ws/build/two_team_ex_stuck/prefix_override:/home/swarm-team/ros2_ws/install/two_team_ex_stuck/lib/python3.8/site-packages:${PYTHONPATH} /usr/bin/python3 setup.py develop --uninstall --editable --build-directory /home/swarm-team/ros2_ws/build/two_team_ex_stuck/build
[3.047s] Invoking command in '/home/swarm-team/ros2_ws/src/two_team_ex_stuck': PYTHONPATH=/home/swarm-team/ros2_ws/build/two_team_ex_stuck/prefix_override:/home/swarm-team/ros2_ws/install/two_team_ex_stuck/lib/python3.8/site-packages:${PYTHONPATH} /usr/bin/python3 setup.py egg_info --egg-base ../../build/two_team_ex_stuck build --build-base /home/swarm-team/ros2_ws/build/two_team_ex_stuck/build install --record /home/swarm-team/ros2_ws/build/two_team_ex_stuck/install.log --install-scripts $base/lib/two_team_ex_stuck --single-version-externally-managed
[3.256s] running egg_info
[3.256s] writing ../../build/two_team_ex_stuck/two_team_ex_stuck.egg-info/PKG-INFO
[3.256s] writing dependency_links to ../../build/two_team_ex_stuck/two_team_ex_stuck.egg-info/dependency_links.txt
[3.257s] writing entry points to ../../build/two_team_ex_stuck/two_team_ex_stuck.egg-info/entry_points.txt
[3.257s] writing requirements to ../../build/two_team_ex_stuck/two_team_ex_stuck.egg-info/requires.txt
[3.257s] writing top-level names to ../../build/two_team_ex_stuck/two_team_ex_stuck.egg-info/top_level.txt
[3.272s] reading manifest file '../../build/two_team_ex_stuck/two_team_ex_stuck.egg-info/SOURCES.txt'
[3.272s] writing manifest file '../../build/two_team_ex_stuck/two_team_ex_stuck.egg-info/SOURCES.txt'
[3.272s] running build
[3.272s] running build_py
[3.272s] running install
[3.273s] running install_lib
[3.276s] running install_data
[3.276s] running install_egg_info
[3.276s] removing '/home/swarm-team/ros2_ws/install/two_team_ex_stuck/lib/python3.8/site-packages/two_team_ex_stuck-0.0.0-py3.8.egg-info' (and everything under it)
[3.277s] Copying ../../build/two_team_ex_stuck/two_team_ex_stuck.egg-info to /home/swarm-team/ros2_ws/install/two_team_ex_stuck/lib/python3.8/site-packages/two_team_ex_stuck-0.0.0-py3.8.egg-info
[3.277s] running install_scripts
[3.287s] Installing ex_communication_000 script to /home/swarm-team/ros2_ws/install/two_team_ex_stuck/lib/two_team_ex_stuck
[3.288s] Installing ex_communication_001 script to /home/swarm-team/ros2_ws/install/two_team_ex_stuck/lib/two_team_ex_stuck
[3.288s] Installing ex_communication_003 script to /home/swarm-team/ros2_ws/install/two_team_ex_stuck/lib/two_team_ex_stuck
[3.288s] Installing ex_communication_test script to /home/swarm-team/ros2_ws/install/two_team_ex_stuck/lib/two_team_ex_stuck
[3.288s] Installing ex_controller_000 script to /home/swarm-team/ros2_ws/install/two_team_ex_stuck/lib/two_team_ex_stuck
[3.288s] Installing ex_controller_001 script to /home/swarm-team/ros2_ws/install/two_team_ex_stuck/lib/two_team_ex_stuck
[3.288s] Installing ex_controller_003 script to /home/swarm-team/ros2_ws/install/two_team_ex_stuck/lib/two_team_ex_stuck
[3.288s] Installing ex_controller_test script to /home/swarm-team/ros2_ws/install/two_team_ex_stuck/lib/two_team_ex_stuck
[3.288s] writing list of installed files to '/home/swarm-team/ros2_ws/build/two_team_ex_stuck/install.log'
[3.311s] Invoked command in '/home/swarm-team/ros2_ws/src/two_team_ex_stuck' returned '0': PYTHONPATH=/home/swarm-team/ros2_ws/build/two_team_ex_stuck/prefix_override:/home/swarm-team/ros2_ws/install/two_team_ex_stuck/lib/python3.8/site-packages:${PYTHONPATH} /usr/bin/python3 setup.py egg_info --egg-base ../../build/two_team_ex_stuck build --build-base /home/swarm-team/ros2_ws/build/two_team_ex_stuck/build install --record /home/swarm-team/ros2_ws/build/two_team_ex_stuck/install.log --install-scripts $base/lib/two_team_ex_stuck --single-version-externally-managed
