[3.121s] Invoking command in '/home/swarm-team/ros2_ws/build/four_team_ex_stuck': PYTHONPATH=/home/swarm-team/ros2_ws/build/four_team_ex_stuck/prefix_override:/home/swarm-team/ros2_ws/install/four_team_ex_stuck/lib/python3.8/site-packages:${PYTHONPATH} /usr/bin/python3 setup.py develop --editable --build-directory /home/swarm-team/ros2_ws/build/four_team_ex_stuck/build --no-deps install_data
[3.407s] running develop
[3.566s] running egg_info
[3.566s] writing four_team_ex_stuck.egg-info/PKG-INFO
[3.566s] writing dependency_links to four_team_ex_stuck.egg-info/dependency_links.txt
[3.566s] writing entry points to four_team_ex_stuck.egg-info/entry_points.txt
[3.566s] writing requirements to four_team_ex_stuck.egg-info/requires.txt
[3.566s] writing top-level names to four_team_ex_stuck.egg-info/top_level.txt
[3.605s] reading manifest file 'four_team_ex_stuck.egg-info/SOURCES.txt'
[3.606s] writing manifest file 'four_team_ex_stuck.egg-info/SOURCES.txt'
[3.645s] running build_ext
[3.645s] Creating /home/swarm-team/ros2_ws/install/four_team_ex_stuck/lib/python3.8/site-packages/four-team-ex-stuck.egg-link (link to .)
[3.646s] Installing ex_communication_000 script to /home/swarm-team/ros2_ws/install/four_team_ex_stuck/lib/four_team_ex_stuck
[3.646s] Installing ex_communication_001 script to /home/swarm-team/ros2_ws/install/four_team_ex_stuck/lib/four_team_ex_stuck
[3.646s] Installing ex_communication_003 script to /home/swarm-team/ros2_ws/install/four_team_ex_stuck/lib/four_team_ex_stuck
[3.646s] Installing ex_communication_004 script to /home/swarm-team/ros2_ws/install/four_team_ex_stuck/lib/four_team_ex_stuck
[3.647s] Installing ex_communication_005 script to /home/swarm-team/ros2_ws/install/four_team_ex_stuck/lib/four_team_ex_stuck
[3.647s] Installing ex_communication_test script to /home/swarm-team/ros2_ws/install/four_team_ex_stuck/lib/four_team_ex_stuck
[3.647s] Installing ex_controller_000 script to /home/swarm-team/ros2_ws/install/four_team_ex_stuck/lib/four_team_ex_stuck
[3.647s] Installing ex_controller_001 script to /home/swarm-team/ros2_ws/install/four_team_ex_stuck/lib/four_team_ex_stuck
[3.647s] Installing ex_controller_003 script to /home/swarm-team/ros2_ws/install/four_team_ex_stuck/lib/four_team_ex_stuck
[3.647s] Installing ex_controller_004 script to /home/swarm-team/ros2_ws/install/four_team_ex_stuck/lib/four_team_ex_stuck
[3.647s] Installing ex_controller_005 script to /home/swarm-team/ros2_ws/install/four_team_ex_stuck/lib/four_team_ex_stuck
[3.647s] Installing ex_controller_test script to /home/swarm-team/ros2_ws/install/four_team_ex_stuck/lib/four_team_ex_stuck
[3.647s] 
[3.647s] Installed /home/swarm-team/ros2_ws/build/four_team_ex_stuck
[3.647s] running install_data
[3.756s] Invoked command in '/home/swarm-team/ros2_ws/build/four_team_ex_stuck' returned '0': PYTHONPATH=/home/swarm-team/ros2_ws/build/four_team_ex_stuck/prefix_override:/home/swarm-team/ros2_ws/install/four_team_ex_stuck/lib/python3.8/site-packages:${PYTHONPATH} /usr/bin/python3 setup.py develop --editable --build-directory /home/swarm-team/ros2_ws/build/four_team_ex_stuck/build --no-deps install_data
