[1.762s] Invoking command in '/home/swarm-team/ros2_ws/build/single_ex_sim_pkg_master': PYTHONPATH=/home/swarm-team/ros2_ws/build/single_ex_sim_pkg_master/prefix_override:/home/swarm-team/ros2_ws/install/single_ex_sim_pkg_master/lib/python3.8/site-packages:${PYTHONPATH} /usr/bin/python3 setup.py develop --editable --build-directory /home/swarm-team/ros2_ws/build/single_ex_sim_pkg_master/build --no-deps install_data
[1.949s] running develop
[2.047s] running egg_info
[2.047s] writing single_ex_sim_pkg_master.egg-info/PKG-INFO
[2.047s] writing dependency_links to single_ex_sim_pkg_master.egg-info/dependency_links.txt
[2.047s] writing entry points to single_ex_sim_pkg_master.egg-info/entry_points.txt
[2.047s] writing requirements to single_ex_sim_pkg_master.egg-info/requires.txt
[2.047s] writing top-level names to single_ex_sim_pkg_master.egg-info/top_level.txt
[2.066s] reading manifest file 'single_ex_sim_pkg_master.egg-info/SOURCES.txt'
[2.066s] writing manifest file 'single_ex_sim_pkg_master.egg-info/SOURCES.txt'
[2.087s] running build_ext
[2.087s] Creating /home/swarm-team/ros2_ws/install/single_ex_sim_pkg_master/lib/python3.8/site-packages/single-ex-sim-pkg-master.egg-link (link to .)
[2.087s] Installing ex_communication_000 script to /home/swarm-team/ros2_ws/install/single_ex_sim_pkg_master/lib/single_ex_sim_pkg_master
[2.087s] Installing ex_communication_001 script to /home/swarm-team/ros2_ws/install/single_ex_sim_pkg_master/lib/single_ex_sim_pkg_master
[2.087s] Installing ex_communication_003 script to /home/swarm-team/ros2_ws/install/single_ex_sim_pkg_master/lib/single_ex_sim_pkg_master
[2.087s] Installing ex_communication_test script to /home/swarm-team/ros2_ws/install/single_ex_sim_pkg_master/lib/single_ex_sim_pkg_master
[2.087s] Installing ex_controller_000 script to /home/swarm-team/ros2_ws/install/single_ex_sim_pkg_master/lib/single_ex_sim_pkg_master
[2.087s] Installing ex_controller_001 script to /home/swarm-team/ros2_ws/install/single_ex_sim_pkg_master/lib/single_ex_sim_pkg_master
[2.087s] Installing ex_controller_003 script to /home/swarm-team/ros2_ws/install/single_ex_sim_pkg_master/lib/single_ex_sim_pkg_master
[2.088s] Installing ex_controller_test script to /home/swarm-team/ros2_ws/install/single_ex_sim_pkg_master/lib/single_ex_sim_pkg_master
[2.088s] 
[2.088s] Installed /home/swarm-team/ros2_ws/build/single_ex_sim_pkg_master
[2.088s] running install_data
[2.088s] copying package.xml -> /home/swarm-team/ros2_ws/install/single_ex_sim_pkg_master/share/single_ex_sim_pkg_master
[2.107s] Invoked command in '/home/swarm-team/ros2_ws/build/single_ex_sim_pkg_master' returned '0': PYTHONPATH=/home/swarm-team/ros2_ws/build/single_ex_sim_pkg_master/prefix_override:/home/swarm-team/ros2_ws/install/single_ex_sim_pkg_master/lib/python3.8/site-packages:${PYTHONPATH} /usr/bin/python3 setup.py develop --editable --build-directory /home/swarm-team/ros2_ws/build/single_ex_sim_pkg_master/build --no-deps install_data
