[1.965s] Invoking command in '/home/swarm-team/ros2_ws/build/two_team_ex_stuck': PYTHONPATH=/home/swarm-team/ros2_ws/build/two_team_ex_stuck/prefix_override:/home/swarm-team/ros2_ws/install/two_team_ex_stuck/lib/python3.8/site-packages:${PYTHONPATH} /usr/bin/python3 setup.py develop --editable --build-directory /home/swarm-team/ros2_ws/build/two_team_ex_stuck/build --no-deps install_data
[2.156s] running develop
[2.235s] running egg_info
[2.235s] creating two_team_ex_stuck.egg-info
[2.235s] writing two_team_ex_stuck.egg-info/PKG-INFO
[2.235s] writing dependency_links to two_team_ex_stuck.egg-info/dependency_links.txt
[2.235s] writing entry points to two_team_ex_stuck.egg-info/entry_points.txt
[2.236s] writing requirements to two_team_ex_stuck.egg-info/requires.txt
[2.236s] writing top-level names to two_team_ex_stuck.egg-info/top_level.txt
[2.236s] writing manifest file 'two_team_ex_stuck.egg-info/SOURCES.txt'
[2.257s] reading manifest file 'two_team_ex_stuck.egg-info/SOURCES.txt'
[2.257s] writing manifest file 'two_team_ex_stuck.egg-info/SOURCES.txt'
[2.275s] running build_ext
[2.276s] Creating /home/swarm-team/ros2_ws/install/two_team_ex_stuck/lib/python3.8/site-packages/site.py
[2.278s] Creating /home/swarm-team/ros2_ws/install/two_team_ex_stuck/lib/python3.8/site-packages/two-team-ex-stuck.egg-link (link to .)
[2.278s] Installing ex_communication_000 script to /home/swarm-team/ros2_ws/install/two_team_ex_stuck/lib/two_team_ex_stuck
[2.278s] Installing ex_communication_001 script to /home/swarm-team/ros2_ws/install/two_team_ex_stuck/lib/two_team_ex_stuck
[2.278s] Installing ex_communication_003 script to /home/swarm-team/ros2_ws/install/two_team_ex_stuck/lib/two_team_ex_stuck
[2.278s] Installing ex_communication_test script to /home/swarm-team/ros2_ws/install/two_team_ex_stuck/lib/two_team_ex_stuck
[2.278s] Installing ex_controller_000 script to /home/swarm-team/ros2_ws/install/two_team_ex_stuck/lib/two_team_ex_stuck
[2.278s] Installing ex_controller_001 script to /home/swarm-team/ros2_ws/install/two_team_ex_stuck/lib/two_team_ex_stuck
[2.279s] Installing ex_controller_003 script to /home/swarm-team/ros2_ws/install/two_team_ex_stuck/lib/two_team_ex_stuck
[2.279s] Installing ex_controller_test script to /home/swarm-team/ros2_ws/install/two_team_ex_stuck/lib/two_team_ex_stuck
[2.279s] 
[2.279s] Installed /home/swarm-team/ros2_ws/build/two_team_ex_stuck
[2.279s] running install_data
[2.279s] creating /home/swarm-team/ros2_ws/install/two_team_ex_stuck/share/ament_index
[2.279s] creating /home/swarm-team/ros2_ws/install/two_team_ex_stuck/share/ament_index/resource_index
[2.279s] creating /home/swarm-team/ros2_ws/install/two_team_ex_stuck/share/ament_index/resource_index/packages
[2.279s] copying resource/two_team_ex_stuck -> /home/swarm-team/ros2_ws/install/two_team_ex_stuck/share/ament_index/resource_index/packages
[2.279s] copying package.xml -> /home/swarm-team/ros2_ws/install/two_team_ex_stuck/share/two_team_ex_stuck
[2.312s] Invoked command in '/home/swarm-team/ros2_ws/build/two_team_ex_stuck' returned '0': PYTHONPATH=/home/swarm-team/ros2_ws/build/two_team_ex_stuck/prefix_override:/home/swarm-team/ros2_ws/install/two_team_ex_stuck/lib/python3.8/site-packages:${PYTHONPATH} /usr/bin/python3 setup.py develop --editable --build-directory /home/swarm-team/ros2_ws/build/two_team_ex_stuck/build --no-deps install_data
