[0.104s] Invoking command in '/home/swarm-team/ros2_ws/build/dump_messages': CMAKE_PREFIX_PATH=${CMAKE_PREFIX_PATH}:/home/swarm-team/ros2_ws/install/two_team_ex_test:/home/swarm-team/ros2_ws/install/two_team_ex_stuck:/home/swarm-team/ros2_ws/install/two_team_du_test:/home/swarm-team/ros2_ws/install/two_team_du_stuck:/home/swarm-team/ros2_ws/install/three_team_ex_stuck:/home/swarm-team/ros2_ws/install/three_team_du_stuck:/home/swarm-team/ros2_ws/install/testplay:/home/swarm-team/ros2_ws/install/six_team_ex_stuck:/home/swarm-team/ros2_ws/install/six_team_du_stuck:/home/swarm-team/ros2_ws/install/single_ex_sim_pkg_master:/home/swarm-team/ros2_ws/install/single_ex_sim_pkg:/home/swarm-team/ros2_ws/install/one_team_ex_stuck:/home/swarm-team/ros2_ws/install/one_team_ex_base_master:/home/swarm-team/ros2_ws/install/one_team_du_stuck:/home/swarm-team/ros2_ws/install/one_team_du_base_master:/home/swarm-team/ros2_ws/install/multi_du_udpcomm_02_pkg:/home/swarm-team/ros2_ws/install/multi_du_udpcomm_01_pkg:/home/swarm-team/ros2_ws/install/four_team_ex_stuck:/home/swarm-team/ros2_ws/install/four_team_du_stuck:/opt/ros/foxy /usr/bin/cmake --build /home/swarm-team/ros2_ws/build/dump_messages -- -j20 -l20
[2.456s] -- Found ament_cmake: 0.9.11 (/opt/ros/foxy/share/ament_cmake/cmake)
[2.457s] -- Found PythonInterp: /usr/bin/python3 (found suitable version "3.8.10", minimum required is "3") 
[2.457s] -- Using PYTHON_EXECUTABLE: /usr/bin/python3
[2.457s] -- Override CMake install command with custom implementation using symlinks instead of copying resources
[2.457s] -- Found geometry_msgs: 2.0.5 (/opt/ros/foxy/share/geometry_msgs/cmake)
[2.457s] -- Using all available rosidl_typesupport_c: rosidl_typesupport_fastrtps_c;rosidl_typesupport_introspection_c
[2.457s] -- Found rosidl_adapter: 1.3.0 (/opt/ros/foxy/share/rosidl_adapter/cmake)
[2.457s] -- Using all available rosidl_typesupport_cpp: rosidl_typesupport_fastrtps_cpp;rosidl_typesupport_introspection_cpp
[2.457s] -- Found rosidl_default_generators: 1.0.1 (/opt/ros/foxy/share/rosidl_default_generators/cmake)
[2.457s] -- Found PythonInterp: /usr/bin/python3 (found version "3.8.10") 
[2.457s] -- Found ament_cmake_ros: 0.9.2 (/opt/ros/foxy/share/ament_cmake_ros/cmake)
[2.457s] -- Using all available rosidl_typesupport_c: rosidl_typesupport_fastrtps_c;rosidl_typesupport_introspection_c
[2.457s] -- Using all available rosidl_typesupport_cpp: rosidl_typesupport_fastrtps_cpp;rosidl_typesupport_introspection_cpp
[2.457s] -- Found PythonInterp: /usr/bin/python3 (found suitable version "3.8.10", minimum required is "3.5") 
[2.457s] -- Found python_cmake_module: 0.8.1 (/opt/ros/foxy/share/python_cmake_module/cmake)
[2.457s] -- Using PYTHON_EXECUTABLE: /usr/bin/python3
[2.457s] -- Using PYTHON_INCLUDE_DIRS: /usr/include/python3.8
[2.457s] -- Using PYTHON_LIBRARIES: /usr/lib/x86_64-linux-gnu/libpython3.8.so
[2.457s] -- Found ament_lint_auto: 0.9.7 (/opt/ros/foxy/share/ament_lint_auto/cmake)
[2.457s] -- Added test 'copyright' to check source files copyright and LICENSE
[2.457s] -- Added test 'lint_cmake' to check CMake code style
[2.457s] -- Added test 'xmllint' to check XML markup files
[2.457s] -- Configuring done
[2.457s] -- Generating done
[2.457s] -- Build files have been written to: /home/swarm-team/ros2_ws/build/dump_messages
[2.458s] [35m[1mScanning dependencies of target dump_messages__cpp[0m
[2.458s] [  2%] [34m[1mGenerating C code for ROS interfaces[0m
[2.458s] [  5%] [34m[1mGenerating C++ code for ROS interfaces[0m
[2.458s] [  5%] Built target dump_messages__cpp
[2.458s] [35m[1mScanning dependencies of target dump_messages__rosidl_generator_c[0m
[2.458s] [  7%] [34m[1mGenerating C++ type support dispatch for ROS interfaces[0m
[2.458s] [ 10%] [34m[1mGenerating C++ type support for eProsima Fast-RTPS[0m
[2.458s] [ 12%] [34m[1mGenerating C++ introspection for ROS interfaces[0m
[2.458s] [ 15%] [32mBuilding C object CMakeFiles/dump_messages__rosidl_generator_c.dir/rosidl_generator_c/dump_messages/msg/detail/dump_cnp__functions.c.o[0m
[2.458s] [ 17%] [32mBuilding C object CMakeFiles/dump_messages__rosidl_generator_c.dir/rosidl_generator_c/dump_messages/msg/detail/dump_info_for_server__functions.c.o[0m
[2.458s] [ 20%] [32m[1mLinking C shared library libdump_messages__rosidl_generator_c.so[0m
[2.458s] [ 20%] Built target dump_messages__rosidl_generator_c
[2.458s] [ 25%] [34m[1mGenerating C type support dispatch for ROS interfaces[0m
[2.458s] [ 25%] [34m[1mGenerating C introspection for ROS interfaces[0m
[2.458s] [35m[1mScanning dependencies of target dump_messages__rosidl_typesupport_cpp[0m
[2.458s] [35m[1mScanning dependencies of target dump_messages__rosidl_typesupport_introspection_cpp[0m
[2.458s] [ 30%] [32mBuilding CXX object CMakeFiles/dump_messages__rosidl_typesupport_cpp.dir/rosidl_typesupport_cpp/dump_messages/msg/dump_info_for_server__type_support.cpp.o[0m
[2.458s] [ 30%] [32mBuilding CXX object CMakeFiles/dump_messages__rosidl_typesupport_cpp.dir/rosidl_typesupport_cpp/dump_messages/msg/dump_cnp__type_support.cpp.o[0m
[2.458s] [ 33%] [32mBuilding CXX object CMakeFiles/dump_messages__rosidl_typesupport_introspection_cpp.dir/rosidl_typesupport_introspection_cpp/dump_messages/msg/detail/dump_cnp__type_support.cpp.o[0m
[2.458s] [ 35%] [32mBuilding CXX object CMakeFiles/dump_messages__rosidl_typesupport_introspection_cpp.dir/rosidl_typesupport_introspection_cpp/dump_messages/msg/detail/dump_info_for_server__type_support.cpp.o[0m
[2.458s] [35m[1mScanning dependencies of target dump_messages__rosidl_typesupport_fastrtps_cpp[0m
[2.458s] [ 38%] [32mBuilding CXX object CMakeFiles/dump_messages__rosidl_typesupport_fastrtps_cpp.dir/rosidl_typesupport_fastrtps_cpp/dump_messages/msg/detail/dds_fastrtps/dump_info_for_server__type_support.cpp.o[0m
[2.458s] [ 41%] [32mBuilding CXX object CMakeFiles/dump_messages__rosidl_typesupport_fastrtps_cpp.dir/rosidl_typesupport_fastrtps_cpp/dump_messages/msg/detail/dds_fastrtps/dump_cnp__type_support.cpp.o[0m
[2.458s] [35m[1mScanning dependencies of target dump_messages__rosidl_typesupport_c[0m
[2.458s] [ 43%] [32mBuilding CXX object CMakeFiles/dump_messages__rosidl_typesupport_c.dir/rosidl_typesupport_c/dump_messages/msg/dump_info_for_server__type_support.cpp.o[0m
[2.458s] [ 46%] [32mBuilding CXX object CMakeFiles/dump_messages__rosidl_typesupport_c.dir/rosidl_typesupport_c/dump_messages/msg/dump_cnp__type_support.cpp.o[0m
[2.458s] [35m[1mScanning dependencies of target dump_messages__rosidl_typesupport_introspection_c[0m
[2.458s] [ 51%] [32mBuilding C object CMakeFiles/dump_messages__rosidl_typesupport_introspection_c.dir/rosidl_typesupport_introspection_c/dump_messages/msg/detail/dump_info_for_server__type_support.c.o[0m
[2.458s] [ 51%] [32mBuilding C object CMakeFiles/dump_messages__rosidl_typesupport_introspection_c.dir/rosidl_typesupport_introspection_c/dump_messages/msg/detail/dump_cnp__type_support.c.o[0m
[2.458s] [ 53%] [32m[1mLinking CXX shared library libdump_messages__rosidl_typesupport_c.so[0m
[2.458s] [ 56%] [32m[1mLinking C shared library libdump_messages__rosidl_typesupport_introspection_c.so[0m
[2.458s] [ 56%] Built target dump_messages__rosidl_typesupport_c
[2.458s] [ 56%] Built target dump_messages__rosidl_typesupport_introspection_c
[2.458s] [ 58%] [32m[1mLinking CXX shared library libdump_messages__rosidl_typesupport_introspection_cpp.so[0m
[2.458s] [ 58%] Built target dump_messages__rosidl_typesupport_introspection_cpp
[2.458s] [ 61%] [32m[1mLinking CXX shared library libdump_messages__rosidl_typesupport_cpp.so[0m
[2.458s] [ 64%] [32m[1mLinking CXX shared library libdump_messages__rosidl_typesupport_fastrtps_cpp.so[0m
[2.459s] [ 64%] Built target dump_messages__rosidl_typesupport_cpp
[2.459s] [ 64%] Built target dump_messages__rosidl_typesupport_fastrtps_cpp
[2.459s] [ 66%] [34m[1mGenerating C type support for eProsima Fast-RTPS[0m
[2.459s] [35m[1mScanning dependencies of target dump_messages__rosidl_typesupport_fastrtps_c[0m
[2.459s] [ 71%] [32mBuilding CXX object CMakeFiles/dump_messages__rosidl_typesupport_fastrtps_c.dir/rosidl_typesupport_fastrtps_c/dump_messages/msg/detail/dump_info_for_server__type_support_c.cpp.o[0m
[2.459s] [ 71%] [32mBuilding CXX object CMakeFiles/dump_messages__rosidl_typesupport_fastrtps_c.dir/rosidl_typesupport_fastrtps_c/dump_messages/msg/detail/dump_cnp__type_support_c.cpp.o[0m
[2.459s] [ 74%] [32m[1mLinking CXX shared library libdump_messages__rosidl_typesupport_fastrtps_c.so[0m
[2.459s] [ 74%] Built target dump_messages__rosidl_typesupport_fastrtps_c
[2.459s] [ 74%] Built target dump_messages
[2.459s] [35m[1mScanning dependencies of target dump_messages__py[0m
[2.459s] [ 76%] [34m[1mGenerating Python code for ROS interfaces[0m
[2.459s] [ 76%] Built target dump_messages__py
[2.459s] [35m[1mScanning dependencies of target dump_messages__python[0m
[2.459s] [ 79%] [32mBuilding C object CMakeFiles/dump_messages__python.dir/rosidl_generator_py/dump_messages/msg/_dump_cnp_s.c.o[0m
[2.459s] [ 82%] [32mBuilding C object CMakeFiles/dump_messages__python.dir/rosidl_generator_py/dump_messages/msg/_dump_info_for_server_s.c.o[0m
[2.459s] [ 84%] [32m[1mLinking C shared library rosidl_generator_py/dump_messages/libdump_messages__python.so[0m
[2.459s] [ 84%] Built target dump_messages__python
[2.459s] [35m[1mScanning dependencies of target dump_messages__rosidl_typesupport_introspection_c__pyext[0m
[2.459s] [35m[1mScanning dependencies of target dump_messages__rosidl_typesupport_fastrtps_c__pyext[0m
[2.459s] [35m[1mScanning dependencies of target dump_messages__rosidl_typesupport_c__pyext[0m
[2.459s] [ 89%] [32mBuilding C object CMakeFiles/dump_messages__rosidl_typesupport_introspection_c__pyext.dir/rosidl_generator_py/dump_messages/_dump_messages_s.ep.rosidl_typesupport_introspection_c.c.o[0m
[2.459s] [ 89%] [32mBuilding C object CMakeFiles/dump_messages__rosidl_typesupport_c__pyext.dir/rosidl_generator_py/dump_messages/_dump_messages_s.ep.rosidl_typesupport_c.c.o[0m
[2.459s] [ 92%] [32mBuilding C object CMakeFiles/dump_messages__rosidl_typesupport_fastrtps_c__pyext.dir/rosidl_generator_py/dump_messages/_dump_messages_s.ep.rosidl_typesupport_fastrtps_c.c.o[0m
[2.459s] [ 97%] [32m[1mLinking C shared library rosidl_generator_py/dump_messages/dump_messages_s__rosidl_typesupport_c.cpython-38-x86_64-linux-gnu.so[0m
[2.459s] [100%] [32m[1mLinking C shared library rosidl_generator_py/dump_messages/dump_messages_s__rosidl_typesupport_introspection_c.cpython-38-x86_64-linux-gnu.so[0m
[2.459s] [ 97%] [32m[1mLinking CXX shared library rosidl_generator_py/dump_messages/dump_messages_s__rosidl_typesupport_fastrtps_c.cpython-38-x86_64-linux-gnu.so[0m
[2.459s] [100%] Built target dump_messages__rosidl_typesupport_introspection_c__pyext
[2.459s] [100%] Built target dump_messages__rosidl_typesupport_c__pyext
[2.459s] [100%] Built target dump_messages__rosidl_typesupport_fastrtps_c__pyext
[2.460s] Invoked command in '/home/swarm-team/ros2_ws/build/dump_messages' returned '0': CMAKE_PREFIX_PATH=${CMAKE_PREFIX_PATH}:/home/swarm-team/ros2_ws/install/two_team_ex_test:/home/swarm-team/ros2_ws/install/two_team_ex_stuck:/home/swarm-team/ros2_ws/install/two_team_du_test:/home/swarm-team/ros2_ws/install/two_team_du_stuck:/home/swarm-team/ros2_ws/install/three_team_ex_stuck:/home/swarm-team/ros2_ws/install/three_team_du_stuck:/home/swarm-team/ros2_ws/install/testplay:/home/swarm-team/ros2_ws/install/six_team_ex_stuck:/home/swarm-team/ros2_ws/install/six_team_du_stuck:/home/swarm-team/ros2_ws/install/single_ex_sim_pkg_master:/home/swarm-team/ros2_ws/install/single_ex_sim_pkg:/home/swarm-team/ros2_ws/install/one_team_ex_stuck:/home/swarm-team/ros2_ws/install/one_team_ex_base_master:/home/swarm-team/ros2_ws/install/one_team_du_stuck:/home/swarm-team/ros2_ws/install/one_team_du_base_master:/home/swarm-team/ros2_ws/install/multi_du_udpcomm_02_pkg:/home/swarm-team/ros2_ws/install/multi_du_udpcomm_01_pkg:/home/swarm-team/ros2_ws/install/four_team_ex_stuck:/home/swarm-team/ros2_ws/install/four_team_du_stuck:/opt/ros/foxy /usr/bin/cmake --build /home/swarm-team/ros2_ws/build/dump_messages -- -j20 -l20
[2.521s] Invoking command in '/home/swarm-team/ros2_ws/build/dump_messages': CMAKE_PREFIX_PATH=${CMAKE_PREFIX_PATH}:/home/swarm-team/ros2_ws/install/two_team_ex_test:/home/swarm-team/ros2_ws/install/two_team_ex_stuck:/home/swarm-team/ros2_ws/install/two_team_du_test:/home/swarm-team/ros2_ws/install/two_team_du_stuck:/home/swarm-team/ros2_ws/install/three_team_ex_stuck:/home/swarm-team/ros2_ws/install/three_team_du_stuck:/home/swarm-team/ros2_ws/install/testplay:/home/swarm-team/ros2_ws/install/six_team_ex_stuck:/home/swarm-team/ros2_ws/install/six_team_du_stuck:/home/swarm-team/ros2_ws/install/single_ex_sim_pkg_master:/home/swarm-team/ros2_ws/install/single_ex_sim_pkg:/home/swarm-team/ros2_ws/install/one_team_ex_stuck:/home/swarm-team/ros2_ws/install/one_team_ex_base_master:/home/swarm-team/ros2_ws/install/one_team_du_stuck:/home/swarm-team/ros2_ws/install/one_team_du_base_master:/home/swarm-team/ros2_ws/install/multi_du_udpcomm_02_pkg:/home/swarm-team/ros2_ws/install/multi_du_udpcomm_01_pkg:/home/swarm-team/ros2_ws/install/four_team_ex_stuck:/home/swarm-team/ros2_ws/install/four_team_du_stuck:/opt/ros/foxy /usr/bin/cmake --install /home/swarm-team/ros2_ws/build/dump_messages
[2.531s] -- Install configuration: ""
[2.531s] -- Execute custom install script
[2.532s] -- Up-to-date symlink: /home/swarm-team/ros2_ws/install/dump_messages/share/ament_index/resource_index/rosidl_interfaces/dump_messages
[2.532s] -- Up-to-date symlink: /home/swarm-team/ros2_ws/install/dump_messages/include/dump_messages/msg/detail/dump_cnp__functions.h
[2.532s] -- Up-to-date symlink: /home/swarm-team/ros2_ws/install/dump_messages/include/dump_messages/msg/detail/dump_cnp__struct.h
[2.533s] -- Up-to-date symlink: /home/swarm-team/ros2_ws/install/dump_messages/include/dump_messages/msg/detail/dump_cnp__type_support.h
[2.533s] -- Symlinking: /home/swarm-team/ros2_ws/install/dump_messages/include/dump_messages/msg/detail/dump_info_for_server__functions.h
[2.541s] -- Symlinking: /home/swarm-team/ros2_ws/install/dump_messages/include/dump_messages/msg/detail/dump_info_for_server__struct.h
[2.549s] -- Symlinking: /home/swarm-team/ros2_ws/install/dump_messages/include/dump_messages/msg/detail/dump_info_for_server__type_support.h
[2.557s] -- Up-to-date symlink: /home/swarm-team/ros2_ws/install/dump_messages/include/dump_messages/msg/dump_cnp.h
[2.557s] -- Symlinking: /home/swarm-team/ros2_ws/install/dump_messages/include/dump_messages/msg/dump_info_for_server.h
[2.566s] -- Up-to-date symlink: /home/swarm-team/ros2_ws/install/dump_messages/include/dump_messages/msg/rosidl_generator_c__visibility_control.h
[2.566s] -- Up-to-date symlink: /home/swarm-team/ros2_ws/install/dump_messages/share/dump_messages/environment/library_path.sh
[2.566s] -- Up-to-date symlink: /home/swarm-team/ros2_ws/install/dump_messages/share/dump_messages/environment/library_path.dsv
[2.567s] -- Up-to-date symlink: /home/swarm-team/ros2_ws/install/dump_messages/include/dump_messages/msg/detail/dump_cnp__rosidl_typesupport_fastrtps_c.h
[2.567s] -- Symlinking: /home/swarm-team/ros2_ws/install/dump_messages/include/dump_messages/msg/detail/dump_info_for_server__rosidl_typesupport_fastrtps_c.h
[2.575s] -- Up-to-date symlink: /home/swarm-team/ros2_ws/install/dump_messages/include/dump_messages/msg/rosidl_typesupport_fastrtps_c__visibility_control.h
[2.576s] -- Up-to-date symlink: /home/swarm-team/ros2_ws/install/dump_messages/lib/libdump_messages__rosidl_typesupport_fastrtps_c.so
[2.576s] -- Up-to-date symlink: /home/swarm-team/ros2_ws/install/dump_messages/include/dump_messages/msg/detail/dump_cnp__rosidl_typesupport_fastrtps_cpp.hpp
[2.576s] -- Symlinking: /home/swarm-team/ros2_ws/install/dump_messages/include/dump_messages/msg/detail/dump_info_for_server__rosidl_typesupport_fastrtps_cpp.hpp
[2.585s] -- Up-to-date symlink: /home/swarm-team/ros2_ws/install/dump_messages/include/dump_messages/msg/rosidl_typesupport_fastrtps_cpp__visibility_control.h
[2.586s] -- Up-to-date symlink: /home/swarm-team/ros2_ws/install/dump_messages/lib/libdump_messages__rosidl_typesupport_fastrtps_cpp.so
[2.586s] -- Up-to-date symlink: /home/swarm-team/ros2_ws/install/dump_messages/include/dump_messages/msg/detail/dump_cnp__rosidl_typesupport_introspection_c.h
[2.586s] -- Symlinking: /home/swarm-team/ros2_ws/install/dump_messages/include/dump_messages/msg/detail/dump_info_for_server__rosidl_typesupport_introspection_c.h
[2.595s] -- Up-to-date symlink: /home/swarm-team/ros2_ws/install/dump_messages/include/dump_messages/msg/rosidl_typesupport_introspection_c__visibility_control.h
[2.596s] -- Up-to-date symlink: /home/swarm-team/ros2_ws/install/dump_messages/include/dump_messages/msg/detail/dump_cnp__builder.hpp
[2.596s] -- Up-to-date symlink: /home/swarm-team/ros2_ws/install/dump_messages/include/dump_messages/msg/detail/dump_cnp__struct.hpp
[2.596s] -- Up-to-date symlink: /home/swarm-team/ros2_ws/install/dump_messages/include/dump_messages/msg/detail/dump_cnp__traits.hpp
[2.596s] -- Symlinking: /home/swarm-team/ros2_ws/install/dump_messages/include/dump_messages/msg/detail/dump_info_for_server__builder.hpp
[2.604s] -- Symlinking: /home/swarm-team/ros2_ws/install/dump_messages/include/dump_messages/msg/detail/dump_info_for_server__struct.hpp
[2.613s] -- Symlinking: /home/swarm-team/ros2_ws/install/dump_messages/include/dump_messages/msg/detail/dump_info_for_server__traits.hpp
[2.622s] -- Up-to-date symlink: /home/swarm-team/ros2_ws/install/dump_messages/include/dump_messages/msg/dump_cnp.hpp
[2.622s] -- Symlinking: /home/swarm-team/ros2_ws/install/dump_messages/include/dump_messages/msg/dump_info_for_server.hpp
[2.632s] -- Up-to-date symlink: /home/swarm-team/ros2_ws/install/dump_messages/include/dump_messages/msg/detail/dump_cnp__rosidl_typesupport_introspection_cpp.hpp
[2.632s] -- Symlinking: /home/swarm-team/ros2_ws/install/dump_messages/include/dump_messages/msg/detail/dump_info_for_server__rosidl_typesupport_introspection_cpp.hpp
[2.641s] -- Up-to-date symlink: /home/swarm-team/ros2_ws/install/dump_messages/share/dump_messages/environment/pythonpath.sh
[2.641s] -- Up-to-date symlink: /home/swarm-team/ros2_ws/install/dump_messages/share/dump_messages/environment/pythonpath.dsv
[2.641s] -- Up-to-date symlink: /home/swarm-team/ros2_ws/install/dump_messages/lib/python3.8/site-packages/dump_messages/__init__.py
[2.642s] -- Up-to-date symlink: /home/swarm-team/ros2_ws/install/dump_messages/lib/python3.8/site-packages/dump_messages/msg/__init__.py
[2.642s] -- Up-to-date symlink: /home/swarm-team/ros2_ws/install/dump_messages/lib/python3.8/site-packages/dump_messages/msg/_dump_cnp.py
[2.642s] -- Symlinking: /home/swarm-team/ros2_ws/install/dump_messages/lib/python3.8/site-packages/dump_messages/msg/_dump_info_for_server.py
[2.651s] -- Up-to-date symlink: /home/swarm-team/ros2_ws/install/dump_messages/lib/python3.8/site-packages/dump_messages/dump_messages_s__rosidl_typesupport_fastrtps_c.cpython-38-x86_64-linux-gnu.so
[2.651s] -- Up-to-date symlink: /home/swarm-team/ros2_ws/install/dump_messages/lib/python3.8/site-packages/dump_messages/dump_messages_s__rosidl_typesupport_introspection_c.cpython-38-x86_64-linux-gnu.so
[2.652s] -- Up-to-date symlink: /home/swarm-team/ros2_ws/install/dump_messages/lib/python3.8/site-packages/dump_messages/dump_messages_s__rosidl_typesupport_c.cpython-38-x86_64-linux-gnu.so
[2.652s] -- Up-to-date symlink: /home/swarm-team/ros2_ws/install/dump_messages/lib/libdump_messages__python.so
[2.653s] -- Up-to-date symlink: /home/swarm-team/ros2_ws/install/dump_messages/share/dump_messages/msg/DumpCNP.idl
[2.653s] -- Symlinking: /home/swarm-team/ros2_ws/install/dump_messages/share/dump_messages/msg/DumpInfoForServer.idl
[2.661s] -- Up-to-date symlink: /home/swarm-team/ros2_ws/install/dump_messages/share/dump_messages/msg/DumpCNP.msg
[2.661s] -- Symlinking: /home/swarm-team/ros2_ws/install/dump_messages/share/dump_messages/msg/DumpInfoForServer.msg
[2.670s] -- Up-to-date symlink: /home/swarm-team/ros2_ws/install/dump_messages/share/ament_index/resource_index/package_run_dependencies/dump_messages
[2.671s] -- Up-to-date symlink: /home/swarm-team/ros2_ws/install/dump_messages/share/ament_index/resource_index/parent_prefix_path/dump_messages
[2.671s] -- Up-to-date symlink: /home/swarm-team/ros2_ws/install/dump_messages/share/dump_messages/environment/ament_prefix_path.sh
[2.671s] -- Up-to-date symlink: /home/swarm-team/ros2_ws/install/dump_messages/share/dump_messages/environment/ament_prefix_path.dsv
[2.672s] -- Up-to-date symlink: /home/swarm-team/ros2_ws/install/dump_messages/share/dump_messages/environment/path.sh
[2.672s] -- Up-to-date symlink: /home/swarm-team/ros2_ws/install/dump_messages/share/dump_messages/environment/path.dsv
[2.673s] -- Up-to-date symlink: /home/swarm-team/ros2_ws/install/dump_messages/share/dump_messages/local_setup.bash
[2.673s] -- Up-to-date symlink: /home/swarm-team/ros2_ws/install/dump_messages/share/dump_messages/local_setup.sh
[2.674s] -- Up-to-date symlink: /home/swarm-team/ros2_ws/install/dump_messages/share/dump_messages/local_setup.zsh
[2.674s] -- Up-to-date symlink: /home/swarm-team/ros2_ws/install/dump_messages/share/dump_messages/local_setup.dsv
[2.675s] -- Symlinking: /home/swarm-team/ros2_ws/install/dump_messages/share/dump_messages/package.dsv
[2.684s] -- Up-to-date symlink: /home/swarm-team/ros2_ws/install/dump_messages/share/ament_index/resource_index/packages/dump_messages
[2.684s] -- Up-to-date symlink: /home/swarm-team/ros2_ws/install/dump_messages/share/dump_messages/cmake/rosidl_cmake-extras.cmake
[2.685s] -- Up-to-date symlink: /home/swarm-team/ros2_ws/install/dump_messages/share/dump_messages/cmake/ament_cmake_export_dependencies-extras.cmake
[2.685s] -- Up-to-date symlink: /home/swarm-team/ros2_ws/install/dump_messages/share/dump_messages/cmake/ament_cmake_export_libraries-extras.cmake
[2.686s] -- Up-to-date symlink: /home/swarm-team/ros2_ws/install/dump_messages/share/dump_messages/cmake/ament_cmake_export_targets-extras.cmake
[2.686s] -- Up-to-date symlink: /home/swarm-team/ros2_ws/install/dump_messages/share/dump_messages/cmake/ament_cmake_export_include_directories-extras.cmake
[2.687s] -- Up-to-date symlink: /home/swarm-team/ros2_ws/install/dump_messages/share/dump_messages/cmake/rosidl_cmake_export_typesupport_libraries-extras.cmake
[2.687s] -- Up-to-date symlink: /home/swarm-team/ros2_ws/install/dump_messages/share/dump_messages/cmake/rosidl_cmake_export_typesupport_targets-extras.cmake
[2.687s] -- Up-to-date symlink: /home/swarm-team/ros2_ws/install/dump_messages/share/dump_messages/cmake/dump_messagesConfig.cmake
[2.688s] -- Up-to-date symlink: /home/swarm-team/ros2_ws/install/dump_messages/share/dump_messages/cmake/dump_messagesConfig-version.cmake
[2.688s] -- Up-to-date symlink: /home/swarm-team/ros2_ws/install/dump_messages/share/dump_messages/package.xml
[2.689s] -- Installing: /home/swarm-team/ros2_ws/install/dump_messages/lib/libdump_messages__rosidl_generator_c.so
[2.689s] -- Set runtime path of "/home/swarm-team/ros2_ws/install/dump_messages/lib/libdump_messages__rosidl_generator_c.so" to ""
[2.689s] -- Installing: /home/swarm-team/ros2_ws/install/dump_messages/lib/libdump_messages__rosidl_typesupport_introspection_c.so
[2.690s] -- Set runtime path of "/home/swarm-team/ros2_ws/install/dump_messages/lib/libdump_messages__rosidl_typesupport_introspection_c.so" to ""
[2.690s] -- Installing: /home/swarm-team/ros2_ws/install/dump_messages/lib/libdump_messages__rosidl_typesupport_c.so
[2.691s] -- Set runtime path of "/home/swarm-team/ros2_ws/install/dump_messages/lib/libdump_messages__rosidl_typesupport_c.so" to ""
[2.691s] -- Installing: /home/swarm-team/ros2_ws/install/dump_messages/lib/libdump_messages__rosidl_typesupport_introspection_cpp.so
[2.691s] -- Set runtime path of "/home/swarm-team/ros2_ws/install/dump_messages/lib/libdump_messages__rosidl_typesupport_introspection_cpp.so" to ""
[2.692s] -- Installing: /home/swarm-team/ros2_ws/install/dump_messages/lib/libdump_messages__rosidl_typesupport_cpp.so
[2.692s] -- Set runtime path of "/home/swarm-team/ros2_ws/install/dump_messages/lib/libdump_messages__rosidl_typesupport_cpp.so" to ""
[2.754s] Compiling '/home/swarm-team/ros2_ws/install/dump_messages/lib/python3.8/site-packages/dump_messages/__init__.py'...
[2.758s] -- Up-to-date: /home/swarm-team/ros2_ws/install/dump_messages/share/dump_messages/cmake/dump_messages__rosidl_generator_cExport.cmake
[2.758s] -- Installing: /home/swarm-team/ros2_ws/install/dump_messages/share/dump_messages/cmake/dump_messages__rosidl_generator_cExport-noconfig.cmake
[2.759s] -- Up-to-date: /home/swarm-team/ros2_ws/install/dump_messages/share/dump_messages/cmake/dump_messages__rosidl_typesupport_introspection_cExport.cmake
[2.759s] -- Installing: /home/swarm-team/ros2_ws/install/dump_messages/share/dump_messages/cmake/dump_messages__rosidl_typesupport_introspection_cExport-noconfig.cmake
[2.759s] -- Up-to-date: /home/swarm-team/ros2_ws/install/dump_messages/share/dump_messages/cmake/dump_messages__rosidl_typesupport_cExport.cmake
[2.759s] -- Installing: /home/swarm-team/ros2_ws/install/dump_messages/share/dump_messages/cmake/dump_messages__rosidl_typesupport_cExport-noconfig.cmake
[2.760s] -- Up-to-date: /home/swarm-team/ros2_ws/install/dump_messages/share/dump_messages/cmake/dump_messages__rosidl_generator_cppExport.cmake
[2.760s] -- Up-to-date: /home/swarm-team/ros2_ws/install/dump_messages/share/dump_messages/cmake/dump_messages__rosidl_typesupport_introspection_cppExport.cmake
[2.760s] -- Installing: /home/swarm-team/ros2_ws/install/dump_messages/share/dump_messages/cmake/dump_messages__rosidl_typesupport_introspection_cppExport-noconfig.cmake
[2.760s] -- Up-to-date: /home/swarm-team/ros2_ws/install/dump_messages/share/dump_messages/cmake/dump_messages__rosidl_typesupport_cppExport.cmake
[2.761s] -- Installing: /home/swarm-team/ros2_ws/install/dump_messages/share/dump_messages/cmake/dump_messages__rosidl_typesupport_cppExport-noconfig.cmake
[2.772s] Invoked command in '/home/swarm-team/ros2_ws/build/dump_messages' returned '0': CMAKE_PREFIX_PATH=${CMAKE_PREFIX_PATH}:/home/swarm-team/ros2_ws/install/two_team_ex_test:/home/swarm-team/ros2_ws/install/two_team_ex_stuck:/home/swarm-team/ros2_ws/install/two_team_du_test:/home/swarm-team/ros2_ws/install/two_team_du_stuck:/home/swarm-team/ros2_ws/install/three_team_ex_stuck:/home/swarm-team/ros2_ws/install/three_team_du_stuck:/home/swarm-team/ros2_ws/install/testplay:/home/swarm-team/ros2_ws/install/six_team_ex_stuck:/home/swarm-team/ros2_ws/install/six_team_du_stuck:/home/swarm-team/ros2_ws/install/single_ex_sim_pkg_master:/home/swarm-team/ros2_ws/install/single_ex_sim_pkg:/home/swarm-team/ros2_ws/install/one_team_ex_stuck:/home/swarm-team/ros2_ws/install/one_team_ex_base_master:/home/swarm-team/ros2_ws/install/one_team_du_stuck:/home/swarm-team/ros2_ws/install/one_team_du_base_master:/home/swarm-team/ros2_ws/install/multi_du_udpcomm_02_pkg:/home/swarm-team/ros2_ws/install/multi_du_udpcomm_01_pkg:/home/swarm-team/ros2_ws/install/four_team_ex_stuck:/home/swarm-team/ros2_ws/install/four_team_du_stuck:/opt/ros/foxy /usr/bin/cmake --install /home/swarm-team/ros2_ws/build/dump_messages
