[2.629s] Invoking command in '/home/swarm-team/ros2_ws/build/one_team_du_stuck': PYTHONPATH=/home/swarm-team/ros2_ws/build/one_team_du_stuck/prefix_override:/home/swarm-team/ros2_ws/install/one_team_du_stuck/lib/python3.8/site-packages:${PYTHONPATH} /usr/bin/python3 setup.py develop --uninstall --editable --build-directory /home/swarm-team/ros2_ws/build/one_team_du_stuck/build
[2.877s] running develop
[3.001s] Removing /home/swarm-team/ros2_ws/install/one_team_du_stuck/lib/python3.8/site-packages/one-team-du-stuck.egg-link (link to .)
[3.022s] Invoked command in '/home/swarm-team/ros2_ws/build/one_team_du_stuck' returned '0': PYTHONPATH=/home/swarm-team/ros2_ws/build/one_team_du_stuck/prefix_override:/home/swarm-team/ros2_ws/install/one_team_du_stuck/lib/python3.8/site-packages:${PYTHONPATH} /usr/bin/python3 setup.py develop --uninstall --editable --build-directory /home/swarm-team/ros2_ws/build/one_team_du_stuck/build
[3.024s] Invoking command in '/home/swarm-team/ros2_ws/src/one_team_du_stuck': PYTHONPATH=/home/swarm-team/ros2_ws/build/one_team_du_stuck/prefix_override:/home/swarm-team/ros2_ws/install/one_team_du_stuck/lib/python3.8/site-packages:${PYTHONPATH} /usr/bin/python3 setup.py egg_info --egg-base ../../build/one_team_du_stuck build --build-base /home/swarm-team/ros2_ws/build/one_team_du_stuck/build install --record /home/swarm-team/ros2_ws/build/one_team_du_stuck/install.log --install-scripts $base/lib/one_team_du_stuck --single-version-externally-managed
[3.229s] running egg_info
[3.230s] writing ../../build/one_team_du_stuck/one_team_du_stuck.egg-info/PKG-INFO
[3.230s] writing dependency_links to ../../build/one_team_du_stuck/one_team_du_stuck.egg-info/dependency_links.txt
[3.230s] writing entry points to ../../build/one_team_du_stuck/one_team_du_stuck.egg-info/entry_points.txt
[3.230s] writing requirements to ../../build/one_team_du_stuck/one_team_du_stuck.egg-info/requires.txt
[3.230s] writing top-level names to ../../build/one_team_du_stuck/one_team_du_stuck.egg-info/top_level.txt
[3.261s] reading manifest file '../../build/one_team_du_stuck/one_team_du_stuck.egg-info/SOURCES.txt'
[3.261s] writing manifest file '../../build/one_team_du_stuck/one_team_du_stuck.egg-info/SOURCES.txt'
[3.261s] running build
[3.262s] running build_py
[3.262s] creating /home/swarm-team/ros2_ws/build/one_team_du_stuck/build
[3.262s] creating /home/swarm-team/ros2_ws/build/one_team_du_stuck/build/lib
[3.262s] creating /home/swarm-team/ros2_ws/build/one_team_du_stuck/build/lib/one_team_du_stuck
[3.262s] copying one_team_du_stuck/du_communication_012_src.py -> /home/swarm-team/ros2_ws/build/one_team_du_stuck/build/lib/one_team_du_stuck
[3.262s] copying one_team_du_stuck/du_controller_014_src.py -> /home/swarm-team/ros2_ws/build/one_team_du_stuck/build/lib/one_team_du_stuck
[3.262s] copying one_team_du_stuck/pure_pursuit.py -> /home/swarm-team/ros2_ws/build/one_team_du_stuck/build/lib/one_team_du_stuck
[3.262s] copying one_team_du_stuck/du_communication_018_src.py -> /home/swarm-team/ros2_ws/build/one_team_du_stuck/build/lib/one_team_du_stuck
[3.262s] copying one_team_du_stuck/du_communication_010_src.py -> /home/swarm-team/ros2_ws/build/one_team_du_stuck/build/lib/one_team_du_stuck
[3.262s] copying one_team_du_stuck/du_controller_017_src.py -> /home/swarm-team/ros2_ws/build/one_team_du_stuck/build/lib/one_team_du_stuck
[3.262s] copying one_team_du_stuck/du_controller_015_src.py -> /home/swarm-team/ros2_ws/build/one_team_du_stuck/build/lib/one_team_du_stuck
[3.262s] copying one_team_du_stuck/a_star.py -> /home/swarm-team/ros2_ws/build/one_team_du_stuck/build/lib/one_team_du_stuck
[3.262s] copying one_team_du_stuck/du_controller_080_src.py -> /home/swarm-team/ros2_ws/build/one_team_du_stuck/build/lib/one_team_du_stuck
[3.262s] copying one_team_du_stuck/memo.py -> /home/swarm-team/ros2_ws/build/one_team_du_stuck/build/lib/one_team_du_stuck
[3.263s] copying one_team_du_stuck/du_controller_011_src.py -> /home/swarm-team/ros2_ws/build/one_team_du_stuck/build/lib/one_team_du_stuck
[3.263s] copying one_team_du_stuck/du_communication_014_src.py -> /home/swarm-team/ros2_ws/build/one_team_du_stuck/build/lib/one_team_du_stuck
[3.263s] copying one_team_du_stuck/du_controller_016_src.py -> /home/swarm-team/ros2_ws/build/one_team_du_stuck/build/lib/one_team_du_stuck
[3.263s] copying one_team_du_stuck/du_communication_017_src.py -> /home/swarm-team/ros2_ws/build/one_team_du_stuck/build/lib/one_team_du_stuck
[3.263s] copying one_team_du_stuck/du_controller_013_src.py -> /home/swarm-team/ros2_ws/build/one_team_du_stuck/build/lib/one_team_du_stuck
[3.263s] copying one_team_du_stuck/__init__.py -> /home/swarm-team/ros2_ws/build/one_team_du_stuck/build/lib/one_team_du_stuck
[3.264s] copying one_team_du_stuck/du_controller_018_src.py -> /home/swarm-team/ros2_ws/build/one_team_du_stuck/build/lib/one_team_du_stuck
[3.264s] copying one_team_du_stuck/du_communication_011_src.py -> /home/swarm-team/ros2_ws/build/one_team_du_stuck/build/lib/one_team_du_stuck
[3.264s] copying one_team_du_stuck/du_communication_015_src.py -> /home/swarm-team/ros2_ws/build/one_team_du_stuck/build/lib/one_team_du_stuck
[3.264s] copying one_team_du_stuck/du_communication_013_src.py -> /home/swarm-team/ros2_ws/build/one_team_du_stuck/build/lib/one_team_du_stuck
[3.264s] copying one_team_du_stuck/du_communication_016_src.py -> /home/swarm-team/ros2_ws/build/one_team_du_stuck/build/lib/one_team_du_stuck
[3.264s] copying one_team_du_stuck/du_controller_012_src.py -> /home/swarm-team/ros2_ws/build/one_team_du_stuck/build/lib/one_team_du_stuck
[3.264s] copying one_team_du_stuck/du_communication_080_src.py -> /home/swarm-team/ros2_ws/build/one_team_du_stuck/build/lib/one_team_du_stuck
[3.264s] copying one_team_du_stuck/du_controller_010_src.py -> /home/swarm-team/ros2_ws/build/one_team_du_stuck/build/lib/one_team_du_stuck
[3.264s] running install
[3.265s] running install_lib
[3.265s] creating /home/swarm-team/ros2_ws/install/one_team_du_stuck/lib/python3.8/site-packages/one_team_du_stuck
[3.266s] copying /home/swarm-team/ros2_ws/build/one_team_du_stuck/build/lib/one_team_du_stuck/du_communication_012_src.py -> /home/swarm-team/ros2_ws/install/one_team_du_stuck/lib/python3.8/site-packages/one_team_du_stuck
[3.266s] copying /home/swarm-team/ros2_ws/build/one_team_du_stuck/build/lib/one_team_du_stuck/du_controller_014_src.py -> /home/swarm-team/ros2_ws/install/one_team_du_stuck/lib/python3.8/site-packages/one_team_du_stuck
[3.266s] copying /home/swarm-team/ros2_ws/build/one_team_du_stuck/build/lib/one_team_du_stuck/pure_pursuit.py -> /home/swarm-team/ros2_ws/install/one_team_du_stuck/lib/python3.8/site-packages/one_team_du_stuck
[3.266s] copying /home/swarm-team/ros2_ws/build/one_team_du_stuck/build/lib/one_team_du_stuck/du_communication_018_src.py -> /home/swarm-team/ros2_ws/install/one_team_du_stuck/lib/python3.8/site-packages/one_team_du_stuck
[3.266s] copying /home/swarm-team/ros2_ws/build/one_team_du_stuck/build/lib/one_team_du_stuck/du_communication_010_src.py -> /home/swarm-team/ros2_ws/install/one_team_du_stuck/lib/python3.8/site-packages/one_team_du_stuck
[3.266s] copying /home/swarm-team/ros2_ws/build/one_team_du_stuck/build/lib/one_team_du_stuck/du_controller_017_src.py -> /home/swarm-team/ros2_ws/install/one_team_du_stuck/lib/python3.8/site-packages/one_team_du_stuck
[3.266s] copying /home/swarm-team/ros2_ws/build/one_team_du_stuck/build/lib/one_team_du_stuck/du_controller_015_src.py -> /home/swarm-team/ros2_ws/install/one_team_du_stuck/lib/python3.8/site-packages/one_team_du_stuck
[3.266s] copying /home/swarm-team/ros2_ws/build/one_team_du_stuck/build/lib/one_team_du_stuck/a_star.py -> /home/swarm-team/ros2_ws/install/one_team_du_stuck/lib/python3.8/site-packages/one_team_du_stuck
[3.266s] copying /home/swarm-team/ros2_ws/build/one_team_du_stuck/build/lib/one_team_du_stuck/du_controller_080_src.py -> /home/swarm-team/ros2_ws/install/one_team_du_stuck/lib/python3.8/site-packages/one_team_du_stuck
[3.267s] copying /home/swarm-team/ros2_ws/build/one_team_du_stuck/build/lib/one_team_du_stuck/memo.py -> /home/swarm-team/ros2_ws/install/one_team_du_stuck/lib/python3.8/site-packages/one_team_du_stuck
[3.267s] copying /home/swarm-team/ros2_ws/build/one_team_du_stuck/build/lib/one_team_du_stuck/du_controller_011_src.py -> /home/swarm-team/ros2_ws/install/one_team_du_stuck/lib/python3.8/site-packages/one_team_du_stuck
[3.267s] copying /home/swarm-team/ros2_ws/build/one_team_du_stuck/build/lib/one_team_du_stuck/du_communication_014_src.py -> /home/swarm-team/ros2_ws/install/one_team_du_stuck/lib/python3.8/site-packages/one_team_du_stuck
[3.267s] copying /home/swarm-team/ros2_ws/build/one_team_du_stuck/build/lib/one_team_du_stuck/du_controller_016_src.py -> /home/swarm-team/ros2_ws/install/one_team_du_stuck/lib/python3.8/site-packages/one_team_du_stuck
[3.267s] copying /home/swarm-team/ros2_ws/build/one_team_du_stuck/build/lib/one_team_du_stuck/du_communication_017_src.py -> /home/swarm-team/ros2_ws/install/one_team_du_stuck/lib/python3.8/site-packages/one_team_du_stuck
[3.267s] copying /home/swarm-team/ros2_ws/build/one_team_du_stuck/build/lib/one_team_du_stuck/du_controller_013_src.py -> /home/swarm-team/ros2_ws/install/one_team_du_stuck/lib/python3.8/site-packages/one_team_du_stuck
[3.267s] copying /home/swarm-team/ros2_ws/build/one_team_du_stuck/build/lib/one_team_du_stuck/__init__.py -> /home/swarm-team/ros2_ws/install/one_team_du_stuck/lib/python3.8/site-packages/one_team_du_stuck
[3.267s] copying /home/swarm-team/ros2_ws/build/one_team_du_stuck/build/lib/one_team_du_stuck/du_controller_018_src.py -> /home/swarm-team/ros2_ws/install/one_team_du_stuck/lib/python3.8/site-packages/one_team_du_stuck
[3.267s] copying /home/swarm-team/ros2_ws/build/one_team_du_stuck/build/lib/one_team_du_stuck/du_communication_011_src.py -> /home/swarm-team/ros2_ws/install/one_team_du_stuck/lib/python3.8/site-packages/one_team_du_stuck
[3.267s] copying /home/swarm-team/ros2_ws/build/one_team_du_stuck/build/lib/one_team_du_stuck/du_communication_015_src.py -> /home/swarm-team/ros2_ws/install/one_team_du_stuck/lib/python3.8/site-packages/one_team_du_stuck
[3.267s] copying /home/swarm-team/ros2_ws/build/one_team_du_stuck/build/lib/one_team_du_stuck/du_communication_013_src.py -> /home/swarm-team/ros2_ws/install/one_team_du_stuck/lib/python3.8/site-packages/one_team_du_stuck
[3.267s] copying /home/swarm-team/ros2_ws/build/one_team_du_stuck/build/lib/one_team_du_stuck/du_communication_016_src.py -> /home/swarm-team/ros2_ws/install/one_team_du_stuck/lib/python3.8/site-packages/one_team_du_stuck
[3.267s] copying /home/swarm-team/ros2_ws/build/one_team_du_stuck/build/lib/one_team_du_stuck/du_controller_012_src.py -> /home/swarm-team/ros2_ws/install/one_team_du_stuck/lib/python3.8/site-packages/one_team_du_stuck
[3.267s] copying /home/swarm-team/ros2_ws/build/one_team_du_stuck/build/lib/one_team_du_stuck/du_communication_080_src.py -> /home/swarm-team/ros2_ws/install/one_team_du_stuck/lib/python3.8/site-packages/one_team_du_stuck
[3.267s] copying /home/swarm-team/ros2_ws/build/one_team_du_stuck/build/lib/one_team_du_stuck/du_controller_010_src.py -> /home/swarm-team/ros2_ws/install/one_team_du_stuck/lib/python3.8/site-packages/one_team_du_stuck
[3.268s] byte-compiling /home/swarm-team/ros2_ws/install/one_team_du_stuck/lib/python3.8/site-packages/one_team_du_stuck/du_communication_012_src.py to du_communication_012_src.cpython-38.pyc
[3.272s] byte-compiling /home/swarm-team/ros2_ws/install/one_team_du_stuck/lib/python3.8/site-packages/one_team_du_stuck/du_controller_014_src.py to du_controller_014_src.cpython-38.pyc
[3.274s] byte-compiling /home/swarm-team/ros2_ws/install/one_team_du_stuck/lib/python3.8/site-packages/one_team_du_stuck/pure_pursuit.py to pure_pursuit.cpython-38.pyc
[3.276s] byte-compiling /home/swarm-team/ros2_ws/install/one_team_du_stuck/lib/python3.8/site-packages/one_team_du_stuck/du_communication_018_src.py to du_communication_018_src.cpython-38.pyc
[3.278s] byte-compiling /home/swarm-team/ros2_ws/install/one_team_du_stuck/lib/python3.8/site-packages/one_team_du_stuck/du_communication_010_src.py to du_communication_010_src.cpython-38.pyc
[3.279s] byte-compiling /home/swarm-team/ros2_ws/install/one_team_du_stuck/lib/python3.8/site-packages/one_team_du_stuck/du_controller_017_src.py to du_controller_017_src.cpython-38.pyc
[3.279s] byte-compiling /home/swarm-team/ros2_ws/install/one_team_du_stuck/lib/python3.8/site-packages/one_team_du_stuck/du_controller_015_src.py to du_controller_015_src.cpython-38.pyc
[3.280s] byte-compiling /home/swarm-team/ros2_ws/install/one_team_du_stuck/lib/python3.8/site-packages/one_team_du_stuck/a_star.py to a_star.cpython-38.pyc
[3.280s] byte-compiling /home/swarm-team/ros2_ws/install/one_team_du_stuck/lib/python3.8/site-packages/one_team_du_stuck/du_controller_080_src.py to du_controller_080_src.cpython-38.pyc
[3.280s] byte-compiling /home/swarm-team/ros2_ws/install/one_team_du_stuck/lib/python3.8/site-packages/one_team_du_stuck/memo.py to memo.cpython-38.pyc
[3.281s] byte-compiling /home/swarm-team/ros2_ws/install/one_team_du_stuck/lib/python3.8/site-packages/one_team_du_stuck/du_controller_011_src.py to du_controller_011_src.cpython-38.pyc
[3.281s] byte-compiling /home/swarm-team/ros2_ws/install/one_team_du_stuck/lib/python3.8/site-packages/one_team_du_stuck/du_communication_014_src.py to du_communication_014_src.cpython-38.pyc
[3.281s] byte-compiling /home/swarm-team/ros2_ws/install/one_team_du_stuck/lib/python3.8/site-packages/one_team_du_stuck/du_controller_016_src.py to du_controller_016_src.cpython-38.pyc
[3.282s] byte-compiling /home/swarm-team/ros2_ws/install/one_team_du_stuck/lib/python3.8/site-packages/one_team_du_stuck/du_communication_017_src.py to du_communication_017_src.cpython-38.pyc
[3.282s] byte-compiling /home/swarm-team/ros2_ws/install/one_team_du_stuck/lib/python3.8/site-packages/one_team_du_stuck/du_controller_013_src.py to du_controller_013_src.cpython-38.pyc
[3.282s] byte-compiling /home/swarm-team/ros2_ws/install/one_team_du_stuck/lib/python3.8/site-packages/one_team_du_stuck/__init__.py to __init__.cpython-38.pyc
[3.282s] byte-compiling /home/swarm-team/ros2_ws/install/one_team_du_stuck/lib/python3.8/site-packages/one_team_du_stuck/du_controller_018_src.py to du_controller_018_src.cpython-38.pyc
[3.283s] byte-compiling /home/swarm-team/ros2_ws/install/one_team_du_stuck/lib/python3.8/site-packages/one_team_du_stuck/du_communication_011_src.py to du_communication_011_src.cpython-38.pyc
[3.283s] byte-compiling /home/swarm-team/ros2_ws/install/one_team_du_stuck/lib/python3.8/site-packages/one_team_du_stuck/du_communication_015_src.py to du_communication_015_src.cpython-38.pyc
[3.283s] byte-compiling /home/swarm-team/ros2_ws/install/one_team_du_stuck/lib/python3.8/site-packages/one_team_du_stuck/du_communication_013_src.py to du_communication_013_src.cpython-38.pyc
[3.283s] byte-compiling /home/swarm-team/ros2_ws/install/one_team_du_stuck/lib/python3.8/site-packages/one_team_du_stuck/du_communication_016_src.py to du_communication_016_src.cpython-38.pyc
[3.284s] byte-compiling /home/swarm-team/ros2_ws/install/one_team_du_stuck/lib/python3.8/site-packages/one_team_du_stuck/du_controller_012_src.py to du_controller_012_src.cpython-38.pyc
[3.285s] byte-compiling /home/swarm-team/ros2_ws/install/one_team_du_stuck/lib/python3.8/site-packages/one_team_du_stuck/du_communication_080_src.py to du_communication_080_src.cpython-38.pyc
[3.285s] byte-compiling /home/swarm-team/ros2_ws/install/one_team_du_stuck/lib/python3.8/site-packages/one_team_du_stuck/du_controller_010_src.py to du_controller_010_src.cpython-38.pyc
[3.285s] running install_data
[3.285s] running install_egg_info
[3.286s] Copying ../../build/one_team_du_stuck/one_team_du_stuck.egg-info to /home/swarm-team/ros2_ws/install/one_team_du_stuck/lib/python3.8/site-packages/one_team_du_stuck-0.0.0-py3.8.egg-info
[3.286s] running install_scripts
[3.301s] Installing du_communication_010 script to /home/swarm-team/ros2_ws/install/one_team_du_stuck/lib/one_team_du_stuck
[3.301s] Installing du_communication_011 script to /home/swarm-team/ros2_ws/install/one_team_du_stuck/lib/one_team_du_stuck
[3.301s] Installing du_communication_012 script to /home/swarm-team/ros2_ws/install/one_team_du_stuck/lib/one_team_du_stuck
[3.302s] Installing du_communication_013 script to /home/swarm-team/ros2_ws/install/one_team_du_stuck/lib/one_team_du_stuck
[3.303s] Installing du_communication_014 script to /home/swarm-team/ros2_ws/install/one_team_du_stuck/lib/one_team_du_stuck
[3.303s] Installing du_communication_015 script to /home/swarm-team/ros2_ws/install/one_team_du_stuck/lib/one_team_du_stuck
[3.303s] Installing du_communication_016 script to /home/swarm-team/ros2_ws/install/one_team_du_stuck/lib/one_team_du_stuck
[3.304s] Installing du_communication_017 script to /home/swarm-team/ros2_ws/install/one_team_du_stuck/lib/one_team_du_stuck
[3.304s] Installing du_communication_018 script to /home/swarm-team/ros2_ws/install/one_team_du_stuck/lib/one_team_du_stuck
[3.304s] Installing du_communication_080 script to /home/swarm-team/ros2_ws/install/one_team_du_stuck/lib/one_team_du_stuck
[3.304s] Installing du_controller_010 script to /home/swarm-team/ros2_ws/install/one_team_du_stuck/lib/one_team_du_stuck
[3.305s] Installing du_controller_011 script to /home/swarm-team/ros2_ws/install/one_team_du_stuck/lib/one_team_du_stuck
[3.305s] Installing du_controller_012 script to /home/swarm-team/ros2_ws/install/one_team_du_stuck/lib/one_team_du_stuck
[3.305s] Installing du_controller_013 script to /home/swarm-team/ros2_ws/install/one_team_du_stuck/lib/one_team_du_stuck
[3.305s] Installing du_controller_014 script to /home/swarm-team/ros2_ws/install/one_team_du_stuck/lib/one_team_du_stuck
[3.306s] Installing du_controller_015 script to /home/swarm-team/ros2_ws/install/one_team_du_stuck/lib/one_team_du_stuck
[3.306s] Installing du_controller_016 script to /home/swarm-team/ros2_ws/install/one_team_du_stuck/lib/one_team_du_stuck
[3.306s] Installing du_controller_017 script to /home/swarm-team/ros2_ws/install/one_team_du_stuck/lib/one_team_du_stuck
[3.306s] Installing du_controller_018 script to /home/swarm-team/ros2_ws/install/one_team_du_stuck/lib/one_team_du_stuck
[3.307s] Installing du_controller_080 script to /home/swarm-team/ros2_ws/install/one_team_du_stuck/lib/one_team_du_stuck
[3.307s] writing list of installed files to '/home/swarm-team/ros2_ws/build/one_team_du_stuck/install.log'
[3.327s] Invoked command in '/home/swarm-team/ros2_ws/src/one_team_du_stuck' returned '0': PYTHONPATH=/home/swarm-team/ros2_ws/build/one_team_du_stuck/prefix_override:/home/swarm-team/ros2_ws/install/one_team_du_stuck/lib/python3.8/site-packages:${PYTHONPATH} /usr/bin/python3 setup.py egg_info --egg-base ../../build/one_team_du_stuck build --build-base /home/swarm-team/ros2_ws/build/one_team_du_stuck/build install --record /home/swarm-team/ros2_ws/build/one_team_du_stuck/install.log --install-scripts $base/lib/one_team_du_stuck --single-version-externally-managed
