[2.596s] Invoking command in '/home/swarm-team/ros2_ws/build/six_team_du_stuck': PYTHONPATH=/home/swarm-team/ros2_ws/build/six_team_du_stuck/prefix_override:/home/swarm-team/ros2_ws/install/six_team_du_stuck/lib/python3.8/site-packages:${PYTHONPATH} /usr/bin/python3 setup.py develop --editable --build-directory /home/swarm-team/ros2_ws/build/six_team_du_stuck/build --no-deps install_data
[2.863s] running develop
[2.894s] running egg_info
[2.894s] creating six_team_du_stuck.egg-info
[2.894s] writing six_team_du_stuck.egg-info/PKG-INFO
[2.894s] writing dependency_links to six_team_du_stuck.egg-info/dependency_links.txt
[2.894s] writing entry points to six_team_du_stuck.egg-info/entry_points.txt
[2.895s] writing requirements to six_team_du_stuck.egg-info/requires.txt
[2.895s] writing top-level names to six_team_du_stuck.egg-info/top_level.txt
[2.895s] writing manifest file 'six_team_du_stuck.egg-info/SOURCES.txt'
[2.913s] reading manifest file 'six_team_du_stuck.egg-info/SOURCES.txt'
[2.913s] writing manifest file 'six_team_du_stuck.egg-info/SOURCES.txt'
[2.935s] running build_ext
[2.935s] Creating /home/swarm-team/ros2_ws/install/six_team_du_stuck/lib/python3.8/site-packages/site.py
[2.936s] Creating /home/swarm-team/ros2_ws/install/six_team_du_stuck/lib/python3.8/site-packages/six-team-du-stuck.egg-link (link to .)
[2.936s] Installing du_communication_010 script to /home/swarm-team/ros2_ws/install/six_team_du_stuck/lib/six_team_du_stuck
[2.936s] Installing du_communication_011 script to /home/swarm-team/ros2_ws/install/six_team_du_stuck/lib/six_team_du_stuck
[2.936s] Installing du_communication_012 script to /home/swarm-team/ros2_ws/install/six_team_du_stuck/lib/six_team_du_stuck
[2.936s] Installing du_communication_013 script to /home/swarm-team/ros2_ws/install/six_team_du_stuck/lib/six_team_du_stuck
[2.936s] Installing du_communication_014 script to /home/swarm-team/ros2_ws/install/six_team_du_stuck/lib/six_team_du_stuck
[2.936s] Installing du_communication_015 script to /home/swarm-team/ros2_ws/install/six_team_du_stuck/lib/six_team_du_stuck
[2.936s] Installing du_communication_016 script to /home/swarm-team/ros2_ws/install/six_team_du_stuck/lib/six_team_du_stuck
[2.936s] Installing du_communication_017 script to /home/swarm-team/ros2_ws/install/six_team_du_stuck/lib/six_team_du_stuck
[2.936s] Installing du_communication_018 script to /home/swarm-team/ros2_ws/install/six_team_du_stuck/lib/six_team_du_stuck
[2.936s] Installing du_communication_019 script to /home/swarm-team/ros2_ws/install/six_team_du_stuck/lib/six_team_du_stuck
[2.936s] Installing du_communication_020 script to /home/swarm-team/ros2_ws/install/six_team_du_stuck/lib/six_team_du_stuck
[2.937s] Installing du_communication_021 script to /home/swarm-team/ros2_ws/install/six_team_du_stuck/lib/six_team_du_stuck
[2.937s] Installing du_communication_022 script to /home/swarm-team/ros2_ws/install/six_team_du_stuck/lib/six_team_du_stuck
[2.937s] Installing du_communication_023 script to /home/swarm-team/ros2_ws/install/six_team_du_stuck/lib/six_team_du_stuck
[2.937s] Installing du_communication_024 script to /home/swarm-team/ros2_ws/install/six_team_du_stuck/lib/six_team_du_stuck
[2.937s] Installing du_communication_025 script to /home/swarm-team/ros2_ws/install/six_team_du_stuck/lib/six_team_du_stuck
[2.937s] Installing du_communication_026 script to /home/swarm-team/ros2_ws/install/six_team_du_stuck/lib/six_team_du_stuck
[2.937s] Installing du_communication_027 script to /home/swarm-team/ros2_ws/install/six_team_du_stuck/lib/six_team_du_stuck
[2.937s] Installing du_communication_028 script to /home/swarm-team/ros2_ws/install/six_team_du_stuck/lib/six_team_du_stuck
[2.937s] Installing du_communication_029 script to /home/swarm-team/ros2_ws/install/six_team_du_stuck/lib/six_team_du_stuck
[2.937s] Installing du_communication_080 script to /home/swarm-team/ros2_ws/install/six_team_du_stuck/lib/six_team_du_stuck
[2.937s] Installing du_controller_010 script to /home/swarm-team/ros2_ws/install/six_team_du_stuck/lib/six_team_du_stuck
[2.938s] Installing du_controller_011 script to /home/swarm-team/ros2_ws/install/six_team_du_stuck/lib/six_team_du_stuck
[2.938s] Installing du_controller_012 script to /home/swarm-team/ros2_ws/install/six_team_du_stuck/lib/six_team_du_stuck
[2.938s] Installing du_controller_013 script to /home/swarm-team/ros2_ws/install/six_team_du_stuck/lib/six_team_du_stuck
[2.938s] Installing du_controller_014 script to /home/swarm-team/ros2_ws/install/six_team_du_stuck/lib/six_team_du_stuck
[2.938s] Installing du_controller_015 script to /home/swarm-team/ros2_ws/install/six_team_du_stuck/lib/six_team_du_stuck
[2.938s] Installing du_controller_016 script to /home/swarm-team/ros2_ws/install/six_team_du_stuck/lib/six_team_du_stuck
[2.938s] Installing du_controller_017 script to /home/swarm-team/ros2_ws/install/six_team_du_stuck/lib/six_team_du_stuck
[2.938s] Installing du_controller_018 script to /home/swarm-team/ros2_ws/install/six_team_du_stuck/lib/six_team_du_stuck
[2.939s] Installing du_controller_019 script to /home/swarm-team/ros2_ws/install/six_team_du_stuck/lib/six_team_du_stuck
[2.939s] Installing du_controller_020 script to /home/swarm-team/ros2_ws/install/six_team_du_stuck/lib/six_team_du_stuck
[2.939s] Installing du_controller_021 script to /home/swarm-team/ros2_ws/install/six_team_du_stuck/lib/six_team_du_stuck
[2.939s] Installing du_controller_022 script to /home/swarm-team/ros2_ws/install/six_team_du_stuck/lib/six_team_du_stuck
[2.939s] Installing du_controller_023 script to /home/swarm-team/ros2_ws/install/six_team_du_stuck/lib/six_team_du_stuck
[2.939s] Installing du_controller_024 script to /home/swarm-team/ros2_ws/install/six_team_du_stuck/lib/six_team_du_stuck
[2.939s] Installing du_controller_025 script to /home/swarm-team/ros2_ws/install/six_team_du_stuck/lib/six_team_du_stuck
[2.939s] Installing du_controller_026 script to /home/swarm-team/ros2_ws/install/six_team_du_stuck/lib/six_team_du_stuck
[2.939s] Installing du_controller_027 script to /home/swarm-team/ros2_ws/install/six_team_du_stuck/lib/six_team_du_stuck
[2.939s] Installing du_controller_028 script to /home/swarm-team/ros2_ws/install/six_team_du_stuck/lib/six_team_du_stuck
[2.939s] Installing du_controller_029 script to /home/swarm-team/ros2_ws/install/six_team_du_stuck/lib/six_team_du_stuck
[2.940s] Installing du_controller_080 script to /home/swarm-team/ros2_ws/install/six_team_du_stuck/lib/six_team_du_stuck
[2.940s] 
[2.940s] Installed /home/swarm-team/ros2_ws/build/six_team_du_stuck
[2.940s] running install_data
[2.940s] creating /home/swarm-team/ros2_ws/install/six_team_du_stuck/share/ament_index
[2.940s] creating /home/swarm-team/ros2_ws/install/six_team_du_stuck/share/ament_index/resource_index
[2.942s] creating /home/swarm-team/ros2_ws/install/six_team_du_stuck/share/ament_index/resource_index/packages
[2.942s] copying resource/six_team_du_stuck -> /home/swarm-team/ros2_ws/install/six_team_du_stuck/share/ament_index/resource_index/packages
[2.942s] copying package.xml -> /home/swarm-team/ros2_ws/install/six_team_du_stuck/share/six_team_du_stuck
[2.942s] copying launch/du.launch.py -> /home/swarm-team/ros2_ws/install/six_team_du_stuck/share/six_team_du_stuck
[2.975s] Invoked command in '/home/swarm-team/ros2_ws/build/six_team_du_stuck' returned '0': PYTHONPATH=/home/swarm-team/ros2_ws/build/six_team_du_stuck/prefix_override:/home/swarm-team/ros2_ws/install/six_team_du_stuck/lib/python3.8/site-packages:${PYTHONPATH} /usr/bin/python3 setup.py develop --editable --build-directory /home/swarm-team/ros2_ws/build/six_team_du_stuck/build --no-deps install_data
