[3.394s] Invoking command in '/home/swarm-team/ros2_ws/build/single_ex_sim_pkg': PYTHONPATH=/home/swarm-team/ros2_ws/build/single_ex_sim_pkg/prefix_override:/home/swarm-team/ros2_ws/install/single_ex_sim_pkg/lib/python3.8/site-packages:${PYTHONPATH} /usr/bin/python3 setup.py develop --editable --build-directory /home/swarm-team/ros2_ws/build/single_ex_sim_pkg/build --no-deps install_data
[3.826s] running develop
[4.003s] running egg_info
[4.003s] writing single_ex_sim_pkg.egg-info/PKG-INFO
[4.003s] writing dependency_links to single_ex_sim_pkg.egg-info/dependency_links.txt
[4.003s] writing entry points to single_ex_sim_pkg.egg-info/entry_points.txt
[4.003s] writing requirements to single_ex_sim_pkg.egg-info/requires.txt
[4.003s] writing top-level names to single_ex_sim_pkg.egg-info/top_level.txt
[4.019s] reading manifest file 'single_ex_sim_pkg.egg-info/SOURCES.txt'
[4.021s] writing manifest file 'single_ex_sim_pkg.egg-info/SOURCES.txt'
[4.040s] running build_ext
[4.040s] Creating /home/swarm-team/ros2_ws/install/single_ex_sim_pkg/lib/python3.8/site-packages/single-ex-sim-pkg.egg-link (link to .)
[4.040s] Installing ex_communication_000 script to /home/swarm-team/ros2_ws/install/single_ex_sim_pkg/lib/single_ex_sim_pkg
[4.040s] Installing ex_communication_001 script to /home/swarm-team/ros2_ws/install/single_ex_sim_pkg/lib/single_ex_sim_pkg
[4.040s] Installing ex_controller_000 script to /home/swarm-team/ros2_ws/install/single_ex_sim_pkg/lib/single_ex_sim_pkg
[4.040s] Installing ex_controller_001 script to /home/swarm-team/ros2_ws/install/single_ex_sim_pkg/lib/single_ex_sim_pkg
[4.040s] 
[4.040s] Installed /home/swarm-team/ros2_ws/build/single_ex_sim_pkg
[4.040s] running install_data
[4.077s] Invoked command in '/home/swarm-team/ros2_ws/build/single_ex_sim_pkg' returned '0': PYTHONPATH=/home/swarm-team/ros2_ws/build/single_ex_sim_pkg/prefix_override:/home/swarm-team/ros2_ws/install/single_ex_sim_pkg/lib/python3.8/site-packages:${PYTHONPATH} /usr/bin/python3 setup.py develop --editable --build-directory /home/swarm-team/ros2_ws/build/single_ex_sim_pkg/build --no-deps install_data
