[2.508s] Invoking command in '/home/swarm-team/ros2_ws/build/multi_du_udpcomm_01_pkg': PYTHONPATH=/home/swarm-team/ros2_ws/build/multi_du_udpcomm_01_pkg/prefix_override:/home/swarm-team/ros2_ws/install/multi_du_udpcomm_01_pkg/lib/python3.8/site-packages:${PYTHONPATH} /usr/bin/python3 setup.py develop --uninstall --editable --build-directory /home/swarm-team/ros2_ws/build/multi_du_udpcomm_01_pkg/build
[2.756s] running develop
[2.906s] Invoked command in '/home/swarm-team/ros2_ws/build/multi_du_udpcomm_01_pkg' returned '0': PYTHONPATH=/home/swarm-team/ros2_ws/build/multi_du_udpcomm_01_pkg/prefix_override:/home/swarm-team/ros2_ws/install/multi_du_udpcomm_01_pkg/lib/python3.8/site-packages:${PYTHONPATH} /usr/bin/python3 setup.py develop --uninstall --editable --build-directory /home/swarm-team/ros2_ws/build/multi_du_udpcomm_01_pkg/build
[2.910s] Invoking command in '/home/swarm-team/ros2_ws/src/multi_du_udpcomm_01_pkg-master': PYTHONPATH=/home/swarm-team/ros2_ws/build/multi_du_udpcomm_01_pkg/prefix_override:/home/swarm-team/ros2_ws/install/multi_du_udpcomm_01_pkg/lib/python3.8/site-packages:${PYTHONPATH} /usr/bin/python3 setup.py egg_info --egg-base ../../build/multi_du_udpcomm_01_pkg build --build-base /home/swarm-team/ros2_ws/build/multi_du_udpcomm_01_pkg/build install --record /home/swarm-team/ros2_ws/build/multi_du_udpcomm_01_pkg/install.log --install-scripts $base/lib/multi_du_udpcomm_01_pkg --single-version-externally-managed
[3.142s] running egg_info
[3.143s] writing ../../build/multi_du_udpcomm_01_pkg/multi_du_udpcomm_01_pkg.egg-info/PKG-INFO
[3.143s] writing dependency_links to ../../build/multi_du_udpcomm_01_pkg/multi_du_udpcomm_01_pkg.egg-info/dependency_links.txt
[3.143s] writing entry points to ../../build/multi_du_udpcomm_01_pkg/multi_du_udpcomm_01_pkg.egg-info/entry_points.txt
[3.143s] writing requirements to ../../build/multi_du_udpcomm_01_pkg/multi_du_udpcomm_01_pkg.egg-info/requires.txt
[3.144s] writing top-level names to ../../build/multi_du_udpcomm_01_pkg/multi_du_udpcomm_01_pkg.egg-info/top_level.txt
[3.177s] reading manifest file '../../build/multi_du_udpcomm_01_pkg/multi_du_udpcomm_01_pkg.egg-info/SOURCES.txt'
[3.178s] writing manifest file '../../build/multi_du_udpcomm_01_pkg/multi_du_udpcomm_01_pkg.egg-info/SOURCES.txt'
[3.178s] running build
[3.178s] running build_py
[3.178s] running install
[3.179s] running install_lib
[3.181s] running install_data
[3.181s] running install_egg_info
[3.183s] removing '/home/swarm-team/ros2_ws/install/multi_du_udpcomm_01_pkg/lib/python3.8/site-packages/multi_du_udpcomm_01_pkg-0.0.0-py3.8.egg-info' (and everything under it)
[3.183s] Copying ../../build/multi_du_udpcomm_01_pkg/multi_du_udpcomm_01_pkg.egg-info to /home/swarm-team/ros2_ws/install/multi_du_udpcomm_01_pkg/lib/python3.8/site-packages/multi_du_udpcomm_01_pkg-0.0.0-py3.8.egg-info
[3.184s] running install_scripts
[3.202s] Installing du_communication_013 script to /home/swarm-team/ros2_ws/install/multi_du_udpcomm_01_pkg/lib/multi_du_udpcomm_01_pkg
[3.202s] Installing du_communication_014 script to /home/swarm-team/ros2_ws/install/multi_du_udpcomm_01_pkg/lib/multi_du_udpcomm_01_pkg
[3.202s] Installing du_communication_015 script to /home/swarm-team/ros2_ws/install/multi_du_udpcomm_01_pkg/lib/multi_du_udpcomm_01_pkg
[3.202s] Installing du_controller_013 script to /home/swarm-team/ros2_ws/install/multi_du_udpcomm_01_pkg/lib/multi_du_udpcomm_01_pkg
[3.202s] Installing du_controller_014 script to /home/swarm-team/ros2_ws/install/multi_du_udpcomm_01_pkg/lib/multi_du_udpcomm_01_pkg
[3.202s] Installing du_controller_015 script to /home/swarm-team/ros2_ws/install/multi_du_udpcomm_01_pkg/lib/multi_du_udpcomm_01_pkg
[3.203s] writing list of installed files to '/home/swarm-team/ros2_ws/build/multi_du_udpcomm_01_pkg/install.log'
[3.236s] Invoked command in '/home/swarm-team/ros2_ws/src/multi_du_udpcomm_01_pkg-master' returned '0': PYTHONPATH=/home/swarm-team/ros2_ws/build/multi_du_udpcomm_01_pkg/prefix_override:/home/swarm-team/ros2_ws/install/multi_du_udpcomm_01_pkg/lib/python3.8/site-packages:${PYTHONPATH} /usr/bin/python3 setup.py egg_info --egg-base ../../build/multi_du_udpcomm_01_pkg build --build-base /home/swarm-team/ros2_ws/build/multi_du_udpcomm_01_pkg/build install --record /home/swarm-team/ros2_ws/build/multi_du_udpcomm_01_pkg/install.log --install-scripts $base/lib/multi_du_udpcomm_01_pkg --single-version-externally-managed
