[2.543s] Invoking command in '/home/swarm-team/ros2_ws/build/multi_du_udpcomm_01_pkg': PYTHONPATH=/home/swarm-team/ros2_ws/build/multi_du_udpcomm_01_pkg/prefix_override:/home/swarm-team/ros2_ws/install/multi_du_udpcomm_01_pkg/lib/python3.8/site-packages:${PYTHONPATH} /usr/bin/python3 setup.py develop --editable --build-directory /home/swarm-team/ros2_ws/build/multi_du_udpcomm_01_pkg/build --no-deps install_data
[2.704s] running develop
[2.771s] running egg_info
[2.771s] writing multi_du_udpcomm_01_pkg.egg-info/PKG-INFO
[2.771s] writing dependency_links to multi_du_udpcomm_01_pkg.egg-info/dependency_links.txt
[2.771s] writing entry points to multi_du_udpcomm_01_pkg.egg-info/entry_points.txt
[2.771s] writing requirements to multi_du_udpcomm_01_pkg.egg-info/requires.txt
[2.771s] writing top-level names to multi_du_udpcomm_01_pkg.egg-info/top_level.txt
[2.787s] reading manifest file 'multi_du_udpcomm_01_pkg.egg-info/SOURCES.txt'
[2.787s] writing manifest file 'multi_du_udpcomm_01_pkg.egg-info/SOURCES.txt'
[2.803s] running build_ext
[2.804s] Creating /home/swarm-team/ros2_ws/install/multi_du_udpcomm_01_pkg/lib/python3.8/site-packages/multi-du-udpcomm-01-pkg.egg-link (link to .)
[2.804s] Installing du_communication_013 script to /home/swarm-team/ros2_ws/install/multi_du_udpcomm_01_pkg/lib/multi_du_udpcomm_01_pkg
[2.804s] Installing du_communication_014 script to /home/swarm-team/ros2_ws/install/multi_du_udpcomm_01_pkg/lib/multi_du_udpcomm_01_pkg
[2.804s] Installing du_communication_015 script to /home/swarm-team/ros2_ws/install/multi_du_udpcomm_01_pkg/lib/multi_du_udpcomm_01_pkg
[2.804s] Installing du_controller_013 script to /home/swarm-team/ros2_ws/install/multi_du_udpcomm_01_pkg/lib/multi_du_udpcomm_01_pkg
[2.804s] Installing du_controller_014 script to /home/swarm-team/ros2_ws/install/multi_du_udpcomm_01_pkg/lib/multi_du_udpcomm_01_pkg
[2.804s] Installing du_controller_015 script to /home/swarm-team/ros2_ws/install/multi_du_udpcomm_01_pkg/lib/multi_du_udpcomm_01_pkg
[2.804s] 
[2.804s] Installed /home/swarm-team/ros2_ws/build/multi_du_udpcomm_01_pkg
[2.804s] running install_data
[2.932s] Invoked command in '/home/swarm-team/ros2_ws/build/multi_du_udpcomm_01_pkg' returned '0': PYTHONPATH=/home/swarm-team/ros2_ws/build/multi_du_udpcomm_01_pkg/prefix_override:/home/swarm-team/ros2_ws/install/multi_du_udpcomm_01_pkg/lib/python3.8/site-packages:${PYTHONPATH} /usr/bin/python3 setup.py develop --editable --build-directory /home/swarm-team/ros2_ws/build/multi_du_udpcomm_01_pkg/build --no-deps install_data
