[2.863s] Invoking command in '/home/swarm-team/ros2_ws/build/one_team_du_stuck': PYTHONPATH=/home/swarm-team/ros2_ws/build/one_team_du_stuck/prefix_override:/home/swarm-team/ros2_ws/install/one_team_du_stuck/lib/python3.8/site-packages:${PYTHONPATH} /usr/bin/python3 setup.py develop --editable --build-directory /home/swarm-team/ros2_ws/build/one_team_du_stuck/build --no-deps install_data
[3.132s] running develop
[3.277s] running egg_info
[3.277s] writing one_team_du_stuck.egg-info/PKG-INFO
[3.277s] writing dependency_links to one_team_du_stuck.egg-info/dependency_links.txt
[3.278s] writing entry points to one_team_du_stuck.egg-info/entry_points.txt
[3.278s] writing requirements to one_team_du_stuck.egg-info/requires.txt
[3.278s] writing top-level names to one_team_du_stuck.egg-info/top_level.txt
[3.314s] reading manifest file 'one_team_du_stuck.egg-info/SOURCES.txt'
[3.315s] writing manifest file 'one_team_du_stuck.egg-info/SOURCES.txt'
[3.338s] running build_ext
[3.339s] Creating /home/swarm-team/ros2_ws/install/one_team_du_stuck/lib/python3.8/site-packages/one-team-du-stuck.egg-link (link to .)
[3.339s] Installing du_communication_010 script to /home/swarm-team/ros2_ws/install/one_team_du_stuck/lib/one_team_du_stuck
[3.339s] Installing du_communication_011 script to /home/swarm-team/ros2_ws/install/one_team_du_stuck/lib/one_team_du_stuck
[3.339s] Installing du_communication_012 script to /home/swarm-team/ros2_ws/install/one_team_du_stuck/lib/one_team_du_stuck
[3.339s] Installing du_communication_013 script to /home/swarm-team/ros2_ws/install/one_team_du_stuck/lib/one_team_du_stuck
[3.339s] Installing du_communication_014 script to /home/swarm-team/ros2_ws/install/one_team_du_stuck/lib/one_team_du_stuck
[3.339s] Installing du_communication_015 script to /home/swarm-team/ros2_ws/install/one_team_du_stuck/lib/one_team_du_stuck
[3.339s] Installing du_communication_016 script to /home/swarm-team/ros2_ws/install/one_team_du_stuck/lib/one_team_du_stuck
[3.340s] Installing du_communication_017 script to /home/swarm-team/ros2_ws/install/one_team_du_stuck/lib/one_team_du_stuck
[3.340s] Installing du_communication_018 script to /home/swarm-team/ros2_ws/install/one_team_du_stuck/lib/one_team_du_stuck
[3.340s] Installing du_communication_080 script to /home/swarm-team/ros2_ws/install/one_team_du_stuck/lib/one_team_du_stuck
[3.340s] Installing du_controller_010 script to /home/swarm-team/ros2_ws/install/one_team_du_stuck/lib/one_team_du_stuck
[3.340s] Installing du_controller_011 script to /home/swarm-team/ros2_ws/install/one_team_du_stuck/lib/one_team_du_stuck
[3.340s] Installing du_controller_012 script to /home/swarm-team/ros2_ws/install/one_team_du_stuck/lib/one_team_du_stuck
[3.340s] Installing du_controller_013 script to /home/swarm-team/ros2_ws/install/one_team_du_stuck/lib/one_team_du_stuck
[3.340s] Installing du_controller_014 script to /home/swarm-team/ros2_ws/install/one_team_du_stuck/lib/one_team_du_stuck
[3.340s] Installing du_controller_015 script to /home/swarm-team/ros2_ws/install/one_team_du_stuck/lib/one_team_du_stuck
[3.340s] Installing du_controller_016 script to /home/swarm-team/ros2_ws/install/one_team_du_stuck/lib/one_team_du_stuck
[3.341s] Installing du_controller_017 script to /home/swarm-team/ros2_ws/install/one_team_du_stuck/lib/one_team_du_stuck
[3.341s] Installing du_controller_018 script to /home/swarm-team/ros2_ws/install/one_team_du_stuck/lib/one_team_du_stuck
[3.341s] Installing du_controller_080 script to /home/swarm-team/ros2_ws/install/one_team_du_stuck/lib/one_team_du_stuck
[3.341s] 
[3.341s] Installed /home/swarm-team/ros2_ws/build/one_team_du_stuck
[3.341s] running install_data
[3.394s] Invoked command in '/home/swarm-team/ros2_ws/build/one_team_du_stuck' returned '0': PYTHONPATH=/home/swarm-team/ros2_ws/build/one_team_du_stuck/prefix_override:/home/swarm-team/ros2_ws/install/one_team_du_stuck/lib/python3.8/site-packages:${PYTHONPATH} /usr/bin/python3 setup.py develop --editable --build-directory /home/swarm-team/ros2_ws/build/one_team_du_stuck/build --no-deps install_data
