running develop
running egg_info
writing ../../build/multi_du_udpcomm_01_pkg/multi_du_udpcomm_01_pkg.egg-info/PKG-INFO
writing dependency_links to ../../build/multi_du_udpcomm_01_pkg/multi_du_udpcomm_01_pkg.egg-info/dependency_links.txt
writing entry points to ../../build/multi_du_udpcomm_01_pkg/multi_du_udpcomm_01_pkg.egg-info/entry_points.txt
writing requirements to ../../build/multi_du_udpcomm_01_pkg/multi_du_udpcomm_01_pkg.egg-info/requires.txt
writing top-level names to ../../build/multi_du_udpcomm_01_pkg/multi_du_udpcomm_01_pkg.egg-info/top_level.txt
reading manifest file '../../build/multi_du_udpcomm_01_pkg/multi_du_udpcomm_01_pkg.egg-info/SOURCES.txt'
writing manifest file '../../build/multi_du_udpcomm_01_pkg/multi_du_udpcomm_01_pkg.egg-info/SOURCES.txt'
running build
running build_py
running install
running install_lib
running install_data
running install_egg_info
removing '/home/swarm-team/ros2_ws/install/multi_du_udpcomm_01_pkg/lib/python3.8/site-packages/multi_du_udpcomm_01_pkg-0.0.0-py3.8.egg-info' (and everything under it)
Copying ../../build/multi_du_udpcomm_01_pkg/multi_du_udpcomm_01_pkg.egg-info to /home/swarm-team/ros2_ws/install/multi_du_udpcomm_01_pkg/lib/python3.8/site-packages/multi_du_udpcomm_01_pkg-0.0.0-py3.8.egg-info
running install_scripts
Installing du_communication_013 script to /home/swarm-team/ros2_ws/install/multi_du_udpcomm_01_pkg/lib/multi_du_udpcomm_01_pkg
Installing du_communication_014 script to /home/swarm-team/ros2_ws/install/multi_du_udpcomm_01_pkg/lib/multi_du_udpcomm_01_pkg
Installing du_communication_015 script to /home/swarm-team/ros2_ws/install/multi_du_udpcomm_01_pkg/lib/multi_du_udpcomm_01_pkg
Installing du_controller_013 script to /home/swarm-team/ros2_ws/install/multi_du_udpcomm_01_pkg/lib/multi_du_udpcomm_01_pkg
Installing du_controller_014 script to /home/swarm-team/ros2_ws/install/multi_du_udpcomm_01_pkg/lib/multi_du_udpcomm_01_pkg
Installing du_controller_015 script to /home/swarm-team/ros2_ws/install/multi_du_udpcomm_01_pkg/lib/multi_du_udpcomm_01_pkg
writing list of installed files to '/home/swarm-team/ros2_ws/build/multi_du_udpcomm_01_pkg/install.log'
