[2.879s] Invoking command in '/home/swarm-team/ros2_ws/build/one_team_du_stuck': PYTHONPATH=/home/swarm-team/ros2_ws/build/one_team_du_stuck/prefix_override:/home/swarm-team/ros2_ws/install/one_team_du_stuck/lib/python3.8/site-packages:${PYTHONPATH} /usr/bin/python3 setup.py develop --editable --build-directory /home/swarm-team/ros2_ws/build/one_team_du_stuck/build --no-deps install_data
[3.129s] running develop
[3.264s] running egg_info
[3.264s] writing one_team_du_stuck.egg-info/PKG-INFO
[3.264s] writing dependency_links to one_team_du_stuck.egg-info/dependency_links.txt
[3.264s] writing entry points to one_team_du_stuck.egg-info/entry_points.txt
[3.264s] writing requirements to one_team_du_stuck.egg-info/requires.txt
[3.264s] writing top-level names to one_team_du_stuck.egg-info/top_level.txt
[3.296s] reading manifest file 'one_team_du_stuck.egg-info/SOURCES.txt'
[3.296s] writing manifest file 'one_team_du_stuck.egg-info/SOURCES.txt'
[3.317s] running build_ext
[3.318s] Creating /home/swarm-team/ros2_ws/install/one_team_du_stuck/lib/python3.8/site-packages/one-team-du-stuck.egg-link (link to .)
[3.318s] Installing du_communication_010 script to /home/swarm-team/ros2_ws/install/one_team_du_stuck/lib/one_team_du_stuck
[3.318s] Installing du_communication_011 script to /home/swarm-team/ros2_ws/install/one_team_du_stuck/lib/one_team_du_stuck
[3.318s] Installing du_communication_012 script to /home/swarm-team/ros2_ws/install/one_team_du_stuck/lib/one_team_du_stuck
[3.318s] Installing du_communication_013 script to /home/swarm-team/ros2_ws/install/one_team_du_stuck/lib/one_team_du_stuck
[3.318s] Installing du_communication_014 script to /home/swarm-team/ros2_ws/install/one_team_du_stuck/lib/one_team_du_stuck
[3.318s] Installing du_communication_015 script to /home/swarm-team/ros2_ws/install/one_team_du_stuck/lib/one_team_du_stuck
[3.318s] Installing du_communication_016 script to /home/swarm-team/ros2_ws/install/one_team_du_stuck/lib/one_team_du_stuck
[3.318s] Installing du_communication_017 script to /home/swarm-team/ros2_ws/install/one_team_du_stuck/lib/one_team_du_stuck
[3.318s] Installing du_communication_018 script to /home/swarm-team/ros2_ws/install/one_team_du_stuck/lib/one_team_du_stuck
[3.318s] Installing du_communication_080 script to /home/swarm-team/ros2_ws/install/one_team_du_stuck/lib/one_team_du_stuck
[3.318s] Installing du_controller_010 script to /home/swarm-team/ros2_ws/install/one_team_du_stuck/lib/one_team_du_stuck
[3.318s] Installing du_controller_011 script to /home/swarm-team/ros2_ws/install/one_team_du_stuck/lib/one_team_du_stuck
[3.319s] Installing du_controller_012 script to /home/swarm-team/ros2_ws/install/one_team_du_stuck/lib/one_team_du_stuck
[3.319s] Installing du_controller_013 script to /home/swarm-team/ros2_ws/install/one_team_du_stuck/lib/one_team_du_stuck
[3.319s] Installing du_controller_014 script to /home/swarm-team/ros2_ws/install/one_team_du_stuck/lib/one_team_du_stuck
[3.319s] Installing du_controller_015 script to /home/swarm-team/ros2_ws/install/one_team_du_stuck/lib/one_team_du_stuck
[3.319s] Installing du_controller_016 script to /home/swarm-team/ros2_ws/install/one_team_du_stuck/lib/one_team_du_stuck
[3.319s] Installing du_controller_017 script to /home/swarm-team/ros2_ws/install/one_team_du_stuck/lib/one_team_du_stuck
[3.319s] Installing du_controller_018 script to /home/swarm-team/ros2_ws/install/one_team_du_stuck/lib/one_team_du_stuck
[3.319s] Installing du_controller_080 script to /home/swarm-team/ros2_ws/install/one_team_du_stuck/lib/one_team_du_stuck
[3.319s] 
[3.319s] Installed /home/swarm-team/ros2_ws/build/one_team_du_stuck
[3.319s] running install_data
[3.341s] Invoked command in '/home/swarm-team/ros2_ws/build/one_team_du_stuck' returned '0': PYTHONPATH=/home/swarm-team/ros2_ws/build/one_team_du_stuck/prefix_override:/home/swarm-team/ros2_ws/install/one_team_du_stuck/lib/python3.8/site-packages:${PYTHONPATH} /usr/bin/python3 setup.py develop --editable --build-directory /home/swarm-team/ros2_ws/build/one_team_du_stuck/build --no-deps install_data
